In file included from [01m[K/usr/include/x86_64-linux-gnu/c++/11/bits/c++allocator.h:33[m[K,
                 from [01m[K/usr/include/c++/11/bits/allocator.h:46[m[K,
                 from [01m[K/usr/include/c++/11/memory:64[m[K,
                 from [01m[K/opt/ros/humble/include/rclcpp/rclcpp/rclcpp.hpp:153[m[K,
                 from [01m[K/home/huang/ros2/ROS2/coordinate_transformations/src/cpp_tf_listener/src/cpp_tf_listener_point.cpp:1[m[K:
/usr/include/c++/11/ext/new_allocator.h: In instantiation of ‘[01m[Kvoid __gnu_cxx::new_allocator<_Tp>::construct(_Up*, _Args&& ...) [with _Up = tf2_ros::MessageFilter<geometry_msgs::msg::PointStamped_<std::allocator<void> > >; _Args = {message_filters::Subscriber<geometry_msgs::msg::Point_<std::allocator<void> >, rclcpp::Node>&, tf2_ros::Buffer&, const char (&)[10], int, rclcpp::Logger, std::shared_ptr<rclcpp::Clock>, std::chrono::duration<long int, std::ratio<1, 1> >}; _Tp = tf2_ros::MessageFilter<geometry_msgs::msg::PointStamped_<std::allocator<void> > >][m[K’:
[01m[K/usr/include/c++/11/bits/alloc_traits.h:516:17:[m[K   required from ‘[01m[Kstatic void std::allocator_traits<std::allocator<_Tp1> >::construct(std::allocator_traits<std::allocator<_Tp1> >::allocator_type&, _Up*, _Args&& ...) [with _Up = tf2_ros::MessageFilter<geometry_msgs::msg::PointStamped_<std::allocator<void> > >; _Args = {message_filters::Subscriber<geometry_msgs::msg::Point_<std::allocator<void> >, rclcpp::Node>&, tf2_ros::Buffer&, const char (&)[10], int, rclcpp::Logger, std::shared_ptr<rclcpp::Clock>, std::chrono::duration<long int, std::ratio<1, 1> >}; _Tp = tf2_ros::MessageFilter<geometry_msgs::msg::PointStamped_<std::allocator<void> > >; std::allocator_traits<std::allocator<_Tp1> >::allocator_type = std::allocator<tf2_ros::MessageFilter<geometry_msgs::msg::PointStamped_<std::allocator<void> > > >][m[K’
[01m[K/usr/include/c++/11/bits/shared_ptr_base.h:519:39:[m[K   required from ‘[01m[Kstd::_Sp_counted_ptr_inplace<_Tp, _Alloc, _Lp>::_Sp_counted_ptr_inplace(_Alloc, _Args&& ...) [with _Args = {message_filters::Subscriber<geometry_msgs::msg::Point_<std::allocator<void> >, rclcpp::Node>&, tf2_ros::Buffer&, const char (&)[10], int, rclcpp::Logger, std::shared_ptr<rclcpp::Clock>, std::chrono::duration<long int, std::ratio<1, 1> >}; _Tp = tf2_ros::MessageFilter<geometry_msgs::msg::PointStamped_<std::allocator<void> > >; _Alloc = std::allocator<tf2_ros::MessageFilter<geometry_msgs::msg::PointStamped_<std::allocator<void> > > >; __gnu_cxx::_Lock_policy _Lp = __gnu_cxx::_S_atomic][m[K’
[01m[K/usr/include/c++/11/bits/shared_ptr_base.h:650:16:[m[K   required from ‘[01m[Kstd::__shared_count<_Lp>::__shared_count(_Tp*&, std::_Sp_alloc_shared_tag<_Alloc>, _Args&& ...) [with _Tp = tf2_ros::MessageFilter<geometry_msgs::msg::PointStamped_<std::allocator<void> > >; _Alloc = std::allocator<tf2_ros::MessageFilter<geometry_msgs::msg::PointStamped_<std::allocator<void> > > >; _Args = {message_filters::Subscriber<geometry_msgs::msg::Point_<std::allocator<void> >, rclcpp::Node>&, tf2_ros::Buffer&, const char (&)[10], int, rclcpp::Logger, std::shared_ptr<rclcpp::Clock>, std::chrono::duration<long int, std::ratio<1, 1> >}; __gnu_cxx::_Lock_policy _Lp = __gnu_cxx::_S_atomic][m[K’
[01m[K/usr/include/c++/11/bits/shared_ptr_base.h:1342:14:[m[K   required from ‘[01m[Kstd::__shared_ptr<_Tp, _Lp>::__shared_ptr(std::_Sp_alloc_shared_tag<_Tp>, _Args&& ...) [with _Alloc = std::allocator<tf2_ros::MessageFilter<geometry_msgs::msg::PointStamped_<std::allocator<void> > > >; _Args = {message_filters::Subscriber<geometry_msgs::msg::Point_<std::allocator<void> >, rclcpp::Node>&, tf2_ros::Buffer&, const char (&)[10], int, rclcpp::Logger, std::shared_ptr<rclcpp::Clock>, std::chrono::duration<long int, std::ratio<1, 1> >}; _Tp = tf2_ros::MessageFilter<geometry_msgs::msg::PointStamped_<std::allocator<void> > >; __gnu_cxx::_Lock_policy _Lp = __gnu_cxx::_S_atomic][m[K’
[01m[K/usr/include/c++/11/bits/shared_ptr.h:409:59:[m[K   required from ‘[01m[Kstd::shared_ptr<_Tp>::shared_ptr(std::_Sp_alloc_shared_tag<_Tp>, _Args&& ...) [with _Alloc = std::allocator<tf2_ros::MessageFilter<geometry_msgs::msg::PointStamped_<std::allocator<void> > > >; _Args = {message_filters::Subscriber<geometry_msgs::msg::Point_<std::allocator<void> >, rclcpp::Node>&, tf2_ros::Buffer&, const char (&)[10], int, rclcpp::Logger, std::shared_ptr<rclcpp::Clock>, std::chrono::duration<long int, std::ratio<1, 1> >}; _Tp = tf2_ros::MessageFilter<geometry_msgs::msg::PointStamped_<std::allocator<void> > >][m[K’
[01m[K/usr/include/c++/11/bits/shared_ptr.h:862:14:[m[K   required from ‘[01m[Kstd::shared_ptr<_Tp> std::allocate_shared(const _Alloc&, _Args&& ...) [with _Tp = tf2_ros::MessageFilter<geometry_msgs::msg::PointStamped_<std::allocator<void> > >; _Alloc = std::allocator<tf2_ros::MessageFilter<geometry_msgs::msg::PointStamped_<std::allocator<void> > > >; _Args = {message_filters::Subscriber<geometry_msgs::msg::Point_<std::allocator<void> >, rclcpp::Node>&, tf2_ros::Buffer&, const char (&)[10], int, rclcpp::Logger, std::shared_ptr<rclcpp::Clock>, std::chrono::duration<long int, std::ratio<1, 1> >}][m[K’
[01m[K/usr/include/c++/11/bits/shared_ptr.h:878:39:[m[K   required from ‘[01m[Kstd::shared_ptr<_Tp> std::make_shared(_Args&& ...) [with _Tp = tf2_ros::MessageFilter<geometry_msgs::msg::PointStamped_<std::allocator<void> > >; _Args = {message_filters::Subscriber<geometry_msgs::msg::Point_<std::allocator<void> >, rclcpp::Node>&, tf2_ros::Buffer&, const char (&)[10], int, rclcpp::Logger, std::shared_ptr<rclcpp::Clock>, std::chrono::duration<long int, std::ratio<1, 1> >}][m[K’
[01m[K/home/huang/ros2/ROS2/coordinate_transformations/src/cpp_tf_listener/src/cpp_tf_listener_point.cpp:56:72:[m[K   required from here
[01m[K/usr/include/c++/11/ext/new_allocator.h:162:11:[m[K [01;31m[Kerror: [m[Kno matching function for call to ‘[01m[Ktf2_ros::MessageFilter<geometry_msgs::msg::PointStamped_<std::allocator<void> > >::MessageFilter(message_filters::Subscriber<geometry_msgs::msg::Point_<std::allocator<void> > >&, tf2_ros::Buffer&, const char [10], int, rclcpp::Logger, std::shared_ptr<rclcpp::Clock>, std::chrono::duration<long int>)[m[K’
  162 |         { [01;31m[K::new((void *)__p) _Up(std::forward<_Args>(__args)...)[m[K; }
      |           [01;31m[K^~~~~~~~~~~~~~~~~~~~~~~~~~~~~~~~~~~~~~~~~~~~~~~~~~~~~~[m[K
In file included from [01m[K/home/huang/ros2/ROS2/coordinate_transformations/src/cpp_tf_listener/src/cpp_tf_listener_point.cpp:8[m[K:
[01m[K/opt/ros/humble/include/tf2_ros/tf2_ros/message_filter.h:241:3:[m[K [01;36m[Knote: [m[Kcandidate: ‘[01m[Ktemplate<class F, class TimeRepT, class TimeT> tf2_ros::MessageFilter<M, BufferT>::MessageFilter(F&, BufferT&, const string&, uint32_t, const SharedPtr&, const SharedPtr&, std::chrono::duration<TimeRepT, TimeT>) [with F = F; TimeRepT = TimeRepT; TimeT = TimeT; M = geometry_msgs::msg::PointStamped_<std::allocator<void> >; BufferT = tf2_ros::Buffer][m[K’
  241 |   [01;36m[KMessageFilter[m[K(
      |   [01;36m[K^~~~~~~~~~~~~[m[K
[01m[K/opt/ros/humble/include/tf2_ros/tf2_ros/message_filter.h:241:3:[m[K [01;36m[Knote: [m[K  template argument deduction/substitution failed:
In file included from [01m[K/usr/include/x86_64-linux-gnu/c++/11/bits/c++allocator.h:33[m[K,
                 from [01m[K/usr/include/c++/11/bits/allocator.h:46[m[K,
                 from [01m[K/usr/include/c++/11/memory:64[m[K,
                 from [01m[K/opt/ros/humble/include/rclcpp/rclcpp/rclcpp.hpp:153[m[K,
                 from [01m[K/home/huang/ros2/ROS2/coordinate_transformations/src/cpp_tf_listener/src/cpp_tf_listener_point.cpp:1[m[K:
[01m[K/usr/include/c++/11/ext/new_allocator.h:162:11:[m[K [01;36m[Knote: [m[K  cannot convert ‘[01m[Kstd::forward<rclcpp::Logger>((* & __args#4))[m[K’ (type ‘[01m[Krclcpp::Logger[m[K’) to type ‘[01m[Kconst SharedPtr&[m[K’ {aka ‘[01m[Kconst std::shared_ptr<rclcpp::node_interfaces::NodeLoggingInterface>&[m[K’}
  162 |         { [01;36m[K::new((void *)__p) _Up(std::forward<_Args>(__args)...)[m[K; }
      |           [01;36m[K^~~~~~~~~~~~~~~~~~~~~~~~~~~~~~~~~~~~~~~~~~~~~~~~~~~~~~[m[K
In file included from [01m[K/home/huang/ros2/ROS2/coordinate_transformations/src/cpp_tf_listener/src/cpp_tf_listener_point.cpp:8[m[K:
[01m[K/opt/ros/humble/include/tf2_ros/tf2_ros/message_filter.h:219:3:[m[K [01;36m[Knote: [m[Kcandidate: ‘[01m[Ktemplate<class F, class TimeRepT, class TimeT> tf2_ros::MessageFilter<M, BufferT>::MessageFilter(F&, BufferT&, const string&, uint32_t, const SharedPtr&, std::chrono::duration<TimeRepT, TimeT>) [with F = F; TimeRepT = TimeRepT; TimeT = TimeT; M = geometry_msgs::msg::PointStamped_<std::allocator<void> >; BufferT = tf2_ros::Buffer][m[K’
  219 |   [01;36m[KMessageFilter[m[K(
      |   [01;36m[K^~~~~~~~~~~~~[m[K
[01m[K/opt/ros/humble/include/tf2_ros/tf2_ros/message_filter.h:219:3:[m[K [01;36m[Knote: [m[K  template argument deduction/substitution failed:
In file included from [01m[K/usr/include/x86_64-linux-gnu/c++/11/bits/c++allocator.h:33[m[K,
                 from [01m[K/usr/include/c++/11/bits/allocator.h:46[m[K,
                 from [01m[K/usr/include/c++/11/memory:64[m[K,
                 from [01m[K/opt/ros/humble/include/rclcpp/rclcpp/rclcpp.hpp:153[m[K,
                 from [01m[K/home/huang/ros2/ROS2/coordinate_transformations/src/cpp_tf_listener/src/cpp_tf_listener_point.cpp:1[m[K:
[01m[K/usr/include/c++/11/ext/new_allocator.h:162:11:[m[K [01;36m[Knote: [m[K  ‘[01m[Kstd::shared_ptr<rclcpp::Clock>[m[K’ is not derived from ‘[01m[Kstd::chrono::duration<_Rep, _Period>[m[K’
  162 |         { [01;36m[K::new((void *)__p) _Up(std::forward<_Args>(__args)...)[m[K; }
      |           [01;36m[K^~~~~~~~~~~~~~~~~~~~~~~~~~~~~~~~~~~~~~~~~~~~~~~~~~~~~~[m[K
In file included from [01m[K/home/huang/ros2/ROS2/coordinate_transformations/src/cpp_tf_listener/src/cpp_tf_listener_point.cpp:8[m[K:
[01m[K/opt/ros/humble/include/tf2_ros/tf2_ros/message_filter.h:192:3:[m[K [01;36m[Knote: [m[Kcandidate: ‘[01m[Ktemplate<class TimeRepT, class TimeT> tf2_ros::MessageFilter<M, BufferT>::MessageFilter(BufferT&, const string&, uint32_t, const SharedPtr&, const SharedPtr&, std::chrono::duration<_Rep, _Period>) [with TimeRepT = TimeRepT; TimeT = TimeT; M = geometry_msgs::msg::PointStamped_<std::allocator<void> >; BufferT = tf2_ros::Buffer][m[K’
  192 |   [01;36m[KMessageFilter[m[K(
      |   [01;36m[K^~~~~~~~~~~~~[m[K
[01m[K/opt/ros/humble/include/tf2_ros/tf2_ros/message_filter.h:192:3:[m[K [01;36m[Knote: [m[K  template argument deduction/substitution failed:
In file included from [01m[K/usr/include/x86_64-linux-gnu/c++/11/bits/c++allocator.h:33[m[K,
                 from [01m[K/usr/include/c++/11/bits/allocator.h:46[m[K,
                 from [01m[K/usr/include/c++/11/memory:64[m[K,
                 from [01m[K/opt/ros/humble/include/rclcpp/rclcpp/rclcpp.hpp:153[m[K,
                 from [01m[K/home/huang/ros2/ROS2/coordinate_transformations/src/cpp_tf_listener/src/cpp_tf_listener_point.cpp:1[m[K:
[01m[K/usr/include/c++/11/ext/new_allocator.h:162:11:[m[K [01;36m[Knote: [m[K  ‘[01m[Kstd::shared_ptr<rclcpp::Clock>[m[K’ is not derived from ‘[01m[Kstd::chrono::duration<_Rep1, _Period1>[m[K’
  162 |         { [01;36m[K::new((void *)__p) _Up(std::forward<_Args>(__args)...)[m[K; }
      |           [01;36m[K^~~~~~~~~~~~~~~~~~~~~~~~~~~~~~~~~~~~~~~~~~~~~~~~~~~~~~[m[K
In file included from [01m[K/home/huang/ros2/ROS2/coordinate_transformations/src/cpp_tf_listener/src/cpp_tf_listener_point.cpp:8[m[K:
[01m[K/opt/ros/humble/include/tf2_ros/tf2_ros/message_filter.h:165:3:[m[K [01;36m[Knote: [m[Kcandidate: ‘[01m[Ktemplate<class TimeRepT, class TimeT> tf2_ros::MessageFilter<M, BufferT>::MessageFilter(BufferT&, const string&, uint32_t, const SharedPtr&, std::chrono::duration<_Rep, _Period>) [with TimeRepT = TimeRepT; TimeT = TimeT; M = geometry_msgs::msg::PointStamped_<std::allocator<void> >; BufferT = tf2_ros::Buffer][m[K’
  165 |   [01;36m[KMessageFilter[m[K(
      |   [01;36m[K^~~~~~~~~~~~~[m[K
[01m[K/opt/ros/humble/include/tf2_ros/tf2_ros/message_filter.h:165:3:[m[K [01;36m[Knote: [m[K  template argument deduction/substitution failed:
In file included from [01m[K/usr/include/x86_64-linux-gnu/c++/11/bits/c++allocator.h:33[m[K,
                 from [01m[K/usr/include/c++/11/bits/allocator.h:46[m[K,
                 from [01m[K/usr/include/c++/11/memory:64[m[K,
                 from [01m[K/opt/ros/humble/include/rclcpp/rclcpp/rclcpp.hpp:153[m[K,
                 from [01m[K/home/huang/ros2/ROS2/coordinate_transformations/src/cpp_tf_listener/src/cpp_tf_listener_point.cpp:1[m[K:
[01m[K/usr/include/c++/11/ext/new_allocator.h:162:11:[m[K [01;36m[Knote: [m[K  ‘[01m[Krclcpp::Logger[m[K’ is not derived from ‘[01m[Kstd::chrono::duration<_Rep1, _Period1>[m[K’
  162 |         { [01;36m[K::new((void *)__p) _Up(std::forward<_Args>(__args)...)[m[K; }
      |           [01;36m[K^~~~~~~~~~~~~~~~~~~~~~~~~~~~~~~~~~~~~~~~~~~~~~~~~~~~~~[m[K
gmake[2]: *** [CMakeFiles/cpp_tf_listener_point.dir/build.make:76: CMakeFiles/cpp_tf_listener_point.dir/src/cpp_tf_listener_point.cpp.o] Error 1
gmake[1]: *** [CMakeFiles/Makefile2:193: CMakeFiles/cpp_tf_listener_point.dir/all] Error 2
gmake: *** [Makefile:146: all] Error 2
