[0.006s] Invoking command in '/home/huang/ros2/ROS2/coordinate_transformations/build/cpp_tf_listener': CMAKE_PREFIX_PATH=${CMAKE_PREFIX_PATH}:/opt/ros/humble /usr/bin/cmake --build /home/huang/ros2/ROS2/coordinate_transformations/build/cpp_tf_listener -- -j20 -l20
[0.022s] [35m[1mConsolidate compiler generated dependencies of target cpp_tf_listener_coordinates[0m
[0.025s] [ 33%] Built target cpp_tf_listener_point
[0.025s] [ 66%] Built target demo
[0.029s] [ 83%] [32mBuilding CXX object CMakeFiles/cpp_tf_listener_coordinates.dir/src/cpp_tf_listener_coordinates.cpp.o[0m
[4.153s] [100%] [32m[1mLinking CXX executable cpp_tf_listener_coordinates[0m
[4.365s] [100%] Built target cpp_tf_listener_coordinates
[4.370s] Invoked command in '/home/huang/ros2/ROS2/coordinate_transformations/build/cpp_tf_listener' returned '0': CMAKE_PREFIX_PATH=${CMAKE_PREFIX_PATH}:/opt/ros/humble /usr/bin/cmake --build /home/huang/ros2/ROS2/coordinate_transformations/build/cpp_tf_listener -- -j20 -l20
[4.384s] Invoking command in '/home/huang/ros2/ROS2/coordinate_transformations/build/cpp_tf_listener': CMAKE_PREFIX_PATH=${CMAKE_PREFIX_PATH}:/opt/ros/humble /usr/bin/cmake --install /home/huang/ros2/ROS2/coordinate_transformations/build/cpp_tf_listener
[4.387s] -- Install configuration: ""
[4.387s] -- Up-to-date: /home/huang/ros2/ROS2/coordinate_transformations/install/cpp_tf_listener/lib/cpp_tf_listener/demo
[4.387s] -- Installing: /home/huang/ros2/ROS2/coordinate_transformations/install/cpp_tf_listener/lib/cpp_tf_listener/cpp_tf_listener_coordinates
[4.389s] -- Set runtime path of "/home/huang/ros2/ROS2/coordinate_transformations/install/cpp_tf_listener/lib/cpp_tf_listener/cpp_tf_listener_coordinates" to ""
[4.389s] -- Up-to-date: /home/huang/ros2/ROS2/coordinate_transformations/install/cpp_tf_listener/lib/cpp_tf_listener/cpp_tf_listener_point
[4.389s] -- Up-to-date: /home/huang/ros2/ROS2/coordinate_transformations/install/cpp_tf_listener/share/ament_index/resource_index/package_run_dependencies/cpp_tf_listener
[4.389s] -- Up-to-date: /home/huang/ros2/ROS2/coordinate_transformations/install/cpp_tf_listener/share/ament_index/resource_index/parent_prefix_path/cpp_tf_listener
[4.389s] -- Up-to-date: /home/huang/ros2/ROS2/coordinate_transformations/install/cpp_tf_listener/share/cpp_tf_listener/environment/ament_prefix_path.sh
[4.389s] -- Up-to-date: /home/huang/ros2/ROS2/coordinate_transformations/install/cpp_tf_listener/share/cpp_tf_listener/environment/ament_prefix_path.dsv
[4.390s] -- Up-to-date: /home/huang/ros2/ROS2/coordinate_transformations/install/cpp_tf_listener/share/cpp_tf_listener/environment/path.sh
[4.390s] -- Up-to-date: /home/huang/ros2/ROS2/coordinate_transformations/install/cpp_tf_listener/share/cpp_tf_listener/environment/path.dsv
[4.390s] -- Up-to-date: /home/huang/ros2/ROS2/coordinate_transformations/install/cpp_tf_listener/share/cpp_tf_listener/local_setup.bash
[4.390s] -- Up-to-date: /home/huang/ros2/ROS2/coordinate_transformations/install/cpp_tf_listener/share/cpp_tf_listener/local_setup.sh
[4.390s] -- Up-to-date: /home/huang/ros2/ROS2/coordinate_transformations/install/cpp_tf_listener/share/cpp_tf_listener/local_setup.zsh
[4.390s] -- Up-to-date: /home/huang/ros2/ROS2/coordinate_transformations/install/cpp_tf_listener/share/cpp_tf_listener/local_setup.dsv
[4.390s] -- Installing: /home/huang/ros2/ROS2/coordinate_transformations/install/cpp_tf_listener/share/cpp_tf_listener/package.dsv
[4.390s] -- Up-to-date: /home/huang/ros2/ROS2/coordinate_transformations/install/cpp_tf_listener/share/ament_index/resource_index/packages/cpp_tf_listener
[4.390s] -- Up-to-date: /home/huang/ros2/ROS2/coordinate_transformations/install/cpp_tf_listener/share/cpp_tf_listener/cmake/cpp_tf_listenerConfig.cmake
[4.390s] -- Up-to-date: /home/huang/ros2/ROS2/coordinate_transformations/install/cpp_tf_listener/share/cpp_tf_listener/cmake/cpp_tf_listenerConfig-version.cmake
[4.390s] -- Up-to-date: /home/huang/ros2/ROS2/coordinate_transformations/install/cpp_tf_listener/share/cpp_tf_listener/package.xml
[4.391s] Invoked command in '/home/huang/ros2/ROS2/coordinate_transformations/build/cpp_tf_listener' returned '0': CMAKE_PREFIX_PATH=${CMAKE_PREFIX_PATH}:/opt/ros/humble /usr/bin/cmake --install /home/huang/ros2/ROS2/coordinate_transformations/build/cpp_tf_listener
