In file included from [01m[K/usr/include/c++/11/pstl/glue_algorithm_defs.h:13[m[K,
                 from [01m[K/usr/include/c++/11/algorithm:74[m[K,
                 from [01m[K/opt/ros/humble/include/rclcpp/rclcpp/executor.hpp:18[m[K,
                 from [01m[K/opt/ros/humble/include/rclcpp/rclcpp/executors/multi_threaded_executor.hpp:25[m[K,
                 from [01m[K/opt/ros/humble/include/rclcpp/rclcpp/executors.hpp:21[m[K,
                 from [01m[K/opt/ros/humble/include/rclcpp/rclcpp/rclcpp.hpp:155[m[K,
                 from [01m[K/home/huang/ros2/ROS2/coordinate_transformations/src/cpp_tf_listener/src/cpp_tf_listener_point.cpp:1[m[K:
/usr/include/c++/11/functional: In instantiation of ‘[01m[Kstruct std::_Bind_check_arity<void (cpp_tf_listener_point::*)(const geometry_msgs::msg::PointStamped_<std::allocator<void> >&), cpp_tf_listener_point*>[m[K’:
[01m[K/usr/include/c++/11/functional:768:12:[m[K   required from ‘[01m[Kstruct std::_Bind_helper<false, void (cpp_tf_listener_point::*)(const geometry_msgs::msg::PointStamped_<std::allocator<void> >&), cpp_tf_listener_point*>[m[K’
[01m[K/usr/include/c++/11/functional:789:5:[m[K   required by substitution of ‘[01m[Ktemplate<class _Func, class ... _BoundArgs> typename std::_Bind_helper<std::__is_socketlike<_Func>::value, _Func, _BoundArgs ...>::type std::bind(_Func&&, _BoundArgs&& ...) [with _Func = void (cpp_tf_listener_point::*)(const geometry_msgs::msg::PointStamped_<std::allocator<void> >&); _BoundArgs = {cpp_tf_listener_point*}][m[K’
[01m[K/home/huang/ros2/ROS2/coordinate_transformations/src/cpp_tf_listener/src/cpp_tf_listener_point.cpp:65:43:[m[K   required from here
[01m[K/usr/include/c++/11/functional:756:21:[m[K [01;31m[Kerror: [m[Kstatic assertion failed: Wrong number of arguments for pointer-to-member
  755 |       static_assert(_Varargs::[01;31m[Kvalue[m[K
      |                               [01;31m[K~~~~~[m[K
  756 | [01;31m[K                    ? sizeof...(_BoundArgs) >= _Arity::value + 1[m[K
      |                     [01;31m[K^~~~~~~~~~~~~~~~~~~~~~~~~~~~~~~~~~~~~~~~~~~~[m[K
  757 | [01;31m[K                    : sizeof...(_BoundArgs) == _Arity::value + 1[m[K,
      |                     [01;31m[K~~~~~~~~~~~~~~~~~~~~~~~~~~~~~~~~~~~~~~~~~~~~[m[K
[01m[K/usr/include/c++/11/functional:756:21:[m[K [01;36m[Knote: [m[K‘[01m[K(false ? (1 >= (((long unsigned int)std::integral_constant<long unsigned int, 1>::value) + 1)) : (1 == (((long unsigned int)std::integral_constant<long unsigned int, 1>::value) + 1)))[m[K’ evaluates to false
In file included from [01m[K/opt/ros/humble/include/tf2_ros/tf2_ros/message_filter.h:52[m[K,
                 from [01m[K/home/huang/ros2/ROS2/coordinate_transformations/src/cpp_tf_listener/src/cpp_tf_listener_point.cpp:8[m[K:
/opt/ros/humble/include/message_filters/message_filters/simple_filter.h: In instantiation of ‘[01m[Kmessage_filters::Connection message_filters::SimpleFilter<M>::registerCallback(const C&) [with C = std::_Bind<void (cpp_tf_listener_point::*(cpp_tf_listener_point*))(const geometry_msgs::msg::PointStamped_<std::allocator<void> >&)>; M = geometry_msgs::msg::PointStamped_<std::allocator<void> >][m[K’:
[01m[K/home/huang/ros2/ROS2/coordinate_transformations/src/cpp_tf_listener/src/cpp_tf_listener_point.cpp:65:33:[m[K   required from here
[01m[K/opt/ros/humble/include/message_filters/message_filters/simple_filter.h:72:67:[m[K [01;31m[Kerror: [m[Kno matching function for call to ‘[01m[Kstd::function<void(const std::shared_ptr<const geometry_msgs::msg::PointStamped_<std::allocator<void> > >&)>::function(const std::_Bind<void (cpp_tf_listener_point::*(cpp_tf_listener_point*))(const geometry_msgs::msg::PointStamped_<std::allocator<void> >&)>&)[m[K’
   72 |     typename CallbackHelper1<M>::Ptr helper = signal_.addCallback([01;31m[KCallback(callback)[m[K);
      |                                                                   [01;31m[K^~~~~~~~~~~~~~~~~~[m[K
In file included from [01m[K/usr/include/c++/11/future:47[m[K,
                 from [01m[K/opt/ros/humble/include/rclcpp/rclcpp/executors.hpp:18[m[K,
                 from [01m[K/opt/ros/humble/include/rclcpp/rclcpp/rclcpp.hpp:155[m[K,
                 from [01m[K/home/huang/ros2/ROS2/coordinate_transformations/src/cpp_tf_listener/src/cpp_tf_listener_point.cpp:1[m[K:
[01m[K/usr/include/c++/11/bits/std_function.h:435:9:[m[K [01;36m[Knote: [m[Kcandidate: ‘[01m[Ktemplate<class _Functor, class _Constraints> std::function<_Res(_ArgTypes ...)>::function(_Functor&&) [with _Functor = _Functor; _Constraints = _Constraints; _Res = void; _ArgTypes = {const std::shared_ptr<const geometry_msgs::msg::PointStamped_<std::allocator<void> > >&}][m[K’
  435 |         [01;36m[Kfunction[m[K(_Functor&& __f)
      |         [01;36m[K^~~~~~~~[m[K
[01m[K/usr/include/c++/11/bits/std_function.h:435:9:[m[K [01;36m[Knote: [m[K  template argument deduction/substitution failed:
In file included from [01m[K/usr/include/c++/11/bits/move.h:57[m[K,
                 from [01m[K/usr/include/c++/11/bits/stl_pair.h:59[m[K,
                 from [01m[K/usr/include/c++/11/bits/stl_algobase.h:64[m[K,
                 from [01m[K/usr/include/c++/11/memory:63[m[K,
                 from [01m[K/opt/ros/humble/include/rclcpp/rclcpp/rclcpp.hpp:153[m[K,
                 from [01m[K/home/huang/ros2/ROS2/coordinate_transformations/src/cpp_tf_listener/src/cpp_tf_listener_point.cpp:1[m[K:
/usr/include/c++/11/type_traits: In substitution of ‘[01m[Ktemplate<bool _Cond, class _Tp> using __enable_if_t = typename std::enable_if::type [with bool _Cond = false; _Tp = void][m[K’:
[01m[K/usr/include/c++/11/bits/std_function.h:353:8:[m[K   required by substitution of ‘[01m[Ktemplate<class _Res, class ... _ArgTypes> template<class _Cond, class _Tp> using _Requires = std::__enable_if_t<_Cond::value, _Tp> [with _Cond = std::function<void(const std::shared_ptr<const geometry_msgs::msg::PointStamped_<std::allocator<void> > >&)>::_Callable<const std::_Bind<void (cpp_tf_listener_point::*(cpp_tf_listener_point*))(const geometry_msgs::msg::PointStamped_<std::allocator<void> >&)>&, std::_Bind<void (cpp_tf_listener_point::*(cpp_tf_listener_point*))(const geometry_msgs::msg::PointStamped_<std::allocator<void> >&)>, std::__invoke_result<std::_Bind<void (cpp_tf_listener_point::*(cpp_tf_listener_point*))(const geometry_msgs::msg::PointStamped_<std::allocator<void> >&)>&, const std::shared_ptr<const geometry_msgs::msg::PointStamped_<std::allocator<void> > >&> >; _Tp = void; _Res = void; _ArgTypes = {const std::shared_ptr<const geometry_msgs::msg::PointStamped_<std::allocator<void> > >&}][m[K’
[01m[K/usr/include/c++/11/bits/std_function.h:434:9:[m[K   required from ‘[01m[Kmessage_filters::Connection message_filters::SimpleFilter<M>::registerCallback(const C&) [with C = std::_Bind<void (cpp_tf_listener_point::*(cpp_tf_listener_point*))(const geometry_msgs::msg::PointStamped_<std::allocator<void> >&)>; M = geometry_msgs::msg::PointStamped_<std::allocator<void> >][m[K’
[01m[K/home/huang/ros2/ROS2/coordinate_transformations/src/cpp_tf_listener/src/cpp_tf_listener_point.cpp:65:33:[m[K   required from here
[01m[K/usr/include/c++/11/type_traits:2205:11:[m[K [01;31m[Kerror: [m[Kno type named ‘[01m[Ktype[m[K’ in ‘[01m[Kstruct std::enable_if<false, void>[m[K’
 2205 |     using [01;31m[K__enable_if_t[m[K = typename enable_if<_Cond, _Tp>::type;
      |           [01;31m[K^~~~~~~~~~~~~[m[K
In file included from [01m[K/usr/include/c++/11/future:47[m[K,
                 from [01m[K/opt/ros/humble/include/rclcpp/rclcpp/executors.hpp:18[m[K,
                 from [01m[K/opt/ros/humble/include/rclcpp/rclcpp/rclcpp.hpp:155[m[K,
                 from [01m[K/home/huang/ros2/ROS2/coordinate_transformations/src/cpp_tf_listener/src/cpp_tf_listener_point.cpp:1[m[K:
/opt/ros/humble/include/message_filters/message_filters/simple_filter.h: In instantiation of ‘[01m[Kmessage_filters::Connection message_filters::SimpleFilter<M>::registerCallback(const C&) [with C = std::_Bind<void (cpp_tf_listener_point::*(cpp_tf_listener_point*))(const geometry_msgs::msg::PointStamped_<std::allocator<void> >&)>; M = geometry_msgs::msg::PointStamped_<std::allocator<void> >][m[K’:
[01m[K/home/huang/ros2/ROS2/coordinate_transformations/src/cpp_tf_listener/src/cpp_tf_listener_point.cpp:65:33:[m[K   required from here
[01m[K/usr/include/c++/11/bits/std_function.h:404:7:[m[K [01;36m[Knote: [m[Kcandidate: ‘[01m[Kstd::function<_Res(_ArgTypes ...)>::function(std::function<_Res(_ArgTypes ...)>&&) [with _Res = void; _ArgTypes = {const std::shared_ptr<const geometry_msgs::msg::PointStamped_<std::allocator<void> > >&}][m[K’
  404 |       [01;36m[Kfunction[m[K(function&& __x) noexcept
      |       [01;36m[K^~~~~~~~[m[K
[01m[K/usr/include/c++/11/bits/std_function.h:404:27:[m[K [01;36m[Knote: [m[K  no known conversion for argument 1 from ‘[01m[Kconst std::_Bind<void (cpp_tf_listener_point::*(cpp_tf_listener_point*))(const geometry_msgs::msg::PointStamped_<std::allocator<void> >&)>[m[K’ to ‘[01m[Kstd::function<void(const std::shared_ptr<const geometry_msgs::msg::PointStamped_<std::allocator<void> > >&)>&&[m[K’
  404 |       function([01;36m[Kfunction&& __x[m[K) noexcept
      |                [01;36m[K~~~~~~~~~~~^~~[m[K
[01m[K/usr/include/c++/11/bits/std_function.h:386:7:[m[K [01;36m[Knote: [m[Kcandidate: ‘[01m[Kstd::function<_Res(_ArgTypes ...)>::function(const std::function<_Res(_ArgTypes ...)>&) [with _Res = void; _ArgTypes = {const std::shared_ptr<const geometry_msgs::msg::PointStamped_<std::allocator<void> > >&}][m[K’
  386 |       [01;36m[Kfunction[m[K(const function& __x)
      |       [01;36m[K^~~~~~~~[m[K
[01m[K/usr/include/c++/11/bits/std_function.h:386:32:[m[K [01;36m[Knote: [m[K  no known conversion for argument 1 from ‘[01m[Kconst std::_Bind<void (cpp_tf_listener_point::*(cpp_tf_listener_point*))(const geometry_msgs::msg::PointStamped_<std::allocator<void> >&)>[m[K’ to ‘[01m[Kconst std::function<void(const std::shared_ptr<const geometry_msgs::msg::PointStamped_<std::allocator<void> > >&)>&[m[K’
  386 |       function([01;36m[Kconst function& __x[m[K)
      |                [01;36m[K~~~~~~~~~~~~~~~~^~~[m[K
[01m[K/usr/include/c++/11/bits/std_function.h:375:7:[m[K [01;36m[Knote: [m[Kcandidate: ‘[01m[Kstd::function<_Res(_ArgTypes ...)>::function(std::nullptr_t) [with _Res = void; _ArgTypes = {const std::shared_ptr<const geometry_msgs::msg::PointStamped_<std::allocator<void> > >&}; std::nullptr_t = std::nullptr_t][m[K’
  375 |       [01;36m[Kfunction[m[K(nullptr_t) noexcept
      |       [01;36m[K^~~~~~~~[m[K
[01m[K/usr/include/c++/11/bits/std_function.h:375:16:[m[K [01;36m[Knote: [m[K  no known conversion for argument 1 from ‘[01m[Kconst std::_Bind<void (cpp_tf_listener_point::*(cpp_tf_listener_point*))(const geometry_msgs::msg::PointStamped_<std::allocator<void> >&)>[m[K’ to ‘[01m[Kstd::nullptr_t[m[K’
  375 |       function([01;36m[Knullptr_t[m[K) noexcept
      |                [01;36m[K^~~~~~~~~[m[K
[01m[K/usr/include/c++/11/bits/std_function.h:368:7:[m[K [01;36m[Knote: [m[Kcandidate: ‘[01m[Kstd::function<_Res(_ArgTypes ...)>::function() [with _Res = void; _ArgTypes = {const std::shared_ptr<const geometry_msgs::msg::PointStamped_<std::allocator<void> > >&}][m[K’
  368 |       [01;36m[Kfunction[m[K() noexcept
      |       [01;36m[K^~~~~~~~[m[K
[01m[K/usr/include/c++/11/bits/std_function.h:368:7:[m[K [01;36m[Knote: [m[K  candidate expects 0 arguments, 1 provided
In file included from [01m[K/usr/include/x86_64-linux-gnu/c++/11/bits/c++allocator.h:33[m[K,
                 from [01m[K/usr/include/c++/11/bits/allocator.h:46[m[K,
                 from [01m[K/usr/include/c++/11/memory:64[m[K,
                 from [01m[K/opt/ros/humble/include/rclcpp/rclcpp/rclcpp.hpp:153[m[K,
                 from [01m[K/home/huang/ros2/ROS2/coordinate_transformations/src/cpp_tf_listener/src/cpp_tf_listener_point.cpp:1[m[K:
/usr/include/c++/11/ext/new_allocator.h: In instantiation of ‘[01m[Kvoid __gnu_cxx::new_allocator<_Tp>::construct(_Up*, _Args&& ...) [with _Up = tf2_ros::MessageFilter<geometry_msgs::msg::PointStamped_<std::allocator<void> > >; _Args = {message_filters::Subscriber<geometry_msgs::msg::Point_<std::allocator<void> >, rclcpp::Node>&, tf2_ros::Buffer&, const char (&)[10], int, rclcpp::Logger, std::shared_ptr<rclcpp::Clock>, std::chrono::duration<long int, std::ratio<1, 1> >}; _Tp = tf2_ros::MessageFilter<geometry_msgs::msg::PointStamped_<std::allocator<void> > >][m[K’:
[01m[K/usr/include/c++/11/bits/alloc_traits.h:516:17:[m[K   required from ‘[01m[Kstatic void std::allocator_traits<std::allocator<_Tp1> >::construct(std::allocator_traits<std::allocator<_Tp1> >::allocator_type&, _Up*, _Args&& ...) [with _Up = tf2_ros::MessageFilter<geometry_msgs::msg::PointStamped_<std::allocator<void> > >; _Args = {message_filters::Subscriber<geometry_msgs::msg::Point_<std::allocator<void> >, rclcpp::Node>&, tf2_ros::Buffer&, const char (&)[10], int, rclcpp::Logger, std::shared_ptr<rclcpp::Clock>, std::chrono::duration<long int, std::ratio<1, 1> >}; _Tp = tf2_ros::MessageFilter<geometry_msgs::msg::PointStamped_<std::allocator<void> > >; std::allocator_traits<std::allocator<_Tp1> >::allocator_type = std::allocator<tf2_ros::MessageFilter<geometry_msgs::msg::PointStamped_<std::allocator<void> > > >][m[K’
[01m[K/usr/include/c++/11/bits/shared_ptr_base.h:519:39:[m[K   required from ‘[01m[Kstd::_Sp_counted_ptr_inplace<_Tp, _Alloc, _Lp>::_Sp_counted_ptr_inplace(_Alloc, _Args&& ...) [with _Args = {message_filters::Subscriber<geometry_msgs::msg::Point_<std::allocator<void> >, rclcpp::Node>&, tf2_ros::Buffer&, const char (&)[10], int, rclcpp::Logger, std::shared_ptr<rclcpp::Clock>, std::chrono::duration<long int, std::ratio<1, 1> >}; _Tp = tf2_ros::MessageFilter<geometry_msgs::msg::PointStamped_<std::allocator<void> > >; _Alloc = std::allocator<tf2_ros::MessageFilter<geometry_msgs::msg::PointStamped_<std::allocator<void> > > >; __gnu_cxx::_Lock_policy _Lp = __gnu_cxx::_S_atomic][m[K’
[01m[K/usr/include/c++/11/bits/shared_ptr_base.h:650:16:[m[K   required from ‘[01m[Kstd::__shared_count<_Lp>::__shared_count(_Tp*&, std::_Sp_alloc_shared_tag<_Alloc>, _Args&& ...) [with _Tp = tf2_ros::MessageFilter<geometry_msgs::msg::PointStamped_<std::allocator<void> > >; _Alloc = std::allocator<tf2_ros::MessageFilter<geometry_msgs::msg::PointStamped_<std::allocator<void> > > >; _Args = {message_filters::Subscriber<geometry_msgs::msg::Point_<std::allocator<void> >, rclcpp::Node>&, tf2_ros::Buffer&, const char (&)[10], int, rclcpp::Logger, std::shared_ptr<rclcpp::Clock>, std::chrono::duration<long int, std::ratio<1, 1> >}; __gnu_cxx::_Lock_policy _Lp = __gnu_cxx::_S_atomic][m[K’
[01m[K/usr/include/c++/11/bits/shared_ptr_base.h:1342:14:[m[K   required from ‘[01m[Kstd::__shared_ptr<_Tp, _Lp>::__shared_ptr(std::_Sp_alloc_shared_tag<_Tp>, _Args&& ...) [with _Alloc = std::allocator<tf2_ros::MessageFilter<geometry_msgs::msg::PointStamped_<std::allocator<void> > > >; _Args = {message_filters::Subscriber<geometry_msgs::msg::Point_<std::allocator<void> >, rclcpp::Node>&, tf2_ros::Buffer&, const char (&)[10], int, rclcpp::Logger, std::shared_ptr<rclcpp::Clock>, std::chrono::duration<long int, std::ratio<1, 1> >}; _Tp = tf2_ros::MessageFilter<geometry_msgs::msg::PointStamped_<std::allocator<void> > >; __gnu_cxx::_Lock_policy _Lp = __gnu_cxx::_S_atomic][m[K’
[01m[K/usr/include/c++/11/bits/shared_ptr.h:409:59:[m[K   required from ‘[01m[Kstd::shared_ptr<_Tp>::shared_ptr(std::_Sp_alloc_shared_tag<_Tp>, _Args&& ...) [with _Alloc = std::allocator<tf2_ros::MessageFilter<geometry_msgs::msg::PointStamped_<std::allocator<void> > > >; _Args = {message_filters::Subscriber<geometry_msgs::msg::Point_<std::allocator<void> >, rclcpp::Node>&, tf2_ros::Buffer&, const char (&)[10], int, rclcpp::Logger, std::shared_ptr<rclcpp::Clock>, std::chrono::duration<long int, std::ratio<1, 1> >}; _Tp = tf2_ros::MessageFilter<geometry_msgs::msg::PointStamped_<std::allocator<void> > >][m[K’
[01m[K/usr/include/c++/11/bits/shared_ptr.h:862:14:[m[K   required from ‘[01m[Kstd::shared_ptr<_Tp> std::allocate_shared(const _Alloc&, _Args&& ...) [with _Tp = tf2_ros::MessageFilter<geometry_msgs::msg::PointStamped_<std::allocator<void> > >; _Alloc = std::allocator<tf2_ros::MessageFilter<geometry_msgs::msg::PointStamped_<std::allocator<void> > > >; _Args = {message_filters::Subscriber<geometry_msgs::msg::Point_<std::allocator<void> >, rclcpp::Node>&, tf2_ros::Buffer&, const char (&)[10], int, rclcpp::Logger, std::shared_ptr<rclcpp::Clock>, std::chrono::duration<long int, std::ratio<1, 1> >}][m[K’
[01m[K/usr/include/c++/11/bits/shared_ptr.h:878:39:[m[K   required from ‘[01m[Kstd::shared_ptr<_Tp> std::make_shared(_Args&& ...) [with _Tp = tf2_ros::MessageFilter<geometry_msgs::msg::PointStamped_<std::allocator<void> > >; _Args = {message_filters::Subscriber<geometry_msgs::msg::Point_<std::allocator<void> >, rclcpp::Node>&, tf2_ros::Buffer&, const char (&)[10], int, rclcpp::Logger, std::shared_ptr<rclcpp::Clock>, std::chrono::duration<long int, std::ratio<1, 1> >}][m[K’
[01m[K/home/huang/ros2/ROS2/coordinate_transformations/src/cpp_tf_listener/src/cpp_tf_listener_point.cpp:56:72:[m[K   required from here
[01m[K/usr/include/c++/11/ext/new_allocator.h:162:11:[m[K [01;31m[Kerror: [m[Kno matching function for call to ‘[01m[Ktf2_ros::MessageFilter<geometry_msgs::msg::PointStamped_<std::allocator<void> > >::MessageFilter(message_filters::Subscriber<geometry_msgs::msg::Point_<std::allocator<void> > >&, tf2_ros::Buffer&, const char [10], int, rclcpp::Logger, std::shared_ptr<rclcpp::Clock>, std::chrono::duration<long int>)[m[K’
  162 |         { [01;31m[K::new((void *)__p) _Up(std::forward<_Args>(__args)...)[m[K; }
      |           [01;31m[K^~~~~~~~~~~~~~~~~~~~~~~~~~~~~~~~~~~~~~~~~~~~~~~~~~~~~~[m[K
In file included from [01m[K/home/huang/ros2/ROS2/coordinate_transformations/src/cpp_tf_listener/src/cpp_tf_listener_point.cpp:8[m[K:
[01m[K/opt/ros/humble/include/tf2_ros/tf2_ros/message_filter.h:241:3:[m[K [01;36m[Knote: [m[Kcandidate: ‘[01m[Ktemplate<class F, class TimeRepT, class TimeT> tf2_ros::MessageFilter<M, BufferT>::MessageFilter(F&, BufferT&, const string&, uint32_t, const SharedPtr&, const SharedPtr&, std::chrono::duration<TimeRepT, TimeT>) [with F = F; TimeRepT = TimeRepT; TimeT = TimeT; M = geometry_msgs::msg::PointStamped_<std::allocator<void> >; BufferT = tf2_ros::Buffer][m[K’
  241 |   [01;36m[KMessageFilter[m[K(
      |   [01;36m[K^~~~~~~~~~~~~[m[K
[01m[K/opt/ros/humble/include/tf2_ros/tf2_ros/message_filter.h:241:3:[m[K [01;36m[Knote: [m[K  template argument deduction/substitution failed:
In file included from [01m[K/usr/include/x86_64-linux-gnu/c++/11/bits/c++allocator.h:33[m[K,
                 from [01m[K/usr/include/c++/11/bits/allocator.h:46[m[K,
                 from [01m[K/usr/include/c++/11/memory:64[m[K,
                 from [01m[K/opt/ros/humble/include/rclcpp/rclcpp/rclcpp.hpp:153[m[K,
                 from [01m[K/home/huang/ros2/ROS2/coordinate_transformations/src/cpp_tf_listener/src/cpp_tf_listener_point.cpp:1[m[K:
[01m[K/usr/include/c++/11/ext/new_allocator.h:162:11:[m[K [01;36m[Knote: [m[K  cannot convert ‘[01m[Kstd::forward<rclcpp::Logger>((* & __args#4))[m[K’ (type ‘[01m[Krclcpp::Logger[m[K’) to type ‘[01m[Kconst SharedPtr&[m[K’ {aka ‘[01m[Kconst std::shared_ptr<rclcpp::node_interfaces::NodeLoggingInterface>&[m[K’}
  162 |         { [01;36m[K::new((void *)__p) _Up(std::forward<_Args>(__args)...)[m[K; }
      |           [01;36m[K^~~~~~~~~~~~~~~~~~~~~~~~~~~~~~~~~~~~~~~~~~~~~~~~~~~~~~[m[K
In file included from [01m[K/home/huang/ros2/ROS2/coordinate_transformations/src/cpp_tf_listener/src/cpp_tf_listener_point.cpp:8[m[K:
[01m[K/opt/ros/humble/include/tf2_ros/tf2_ros/message_filter.h:219:3:[m[K [01;36m[Knote: [m[Kcandidate: ‘[01m[Ktemplate<class F, class TimeRepT, class TimeT> tf2_ros::MessageFilter<M, BufferT>::MessageFilter(F&, BufferT&, const string&, uint32_t, const SharedPtr&, std::chrono::duration<TimeRepT, TimeT>) [with F = F; TimeRepT = TimeRepT; TimeT = TimeT; M = geometry_msgs::msg::PointStamped_<std::allocator<void> >; BufferT = tf2_ros::Buffer][m[K’
  219 |   [01;36m[KMessageFilter[m[K(
      |   [01;36m[K^~~~~~~~~~~~~[m[K
[01m[K/opt/ros/humble/include/tf2_ros/tf2_ros/message_filter.h:219:3:[m[K [01;36m[Knote: [m[K  template argument deduction/substitution failed:
In file included from [01m[K/usr/include/x86_64-linux-gnu/c++/11/bits/c++allocator.h:33[m[K,
                 from [01m[K/usr/include/c++/11/bits/allocator.h:46[m[K,
                 from [01m[K/usr/include/c++/11/memory:64[m[K,
                 from [01m[K/opt/ros/humble/include/rclcpp/rclcpp/rclcpp.hpp:153[m[K,
                 from [01m[K/home/huang/ros2/ROS2/coordinate_transformations/src/cpp_tf_listener/src/cpp_tf_listener_point.cpp:1[m[K:
[01m[K/usr/include/c++/11/ext/new_allocator.h:162:11:[m[K [01;36m[Knote: [m[K  ‘[01m[Kstd::shared_ptr<rclcpp::Clock>[m[K’ is not derived from ‘[01m[Kstd::chrono::duration<_Rep, _Period>[m[K’
  162 |         { [01;36m[K::new((void *)__p) _Up(std::forward<_Args>(__args)...)[m[K; }
      |           [01;36m[K^~~~~~~~~~~~~~~~~~~~~~~~~~~~~~~~~~~~~~~~~~~~~~~~~~~~~~[m[K
In file included from [01m[K/home/huang/ros2/ROS2/coordinate_transformations/src/cpp_tf_listener/src/cpp_tf_listener_point.cpp:8[m[K:
[01m[K/opt/ros/humble/include/tf2_ros/tf2_ros/message_filter.h:192:3:[m[K [01;36m[Knote: [m[Kcandidate: ‘[01m[Ktemplate<class TimeRepT, class TimeT> tf2_ros::MessageFilter<M, BufferT>::MessageFilter(BufferT&, const string&, uint32_t, const SharedPtr&, const SharedPtr&, std::chrono::duration<_Rep, _Period>) [with TimeRepT = TimeRepT; TimeT = TimeT; M = geometry_msgs::msg::PointStamped_<std::allocator<void> >; BufferT = tf2_ros::Buffer][m[K’
  192 |   [01;36m[KMessageFilter[m[K(
      |   [01;36m[K^~~~~~~~~~~~~[m[K
[01m[K/opt/ros/humble/include/tf2_ros/tf2_ros/message_filter.h:192:3:[m[K [01;36m[Knote: [m[K  template argument deduction/substitution failed:
In file included from [01m[K/usr/include/x86_64-linux-gnu/c++/11/bits/c++allocator.h:33[m[K,
                 from [01m[K/usr/include/c++/11/bits/allocator.h:46[m[K,
                 from [01m[K/usr/include/c++/11/memory:64[m[K,
                 from [01m[K/opt/ros/humble/include/rclcpp/rclcpp/rclcpp.hpp:153[m[K,
                 from [01m[K/home/huang/ros2/ROS2/coordinate_transformations/src/cpp_tf_listener/src/cpp_tf_listener_point.cpp:1[m[K:
[01m[K/usr/include/c++/11/ext/new_allocator.h:162:11:[m[K [01;36m[Knote: [m[K  ‘[01m[Kstd::shared_ptr<rclcpp::Clock>[m[K’ is not derived from ‘[01m[Kstd::chrono::duration<_Rep1, _Period1>[m[K’
  162 |         { [01;36m[K::new((void *)__p) _Up(std::forward<_Args>(__args)...)[m[K; }
      |           [01;36m[K^~~~~~~~~~~~~~~~~~~~~~~~~~~~~~~~~~~~~~~~~~~~~~~~~~~~~~[m[K
In file included from [01m[K/home/huang/ros2/ROS2/coordinate_transformations/src/cpp_tf_listener/src/cpp_tf_listener_point.cpp:8[m[K:
[01m[K/opt/ros/humble/include/tf2_ros/tf2_ros/message_filter.h:165:3:[m[K [01;36m[Knote: [m[Kcandidate: ‘[01m[Ktemplate<class TimeRepT, class TimeT> tf2_ros::MessageFilter<M, BufferT>::MessageFilter(BufferT&, const string&, uint32_t, const SharedPtr&, std::chrono::duration<_Rep, _Period>) [with TimeRepT = TimeRepT; TimeT = TimeT; M = geometry_msgs::msg::PointStamped_<std::allocator<void> >; BufferT = tf2_ros::Buffer][m[K’
  165 |   [01;36m[KMessageFilter[m[K(
      |   [01;36m[K^~~~~~~~~~~~~[m[K
[01m[K/opt/ros/humble/include/tf2_ros/tf2_ros/message_filter.h:165:3:[m[K [01;36m[Knote: [m[K  template argument deduction/substitution failed:
In file included from [01m[K/usr/include/x86_64-linux-gnu/c++/11/bits/c++allocator.h:33[m[K,
                 from [01m[K/usr/include/c++/11/bits/allocator.h:46[m[K,
                 from [01m[K/usr/include/c++/11/memory:64[m[K,
                 from [01m[K/opt/ros/humble/include/rclcpp/rclcpp/rclcpp.hpp:153[m[K,
                 from [01m[K/home/huang/ros2/ROS2/coordinate_transformations/src/cpp_tf_listener/src/cpp_tf_listener_point.cpp:1[m[K:
[01m[K/usr/include/c++/11/ext/new_allocator.h:162:11:[m[K [01;36m[Knote: [m[K  ‘[01m[Krclcpp::Logger[m[K’ is not derived from ‘[01m[Kstd::chrono::duration<_Rep1, _Period1>[m[K’
  162 |         { [01;36m[K::new((void *)__p) _Up(std::forward<_Args>(__args)...)[m[K; }
      |           [01;36m[K^~~~~~~~~~~~~~~~~~~~~~~~~~~~~~~~~~~~~~~~~~~~~~~~~~~~~~[m[K
gmake[2]: *** [CMakeFiles/cpp_tf_listener_point.dir/build.make:76: CMakeFiles/cpp_tf_listener_point.dir/src/cpp_tf_listener_point.cpp.o] Error 1
gmake[1]: *** [CMakeFiles/Makefile2:193: CMakeFiles/cpp_tf_listener_point.dir/all] Error 2
gmake: *** [Makefile:146: all] Error 2
