[0.008s] Invoking command in '/home/ros/ROS2/communication_mechanism/build/cpp_time': CMAKE_PREFIX_PATH=${CMAKE_PREFIX_PATH}:/opt/ros/humble /usr/bin/cmake --build /home/ros/ROS2/communication_mechanism/build/cpp_time -- -j20 -l20
[0.031s] [35m[1mConsolidate compiler generated dependencies of target demo_time[0m
[0.040s] [ 50%] [32mBuilding CXX object CMakeFiles/demo_time.dir/src/demo_time.cpp.o[0m
[1.786s] [100%] [32m[1mLinking CXX executable demo_time[0m
[1.991s] [100%] Built target demo_time
[1.997s] Invoked command in '/home/ros/ROS2/communication_mechanism/build/cpp_time' returned '0': CMAKE_PREFIX_PATH=${CMAKE_PREFIX_PATH}:/opt/ros/humble /usr/bin/cmake --build /home/ros/ROS2/communication_mechanism/build/cpp_time -- -j20 -l20
[2.016s] Invoking command in '/home/ros/ROS2/communication_mechanism/build/cpp_time': CMAKE_PREFIX_PATH=${CMAKE_PREFIX_PATH}:/opt/ros/humble /usr/bin/cmake --install /home/ros/ROS2/communication_mechanism/build/cpp_time
[2.019s] -- Install configuration: ""
[2.019s] -- Installing: /home/ros/ROS2/communication_mechanism/install/cpp_time/lib/cpp_time/demo_time
[2.019s] -- Set runtime path of "/home/ros/ROS2/communication_mechanism/install/cpp_time/lib/cpp_time/demo_time" to ""
[2.019s] -- Up-to-date: /home/ros/ROS2/communication_mechanism/install/cpp_time/share/ament_index/resource_index/package_run_dependencies/cpp_time
[2.019s] -- Up-to-date: /home/ros/ROS2/communication_mechanism/install/cpp_time/share/ament_index/resource_index/parent_prefix_path/cpp_time
[2.019s] -- Up-to-date: /home/ros/ROS2/communication_mechanism/install/cpp_time/share/cpp_time/environment/ament_prefix_path.sh
[2.019s] -- Up-to-date: /home/ros/ROS2/communication_mechanism/install/cpp_time/share/cpp_time/environment/ament_prefix_path.dsv
[2.020s] -- Up-to-date: /home/ros/ROS2/communication_mechanism/install/cpp_time/share/cpp_time/environment/path.sh
[2.020s] -- Up-to-date: /home/ros/ROS2/communication_mechanism/install/cpp_time/share/cpp_time/environment/path.dsv
[2.020s] -- Up-to-date: /home/ros/ROS2/communication_mechanism/install/cpp_time/share/cpp_time/local_setup.bash
[2.020s] -- Up-to-date: /home/ros/ROS2/communication_mechanism/install/cpp_time/share/cpp_time/local_setup.sh
[2.020s] -- Up-to-date: /home/ros/ROS2/communication_mechanism/install/cpp_time/share/cpp_time/local_setup.zsh
[2.020s] -- Up-to-date: /home/ros/ROS2/communication_mechanism/install/cpp_time/share/cpp_time/local_setup.dsv
[2.020s] -- Installing: /home/ros/ROS2/communication_mechanism/install/cpp_time/share/cpp_time/package.dsv
[2.020s] -- Up-to-date: /home/ros/ROS2/communication_mechanism/install/cpp_time/share/ament_index/resource_index/packages/cpp_time
[2.020s] -- Up-to-date: /home/ros/ROS2/communication_mechanism/install/cpp_time/share/cpp_time/cmake/cpp_timeConfig.cmake
[2.020s] -- Up-to-date: /home/ros/ROS2/communication_mechanism/install/cpp_time/share/cpp_time/cmake/cpp_timeConfig-version.cmake
[2.020s] -- Up-to-date: /home/ros/ROS2/communication_mechanism/install/cpp_time/share/cpp_time/package.xml
[2.021s] Invoked command in '/home/ros/ROS2/communication_mechanism/build/cpp_time' returned '0': CMAKE_PREFIX_PATH=${CMAKE_PREFIX_PATH}:/opt/ros/humble /usr/bin/cmake --install /home/ros/ROS2/communication_mechanism/build/cpp_time
