[0.009s] Invoking command in '/home/ros/ROS2/communication_mechanism/build/cpp_time': CMAKE_PREFIX_PATH=${CMAKE_PREFIX_PATH}:/opt/ros/humble /usr/bin/cmake --build /home/ros/ROS2/communication_mechanism/build/cpp_time -- -j20 -l20
[0.052s] [35m[1mConsolidate compiler generated dependencies of target demo_time_time[0m
[0.059s] [ 16%] [32mBuilding CXX object CMakeFiles/demo_time_duration.dir/src/demo_time_duration.cpp.o[0m
[0.059s] [ 50%] Built target demo_time_rate
[0.061s] [ 66%] [32mBuilding CXX object CMakeFiles/demo_time_time.dir/src/demo_time_time.cpp.o[0m
[1.507s] [01m[K/home/ros/ROS2/communication_mechanism/src/cpp_time/src/demo_time_time.cpp:[m[K In constructor ‘[01m[KTime::Time()[m[K’:
[1.507s] [01m[K/home/ros/ROS2/communication_mechanism/src/cpp_time/src/demo_time_time.cpp:10:28:[m[K [01;35m[Kwarning: [m[Koverflow in conversion from ‘[01m[Klong double[m[K’ to ‘[01m[Kuint32_t[m[K’ {aka ‘[01m[Kunsigned int[m[K’} changes value from ‘[01m[K5.0e+9l[m[K’ to ‘[01m[K4294967295[m[K’ [[01;35m[K]8;;https://gcc.gnu.org/onlinedocs/gcc/Warning-Options.html#index-Woverflow-Woverflow]8;;[m[K]
[1.507s]    10 |     rclcpp::Time time_2(2, [01;35m[K5e9L[m[K); // s ns
[1.507s]       |                            [01;35m[K^~~~[m[K
[1.874s] [100%] [32m[1mLinking CXX executable demo_time_time[0m
[1.874s] [100%] [32m[1mLinking CXX executable demo_time_duration[0m
[2.070s] [100%] Built target demo_time_time
[2.070s] [100%] Built target demo_time_duration
[2.077s] Invoked command in '/home/ros/ROS2/communication_mechanism/build/cpp_time' returned '0': CMAKE_PREFIX_PATH=${CMAKE_PREFIX_PATH}:/opt/ros/humble /usr/bin/cmake --build /home/ros/ROS2/communication_mechanism/build/cpp_time -- -j20 -l20
[2.100s] Invoking command in '/home/ros/ROS2/communication_mechanism/build/cpp_time': CMAKE_PREFIX_PATH=${CMAKE_PREFIX_PATH}:/opt/ros/humble /usr/bin/cmake --install /home/ros/ROS2/communication_mechanism/build/cpp_time
[2.104s] -- Install configuration: ""
[2.104s] -- Up-to-date: /home/ros/ROS2/communication_mechanism/install/cpp_time/lib/cpp_time/demo_time_rate
[2.105s] -- Installing: /home/ros/ROS2/communication_mechanism/install/cpp_time/lib/cpp_time/demo_time_time
[2.105s] -- Set runtime path of "/home/ros/ROS2/communication_mechanism/install/cpp_time/lib/cpp_time/demo_time_time" to ""
[2.105s] -- Installing: /home/ros/ROS2/communication_mechanism/install/cpp_time/lib/cpp_time/demo_time_duration
[2.105s] -- Set runtime path of "/home/ros/ROS2/communication_mechanism/install/cpp_time/lib/cpp_time/demo_time_duration" to ""
[2.106s] -- Up-to-date: /home/ros/ROS2/communication_mechanism/install/cpp_time/share/ament_index/resource_index/package_run_dependencies/cpp_time
[2.106s] -- Up-to-date: /home/ros/ROS2/communication_mechanism/install/cpp_time/share/ament_index/resource_index/parent_prefix_path/cpp_time
[2.106s] -- Up-to-date: /home/ros/ROS2/communication_mechanism/install/cpp_time/share/cpp_time/environment/ament_prefix_path.sh
[2.106s] -- Up-to-date: /home/ros/ROS2/communication_mechanism/install/cpp_time/share/cpp_time/environment/ament_prefix_path.dsv
[2.106s] -- Up-to-date: /home/ros/ROS2/communication_mechanism/install/cpp_time/share/cpp_time/environment/path.sh
[2.106s] -- Up-to-date: /home/ros/ROS2/communication_mechanism/install/cpp_time/share/cpp_time/environment/path.dsv
[2.106s] -- Up-to-date: /home/ros/ROS2/communication_mechanism/install/cpp_time/share/cpp_time/local_setup.bash
[2.106s] -- Up-to-date: /home/ros/ROS2/communication_mechanism/install/cpp_time/share/cpp_time/local_setup.sh
[2.106s] -- Up-to-date: /home/ros/ROS2/communication_mechanism/install/cpp_time/share/cpp_time/local_setup.zsh
[2.106s] -- Up-to-date: /home/ros/ROS2/communication_mechanism/install/cpp_time/share/cpp_time/local_setup.dsv
[2.106s] -- Installing: /home/ros/ROS2/communication_mechanism/install/cpp_time/share/cpp_time/package.dsv
[2.107s] -- Up-to-date: /home/ros/ROS2/communication_mechanism/install/cpp_time/share/ament_index/resource_index/packages/cpp_time
[2.107s] -- Up-to-date: /home/ros/ROS2/communication_mechanism/install/cpp_time/share/cpp_time/cmake/cpp_timeConfig.cmake
[2.107s] -- Up-to-date: /home/ros/ROS2/communication_mechanism/install/cpp_time/share/cpp_time/cmake/cpp_timeConfig-version.cmake
[2.107s] -- Up-to-date: /home/ros/ROS2/communication_mechanism/install/cpp_time/share/cpp_time/package.xml
[2.108s] Invoked command in '/home/ros/ROS2/communication_mechanism/build/cpp_time' returned '0': CMAKE_PREFIX_PATH=${CMAKE_PREFIX_PATH}:/opt/ros/humble /usr/bin/cmake --install /home/ros/ROS2/communication_mechanism/build/cpp_time
