[0.008s] Invoking command in '/home/ros/ROS2/tools/build/cpp_rosbag': CMAKE_PREFIX_PATH=/opt/ros/humble /usr/bin/cmake --build /home/ros/ROS2/tools/build/cpp_rosbag -- -j20 -l20
[0.031s] [35m[1mConsolidate compiler generated dependencies of target bag_writer[0m
[0.036s] [ 33%] Built target demo
[0.038s] [ 66%] Built target bag_reader
[0.041s] [ 83%] [32mBuilding CXX object CMakeFiles/bag_writer.dir/src/bag_writer.cpp.o[0m
[5.730s] [100%] [32m[1mLinking CXX executable bag_writer[0m
[6.187s] [100%] Built target bag_writer
[6.194s] Invoked command in '/home/ros/ROS2/tools/build/cpp_rosbag' returned '0': CMAKE_PREFIX_PATH=/opt/ros/humble /usr/bin/cmake --build /home/ros/ROS2/tools/build/cpp_rosbag -- -j20 -l20
[6.216s] Invoking command in '/home/ros/ROS2/tools/build/cpp_rosbag': CMAKE_PREFIX_PATH=/opt/ros/humble /usr/bin/cmake --install /home/ros/ROS2/tools/build/cpp_rosbag
[6.221s] -- Install configuration: ""
[6.221s] -- Up-to-date: /home/ros/ROS2/tools/install/cpp_rosbag/lib/cpp_rosbag/demo
[6.222s] -- Installing: /home/ros/ROS2/tools/install/cpp_rosbag/lib/cpp_rosbag/bag_writer
[6.224s] -- Set runtime path of "/home/ros/ROS2/tools/install/cpp_rosbag/lib/cpp_rosbag/bag_writer" to ""
[6.225s] -- Up-to-date: /home/ros/ROS2/tools/install/cpp_rosbag/lib/cpp_rosbag/bag_reader
[6.225s] -- Up-to-date: /home/ros/ROS2/tools/install/cpp_rosbag/share/ament_index/resource_index/package_run_dependencies/cpp_rosbag
[6.225s] -- Up-to-date: /home/ros/ROS2/tools/install/cpp_rosbag/share/ament_index/resource_index/parent_prefix_path/cpp_rosbag
[6.226s] -- Up-to-date: /home/ros/ROS2/tools/install/cpp_rosbag/share/cpp_rosbag/environment/ament_prefix_path.sh
[6.226s] -- Up-to-date: /home/ros/ROS2/tools/install/cpp_rosbag/share/cpp_rosbag/environment/ament_prefix_path.dsv
[6.226s] -- Up-to-date: /home/ros/ROS2/tools/install/cpp_rosbag/share/cpp_rosbag/environment/path.sh
[6.226s] -- Up-to-date: /home/ros/ROS2/tools/install/cpp_rosbag/share/cpp_rosbag/environment/path.dsv
[6.226s] -- Up-to-date: /home/ros/ROS2/tools/install/cpp_rosbag/share/cpp_rosbag/local_setup.bash
[6.226s] -- Up-to-date: /home/ros/ROS2/tools/install/cpp_rosbag/share/cpp_rosbag/local_setup.sh
[6.226s] -- Up-to-date: /home/ros/ROS2/tools/install/cpp_rosbag/share/cpp_rosbag/local_setup.zsh
[6.226s] -- Up-to-date: /home/ros/ROS2/tools/install/cpp_rosbag/share/cpp_rosbag/local_setup.dsv
[6.226s] -- Installing: /home/ros/ROS2/tools/install/cpp_rosbag/share/cpp_rosbag/package.dsv
[6.226s] -- Up-to-date: /home/ros/ROS2/tools/install/cpp_rosbag/share/ament_index/resource_index/packages/cpp_rosbag
[6.226s] -- Up-to-date: /home/ros/ROS2/tools/install/cpp_rosbag/share/cpp_rosbag/cmake/cpp_rosbagConfig.cmake
[6.226s] -- Up-to-date: /home/ros/ROS2/tools/install/cpp_rosbag/share/cpp_rosbag/cmake/cpp_rosbagConfig-version.cmake
[6.226s] -- Up-to-date: /home/ros/ROS2/tools/install/cpp_rosbag/share/cpp_rosbag/package.xml
[6.227s] Invoked command in '/home/ros/ROS2/tools/build/cpp_rosbag' returned '0': CMAKE_PREFIX_PATH=/opt/ros/humble /usr/bin/cmake --install /home/ros/ROS2/tools/build/cpp_rosbag
