[0.010s] Invoking command in '/home/huang/ros2/ROS2/communication_mechanism/build/base_interface_demo': CMAKE_PREFIX_PATH=${CMAKE_PREFIX_PATH}:/opt/ros/humble /usr/bin/cmake --build /home/huang/ros2/ROS2/communication_mechanism/build/base_interface_demo -- -j20 -l20
[0.027s] [35m[1mConsolidate compiler generated dependencies of target base_interface_demo__rosidl_generator_c[0m
[0.031s] [  2%] Built target base_interface_demo__cpp
[0.032s] [ 12%] Built target base_interface_demo__rosidl_generator_c
[0.037s] [35m[1mConsolidate compiler generated dependencies of target base_interface_demo__rosidl_typesupport_introspection_cpp[0m
[0.037s] [35m[1mConsolidate compiler generated dependencies of target base_interface_demo__rosidl_typesupport_fastrtps_cpp[0m
[0.039s] [35m[1mConsolidate compiler generated dependencies of target base_interface_demo__rosidl_typesupport_introspection_c[0m
[0.039s] [35m[1mConsolidate compiler generated dependencies of target base_interface_demo__rosidl_typesupport_c[0m
[0.039s] [35m[1mConsolidate compiler generated dependencies of target base_interface_demo__rosidl_typesupport_fastrtps_c[0m
[0.039s] [35m[1mConsolidate compiler generated dependencies of target base_interface_demo__rosidl_typesupport_cpp[0m
[0.040s] [ 12%] Built target ament_cmake_python_copy_base_interface_demo
[0.045s] [ 25%] Built target base_interface_demo__rosidl_typesupport_introspection_c
[0.045s] [ 34%] Built target base_interface_demo__rosidl_typesupport_c
[0.046s] [ 44%] Built target base_interface_demo__rosidl_typesupport_introspection_cpp
[0.046s] [ 55%] Built target base_interface_demo__rosidl_typesupport_fastrtps_cpp
[0.047s] [ 65%] Built target base_interface_demo__rosidl_typesupport_fastrtps_c
[0.047s] [ 76%] Built target base_interface_demo__rosidl_typesupport_cpp
[0.057s] [ 76%] Built target base_interface_demo
[0.065s] [ 78%] Built target base_interface_demo__py
[0.071s] [35m[1mConsolidate compiler generated dependencies of target base_interface_demo__rosidl_generator_py[0m
[0.079s] [ 87%] Built target base_interface_demo__rosidl_generator_py
[0.085s] [35m[1mConsolidate compiler generated dependencies of target base_interface_demo__rosidl_typesupport_introspection_c__pyext[0m
[0.085s] [35m[1mConsolidate compiler generated dependencies of target base_interface_demo__rosidl_typesupport_c__pyext[0m
[0.085s] [35m[1mConsolidate compiler generated dependencies of target base_interface_demo__rosidl_typesupport_fastrtps_c__pyext[0m
[0.091s] [ 91%] Built target base_interface_demo__rosidl_typesupport_introspection_c__pyext
[0.091s] [100%] Built target base_interface_demo__rosidl_typesupport_c__pyext
[0.091s] [100%] Built target base_interface_demo__rosidl_typesupport_fastrtps_c__pyext
[0.143s] running egg_info
[0.143s] writing base_interface_demo.egg-info/PKG-INFO
[0.143s] writing dependency_links to base_interface_demo.egg-info/dependency_links.txt
[0.143s] writing top-level names to base_interface_demo.egg-info/top_level.txt
[0.144s] reading manifest file 'base_interface_demo.egg-info/SOURCES.txt'
[0.144s] writing manifest file 'base_interface_demo.egg-info/SOURCES.txt'
[0.156s] [100%] Built target ament_cmake_python_build_base_interface_demo_egg
[0.162s] Invoked command in '/home/huang/ros2/ROS2/communication_mechanism/build/base_interface_demo' returned '0': CMAKE_PREFIX_PATH=${CMAKE_PREFIX_PATH}:/opt/ros/humble /usr/bin/cmake --build /home/huang/ros2/ROS2/communication_mechanism/build/base_interface_demo -- -j20 -l20
[0.197s] Invoking command in '/home/huang/ros2/ROS2/communication_mechanism/build/base_interface_demo': CMAKE_PREFIX_PATH=${CMAKE_PREFIX_PATH}:/opt/ros/humble /usr/bin/cmake --install /home/huang/ros2/ROS2/communication_mechanism/build/base_interface_demo
[0.201s] -- Install configuration: ""
[0.201s] -- Up-to-date: /home/huang/ros2/ROS2/communication_mechanism/install/base_interface_demo/share/ament_index/resource_index/rosidl_interfaces/base_interface_demo
[0.201s] -- Up-to-date: /home/huang/ros2/ROS2/communication_mechanism/install/base_interface_demo/include/base_interface_demo/base_interface_demo
[0.201s] -- Up-to-date: /home/huang/ros2/ROS2/communication_mechanism/install/base_interface_demo/include/base_interface_demo/base_interface_demo/action
[0.201s] -- Up-to-date: /home/huang/ros2/ROS2/communication_mechanism/install/base_interface_demo/include/base_interface_demo/base_interface_demo/action/detail
[0.201s] -- Up-to-date: /home/huang/ros2/ROS2/communication_mechanism/install/base_interface_demo/include/base_interface_demo/base_interface_demo/action/detail/progress__functions.h
[0.201s] -- Up-to-date: /home/huang/ros2/ROS2/communication_mechanism/install/base_interface_demo/include/base_interface_demo/base_interface_demo/action/detail/progress__struct.h
[0.201s] -- Up-to-date: /home/huang/ros2/ROS2/communication_mechanism/install/base_interface_demo/include/base_interface_demo/base_interface_demo/action/detail/progress__functions.c
[0.201s] -- Up-to-date: /home/huang/ros2/ROS2/communication_mechanism/install/base_interface_demo/include/base_interface_demo/base_interface_demo/action/detail/progress__type_support.h
[0.201s] -- Up-to-date: /home/huang/ros2/ROS2/communication_mechanism/install/base_interface_demo/include/base_interface_demo/base_interface_demo/action/progress.h
[0.202s] -- Up-to-date: /home/huang/ros2/ROS2/communication_mechanism/install/base_interface_demo/include/base_interface_demo/base_interface_demo/msg
[0.202s] -- Up-to-date: /home/huang/ros2/ROS2/communication_mechanism/install/base_interface_demo/include/base_interface_demo/base_interface_demo/msg/detail
[0.202s] -- Up-to-date: /home/huang/ros2/ROS2/communication_mechanism/install/base_interface_demo/include/base_interface_demo/base_interface_demo/msg/detail/student__struct.h
[0.202s] -- Up-to-date: /home/huang/ros2/ROS2/communication_mechanism/install/base_interface_demo/include/base_interface_demo/base_interface_demo/msg/detail/student__functions.h
[0.202s] -- Up-to-date: /home/huang/ros2/ROS2/communication_mechanism/install/base_interface_demo/include/base_interface_demo/base_interface_demo/msg/detail/student__type_support.h
[0.202s] -- Up-to-date: /home/huang/ros2/ROS2/communication_mechanism/install/base_interface_demo/include/base_interface_demo/base_interface_demo/msg/detail/student__functions.c
[0.202s] -- Up-to-date: /home/huang/ros2/ROS2/communication_mechanism/install/base_interface_demo/include/base_interface_demo/base_interface_demo/msg/rosidl_generator_c__visibility_control.h
[0.202s] -- Up-to-date: /home/huang/ros2/ROS2/communication_mechanism/install/base_interface_demo/include/base_interface_demo/base_interface_demo/msg/student.h
[0.202s] -- Up-to-date: /home/huang/ros2/ROS2/communication_mechanism/install/base_interface_demo/include/base_interface_demo/base_interface_demo/srv
[0.202s] -- Up-to-date: /home/huang/ros2/ROS2/communication_mechanism/install/base_interface_demo/include/base_interface_demo/base_interface_demo/srv/detail
[0.202s] -- Up-to-date: /home/huang/ros2/ROS2/communication_mechanism/install/base_interface_demo/include/base_interface_demo/base_interface_demo/srv/detail/sum__functions.c
[0.202s] -- Up-to-date: /home/huang/ros2/ROS2/communication_mechanism/install/base_interface_demo/include/base_interface_demo/base_interface_demo/srv/detail/sum__functions.h
[0.203s] -- Up-to-date: /home/huang/ros2/ROS2/communication_mechanism/install/base_interface_demo/include/base_interface_demo/base_interface_demo/srv/detail/sum__type_support.h
[0.203s] -- Up-to-date: /home/huang/ros2/ROS2/communication_mechanism/install/base_interface_demo/include/base_interface_demo/base_interface_demo/srv/detail/sum__struct.h
[0.203s] -- Up-to-date: /home/huang/ros2/ROS2/communication_mechanism/install/base_interface_demo/include/base_interface_demo/base_interface_demo/srv/sum.h
[0.203s] -- Up-to-date: /home/huang/ros2/ROS2/communication_mechanism/install/base_interface_demo/share/base_interface_demo/environment/library_path.sh
[0.203s] -- Up-to-date: /home/huang/ros2/ROS2/communication_mechanism/install/base_interface_demo/share/base_interface_demo/environment/library_path.dsv
[0.203s] -- Up-to-date: /home/huang/ros2/ROS2/communication_mechanism/install/base_interface_demo/lib/libbase_interface_demo__rosidl_generator_c.so
[0.203s] -- Up-to-date: /home/huang/ros2/ROS2/communication_mechanism/install/base_interface_demo/include/base_interface_demo/base_interface_demo
[0.203s] -- Up-to-date: /home/huang/ros2/ROS2/communication_mechanism/install/base_interface_demo/include/base_interface_demo/base_interface_demo/action
[0.203s] -- Up-to-date: /home/huang/ros2/ROS2/communication_mechanism/install/base_interface_demo/include/base_interface_demo/base_interface_demo/action/detail
[0.203s] -- Up-to-date: /home/huang/ros2/ROS2/communication_mechanism/install/base_interface_demo/include/base_interface_demo/base_interface_demo/action/detail/progress__rosidl_typesupport_fastrtps_c.h
[0.203s] -- Up-to-date: /home/huang/ros2/ROS2/communication_mechanism/install/base_interface_demo/include/base_interface_demo/base_interface_demo/msg
[0.203s] -- Up-to-date: /home/huang/ros2/ROS2/communication_mechanism/install/base_interface_demo/include/base_interface_demo/base_interface_demo/msg/detail
[0.204s] -- Up-to-date: /home/huang/ros2/ROS2/communication_mechanism/install/base_interface_demo/include/base_interface_demo/base_interface_demo/msg/detail/student__rosidl_typesupport_fastrtps_c.h
[0.204s] -- Up-to-date: /home/huang/ros2/ROS2/communication_mechanism/install/base_interface_demo/include/base_interface_demo/base_interface_demo/msg/rosidl_typesupport_fastrtps_c__visibility_control.h
[0.204s] -- Up-to-date: /home/huang/ros2/ROS2/communication_mechanism/install/base_interface_demo/include/base_interface_demo/base_interface_demo/srv
[0.204s] -- Up-to-date: /home/huang/ros2/ROS2/communication_mechanism/install/base_interface_demo/include/base_interface_demo/base_interface_demo/srv/detail
[0.204s] -- Up-to-date: /home/huang/ros2/ROS2/communication_mechanism/install/base_interface_demo/include/base_interface_demo/base_interface_demo/srv/detail/sum__rosidl_typesupport_fastrtps_c.h
[0.204s] -- Up-to-date: /home/huang/ros2/ROS2/communication_mechanism/install/base_interface_demo/lib/libbase_interface_demo__rosidl_typesupport_fastrtps_c.so
[0.204s] -- Up-to-date: /home/huang/ros2/ROS2/communication_mechanism/install/base_interface_demo/include/base_interface_demo/base_interface_demo
[0.204s] -- Up-to-date: /home/huang/ros2/ROS2/communication_mechanism/install/base_interface_demo/include/base_interface_demo/base_interface_demo/action
[0.204s] -- Up-to-date: /home/huang/ros2/ROS2/communication_mechanism/install/base_interface_demo/include/base_interface_demo/base_interface_demo/action/detail
[0.204s] -- Up-to-date: /home/huang/ros2/ROS2/communication_mechanism/install/base_interface_demo/include/base_interface_demo/base_interface_demo/action/detail/progress__type_support.c
[0.204s] -- Up-to-date: /home/huang/ros2/ROS2/communication_mechanism/install/base_interface_demo/include/base_interface_demo/base_interface_demo/action/detail/progress__rosidl_typesupport_introspection_c.h
[0.204s] -- Up-to-date: /home/huang/ros2/ROS2/communication_mechanism/install/base_interface_demo/include/base_interface_demo/base_interface_demo/msg
[0.204s] -- Up-to-date: /home/huang/ros2/ROS2/communication_mechanism/install/base_interface_demo/include/base_interface_demo/base_interface_demo/msg/rosidl_typesupport_introspection_c__visibility_control.h
[0.204s] -- Up-to-date: /home/huang/ros2/ROS2/communication_mechanism/install/base_interface_demo/include/base_interface_demo/base_interface_demo/msg/detail
[0.205s] -- Up-to-date: /home/huang/ros2/ROS2/communication_mechanism/install/base_interface_demo/include/base_interface_demo/base_interface_demo/msg/detail/student__rosidl_typesupport_introspection_c.h
[0.205s] -- Up-to-date: /home/huang/ros2/ROS2/communication_mechanism/install/base_interface_demo/include/base_interface_demo/base_interface_demo/msg/detail/student__type_support.c
[0.205s] -- Up-to-date: /home/huang/ros2/ROS2/communication_mechanism/install/base_interface_demo/include/base_interface_demo/base_interface_demo/srv
[0.205s] -- Up-to-date: /home/huang/ros2/ROS2/communication_mechanism/install/base_interface_demo/include/base_interface_demo/base_interface_demo/srv/detail
[0.205s] -- Up-to-date: /home/huang/ros2/ROS2/communication_mechanism/install/base_interface_demo/include/base_interface_demo/base_interface_demo/srv/detail/sum__rosidl_typesupport_introspection_c.h
[0.205s] -- Up-to-date: /home/huang/ros2/ROS2/communication_mechanism/install/base_interface_demo/include/base_interface_demo/base_interface_demo/srv/detail/sum__type_support.c
[0.205s] -- Up-to-date: /home/huang/ros2/ROS2/communication_mechanism/install/base_interface_demo/lib/libbase_interface_demo__rosidl_typesupport_introspection_c.so
[0.205s] -- Up-to-date: /home/huang/ros2/ROS2/communication_mechanism/install/base_interface_demo/lib/libbase_interface_demo__rosidl_typesupport_c.so
[0.205s] -- Up-to-date: /home/huang/ros2/ROS2/communication_mechanism/install/base_interface_demo/include/base_interface_demo/base_interface_demo
[0.205s] -- Up-to-date: /home/huang/ros2/ROS2/communication_mechanism/install/base_interface_demo/include/base_interface_demo/base_interface_demo/action
[0.205s] -- Up-to-date: /home/huang/ros2/ROS2/communication_mechanism/install/base_interface_demo/include/base_interface_demo/base_interface_demo/action/progress.hpp
[0.205s] -- Up-to-date: /home/huang/ros2/ROS2/communication_mechanism/install/base_interface_demo/include/base_interface_demo/base_interface_demo/action/detail
[0.205s] -- Up-to-date: /home/huang/ros2/ROS2/communication_mechanism/install/base_interface_demo/include/base_interface_demo/base_interface_demo/action/detail/progress__struct.hpp
[0.205s] -- Up-to-date: /home/huang/ros2/ROS2/communication_mechanism/install/base_interface_demo/include/base_interface_demo/base_interface_demo/action/detail/progress__builder.hpp
[0.206s] -- Up-to-date: /home/huang/ros2/ROS2/communication_mechanism/install/base_interface_demo/include/base_interface_demo/base_interface_demo/action/detail/progress__traits.hpp
[0.206s] -- Up-to-date: /home/huang/ros2/ROS2/communication_mechanism/install/base_interface_demo/include/base_interface_demo/base_interface_demo/msg
[0.206s] -- Up-to-date: /home/huang/ros2/ROS2/communication_mechanism/install/base_interface_demo/include/base_interface_demo/base_interface_demo/msg/detail
[0.206s] -- Up-to-date: /home/huang/ros2/ROS2/communication_mechanism/install/base_interface_demo/include/base_interface_demo/base_interface_demo/msg/detail/student__traits.hpp
[0.206s] -- Up-to-date: /home/huang/ros2/ROS2/communication_mechanism/install/base_interface_demo/include/base_interface_demo/base_interface_demo/msg/detail/student__builder.hpp
[0.206s] -- Up-to-date: /home/huang/ros2/ROS2/communication_mechanism/install/base_interface_demo/include/base_interface_demo/base_interface_demo/msg/detail/student__struct.hpp
[0.206s] -- Up-to-date: /home/huang/ros2/ROS2/communication_mechanism/install/base_interface_demo/include/base_interface_demo/base_interface_demo/msg/student.hpp
[0.206s] -- Up-to-date: /home/huang/ros2/ROS2/communication_mechanism/install/base_interface_demo/include/base_interface_demo/base_interface_demo/srv
[0.206s] -- Up-to-date: /home/huang/ros2/ROS2/communication_mechanism/install/base_interface_demo/include/base_interface_demo/base_interface_demo/srv/detail
[0.206s] -- Up-to-date: /home/huang/ros2/ROS2/communication_mechanism/install/base_interface_demo/include/base_interface_demo/base_interface_demo/srv/detail/sum__builder.hpp
[0.206s] -- Up-to-date: /home/huang/ros2/ROS2/communication_mechanism/install/base_interface_demo/include/base_interface_demo/base_interface_demo/srv/detail/sum__struct.hpp
[0.206s] -- Up-to-date: /home/huang/ros2/ROS2/communication_mechanism/install/base_interface_demo/include/base_interface_demo/base_interface_demo/srv/detail/sum__traits.hpp
[0.206s] -- Up-to-date: /home/huang/ros2/ROS2/communication_mechanism/install/base_interface_demo/include/base_interface_demo/base_interface_demo/srv/sum.hpp
[0.206s] -- Up-to-date: /home/huang/ros2/ROS2/communication_mechanism/install/base_interface_demo/include/base_interface_demo/base_interface_demo
[0.207s] -- Up-to-date: /home/huang/ros2/ROS2/communication_mechanism/install/base_interface_demo/include/base_interface_demo/base_interface_demo/action
[0.207s] -- Up-to-date: /home/huang/ros2/ROS2/communication_mechanism/install/base_interface_demo/include/base_interface_demo/base_interface_demo/action/detail
[0.207s] -- Up-to-date: /home/huang/ros2/ROS2/communication_mechanism/install/base_interface_demo/include/base_interface_demo/base_interface_demo/action/detail/dds_fastrtps
[0.207s] -- Up-to-date: /home/huang/ros2/ROS2/communication_mechanism/install/base_interface_demo/include/base_interface_demo/base_interface_demo/action/detail/progress__rosidl_typesupport_fastrtps_cpp.hpp
[0.207s] -- Up-to-date: /home/huang/ros2/ROS2/communication_mechanism/install/base_interface_demo/include/base_interface_demo/base_interface_demo/msg
[0.207s] -- Up-to-date: /home/huang/ros2/ROS2/communication_mechanism/install/base_interface_demo/include/base_interface_demo/base_interface_demo/msg/rosidl_typesupport_fastrtps_cpp__visibility_control.h
[0.207s] -- Up-to-date: /home/huang/ros2/ROS2/communication_mechanism/install/base_interface_demo/include/base_interface_demo/base_interface_demo/msg/detail
[0.207s] -- Up-to-date: /home/huang/ros2/ROS2/communication_mechanism/install/base_interface_demo/include/base_interface_demo/base_interface_demo/msg/detail/dds_fastrtps
[0.207s] -- Up-to-date: /home/huang/ros2/ROS2/communication_mechanism/install/base_interface_demo/include/base_interface_demo/base_interface_demo/msg/detail/student__rosidl_typesupport_fastrtps_cpp.hpp
[0.207s] -- Up-to-date: /home/huang/ros2/ROS2/communication_mechanism/install/base_interface_demo/include/base_interface_demo/base_interface_demo/srv
[0.207s] -- Up-to-date: /home/huang/ros2/ROS2/communication_mechanism/install/base_interface_demo/include/base_interface_demo/base_interface_demo/srv/detail
[0.207s] -- Up-to-date: /home/huang/ros2/ROS2/communication_mechanism/install/base_interface_demo/include/base_interface_demo/base_interface_demo/srv/detail/dds_fastrtps
[0.207s] -- Up-to-date: /home/huang/ros2/ROS2/communication_mechanism/install/base_interface_demo/include/base_interface_demo/base_interface_demo/srv/detail/sum__rosidl_typesupport_fastrtps_cpp.hpp
[0.207s] -- Up-to-date: /home/huang/ros2/ROS2/communication_mechanism/install/base_interface_demo/lib/libbase_interface_demo__rosidl_typesupport_fastrtps_cpp.so
[0.207s] -- Up-to-date: /home/huang/ros2/ROS2/communication_mechanism/install/base_interface_demo/include/base_interface_demo/base_interface_demo
[0.207s] -- Up-to-date: /home/huang/ros2/ROS2/communication_mechanism/install/base_interface_demo/include/base_interface_demo/base_interface_demo/action
[0.207s] -- Up-to-date: /home/huang/ros2/ROS2/communication_mechanism/install/base_interface_demo/include/base_interface_demo/base_interface_demo/action/detail
[0.207s] -- Up-to-date: /home/huang/ros2/ROS2/communication_mechanism/install/base_interface_demo/include/base_interface_demo/base_interface_demo/action/detail/progress__rosidl_typesupport_introspection_cpp.hpp
[0.207s] -- Up-to-date: /home/huang/ros2/ROS2/communication_mechanism/install/base_interface_demo/include/base_interface_demo/base_interface_demo/action/detail/progress__type_support.cpp
[0.207s] -- Up-to-date: /home/huang/ros2/ROS2/communication_mechanism/install/base_interface_demo/include/base_interface_demo/base_interface_demo/msg
[0.207s] -- Up-to-date: /home/huang/ros2/ROS2/communication_mechanism/install/base_interface_demo/include/base_interface_demo/base_interface_demo/msg/detail
[0.207s] -- Up-to-date: /home/huang/ros2/ROS2/communication_mechanism/install/base_interface_demo/include/base_interface_demo/base_interface_demo/msg/detail/student__rosidl_typesupport_introspection_cpp.hpp
[0.207s] -- Up-to-date: /home/huang/ros2/ROS2/communication_mechanism/install/base_interface_demo/include/base_interface_demo/base_interface_demo/msg/detail/student__type_support.cpp
[0.207s] -- Up-to-date: /home/huang/ros2/ROS2/communication_mechanism/install/base_interface_demo/include/base_interface_demo/base_interface_demo/srv
[0.207s] -- Up-to-date: /home/huang/ros2/ROS2/communication_mechanism/install/base_interface_demo/include/base_interface_demo/base_interface_demo/srv/detail
[0.207s] -- Up-to-date: /home/huang/ros2/ROS2/communication_mechanism/install/base_interface_demo/include/base_interface_demo/base_interface_demo/srv/detail/sum__type_support.cpp
[0.207s] -- Up-to-date: /home/huang/ros2/ROS2/communication_mechanism/install/base_interface_demo/include/base_interface_demo/base_interface_demo/srv/detail/sum__rosidl_typesupport_introspection_cpp.hpp
[0.207s] -- Up-to-date: /home/huang/ros2/ROS2/communication_mechanism/install/base_interface_demo/lib/libbase_interface_demo__rosidl_typesupport_introspection_cpp.so
[0.207s] -- Up-to-date: /home/huang/ros2/ROS2/communication_mechanism/install/base_interface_demo/lib/libbase_interface_demo__rosidl_typesupport_cpp.so
[0.207s] -- Up-to-date: /home/huang/ros2/ROS2/communication_mechanism/install/base_interface_demo/share/base_interface_demo/environment/pythonpath.sh
[0.207s] -- Up-to-date: /home/huang/ros2/ROS2/communication_mechanism/install/base_interface_demo/share/base_interface_demo/environment/pythonpath.dsv
[0.207s] -- Up-to-date: /home/huang/ros2/ROS2/communication_mechanism/install/base_interface_demo/local/lib/python3.10/dist-packages/base_interface_demo-0.0.0-py3.10.egg-info
[0.207s] -- Installing: /home/huang/ros2/ROS2/communication_mechanism/install/base_interface_demo/local/lib/python3.10/dist-packages/base_interface_demo-0.0.0-py3.10.egg-info/top_level.txt
[0.207s] -- Installing: /home/huang/ros2/ROS2/communication_mechanism/install/base_interface_demo/local/lib/python3.10/dist-packages/base_interface_demo-0.0.0-py3.10.egg-info/dependency_links.txt
[0.207s] -- Installing: /home/huang/ros2/ROS2/communication_mechanism/install/base_interface_demo/local/lib/python3.10/dist-packages/base_interface_demo-0.0.0-py3.10.egg-info/PKG-INFO
[0.208s] -- Installing: /home/huang/ros2/ROS2/communication_mechanism/install/base_interface_demo/local/lib/python3.10/dist-packages/base_interface_demo-0.0.0-py3.10.egg-info/SOURCES.txt
[0.208s] -- Up-to-date: /home/huang/ros2/ROS2/communication_mechanism/install/base_interface_demo/local/lib/python3.10/dist-packages/base_interface_demo
[0.208s] -- Up-to-date: /home/huang/ros2/ROS2/communication_mechanism/install/base_interface_demo/local/lib/python3.10/dist-packages/base_interface_demo/base_interface_demo_s__rosidl_typesupport_c.cpython-310-x86_64-linux-gnu.so
[0.208s] -- Up-to-date: /home/huang/ros2/ROS2/communication_mechanism/install/base_interface_demo/local/lib/python3.10/dist-packages/base_interface_demo/action
[0.208s] -- Up-to-date: /home/huang/ros2/ROS2/communication_mechanism/install/base_interface_demo/local/lib/python3.10/dist-packages/base_interface_demo/action/_progress_s.c
[0.208s] -- Up-to-date: /home/huang/ros2/ROS2/communication_mechanism/install/base_interface_demo/local/lib/python3.10/dist-packages/base_interface_demo/action/_progress.py
[0.208s] -- Up-to-date: /home/huang/ros2/ROS2/communication_mechanism/install/base_interface_demo/local/lib/python3.10/dist-packages/base_interface_demo/action/__init__.py
[0.208s] -- Up-to-date: /home/huang/ros2/ROS2/communication_mechanism/install/base_interface_demo/local/lib/python3.10/dist-packages/base_interface_demo/_base_interface_demo_s.ep.rosidl_typesupport_fastrtps_c.c
[0.208s] -- Up-to-date: /home/huang/ros2/ROS2/communication_mechanism/install/base_interface_demo/local/lib/python3.10/dist-packages/base_interface_demo/base_interface_demo_s__rosidl_typesupport_fastrtps_c.cpython-310-x86_64-linux-gnu.so
[0.208s] -- Up-to-date: /home/huang/ros2/ROS2/communication_mechanism/install/base_interface_demo/local/lib/python3.10/dist-packages/base_interface_demo/_base_interface_demo_s.ep.rosidl_typesupport_introspection_c.c
[0.208s] -- Up-to-date: /home/huang/ros2/ROS2/communication_mechanism/install/base_interface_demo/local/lib/python3.10/dist-packages/base_interface_demo/_base_interface_demo_s.ep.rosidl_typesupport_c.c
[0.208s] -- Up-to-date: /home/huang/ros2/ROS2/communication_mechanism/install/base_interface_demo/local/lib/python3.10/dist-packages/base_interface_demo/msg
[0.208s] -- Up-to-date: /home/huang/ros2/ROS2/communication_mechanism/install/base_interface_demo/local/lib/python3.10/dist-packages/base_interface_demo/msg/_student_s.c
[0.208s] -- Up-to-date: /home/huang/ros2/ROS2/communication_mechanism/install/base_interface_demo/local/lib/python3.10/dist-packages/base_interface_demo/msg/_student.py
[0.208s] -- Up-to-date: /home/huang/ros2/ROS2/communication_mechanism/install/base_interface_demo/local/lib/python3.10/dist-packages/base_interface_demo/msg/__init__.py
[0.208s] -- Up-to-date: /home/huang/ros2/ROS2/communication_mechanism/install/base_interface_demo/local/lib/python3.10/dist-packages/base_interface_demo/base_interface_demo_s__rosidl_typesupport_introspection_c.cpython-310-x86_64-linux-gnu.so
[0.208s] -- Up-to-date: /home/huang/ros2/ROS2/communication_mechanism/install/base_interface_demo/local/lib/python3.10/dist-packages/base_interface_demo/srv
[0.208s] -- Up-to-date: /home/huang/ros2/ROS2/communication_mechanism/install/base_interface_demo/local/lib/python3.10/dist-packages/base_interface_demo/srv/_sum_s.c
[0.208s] -- Up-to-date: /home/huang/ros2/ROS2/communication_mechanism/install/base_interface_demo/local/lib/python3.10/dist-packages/base_interface_demo/srv/_sum.py
[0.208s] -- Up-to-date: /home/huang/ros2/ROS2/communication_mechanism/install/base_interface_demo/local/lib/python3.10/dist-packages/base_interface_demo/srv/__init__.py
[0.208s] -- Up-to-date: /home/huang/ros2/ROS2/communication_mechanism/install/base_interface_demo/local/lib/python3.10/dist-packages/base_interface_demo/libbase_interface_demo__rosidl_generator_py.so
[0.208s] -- Up-to-date: /home/huang/ros2/ROS2/communication_mechanism/install/base_interface_demo/local/lib/python3.10/dist-packages/base_interface_demo/__init__.py
[0.219s] Listing '/home/huang/ros2/ROS2/communication_mechanism/install/base_interface_demo/local/lib/python3.10/dist-packages/base_interface_demo'...
[0.219s] Listing '/home/huang/ros2/ROS2/communication_mechanism/install/base_interface_demo/local/lib/python3.10/dist-packages/base_interface_demo/action'...
[0.219s] Listing '/home/huang/ros2/ROS2/communication_mechanism/install/base_interface_demo/local/lib/python3.10/dist-packages/base_interface_demo/msg'...
[0.219s] Listing '/home/huang/ros2/ROS2/communication_mechanism/install/base_interface_demo/local/lib/python3.10/dist-packages/base_interface_demo/srv'...
[0.221s] -- Up-to-date: /home/huang/ros2/ROS2/communication_mechanism/install/base_interface_demo/local/lib/python3.10/dist-packages/base_interface_demo/base_interface_demo_s__rosidl_typesupport_fastrtps_c.cpython-310-x86_64-linux-gnu.so
[0.221s] -- Up-to-date: /home/huang/ros2/ROS2/communication_mechanism/install/base_interface_demo/local/lib/python3.10/dist-packages/base_interface_demo/base_interface_demo_s__rosidl_typesupport_introspection_c.cpython-310-x86_64-linux-gnu.so
[0.221s] -- Up-to-date: /home/huang/ros2/ROS2/communication_mechanism/install/base_interface_demo/local/lib/python3.10/dist-packages/base_interface_demo/base_interface_demo_s__rosidl_typesupport_c.cpython-310-x86_64-linux-gnu.so
[0.221s] -- Up-to-date: /home/huang/ros2/ROS2/communication_mechanism/install/base_interface_demo/lib/libbase_interface_demo__rosidl_generator_py.so
[0.221s] -- Up-to-date: /home/huang/ros2/ROS2/communication_mechanism/install/base_interface_demo/share/base_interface_demo/msg/Student.idl
[0.221s] -- Up-to-date: /home/huang/ros2/ROS2/communication_mechanism/install/base_interface_demo/share/base_interface_demo/srv/Sum.idl
[0.221s] -- Up-to-date: /home/huang/ros2/ROS2/communication_mechanism/install/base_interface_demo/share/base_interface_demo/action/Progress.idl
[0.221s] -- Up-to-date: /home/huang/ros2/ROS2/communication_mechanism/install/base_interface_demo/share/base_interface_demo/msg/Student.msg
[0.222s] -- Up-to-date: /home/huang/ros2/ROS2/communication_mechanism/install/base_interface_demo/share/base_interface_demo/srv/Sum.srv
[0.222s] -- Up-to-date: /home/huang/ros2/ROS2/communication_mechanism/install/base_interface_demo/share/base_interface_demo/srv/Sum_Request.msg
[0.222s] -- Up-to-date: /home/huang/ros2/ROS2/communication_mechanism/install/base_interface_demo/share/base_interface_demo/srv/Sum_Response.msg
[0.222s] -- Up-to-date: /home/huang/ros2/ROS2/communication_mechanism/install/base_interface_demo/share/base_interface_demo/action/Progress.action
[0.222s] -- Up-to-date: /home/huang/ros2/ROS2/communication_mechanism/install/base_interface_demo/share/ament_index/resource_index/package_run_dependencies/base_interface_demo
[0.222s] -- Up-to-date: /home/huang/ros2/ROS2/communication_mechanism/install/base_interface_demo/share/ament_index/resource_index/parent_prefix_path/base_interface_demo
[0.222s] -- Up-to-date: /home/huang/ros2/ROS2/communication_mechanism/install/base_interface_demo/share/base_interface_demo/environment/ament_prefix_path.sh
[0.222s] -- Up-to-date: /home/huang/ros2/ROS2/communication_mechanism/install/base_interface_demo/share/base_interface_demo/environment/ament_prefix_path.dsv
[0.222s] -- Up-to-date: /home/huang/ros2/ROS2/communication_mechanism/install/base_interface_demo/share/base_interface_demo/environment/path.sh
[0.222s] -- Up-to-date: /home/huang/ros2/ROS2/communication_mechanism/install/base_interface_demo/share/base_interface_demo/environment/path.dsv
[0.222s] -- Up-to-date: /home/huang/ros2/ROS2/communication_mechanism/install/base_interface_demo/share/base_interface_demo/local_setup.bash
[0.222s] -- Up-to-date: /home/huang/ros2/ROS2/communication_mechanism/install/base_interface_demo/share/base_interface_demo/local_setup.sh
[0.222s] -- Up-to-date: /home/huang/ros2/ROS2/communication_mechanism/install/base_interface_demo/share/base_interface_demo/local_setup.zsh
[0.223s] -- Up-to-date: /home/huang/ros2/ROS2/communication_mechanism/install/base_interface_demo/share/base_interface_demo/local_setup.dsv
[0.223s] -- Installing: /home/huang/ros2/ROS2/communication_mechanism/install/base_interface_demo/share/base_interface_demo/package.dsv
[0.223s] -- Up-to-date: /home/huang/ros2/ROS2/communication_mechanism/install/base_interface_demo/share/ament_index/resource_index/packages/base_interface_demo
[0.223s] -- Up-to-date: /home/huang/ros2/ROS2/communication_mechanism/install/base_interface_demo/share/base_interface_demo/cmake/export_base_interface_demo__rosidl_generator_cExport.cmake
[0.223s] -- Up-to-date: /home/huang/ros2/ROS2/communication_mechanism/install/base_interface_demo/share/base_interface_demo/cmake/export_base_interface_demo__rosidl_generator_cExport-noconfig.cmake
[0.223s] -- Up-to-date: /home/huang/ros2/ROS2/communication_mechanism/install/base_interface_demo/share/base_interface_demo/cmake/export_base_interface_demo__rosidl_typesupport_fastrtps_cExport.cmake
[0.223s] -- Up-to-date: /home/huang/ros2/ROS2/communication_mechanism/install/base_interface_demo/share/base_interface_demo/cmake/export_base_interface_demo__rosidl_typesupport_fastrtps_cExport-noconfig.cmake
[0.223s] -- Up-to-date: /home/huang/ros2/ROS2/communication_mechanism/install/base_interface_demo/share/base_interface_demo/cmake/base_interface_demo__rosidl_typesupport_introspection_cExport.cmake
[0.223s] -- Up-to-date: /home/huang/ros2/ROS2/communication_mechanism/install/base_interface_demo/share/base_interface_demo/cmake/base_interface_demo__rosidl_typesupport_introspection_cExport-noconfig.cmake
[0.223s] -- Up-to-date: /home/huang/ros2/ROS2/communication_mechanism/install/base_interface_demo/share/base_interface_demo/cmake/base_interface_demo__rosidl_typesupport_cExport.cmake
[0.223s] -- Up-to-date: /home/huang/ros2/ROS2/communication_mechanism/install/base_interface_demo/share/base_interface_demo/cmake/base_interface_demo__rosidl_typesupport_cExport-noconfig.cmake
[0.223s] -- Up-to-date: /home/huang/ros2/ROS2/communication_mechanism/install/base_interface_demo/share/base_interface_demo/cmake/export_base_interface_demo__rosidl_generator_cppExport.cmake
[0.223s] -- Up-to-date: /home/huang/ros2/ROS2/communication_mechanism/install/base_interface_demo/share/base_interface_demo/cmake/export_base_interface_demo__rosidl_typesupport_fastrtps_cppExport.cmake
[0.223s] -- Up-to-date: /home/huang/ros2/ROS2/communication_mechanism/install/base_interface_demo/share/base_interface_demo/cmake/export_base_interface_demo__rosidl_typesupport_fastrtps_cppExport-noconfig.cmake
[0.223s] -- Up-to-date: /home/huang/ros2/ROS2/communication_mechanism/install/base_interface_demo/share/base_interface_demo/cmake/base_interface_demo__rosidl_typesupport_introspection_cppExport.cmake
[0.223s] -- Up-to-date: /home/huang/ros2/ROS2/communication_mechanism/install/base_interface_demo/share/base_interface_demo/cmake/base_interface_demo__rosidl_typesupport_introspection_cppExport-noconfig.cmake
[0.223s] -- Up-to-date: /home/huang/ros2/ROS2/communication_mechanism/install/base_interface_demo/share/base_interface_demo/cmake/base_interface_demo__rosidl_typesupport_cppExport.cmake
[0.223s] -- Up-to-date: /home/huang/ros2/ROS2/communication_mechanism/install/base_interface_demo/share/base_interface_demo/cmake/base_interface_demo__rosidl_typesupport_cppExport-noconfig.cmake
[0.223s] -- Up-to-date: /home/huang/ros2/ROS2/communication_mechanism/install/base_interface_demo/share/base_interface_demo/cmake/export_base_interface_demo__rosidl_generator_pyExport.cmake
[0.223s] -- Up-to-date: /home/huang/ros2/ROS2/communication_mechanism/install/base_interface_demo/share/base_interface_demo/cmake/export_base_interface_demo__rosidl_generator_pyExport-noconfig.cmake
[0.223s] -- Up-to-date: /home/huang/ros2/ROS2/communication_mechanism/install/base_interface_demo/share/base_interface_demo/cmake/rosidl_cmake-extras.cmake
[0.224s] -- Up-to-date: /home/huang/ros2/ROS2/communication_mechanism/install/base_interface_demo/share/base_interface_demo/cmake/ament_cmake_export_dependencies-extras.cmake
[0.224s] -- Up-to-date: /home/huang/ros2/ROS2/communication_mechanism/install/base_interface_demo/share/base_interface_demo/cmake/ament_cmake_export_include_directories-extras.cmake
[0.224s] -- Up-to-date: /home/huang/ros2/ROS2/communication_mechanism/install/base_interface_demo/share/base_interface_demo/cmake/ament_cmake_export_libraries-extras.cmake
[0.224s] -- Up-to-date: /home/huang/ros2/ROS2/communication_mechanism/install/base_interface_demo/share/base_interface_demo/cmake/ament_cmake_export_targets-extras.cmake
[0.224s] -- Up-to-date: /home/huang/ros2/ROS2/communication_mechanism/install/base_interface_demo/share/base_interface_demo/cmake/rosidl_cmake_export_typesupport_targets-extras.cmake
[0.224s] -- Up-to-date: /home/huang/ros2/ROS2/communication_mechanism/install/base_interface_demo/share/base_interface_demo/cmake/rosidl_cmake_export_typesupport_libraries-extras.cmake
[0.224s] -- Up-to-date: /home/huang/ros2/ROS2/communication_mechanism/install/base_interface_demo/share/base_interface_demo/cmake/base_interface_demoConfig.cmake
[0.224s] -- Up-to-date: /home/huang/ros2/ROS2/communication_mechanism/install/base_interface_demo/share/base_interface_demo/cmake/base_interface_demoConfig-version.cmake
[0.224s] -- Up-to-date: /home/huang/ros2/ROS2/communication_mechanism/install/base_interface_demo/share/base_interface_demo/package.xml
[0.225s] Invoked command in '/home/huang/ros2/ROS2/communication_mechanism/build/base_interface_demo' returned '0': CMAKE_PREFIX_PATH=${CMAKE_PREFIX_PATH}:/opt/ros/humble /usr/bin/cmake --install /home/huang/ros2/ROS2/communication_mechanism/build/base_interface_demo
