-- Found ament_cmake: 1.3.8 (/opt/ros/humble/share/ament_cmake/cmake)
-- Found rclcpp: 16.0.8 (/opt/ros/humble/share/rclcpp/cmake)
-- Found rosidl_generator_c: 3.1.5 (/opt/ros/humble/share/rosidl_generator_c/cmake)
-- Found rosidl_adapter: 3.1.5 (/opt/ros/humble/share/rosidl_adapter/cmake)
-- Found rosidl_generator_cpp: 3.1.5 (/opt/ros/humble/share/rosidl_generator_cpp/cmake)
-- Using all available rosidl_typesupport_c: rosidl_typesupport_fastrtps_c;rosidl_typesupport_introspection_c
-- Using all available rosidl_typesupport_cpp: rosidl_typesupport_fastrtps_cpp;rosidl_typesupport_introspection_cpp
-- Found rmw_implementation_cmake: 6.1.1 (/opt/ros/humble/share/rmw_implementation_cmake/cmake)
-- Found rmw_fastrtps_cpp: 6.2.6 (/opt/ros/humble/share/rmw_fastrtps_cpp/cmake)
-- Using RMW implementation 'rmw_fastrtps_cpp' as default
-- Found ament_lint_auto: 0.12.10 (/opt/ros/humble/share/ament_lint_auto/cmake)
-- Added test 'cppcheck' to perform static code analysis on C / C++ code
-- Configured cppcheck include dirs: $<BUILD_INTERFACE:/home/ros/ROS2/communication_mechanism/src/cpp_time/include>
-- Configured cppcheck exclude dirs and/or files: 
-- Added test 'lint_cmake' to check CMake code style
-- Added test 'uncrustify' to check C / C++ code style
-- Configured uncrustify additional arguments: 
-- Added test 'xmllint' to check XML markup files
-- Configuring done
-- Generating done
-- Build files have been written to: /home/ros/ROS2/communication_mechanism/build/cpp_time
[35m[1mConsolidate compiler generated dependencies of target demo_time_rate[0m
[ 16%] [32mBuilding CXX object CMakeFiles/demo_time_time.dir/src/demo_time_time.cpp.o[0m
[ 33%] [32mBuilding CXX object CMakeFiles/demo_time_duration.dir/src/demo_time_duration.cpp.o[0m
[ 66%] Built target demo_time_rate
[ 83%] [32m[1mLinking CXX executable demo_time_duration[0m
[100%] [32m[1mLinking CXX executable demo_time_time[0m
[100%] Built target demo_time_duration
[100%] Built target demo_time_time
-- Install configuration: ""
-- Installing: /home/ros/ROS2/communication_mechanism/install/cpp_time/lib/cpp_time/demo_time_rate
-- Set runtime path of "/home/ros/ROS2/communication_mechanism/install/cpp_time/lib/cpp_time/demo_time_rate" to ""
-- Installing: /home/ros/ROS2/communication_mechanism/install/cpp_time/lib/cpp_time/demo_time_time
-- Set runtime path of "/home/ros/ROS2/communication_mechanism/install/cpp_time/lib/cpp_time/demo_time_time" to ""
-- Installing: /home/ros/ROS2/communication_mechanism/install/cpp_time/lib/cpp_time/demo_time_duration
-- Set runtime path of "/home/ros/ROS2/communication_mechanism/install/cpp_time/lib/cpp_time/demo_time_duration" to ""
-- Up-to-date: /home/ros/ROS2/communication_mechanism/install/cpp_time/share/ament_index/resource_index/package_run_dependencies/cpp_time
-- Up-to-date: /home/ros/ROS2/communication_mechanism/install/cpp_time/share/ament_index/resource_index/parent_prefix_path/cpp_time
-- Up-to-date: /home/ros/ROS2/communication_mechanism/install/cpp_time/share/cpp_time/environment/ament_prefix_path.sh
-- Installing: /home/ros/ROS2/communication_mechanism/install/cpp_time/share/cpp_time/environment/ament_prefix_path.dsv
-- Up-to-date: /home/ros/ROS2/communication_mechanism/install/cpp_time/share/cpp_time/environment/path.sh
-- Installing: /home/ros/ROS2/communication_mechanism/install/cpp_time/share/cpp_time/environment/path.dsv
-- Up-to-date: /home/ros/ROS2/communication_mechanism/install/cpp_time/share/cpp_time/local_setup.bash
-- Up-to-date: /home/ros/ROS2/communication_mechanism/install/cpp_time/share/cpp_time/local_setup.sh
-- Up-to-date: /home/ros/ROS2/communication_mechanism/install/cpp_time/share/cpp_time/local_setup.zsh
-- Installing: /home/ros/ROS2/communication_mechanism/install/cpp_time/share/cpp_time/local_setup.dsv
-- Installing: /home/ros/ROS2/communication_mechanism/install/cpp_time/share/cpp_time/package.dsv
-- Up-to-date: /home/ros/ROS2/communication_mechanism/install/cpp_time/share/ament_index/resource_index/packages/cpp_time
-- Up-to-date: /home/ros/ROS2/communication_mechanism/install/cpp_time/share/cpp_time/cmake/cpp_timeConfig.cmake
-- Up-to-date: /home/ros/ROS2/communication_mechanism/install/cpp_time/share/cpp_time/cmake/cpp_timeConfig-version.cmake
-- Up-to-date: /home/ros/ROS2/communication_mechanism/install/cpp_time/share/cpp_time/package.xml
