[0.076s] DEBUG:colcon:Command line arguments: ['/usr/bin/colcon', 'build']
[0.076s] DEBUG:colcon:Parsed command line arguments: Namespace(log_base=None, log_level=None, verb_name='build', build_base='build', install_base='install', merge_install=False, symlink_install=False, test_result_base=None, continue_on_error=False, executor='parallel', parallel_workers=20, event_handlers=None, ignore_user_meta=False, metas=['./colcon.meta'], base_paths=['.'], packages_ignore=None, packages_ignore_regex=None, paths=None, packages_up_to=None, packages_up_to_regex=None, packages_above=None, packages_above_and_dependencies=None, packages_above_depth=None, packages_select_by_dep=None, packages_skip_by_dep=None, packages_skip_up_to=None, packages_select_build_failed=False, packages_skip_build_finished=False, packages_select_test_failures=False, packages_skip_test_passed=False, packages_select=None, packages_skip=None, packages_select_regex=None, packages_skip_regex=None, packages_start=None, packages_end=None, allow_overriding=[], cmake_args=None, cmake_target=None, cmake_target_skip_unavailable=False, cmake_clean_cache=False, cmake_clean_first=False, cmake_force_configure=False, ament_cmake_args=None, catkin_cmake_args=None, catkin_skip_building_tests=False, verb_parser=<colcon_defaults.argument_parser.defaults.DefaultArgumentsDecorator object at 0x7f62b261f760>, verb_extension=<colcon_core.verb.build.BuildVerb object at 0x7f62b2845060>, main=<bound method BuildVerb.main of <colcon_core.verb.build.BuildVerb object at 0x7f62b2845060>>)
[0.182s] Level 1:colcon.colcon_core.package_discovery:discover_packages(colcon_meta) check parameters
[0.182s] Level 1:colcon.colcon_core.package_discovery:discover_packages(recursive) check parameters
[0.182s] Level 1:colcon.colcon_core.package_discovery:discover_packages(ignore) check parameters
[0.182s] Level 1:colcon.colcon_core.package_discovery:discover_packages(path) check parameters
[0.182s] Level 1:colcon.colcon_core.package_discovery:discover_packages(colcon_meta) discover
[0.182s] Level 1:colcon.colcon_core.package_discovery:discover_packages(recursive) discover
[0.182s] INFO:colcon.colcon_core.package_discovery:Crawling recursively for packages in '/home/huang/ros2/ROS2/communication_mechanism'
[0.182s] Level 1:colcon.colcon_core.package_identification:_identify(.) by extensions ['ignore', 'ignore_ament_install']
[0.182s] Level 1:colcon.colcon_core.package_identification:_identify(.) by extension 'ignore'
[0.182s] Level 1:colcon.colcon_core.package_identification:_identify(.) by extension 'ignore_ament_install'
[0.182s] Level 1:colcon.colcon_core.package_identification:_identify(.) by extensions ['colcon_pkg']
[0.182s] Level 1:colcon.colcon_core.package_identification:_identify(.) by extension 'colcon_pkg'
[0.182s] Level 1:colcon.colcon_core.package_identification:_identify(.) by extensions ['colcon_meta']
[0.182s] Level 1:colcon.colcon_core.package_identification:_identify(.) by extension 'colcon_meta'
[0.182s] Level 1:colcon.colcon_core.package_identification:_identify(.) by extensions ['ros']
[0.182s] Level 1:colcon.colcon_core.package_identification:_identify(.) by extension 'ros'
[0.188s] Level 1:colcon.colcon_core.package_identification:_identify(.) by extensions ['cmake', 'python']
[0.189s] Level 1:colcon.colcon_core.package_identification:_identify(.) by extension 'cmake'
[0.189s] Level 1:colcon.colcon_core.package_identification:_identify(.) by extension 'python'
[0.189s] Level 1:colcon.colcon_core.package_identification:_identify(.) by extensions ['python_setup_py']
[0.189s] Level 1:colcon.colcon_core.package_identification:_identify(.) by extension 'python_setup_py'
[0.189s] Level 1:colcon.colcon_core.package_identification:_identify(build) by extensions ['ignore', 'ignore_ament_install']
[0.189s] Level 1:colcon.colcon_core.package_identification:_identify(build) by extension 'ignore'
[0.189s] Level 1:colcon.colcon_core.package_identification:_identify(build) ignored
[0.189s] Level 1:colcon.colcon_core.package_identification:_identify(install) by extensions ['ignore', 'ignore_ament_install']
[0.189s] Level 1:colcon.colcon_core.package_identification:_identify(install) by extension 'ignore'
[0.189s] Level 1:colcon.colcon_core.package_identification:_identify(install) ignored
[0.189s] Level 1:colcon.colcon_core.package_identification:_identify(log) by extensions ['ignore', 'ignore_ament_install']
[0.189s] Level 1:colcon.colcon_core.package_identification:_identify(log) by extension 'ignore'
[0.189s] Level 1:colcon.colcon_core.package_identification:_identify(log) ignored
[0.189s] Level 1:colcon.colcon_core.package_identification:_identify(src) by extensions ['ignore', 'ignore_ament_install']
[0.189s] Level 1:colcon.colcon_core.package_identification:_identify(src) by extension 'ignore'
[0.189s] Level 1:colcon.colcon_core.package_identification:_identify(src) by extension 'ignore_ament_install'
[0.189s] Level 1:colcon.colcon_core.package_identification:_identify(src) by extensions ['colcon_pkg']
[0.189s] Level 1:colcon.colcon_core.package_identification:_identify(src) by extension 'colcon_pkg'
[0.189s] Level 1:colcon.colcon_core.package_identification:_identify(src) by extensions ['colcon_meta']
[0.189s] Level 1:colcon.colcon_core.package_identification:_identify(src) by extension 'colcon_meta'
[0.189s] Level 1:colcon.colcon_core.package_identification:_identify(src) by extensions ['ros']
[0.189s] Level 1:colcon.colcon_core.package_identification:_identify(src) by extension 'ros'
[0.189s] Level 1:colcon.colcon_core.package_identification:_identify(src) by extensions ['cmake', 'python']
[0.189s] Level 1:colcon.colcon_core.package_identification:_identify(src) by extension 'cmake'
[0.189s] Level 1:colcon.colcon_core.package_identification:_identify(src) by extension 'python'
[0.189s] Level 1:colcon.colcon_core.package_identification:_identify(src) by extensions ['python_setup_py']
[0.189s] Level 1:colcon.colcon_core.package_identification:_identify(src) by extension 'python_setup_py'
[0.189s] Level 1:colcon.colcon_core.package_identification:_identify(src/base_interface_demo) by extensions ['ignore', 'ignore_ament_install']
[0.189s] Level 1:colcon.colcon_core.package_identification:_identify(src/base_interface_demo) by extension 'ignore'
[0.189s] Level 1:colcon.colcon_core.package_identification:_identify(src/base_interface_demo) by extension 'ignore_ament_install'
[0.189s] Level 1:colcon.colcon_core.package_identification:_identify(src/base_interface_demo) by extensions ['colcon_pkg']
[0.189s] Level 1:colcon.colcon_core.package_identification:_identify(src/base_interface_demo) by extension 'colcon_pkg'
[0.189s] Level 1:colcon.colcon_core.package_identification:_identify(src/base_interface_demo) by extensions ['colcon_meta']
[0.189s] Level 1:colcon.colcon_core.package_identification:_identify(src/base_interface_demo) by extension 'colcon_meta'
[0.189s] Level 1:colcon.colcon_core.package_identification:_identify(src/base_interface_demo) by extensions ['ros']
[0.189s] Level 1:colcon.colcon_core.package_identification:_identify(src/base_interface_demo) by extension 'ros'
[0.191s] DEBUG:colcon.colcon_core.package_identification:Package 'src/base_interface_demo' with type 'ros.ament_cmake' and name 'base_interface_demo'
[0.192s] Level 1:colcon.colcon_core.package_identification:_identify(src/cpp_action) by extensions ['ignore', 'ignore_ament_install']
[0.192s] Level 1:colcon.colcon_core.package_identification:_identify(src/cpp_action) by extension 'ignore'
[0.192s] Level 1:colcon.colcon_core.package_identification:_identify(src/cpp_action) by extension 'ignore_ament_install'
[0.192s] Level 1:colcon.colcon_core.package_identification:_identify(src/cpp_action) by extensions ['colcon_pkg']
[0.192s] Level 1:colcon.colcon_core.package_identification:_identify(src/cpp_action) by extension 'colcon_pkg'
[0.192s] Level 1:colcon.colcon_core.package_identification:_identify(src/cpp_action) by extensions ['colcon_meta']
[0.192s] Level 1:colcon.colcon_core.package_identification:_identify(src/cpp_action) by extension 'colcon_meta'
[0.192s] Level 1:colcon.colcon_core.package_identification:_identify(src/cpp_action) by extensions ['ros']
[0.192s] Level 1:colcon.colcon_core.package_identification:_identify(src/cpp_action) by extension 'ros'
[0.192s] DEBUG:colcon.colcon_core.package_identification:Package 'src/cpp_action' with type 'ros.ament_cmake' and name 'cpp_action'
[0.192s] Level 1:colcon.colcon_core.package_identification:_identify(src/cpp_param) by extensions ['ignore', 'ignore_ament_install']
[0.192s] Level 1:colcon.colcon_core.package_identification:_identify(src/cpp_param) by extension 'ignore'
[0.192s] Level 1:colcon.colcon_core.package_identification:_identify(src/cpp_param) by extension 'ignore_ament_install'
[0.192s] Level 1:colcon.colcon_core.package_identification:_identify(src/cpp_param) by extensions ['colcon_pkg']
[0.192s] Level 1:colcon.colcon_core.package_identification:_identify(src/cpp_param) by extension 'colcon_pkg'
[0.192s] Level 1:colcon.colcon_core.package_identification:_identify(src/cpp_param) by extensions ['colcon_meta']
[0.192s] Level 1:colcon.colcon_core.package_identification:_identify(src/cpp_param) by extension 'colcon_meta'
[0.192s] Level 1:colcon.colcon_core.package_identification:_identify(src/cpp_param) by extensions ['ros']
[0.193s] Level 1:colcon.colcon_core.package_identification:_identify(src/cpp_param) by extension 'ros'
[0.193s] DEBUG:colcon.colcon_core.package_identification:Package 'src/cpp_param' with type 'ros.ament_cmake' and name 'cpp_param'
[0.193s] Level 1:colcon.colcon_core.package_identification:_identify(src/cpp_server) by extensions ['ignore', 'ignore_ament_install']
[0.193s] Level 1:colcon.colcon_core.package_identification:_identify(src/cpp_server) by extension 'ignore'
[0.193s] Level 1:colcon.colcon_core.package_identification:_identify(src/cpp_server) by extension 'ignore_ament_install'
[0.193s] Level 1:colcon.colcon_core.package_identification:_identify(src/cpp_server) by extensions ['colcon_pkg']
[0.193s] Level 1:colcon.colcon_core.package_identification:_identify(src/cpp_server) by extension 'colcon_pkg'
[0.193s] Level 1:colcon.colcon_core.package_identification:_identify(src/cpp_server) by extensions ['colcon_meta']
[0.193s] Level 1:colcon.colcon_core.package_identification:_identify(src/cpp_server) by extension 'colcon_meta'
[0.193s] Level 1:colcon.colcon_core.package_identification:_identify(src/cpp_server) by extensions ['ros']
[0.193s] Level 1:colcon.colcon_core.package_identification:_identify(src/cpp_server) by extension 'ros'
[0.193s] DEBUG:colcon.colcon_core.package_identification:Package 'src/cpp_server' with type 'ros.ament_cmake' and name 'cpp_server'
[0.194s] Level 1:colcon.colcon_core.package_identification:_identify(src/cpp_time) by extensions ['ignore', 'ignore_ament_install']
[0.194s] Level 1:colcon.colcon_core.package_identification:_identify(src/cpp_time) by extension 'ignore'
[0.194s] Level 1:colcon.colcon_core.package_identification:_identify(src/cpp_time) by extension 'ignore_ament_install'
[0.194s] Level 1:colcon.colcon_core.package_identification:_identify(src/cpp_time) by extensions ['colcon_pkg']
[0.194s] Level 1:colcon.colcon_core.package_identification:_identify(src/cpp_time) by extension 'colcon_pkg'
[0.194s] Level 1:colcon.colcon_core.package_identification:_identify(src/cpp_time) by extensions ['colcon_meta']
[0.194s] Level 1:colcon.colcon_core.package_identification:_identify(src/cpp_time) by extension 'colcon_meta'
[0.194s] Level 1:colcon.colcon_core.package_identification:_identify(src/cpp_time) by extensions ['ros']
[0.194s] Level 1:colcon.colcon_core.package_identification:_identify(src/cpp_time) by extension 'ros'
[0.195s] DEBUG:colcon.colcon_core.package_identification:Package 'src/cpp_time' with type 'ros.ament_cmake' and name 'cpp_time'
[0.195s] Level 1:colcon.colcon_core.package_identification:_identify(src/cpp_topic) by extensions ['ignore', 'ignore_ament_install']
[0.195s] Level 1:colcon.colcon_core.package_identification:_identify(src/cpp_topic) by extension 'ignore'
[0.195s] Level 1:colcon.colcon_core.package_identification:_identify(src/cpp_topic) by extension 'ignore_ament_install'
[0.195s] Level 1:colcon.colcon_core.package_identification:_identify(src/cpp_topic) by extensions ['colcon_pkg']
[0.195s] Level 1:colcon.colcon_core.package_identification:_identify(src/cpp_topic) by extension 'colcon_pkg'
[0.195s] Level 1:colcon.colcon_core.package_identification:_identify(src/cpp_topic) by extensions ['colcon_meta']
[0.195s] Level 1:colcon.colcon_core.package_identification:_identify(src/cpp_topic) by extension 'colcon_meta'
[0.195s] Level 1:colcon.colcon_core.package_identification:_identify(src/cpp_topic) by extensions ['ros']
[0.195s] Level 1:colcon.colcon_core.package_identification:_identify(src/cpp_topic) by extension 'ros'
[0.195s] DEBUG:colcon.colcon_core.package_identification:Package 'src/cpp_topic' with type 'ros.ament_cmake' and name 'cpp_topic'
[0.196s] Level 1:colcon.colcon_core.package_discovery:discover_packages(recursive) using defaults
[0.196s] Level 1:colcon.colcon_core.package_discovery:discover_packages(ignore) discover
[0.196s] Level 1:colcon.colcon_core.package_discovery:discover_packages(ignore) using defaults
[0.196s] Level 1:colcon.colcon_core.package_discovery:discover_packages(path) discover
[0.196s] Level 1:colcon.colcon_core.package_discovery:discover_packages(path) using defaults
[0.207s] Level 1:colcon.colcon_core.package_discovery:discover_packages(prefix_path) check parameters
[0.207s] Level 1:colcon.colcon_core.package_discovery:discover_packages(prefix_path) discover
[0.209s] DEBUG:colcon.colcon_installed_package_information.package_discovery:Found 3 installed packages in /home/huang/ros2/ROS2/geometry_tutorials/install
[0.209s] DEBUG:colcon.colcon_installed_package_information.package_discovery:Found 2 installed packages in /home/huang/ros2/ROS2/tools/install
[0.210s] DEBUG:colcon.colcon_installed_package_information.package_discovery:Found 6 installed packages in /home/huang/ros2/ROS2/communication_mechanism/install
[0.210s] DEBUG:colcon.colcon_installed_package_information.package_discovery:Found 270 installed packages in /opt/ros/humble
[0.211s] Level 1:colcon.colcon_core.package_discovery:discover_packages(prefix_path) using defaults
[0.234s] Level 5:colcon.colcon_core.verb:set package 'base_interface_demo' build argument 'cmake_args' from command line to 'None'
[0.234s] Level 5:colcon.colcon_core.verb:set package 'base_interface_demo' build argument 'cmake_target' from command line to 'None'
[0.234s] Level 5:colcon.colcon_core.verb:set package 'base_interface_demo' build argument 'cmake_target_skip_unavailable' from command line to 'False'
[0.234s] Level 5:colcon.colcon_core.verb:set package 'base_interface_demo' build argument 'cmake_clean_cache' from command line to 'False'
[0.234s] Level 5:colcon.colcon_core.verb:set package 'base_interface_demo' build argument 'cmake_clean_first' from command line to 'False'
[0.234s] Level 5:colcon.colcon_core.verb:set package 'base_interface_demo' build argument 'cmake_force_configure' from command line to 'False'
[0.234s] Level 5:colcon.colcon_core.verb:set package 'base_interface_demo' build argument 'ament_cmake_args' from command line to 'None'
[0.234s] Level 5:colcon.colcon_core.verb:set package 'base_interface_demo' build argument 'catkin_cmake_args' from command line to 'None'
[0.234s] Level 5:colcon.colcon_core.verb:set package 'base_interface_demo' build argument 'catkin_skip_building_tests' from command line to 'False'
[0.234s] DEBUG:colcon.colcon_core.verb:Building package 'base_interface_demo' with the following arguments: {'ament_cmake_args': None, 'build_base': '/home/huang/ros2/ROS2/communication_mechanism/build/base_interface_demo', 'catkin_cmake_args': None, 'catkin_skip_building_tests': False, 'cmake_args': None, 'cmake_clean_cache': False, 'cmake_clean_first': False, 'cmake_force_configure': False, 'cmake_target': None, 'cmake_target_skip_unavailable': False, 'install_base': '/home/huang/ros2/ROS2/communication_mechanism/install/base_interface_demo', 'merge_install': False, 'path': '/home/huang/ros2/ROS2/communication_mechanism/src/base_interface_demo', 'symlink_install': False, 'test_result_base': None}
[0.234s] Level 5:colcon.colcon_core.verb:set package 'cpp_param' build argument 'cmake_args' from command line to 'None'
[0.234s] Level 5:colcon.colcon_core.verb:set package 'cpp_param' build argument 'cmake_target' from command line to 'None'
[0.234s] Level 5:colcon.colcon_core.verb:set package 'cpp_param' build argument 'cmake_target_skip_unavailable' from command line to 'False'
[0.234s] Level 5:colcon.colcon_core.verb:set package 'cpp_param' build argument 'cmake_clean_cache' from command line to 'False'
[0.234s] Level 5:colcon.colcon_core.verb:set package 'cpp_param' build argument 'cmake_clean_first' from command line to 'False'
[0.234s] Level 5:colcon.colcon_core.verb:set package 'cpp_param' build argument 'cmake_force_configure' from command line to 'False'
[0.234s] Level 5:colcon.colcon_core.verb:set package 'cpp_param' build argument 'ament_cmake_args' from command line to 'None'
[0.234s] Level 5:colcon.colcon_core.verb:set package 'cpp_param' build argument 'catkin_cmake_args' from command line to 'None'
[0.234s] Level 5:colcon.colcon_core.verb:set package 'cpp_param' build argument 'catkin_skip_building_tests' from command line to 'False'
[0.234s] DEBUG:colcon.colcon_core.verb:Building package 'cpp_param' with the following arguments: {'ament_cmake_args': None, 'build_base': '/home/huang/ros2/ROS2/communication_mechanism/build/cpp_param', 'catkin_cmake_args': None, 'catkin_skip_building_tests': False, 'cmake_args': None, 'cmake_clean_cache': False, 'cmake_clean_first': False, 'cmake_force_configure': False, 'cmake_target': None, 'cmake_target_skip_unavailable': False, 'install_base': '/home/huang/ros2/ROS2/communication_mechanism/install/cpp_param', 'merge_install': False, 'path': '/home/huang/ros2/ROS2/communication_mechanism/src/cpp_param', 'symlink_install': False, 'test_result_base': None}
[0.234s] Level 5:colcon.colcon_core.verb:set package 'cpp_time' build argument 'cmake_args' from command line to 'None'
[0.234s] Level 5:colcon.colcon_core.verb:set package 'cpp_time' build argument 'cmake_target' from command line to 'None'
[0.234s] Level 5:colcon.colcon_core.verb:set package 'cpp_time' build argument 'cmake_target_skip_unavailable' from command line to 'False'
[0.234s] Level 5:colcon.colcon_core.verb:set package 'cpp_time' build argument 'cmake_clean_cache' from command line to 'False'
[0.234s] Level 5:colcon.colcon_core.verb:set package 'cpp_time' build argument 'cmake_clean_first' from command line to 'False'
[0.234s] Level 5:colcon.colcon_core.verb:set package 'cpp_time' build argument 'cmake_force_configure' from command line to 'False'
[0.234s] Level 5:colcon.colcon_core.verb:set package 'cpp_time' build argument 'ament_cmake_args' from command line to 'None'
[0.234s] Level 5:colcon.colcon_core.verb:set package 'cpp_time' build argument 'catkin_cmake_args' from command line to 'None'
[0.234s] Level 5:colcon.colcon_core.verb:set package 'cpp_time' build argument 'catkin_skip_building_tests' from command line to 'False'
[0.234s] DEBUG:colcon.colcon_core.verb:Building package 'cpp_time' with the following arguments: {'ament_cmake_args': None, 'build_base': '/home/huang/ros2/ROS2/communication_mechanism/build/cpp_time', 'catkin_cmake_args': None, 'catkin_skip_building_tests': False, 'cmake_args': None, 'cmake_clean_cache': False, 'cmake_clean_first': False, 'cmake_force_configure': False, 'cmake_target': None, 'cmake_target_skip_unavailable': False, 'install_base': '/home/huang/ros2/ROS2/communication_mechanism/install/cpp_time', 'merge_install': False, 'path': '/home/huang/ros2/ROS2/communication_mechanism/src/cpp_time', 'symlink_install': False, 'test_result_base': None}
[0.235s] Level 5:colcon.colcon_core.verb:set package 'cpp_action' build argument 'cmake_args' from command line to 'None'
[0.235s] Level 5:colcon.colcon_core.verb:set package 'cpp_action' build argument 'cmake_target' from command line to 'None'
[0.235s] Level 5:colcon.colcon_core.verb:set package 'cpp_action' build argument 'cmake_target_skip_unavailable' from command line to 'False'
[0.235s] Level 5:colcon.colcon_core.verb:set package 'cpp_action' build argument 'cmake_clean_cache' from command line to 'False'
[0.235s] Level 5:colcon.colcon_core.verb:set package 'cpp_action' build argument 'cmake_clean_first' from command line to 'False'
[0.235s] Level 5:colcon.colcon_core.verb:set package 'cpp_action' build argument 'cmake_force_configure' from command line to 'False'
[0.235s] Level 5:colcon.colcon_core.verb:set package 'cpp_action' build argument 'ament_cmake_args' from command line to 'None'
[0.235s] Level 5:colcon.colcon_core.verb:set package 'cpp_action' build argument 'catkin_cmake_args' from command line to 'None'
[0.235s] Level 5:colcon.colcon_core.verb:set package 'cpp_action' build argument 'catkin_skip_building_tests' from command line to 'False'
[0.235s] DEBUG:colcon.colcon_core.verb:Building package 'cpp_action' with the following arguments: {'ament_cmake_args': None, 'build_base': '/home/huang/ros2/ROS2/communication_mechanism/build/cpp_action', 'catkin_cmake_args': None, 'catkin_skip_building_tests': False, 'cmake_args': None, 'cmake_clean_cache': False, 'cmake_clean_first': False, 'cmake_force_configure': False, 'cmake_target': None, 'cmake_target_skip_unavailable': False, 'install_base': '/home/huang/ros2/ROS2/communication_mechanism/install/cpp_action', 'merge_install': False, 'path': '/home/huang/ros2/ROS2/communication_mechanism/src/cpp_action', 'symlink_install': False, 'test_result_base': None}
[0.235s] Level 5:colcon.colcon_core.verb:set package 'cpp_server' build argument 'cmake_args' from command line to 'None'
[0.235s] Level 5:colcon.colcon_core.verb:set package 'cpp_server' build argument 'cmake_target' from command line to 'None'
[0.235s] Level 5:colcon.colcon_core.verb:set package 'cpp_server' build argument 'cmake_target_skip_unavailable' from command line to 'False'
[0.235s] Level 5:colcon.colcon_core.verb:set package 'cpp_server' build argument 'cmake_clean_cache' from command line to 'False'
[0.235s] Level 5:colcon.colcon_core.verb:set package 'cpp_server' build argument 'cmake_clean_first' from command line to 'False'
[0.235s] Level 5:colcon.colcon_core.verb:set package 'cpp_server' build argument 'cmake_force_configure' from command line to 'False'
[0.235s] Level 5:colcon.colcon_core.verb:set package 'cpp_server' build argument 'ament_cmake_args' from command line to 'None'
[0.235s] Level 5:colcon.colcon_core.verb:set package 'cpp_server' build argument 'catkin_cmake_args' from command line to 'None'
[0.235s] Level 5:colcon.colcon_core.verb:set package 'cpp_server' build argument 'catkin_skip_building_tests' from command line to 'False'
[0.235s] DEBUG:colcon.colcon_core.verb:Building package 'cpp_server' with the following arguments: {'ament_cmake_args': None, 'build_base': '/home/huang/ros2/ROS2/communication_mechanism/build/cpp_server', 'catkin_cmake_args': None, 'catkin_skip_building_tests': False, 'cmake_args': None, 'cmake_clean_cache': False, 'cmake_clean_first': False, 'cmake_force_configure': False, 'cmake_target': None, 'cmake_target_skip_unavailable': False, 'install_base': '/home/huang/ros2/ROS2/communication_mechanism/install/cpp_server', 'merge_install': False, 'path': '/home/huang/ros2/ROS2/communication_mechanism/src/cpp_server', 'symlink_install': False, 'test_result_base': None}
[0.235s] Level 5:colcon.colcon_core.verb:set package 'cpp_topic' build argument 'cmake_args' from command line to 'None'
[0.235s] Level 5:colcon.colcon_core.verb:set package 'cpp_topic' build argument 'cmake_target' from command line to 'None'
[0.235s] Level 5:colcon.colcon_core.verb:set package 'cpp_topic' build argument 'cmake_target_skip_unavailable' from command line to 'False'
[0.235s] Level 5:colcon.colcon_core.verb:set package 'cpp_topic' build argument 'cmake_clean_cache' from command line to 'False'
[0.235s] Level 5:colcon.colcon_core.verb:set package 'cpp_topic' build argument 'cmake_clean_first' from command line to 'False'
[0.235s] Level 5:colcon.colcon_core.verb:set package 'cpp_topic' build argument 'cmake_force_configure' from command line to 'False'
[0.236s] Level 5:colcon.colcon_core.verb:set package 'cpp_topic' build argument 'ament_cmake_args' from command line to 'None'
[0.236s] Level 5:colcon.colcon_core.verb:set package 'cpp_topic' build argument 'catkin_cmake_args' from command line to 'None'
[0.236s] Level 5:colcon.colcon_core.verb:set package 'cpp_topic' build argument 'catkin_skip_building_tests' from command line to 'False'
[0.236s] DEBUG:colcon.colcon_core.verb:Building package 'cpp_topic' with the following arguments: {'ament_cmake_args': None, 'build_base': '/home/huang/ros2/ROS2/communication_mechanism/build/cpp_topic', 'catkin_cmake_args': None, 'catkin_skip_building_tests': False, 'cmake_args': None, 'cmake_clean_cache': False, 'cmake_clean_first': False, 'cmake_force_configure': False, 'cmake_target': None, 'cmake_target_skip_unavailable': False, 'install_base': '/home/huang/ros2/ROS2/communication_mechanism/install/cpp_topic', 'merge_install': False, 'path': '/home/huang/ros2/ROS2/communication_mechanism/src/cpp_topic', 'symlink_install': False, 'test_result_base': None}
[0.236s] INFO:colcon.colcon_core.executor:Executing jobs using 'parallel' executor
[0.236s] DEBUG:colcon.colcon_parallel_executor.executor.parallel:run_until_complete
[0.236s] INFO:colcon.colcon_ros.task.ament_cmake.build:Building ROS package in '/home/huang/ros2/ROS2/communication_mechanism/src/base_interface_demo' with build type 'ament_cmake'
[0.237s] INFO:colcon.colcon_cmake.task.cmake.build:Building CMake package in '/home/huang/ros2/ROS2/communication_mechanism/src/base_interface_demo'
[0.239s] INFO:colcon.colcon_core.plugin_system:Skipping extension 'colcon_core.shell.bat': Not used on non-Windows systems
[0.239s] INFO:colcon.colcon_core.shell:Skip shell extension 'powershell' for command environment: Not usable outside of PowerShell
[0.239s] DEBUG:colcon.colcon_core.shell:Skip shell extension 'dsv' for command environment
[0.241s] INFO:colcon.colcon_ros.task.ament_cmake.build:Building ROS package in '/home/huang/ros2/ROS2/communication_mechanism/src/cpp_param' with build type 'ament_cmake'
[0.241s] INFO:colcon.colcon_cmake.task.cmake.build:Building CMake package in '/home/huang/ros2/ROS2/communication_mechanism/src/cpp_param'
[0.241s] INFO:colcon.colcon_core.shell:Skip shell extension 'powershell' for command environment: Not usable outside of PowerShell
[0.241s] DEBUG:colcon.colcon_core.shell:Skip shell extension 'dsv' for command environment
[0.243s] INFO:colcon.colcon_ros.task.ament_cmake.build:Building ROS package in '/home/huang/ros2/ROS2/communication_mechanism/src/cpp_time' with build type 'ament_cmake'
[0.243s] INFO:colcon.colcon_cmake.task.cmake.build:Building CMake package in '/home/huang/ros2/ROS2/communication_mechanism/src/cpp_time'
[0.243s] INFO:colcon.colcon_core.shell:Skip shell extension 'powershell' for command environment: Not usable outside of PowerShell
[0.243s] DEBUG:colcon.colcon_core.shell:Skip shell extension 'dsv' for command environment
[0.249s] DEBUG:colcon.colcon_core.event_handler.log_command:Invoking command in '/home/huang/ros2/ROS2/communication_mechanism/build/base_interface_demo': CMAKE_PREFIX_PATH=${CMAKE_PREFIX_PATH}:/home/huang/ros2/ROS2/geometry_tutorials/install/turtle_tf2_py:/opt/ros/humble /usr/bin/cmake --build /home/huang/ros2/ROS2/communication_mechanism/build/base_interface_demo -- -j20 -l20
[0.253s] DEBUG:colcon.colcon_core.event_handler.log_command:Invoking command in '/home/huang/ros2/ROS2/communication_mechanism/build/cpp_param': CMAKE_PREFIX_PATH=${CMAKE_PREFIX_PATH}:/home/huang/ros2/ROS2/geometry_tutorials/install/turtle_tf2_py:/opt/ros/humble /usr/bin/cmake --build /home/huang/ros2/ROS2/communication_mechanism/build/cpp_param -- -j20 -l20
[0.255s] DEBUG:colcon.colcon_core.event_handler.log_command:Invoking command in '/home/huang/ros2/ROS2/communication_mechanism/build/cpp_time': CMAKE_PREFIX_PATH=${CMAKE_PREFIX_PATH}:/home/huang/ros2/ROS2/geometry_tutorials/install/turtle_tf2_py:/opt/ros/humble /usr/bin/cmake --build /home/huang/ros2/ROS2/communication_mechanism/build/cpp_time -- -j20 -l20
[0.301s] DEBUG:colcon.colcon_core.event_handler.log_command:Invoked command in '/home/huang/ros2/ROS2/communication_mechanism/build/cpp_param' returned '0': CMAKE_PREFIX_PATH=${CMAKE_PREFIX_PATH}:/home/huang/ros2/ROS2/geometry_tutorials/install/turtle_tf2_py:/opt/ros/humble /usr/bin/cmake --build /home/huang/ros2/ROS2/communication_mechanism/build/cpp_param -- -j20 -l20
[0.304s] DEBUG:colcon.colcon_core.event_handler.log_command:Invoked command in '/home/huang/ros2/ROS2/communication_mechanism/build/cpp_time' returned '0': CMAKE_PREFIX_PATH=${CMAKE_PREFIX_PATH}:/home/huang/ros2/ROS2/geometry_tutorials/install/turtle_tf2_py:/opt/ros/humble /usr/bin/cmake --build /home/huang/ros2/ROS2/communication_mechanism/build/cpp_time -- -j20 -l20
[0.320s] DEBUG:colcon.colcon_core.event_handler.log_command:Invoking command in '/home/huang/ros2/ROS2/communication_mechanism/build/cpp_param': CMAKE_PREFIX_PATH=${CMAKE_PREFIX_PATH}:/home/huang/ros2/ROS2/geometry_tutorials/install/turtle_tf2_py:/opt/ros/humble /usr/bin/cmake --install /home/huang/ros2/ROS2/communication_mechanism/build/cpp_param
[0.321s] DEBUG:colcon.colcon_core.event_handler.log_command:Invoking command in '/home/huang/ros2/ROS2/communication_mechanism/build/cpp_time': CMAKE_PREFIX_PATH=${CMAKE_PREFIX_PATH}:/home/huang/ros2/ROS2/geometry_tutorials/install/turtle_tf2_py:/opt/ros/humble /usr/bin/cmake --install /home/huang/ros2/ROS2/communication_mechanism/build/cpp_time
[0.328s] Level 1:colcon.colcon_core.environment:create_environment_scripts_only(cpp_param)
[0.329s] DEBUG:colcon.colcon_core.event_handler.log_command:Invoked command in '/home/huang/ros2/ROS2/communication_mechanism/build/cpp_param' returned '0': CMAKE_PREFIX_PATH=${CMAKE_PREFIX_PATH}:/home/huang/ros2/ROS2/geometry_tutorials/install/turtle_tf2_py:/opt/ros/humble /usr/bin/cmake --install /home/huang/ros2/ROS2/communication_mechanism/build/cpp_param
[0.331s] Level 1:colcon.colcon_core.environment:checking '/home/huang/ros2/ROS2/communication_mechanism/install/cpp_param' for CMake module files
[0.332s] Level 1:colcon.colcon_core.environment:checking '/home/huang/ros2/ROS2/communication_mechanism/install/cpp_param' for CMake config files
[0.332s] Level 1:colcon.colcon_core.shell:create_environment_hook('cpp_param', 'cmake_prefix_path')
[0.332s] INFO:colcon.colcon_core.shell:Creating environment hook '/home/huang/ros2/ROS2/communication_mechanism/install/cpp_param/share/cpp_param/hook/cmake_prefix_path.ps1'
[0.332s] INFO:colcon.colcon_core.shell:Creating environment descriptor '/home/huang/ros2/ROS2/communication_mechanism/install/cpp_param/share/cpp_param/hook/cmake_prefix_path.dsv'
[0.333s] INFO:colcon.colcon_core.shell:Creating environment hook '/home/huang/ros2/ROS2/communication_mechanism/install/cpp_param/share/cpp_param/hook/cmake_prefix_path.sh'
[0.333s] Level 1:colcon.colcon_core.environment:checking '/home/huang/ros2/ROS2/communication_mechanism/install/cpp_param/lib'
[0.333s] Level 1:colcon.colcon_core.environment:checking '/home/huang/ros2/ROS2/communication_mechanism/install/cpp_param/bin'
[0.333s] Level 1:colcon.colcon_core.environment:checking '/home/huang/ros2/ROS2/communication_mechanism/install/cpp_param/lib/pkgconfig/cpp_param.pc'
[0.334s] Level 1:colcon.colcon_core.environment:checking '/home/huang/ros2/ROS2/communication_mechanism/install/cpp_param/lib/python3.10/site-packages'
[0.334s] Level 1:colcon.colcon_core.environment:checking '/home/huang/ros2/ROS2/communication_mechanism/install/cpp_param/bin'
[0.334s] INFO:colcon.colcon_core.shell:Creating package script '/home/huang/ros2/ROS2/communication_mechanism/install/cpp_param/share/cpp_param/package.ps1'
[0.334s] INFO:colcon.colcon_core.shell:Creating package descriptor '/home/huang/ros2/ROS2/communication_mechanism/install/cpp_param/share/cpp_param/package.dsv'
[0.335s] INFO:colcon.colcon_core.shell:Creating package script '/home/huang/ros2/ROS2/communication_mechanism/install/cpp_param/share/cpp_param/package.sh'
[0.335s] INFO:colcon.colcon_core.shell:Creating package script '/home/huang/ros2/ROS2/communication_mechanism/install/cpp_param/share/cpp_param/package.bash'
[0.336s] INFO:colcon.colcon_core.shell:Creating package script '/home/huang/ros2/ROS2/communication_mechanism/install/cpp_param/share/cpp_param/package.zsh'
[0.337s] Level 1:colcon.colcon_core.environment:create_file_with_runtime_dependencies(/home/huang/ros2/ROS2/communication_mechanism/install/cpp_param/share/colcon-core/packages/cpp_param)
[0.337s] Level 1:colcon.colcon_core.environment:create_environment_scripts_only(cpp_time)
[0.338s] Level 1:colcon.colcon_core.environment:checking '/home/huang/ros2/ROS2/communication_mechanism/install/cpp_time' for CMake module files
[0.338s] DEBUG:colcon.colcon_core.event_handler.log_command:Invoked command in '/home/huang/ros2/ROS2/communication_mechanism/build/cpp_time' returned '0': CMAKE_PREFIX_PATH=${CMAKE_PREFIX_PATH}:/home/huang/ros2/ROS2/geometry_tutorials/install/turtle_tf2_py:/opt/ros/humble /usr/bin/cmake --install /home/huang/ros2/ROS2/communication_mechanism/build/cpp_time
[0.338s] Level 1:colcon.colcon_core.environment:checking '/home/huang/ros2/ROS2/communication_mechanism/install/cpp_time' for CMake config files
[0.338s] Level 1:colcon.colcon_core.shell:create_environment_hook('cpp_time', 'cmake_prefix_path')
[0.338s] INFO:colcon.colcon_core.shell:Creating environment hook '/home/huang/ros2/ROS2/communication_mechanism/install/cpp_time/share/cpp_time/hook/cmake_prefix_path.ps1'
[0.339s] INFO:colcon.colcon_core.shell:Creating environment descriptor '/home/huang/ros2/ROS2/communication_mechanism/install/cpp_time/share/cpp_time/hook/cmake_prefix_path.dsv'
[0.339s] INFO:colcon.colcon_core.shell:Creating environment hook '/home/huang/ros2/ROS2/communication_mechanism/install/cpp_time/share/cpp_time/hook/cmake_prefix_path.sh'
[0.339s] Level 1:colcon.colcon_core.environment:checking '/home/huang/ros2/ROS2/communication_mechanism/install/cpp_time/lib'
[0.339s] Level 1:colcon.colcon_core.environment:checking '/home/huang/ros2/ROS2/communication_mechanism/install/cpp_time/bin'
[0.339s] Level 1:colcon.colcon_core.environment:checking '/home/huang/ros2/ROS2/communication_mechanism/install/cpp_time/lib/pkgconfig/cpp_time.pc'
[0.339s] Level 1:colcon.colcon_core.environment:checking '/home/huang/ros2/ROS2/communication_mechanism/install/cpp_time/lib/python3.10/site-packages'
[0.339s] Level 1:colcon.colcon_core.environment:checking '/home/huang/ros2/ROS2/communication_mechanism/install/cpp_time/bin'
[0.340s] INFO:colcon.colcon_core.shell:Creating package script '/home/huang/ros2/ROS2/communication_mechanism/install/cpp_time/share/cpp_time/package.ps1'
[0.340s] INFO:colcon.colcon_core.shell:Creating package descriptor '/home/huang/ros2/ROS2/communication_mechanism/install/cpp_time/share/cpp_time/package.dsv'
[0.340s] INFO:colcon.colcon_core.shell:Creating package script '/home/huang/ros2/ROS2/communication_mechanism/install/cpp_time/share/cpp_time/package.sh'
[0.340s] INFO:colcon.colcon_core.shell:Creating package script '/home/huang/ros2/ROS2/communication_mechanism/install/cpp_time/share/cpp_time/package.bash'
[0.341s] INFO:colcon.colcon_core.shell:Creating package script '/home/huang/ros2/ROS2/communication_mechanism/install/cpp_time/share/cpp_time/package.zsh'
[0.341s] Level 1:colcon.colcon_core.environment:create_file_with_runtime_dependencies(/home/huang/ros2/ROS2/communication_mechanism/install/cpp_time/share/colcon-core/packages/cpp_time)
[0.353s] Level 1:colcon.colcon_core.environment:create_environment_scripts_only(cpp_param)
[0.353s] Level 1:colcon.colcon_core.environment:checking '/home/huang/ros2/ROS2/communication_mechanism/install/cpp_param' for CMake module files
[0.355s] Level 1:colcon.colcon_core.environment:checking '/home/huang/ros2/ROS2/communication_mechanism/install/cpp_param' for CMake config files
[0.355s] Level 1:colcon.colcon_core.shell:create_environment_hook('cpp_param', 'cmake_prefix_path')
[0.355s] INFO:colcon.colcon_core.shell:Creating environment hook '/home/huang/ros2/ROS2/communication_mechanism/install/cpp_param/share/cpp_param/hook/cmake_prefix_path.ps1'
[0.355s] INFO:colcon.colcon_core.shell:Creating environment descriptor '/home/huang/ros2/ROS2/communication_mechanism/install/cpp_param/share/cpp_param/hook/cmake_prefix_path.dsv'
[0.355s] INFO:colcon.colcon_core.shell:Creating environment hook '/home/huang/ros2/ROS2/communication_mechanism/install/cpp_param/share/cpp_param/hook/cmake_prefix_path.sh'
[0.356s] Level 1:colcon.colcon_core.environment:checking '/home/huang/ros2/ROS2/communication_mechanism/install/cpp_param/lib'
[0.356s] Level 1:colcon.colcon_core.environment:checking '/home/huang/ros2/ROS2/communication_mechanism/install/cpp_param/bin'
[0.356s] Level 1:colcon.colcon_core.environment:checking '/home/huang/ros2/ROS2/communication_mechanism/install/cpp_param/lib/pkgconfig/cpp_param.pc'
[0.356s] Level 1:colcon.colcon_core.environment:checking '/home/huang/ros2/ROS2/communication_mechanism/install/cpp_param/lib/python3.10/site-packages'
[0.356s] Level 1:colcon.colcon_core.environment:checking '/home/huang/ros2/ROS2/communication_mechanism/install/cpp_param/bin'
[0.356s] INFO:colcon.colcon_core.shell:Creating package script '/home/huang/ros2/ROS2/communication_mechanism/install/cpp_param/share/cpp_param/package.ps1'
[0.356s] INFO:colcon.colcon_core.shell:Creating package descriptor '/home/huang/ros2/ROS2/communication_mechanism/install/cpp_param/share/cpp_param/package.dsv'
[0.357s] INFO:colcon.colcon_core.shell:Creating package script '/home/huang/ros2/ROS2/communication_mechanism/install/cpp_param/share/cpp_param/package.sh'
[0.357s] INFO:colcon.colcon_core.shell:Creating package script '/home/huang/ros2/ROS2/communication_mechanism/install/cpp_param/share/cpp_param/package.bash'
[0.357s] INFO:colcon.colcon_core.shell:Creating package script '/home/huang/ros2/ROS2/communication_mechanism/install/cpp_param/share/cpp_param/package.zsh'
[0.357s] Level 1:colcon.colcon_core.environment:create_file_with_runtime_dependencies(/home/huang/ros2/ROS2/communication_mechanism/install/cpp_param/share/colcon-core/packages/cpp_param)
[0.358s] Level 1:colcon.colcon_core.environment:create_environment_scripts_only(cpp_time)
[0.358s] Level 1:colcon.colcon_core.environment:checking '/home/huang/ros2/ROS2/communication_mechanism/install/cpp_time' for CMake module files
[0.358s] Level 1:colcon.colcon_core.environment:checking '/home/huang/ros2/ROS2/communication_mechanism/install/cpp_time' for CMake config files
[0.358s] Level 1:colcon.colcon_core.shell:create_environment_hook('cpp_time', 'cmake_prefix_path')
[0.359s] INFO:colcon.colcon_core.shell:Creating environment hook '/home/huang/ros2/ROS2/communication_mechanism/install/cpp_time/share/cpp_time/hook/cmake_prefix_path.ps1'
[0.359s] INFO:colcon.colcon_core.shell:Creating environment descriptor '/home/huang/ros2/ROS2/communication_mechanism/install/cpp_time/share/cpp_time/hook/cmake_prefix_path.dsv'
[0.359s] INFO:colcon.colcon_core.shell:Creating environment hook '/home/huang/ros2/ROS2/communication_mechanism/install/cpp_time/share/cpp_time/hook/cmake_prefix_path.sh'
[0.359s] Level 1:colcon.colcon_core.environment:checking '/home/huang/ros2/ROS2/communication_mechanism/install/cpp_time/lib'
[0.359s] Level 1:colcon.colcon_core.environment:checking '/home/huang/ros2/ROS2/communication_mechanism/install/cpp_time/bin'
[0.359s] Level 1:colcon.colcon_core.environment:checking '/home/huang/ros2/ROS2/communication_mechanism/install/cpp_time/lib/pkgconfig/cpp_time.pc'
[0.359s] Level 1:colcon.colcon_core.environment:checking '/home/huang/ros2/ROS2/communication_mechanism/install/cpp_time/lib/python3.10/site-packages'
[0.360s] Level 1:colcon.colcon_core.environment:checking '/home/huang/ros2/ROS2/communication_mechanism/install/cpp_time/bin'
[0.360s] INFO:colcon.colcon_core.shell:Creating package script '/home/huang/ros2/ROS2/communication_mechanism/install/cpp_time/share/cpp_time/package.ps1'
[0.360s] INFO:colcon.colcon_core.shell:Creating package descriptor '/home/huang/ros2/ROS2/communication_mechanism/install/cpp_time/share/cpp_time/package.dsv'
[0.360s] INFO:colcon.colcon_core.shell:Creating package script '/home/huang/ros2/ROS2/communication_mechanism/install/cpp_time/share/cpp_time/package.sh'
[0.360s] INFO:colcon.colcon_core.shell:Creating package script '/home/huang/ros2/ROS2/communication_mechanism/install/cpp_time/share/cpp_time/package.bash'
[0.361s] INFO:colcon.colcon_core.shell:Creating package script '/home/huang/ros2/ROS2/communication_mechanism/install/cpp_time/share/cpp_time/package.zsh'
[0.361s] Level 1:colcon.colcon_core.environment:create_file_with_runtime_dependencies(/home/huang/ros2/ROS2/communication_mechanism/install/cpp_time/share/colcon-core/packages/cpp_time)
[0.429s] DEBUG:colcon.colcon_core.event_handler.log_command:Invoked command in '/home/huang/ros2/ROS2/communication_mechanism/build/base_interface_demo' returned '0': CMAKE_PREFIX_PATH=${CMAKE_PREFIX_PATH}:/home/huang/ros2/ROS2/geometry_tutorials/install/turtle_tf2_py:/opt/ros/humble /usr/bin/cmake --build /home/huang/ros2/ROS2/communication_mechanism/build/base_interface_demo -- -j20 -l20
[0.467s] DEBUG:colcon.colcon_core.event_handler.log_command:Invoking command in '/home/huang/ros2/ROS2/communication_mechanism/build/base_interface_demo': CMAKE_PREFIX_PATH=${CMAKE_PREFIX_PATH}:/home/huang/ros2/ROS2/geometry_tutorials/install/turtle_tf2_py:/opt/ros/humble /usr/bin/cmake --install /home/huang/ros2/ROS2/communication_mechanism/build/base_interface_demo
[0.500s] Level 1:colcon.colcon_core.environment:create_environment_scripts_only(base_interface_demo)
[0.500s] DEBUG:colcon.colcon_core.event_handler.log_command:Invoked command in '/home/huang/ros2/ROS2/communication_mechanism/build/base_interface_demo' returned '0': CMAKE_PREFIX_PATH=${CMAKE_PREFIX_PATH}:/home/huang/ros2/ROS2/geometry_tutorials/install/turtle_tf2_py:/opt/ros/humble /usr/bin/cmake --install /home/huang/ros2/ROS2/communication_mechanism/build/base_interface_demo
[0.501s] Level 1:colcon.colcon_core.environment:checking '/home/huang/ros2/ROS2/communication_mechanism/install/base_interface_demo' for CMake module files
[0.501s] Level 1:colcon.colcon_core.environment:checking '/home/huang/ros2/ROS2/communication_mechanism/install/base_interface_demo' for CMake config files
[0.501s] Level 1:colcon.colcon_core.shell:create_environment_hook('base_interface_demo', 'cmake_prefix_path')
[0.501s] INFO:colcon.colcon_core.shell:Creating environment hook '/home/huang/ros2/ROS2/communication_mechanism/install/base_interface_demo/share/base_interface_demo/hook/cmake_prefix_path.ps1'
[0.502s] INFO:colcon.colcon_core.shell:Creating environment descriptor '/home/huang/ros2/ROS2/communication_mechanism/install/base_interface_demo/share/base_interface_demo/hook/cmake_prefix_path.dsv'
[0.502s] INFO:colcon.colcon_core.shell:Creating environment hook '/home/huang/ros2/ROS2/communication_mechanism/install/base_interface_demo/share/base_interface_demo/hook/cmake_prefix_path.sh'
[0.502s] Level 1:colcon.colcon_core.environment:checking '/home/huang/ros2/ROS2/communication_mechanism/install/base_interface_demo/lib'
[0.502s] Level 1:colcon.colcon_core.shell:create_environment_hook('base_interface_demo', 'ld_library_path_lib')
[0.502s] INFO:colcon.colcon_core.shell:Creating environment hook '/home/huang/ros2/ROS2/communication_mechanism/install/base_interface_demo/share/base_interface_demo/hook/ld_library_path_lib.ps1'
[0.502s] INFO:colcon.colcon_core.shell:Creating environment descriptor '/home/huang/ros2/ROS2/communication_mechanism/install/base_interface_demo/share/base_interface_demo/hook/ld_library_path_lib.dsv'
[0.503s] INFO:colcon.colcon_core.shell:Creating environment hook '/home/huang/ros2/ROS2/communication_mechanism/install/base_interface_demo/share/base_interface_demo/hook/ld_library_path_lib.sh'
[0.503s] Level 1:colcon.colcon_core.environment:checking '/home/huang/ros2/ROS2/communication_mechanism/install/base_interface_demo/bin'
[0.503s] Level 1:colcon.colcon_core.environment:checking '/home/huang/ros2/ROS2/communication_mechanism/install/base_interface_demo/lib/pkgconfig/base_interface_demo.pc'
[0.503s] Level 1:colcon.colcon_core.environment:checking '/home/huang/ros2/ROS2/communication_mechanism/install/base_interface_demo/lib/python3.10/site-packages'
[0.503s] Level 1:colcon.colcon_core.environment:checking '/home/huang/ros2/ROS2/communication_mechanism/install/base_interface_demo/bin'
[0.503s] INFO:colcon.colcon_core.shell:Creating package script '/home/huang/ros2/ROS2/communication_mechanism/install/base_interface_demo/share/base_interface_demo/package.ps1'
[0.504s] INFO:colcon.colcon_core.shell:Creating package descriptor '/home/huang/ros2/ROS2/communication_mechanism/install/base_interface_demo/share/base_interface_demo/package.dsv'
[0.504s] INFO:colcon.colcon_core.shell:Creating package script '/home/huang/ros2/ROS2/communication_mechanism/install/base_interface_demo/share/base_interface_demo/package.sh'
[0.504s] INFO:colcon.colcon_core.shell:Creating package script '/home/huang/ros2/ROS2/communication_mechanism/install/base_interface_demo/share/base_interface_demo/package.bash'
[0.505s] INFO:colcon.colcon_core.shell:Creating package script '/home/huang/ros2/ROS2/communication_mechanism/install/base_interface_demo/share/base_interface_demo/package.zsh'
[0.505s] Level 1:colcon.colcon_core.environment:create_file_with_runtime_dependencies(/home/huang/ros2/ROS2/communication_mechanism/install/base_interface_demo/share/colcon-core/packages/base_interface_demo)
[0.540s] Level 1:colcon.colcon_core.environment:create_environment_scripts_only(base_interface_demo)
[0.541s] Level 1:colcon.colcon_core.environment:checking '/home/huang/ros2/ROS2/communication_mechanism/install/base_interface_demo' for CMake module files
[0.541s] Level 1:colcon.colcon_core.environment:checking '/home/huang/ros2/ROS2/communication_mechanism/install/base_interface_demo' for CMake config files
[0.541s] Level 1:colcon.colcon_core.shell:create_environment_hook('base_interface_demo', 'cmake_prefix_path')
[0.541s] INFO:colcon.colcon_core.shell:Creating environment hook '/home/huang/ros2/ROS2/communication_mechanism/install/base_interface_demo/share/base_interface_demo/hook/cmake_prefix_path.ps1'
[0.541s] INFO:colcon.colcon_core.shell:Creating environment descriptor '/home/huang/ros2/ROS2/communication_mechanism/install/base_interface_demo/share/base_interface_demo/hook/cmake_prefix_path.dsv'
[0.541s] INFO:colcon.colcon_core.shell:Creating environment hook '/home/huang/ros2/ROS2/communication_mechanism/install/base_interface_demo/share/base_interface_demo/hook/cmake_prefix_path.sh'
[0.542s] Level 1:colcon.colcon_core.environment:checking '/home/huang/ros2/ROS2/communication_mechanism/install/base_interface_demo/lib'
[0.542s] Level 1:colcon.colcon_core.shell:create_environment_hook('base_interface_demo', 'ld_library_path_lib')
[0.542s] INFO:colcon.colcon_core.shell:Creating environment hook '/home/huang/ros2/ROS2/communication_mechanism/install/base_interface_demo/share/base_interface_demo/hook/ld_library_path_lib.ps1'
[0.542s] INFO:colcon.colcon_core.shell:Creating environment descriptor '/home/huang/ros2/ROS2/communication_mechanism/install/base_interface_demo/share/base_interface_demo/hook/ld_library_path_lib.dsv'
[0.542s] INFO:colcon.colcon_core.shell:Creating environment hook '/home/huang/ros2/ROS2/communication_mechanism/install/base_interface_demo/share/base_interface_demo/hook/ld_library_path_lib.sh'
[0.542s] Level 1:colcon.colcon_core.environment:checking '/home/huang/ros2/ROS2/communication_mechanism/install/base_interface_demo/bin'
[0.542s] Level 1:colcon.colcon_core.environment:checking '/home/huang/ros2/ROS2/communication_mechanism/install/base_interface_demo/lib/pkgconfig/base_interface_demo.pc'
[0.542s] Level 1:colcon.colcon_core.environment:checking '/home/huang/ros2/ROS2/communication_mechanism/install/base_interface_demo/lib/python3.10/site-packages'
[0.542s] Level 1:colcon.colcon_core.environment:checking '/home/huang/ros2/ROS2/communication_mechanism/install/base_interface_demo/bin'
[0.543s] INFO:colcon.colcon_core.shell:Creating package script '/home/huang/ros2/ROS2/communication_mechanism/install/base_interface_demo/share/base_interface_demo/package.ps1'
[0.543s] INFO:colcon.colcon_core.shell:Creating package descriptor '/home/huang/ros2/ROS2/communication_mechanism/install/base_interface_demo/share/base_interface_demo/package.dsv'
[0.543s] INFO:colcon.colcon_core.shell:Creating package script '/home/huang/ros2/ROS2/communication_mechanism/install/base_interface_demo/share/base_interface_demo/package.sh'
[0.543s] INFO:colcon.colcon_core.shell:Creating package script '/home/huang/ros2/ROS2/communication_mechanism/install/base_interface_demo/share/base_interface_demo/package.bash'
[0.543s] INFO:colcon.colcon_core.shell:Creating package script '/home/huang/ros2/ROS2/communication_mechanism/install/base_interface_demo/share/base_interface_demo/package.zsh'
[0.544s] Level 1:colcon.colcon_core.environment:create_file_with_runtime_dependencies(/home/huang/ros2/ROS2/communication_mechanism/install/base_interface_demo/share/colcon-core/packages/base_interface_demo)
[0.544s] INFO:colcon.colcon_ros.task.ament_cmake.build:Building ROS package in '/home/huang/ros2/ROS2/communication_mechanism/src/cpp_action' with build type 'ament_cmake'
[0.544s] INFO:colcon.colcon_cmake.task.cmake.build:Building CMake package in '/home/huang/ros2/ROS2/communication_mechanism/src/cpp_action'
[0.544s] INFO:colcon.colcon_core.shell:Skip shell extension 'powershell' for command environment: Not usable outside of PowerShell
[0.544s] DEBUG:colcon.colcon_core.shell:Skip shell extension 'dsv' for command environment
[0.546s] INFO:colcon.colcon_ros.task.ament_cmake.build:Building ROS package in '/home/huang/ros2/ROS2/communication_mechanism/src/cpp_server' with build type 'ament_cmake'
[0.546s] INFO:colcon.colcon_cmake.task.cmake.build:Building CMake package in '/home/huang/ros2/ROS2/communication_mechanism/src/cpp_server'
[0.546s] INFO:colcon.colcon_core.shell:Skip shell extension 'powershell' for command environment: Not usable outside of PowerShell
[0.547s] DEBUG:colcon.colcon_core.shell:Skip shell extension 'dsv' for command environment
[0.548s] INFO:colcon.colcon_ros.task.ament_cmake.build:Building ROS package in '/home/huang/ros2/ROS2/communication_mechanism/src/cpp_topic' with build type 'ament_cmake'
[0.548s] INFO:colcon.colcon_cmake.task.cmake.build:Building CMake package in '/home/huang/ros2/ROS2/communication_mechanism/src/cpp_topic'
[0.549s] INFO:colcon.colcon_core.shell:Skip shell extension 'powershell' for command environment: Not usable outside of PowerShell
[0.549s] DEBUG:colcon.colcon_core.shell:Skip shell extension 'dsv' for command environment
[0.569s] DEBUG:colcon.colcon_core.event_handler.log_command:Invoking command in '/home/huang/ros2/ROS2/communication_mechanism/build/cpp_action': CMAKE_PREFIX_PATH=/home/huang/ros2/ROS2/communication_mechanism/install/base_interface_demo:/home/huang/ros2/ROS2/geometry_tutorials/install/turtle_tf2_cpp:/home/huang/ros2/ROS2/geometry_tutorials/install/geometry_tutorials:/home/huang/ros2/ROS2/tools/install/cpp_rosbag:/home/huang/ros2/ROS2/tools/install/cpp_launch:/home/huang/ros2/ROS2/communication_mechanism/install/cpp_topic:/home/huang/ros2/ROS2/communication_mechanism/install/cpp_time:/home/huang/ros2/ROS2/communication_mechanism/install/cpp_server:/home/huang/ros2/ROS2/communication_mechanism/install/cpp_param:/home/huang/ros2/ROS2/communication_mechanism/install/cpp_action:/home/huang/ros2/ROS2/geometry_tutorials/install/turtle_tf2_py:/opt/ros/humble /usr/bin/cmake --build /home/huang/ros2/ROS2/communication_mechanism/build/cpp_action -- -j20 -l20
[0.573s] DEBUG:colcon.colcon_core.event_handler.log_command:Invoking command in '/home/huang/ros2/ROS2/communication_mechanism/build/cpp_server': CMAKE_PREFIX_PATH=/home/huang/ros2/ROS2/communication_mechanism/install/base_interface_demo:/home/huang/ros2/ROS2/geometry_tutorials/install/turtle_tf2_cpp:/home/huang/ros2/ROS2/geometry_tutorials/install/geometry_tutorials:/home/huang/ros2/ROS2/tools/install/cpp_rosbag:/home/huang/ros2/ROS2/tools/install/cpp_launch:/home/huang/ros2/ROS2/communication_mechanism/install/cpp_topic:/home/huang/ros2/ROS2/communication_mechanism/install/cpp_time:/home/huang/ros2/ROS2/communication_mechanism/install/cpp_server:/home/huang/ros2/ROS2/communication_mechanism/install/cpp_param:/home/huang/ros2/ROS2/communication_mechanism/install/cpp_action:/home/huang/ros2/ROS2/geometry_tutorials/install/turtle_tf2_py:/opt/ros/humble /usr/bin/cmake --build /home/huang/ros2/ROS2/communication_mechanism/build/cpp_server -- -j20 -l20
[0.575s] DEBUG:colcon.colcon_core.event_handler.log_command:Invoking command in '/home/huang/ros2/ROS2/communication_mechanism/build/cpp_topic': CMAKE_PREFIX_PATH=/home/huang/ros2/ROS2/communication_mechanism/install/base_interface_demo:/home/huang/ros2/ROS2/geometry_tutorials/install/turtle_tf2_cpp:/home/huang/ros2/ROS2/geometry_tutorials/install/geometry_tutorials:/home/huang/ros2/ROS2/tools/install/cpp_rosbag:/home/huang/ros2/ROS2/tools/install/cpp_launch:/home/huang/ros2/ROS2/communication_mechanism/install/cpp_topic:/home/huang/ros2/ROS2/communication_mechanism/install/cpp_time:/home/huang/ros2/ROS2/communication_mechanism/install/cpp_server:/home/huang/ros2/ROS2/communication_mechanism/install/cpp_param:/home/huang/ros2/ROS2/communication_mechanism/install/cpp_action:/home/huang/ros2/ROS2/geometry_tutorials/install/turtle_tf2_py:/opt/ros/humble /usr/bin/cmake --build /home/huang/ros2/ROS2/communication_mechanism/build/cpp_topic -- -j20 -l20
[0.605s] DEBUG:colcon.colcon_core.event_handler.log_command:Invoked command in '/home/huang/ros2/ROS2/communication_mechanism/build/cpp_action' returned '0': CMAKE_PREFIX_PATH=/home/huang/ros2/ROS2/communication_mechanism/install/base_interface_demo:/home/huang/ros2/ROS2/geometry_tutorials/install/turtle_tf2_cpp:/home/huang/ros2/ROS2/geometry_tutorials/install/geometry_tutorials:/home/huang/ros2/ROS2/tools/install/cpp_rosbag:/home/huang/ros2/ROS2/tools/install/cpp_launch:/home/huang/ros2/ROS2/communication_mechanism/install/cpp_topic:/home/huang/ros2/ROS2/communication_mechanism/install/cpp_time:/home/huang/ros2/ROS2/communication_mechanism/install/cpp_server:/home/huang/ros2/ROS2/communication_mechanism/install/cpp_param:/home/huang/ros2/ROS2/communication_mechanism/install/cpp_action:/home/huang/ros2/ROS2/geometry_tutorials/install/turtle_tf2_py:/opt/ros/humble /usr/bin/cmake --build /home/huang/ros2/ROS2/communication_mechanism/build/cpp_action -- -j20 -l20
[0.608s] DEBUG:colcon.colcon_core.event_handler.log_command:Invoked command in '/home/huang/ros2/ROS2/communication_mechanism/build/cpp_server' returned '0': CMAKE_PREFIX_PATH=/home/huang/ros2/ROS2/communication_mechanism/install/base_interface_demo:/home/huang/ros2/ROS2/geometry_tutorials/install/turtle_tf2_cpp:/home/huang/ros2/ROS2/geometry_tutorials/install/geometry_tutorials:/home/huang/ros2/ROS2/tools/install/cpp_rosbag:/home/huang/ros2/ROS2/tools/install/cpp_launch:/home/huang/ros2/ROS2/communication_mechanism/install/cpp_topic:/home/huang/ros2/ROS2/communication_mechanism/install/cpp_time:/home/huang/ros2/ROS2/communication_mechanism/install/cpp_server:/home/huang/ros2/ROS2/communication_mechanism/install/cpp_param:/home/huang/ros2/ROS2/communication_mechanism/install/cpp_action:/home/huang/ros2/ROS2/geometry_tutorials/install/turtle_tf2_py:/opt/ros/humble /usr/bin/cmake --build /home/huang/ros2/ROS2/communication_mechanism/build/cpp_server -- -j20 -l20
[0.611s] DEBUG:colcon.colcon_core.event_handler.log_command:Invoked command in '/home/huang/ros2/ROS2/communication_mechanism/build/cpp_topic' returned '0': CMAKE_PREFIX_PATH=/home/huang/ros2/ROS2/communication_mechanism/install/base_interface_demo:/home/huang/ros2/ROS2/geometry_tutorials/install/turtle_tf2_cpp:/home/huang/ros2/ROS2/geometry_tutorials/install/geometry_tutorials:/home/huang/ros2/ROS2/tools/install/cpp_rosbag:/home/huang/ros2/ROS2/tools/install/cpp_launch:/home/huang/ros2/ROS2/communication_mechanism/install/cpp_topic:/home/huang/ros2/ROS2/communication_mechanism/install/cpp_time:/home/huang/ros2/ROS2/communication_mechanism/install/cpp_server:/home/huang/ros2/ROS2/communication_mechanism/install/cpp_param:/home/huang/ros2/ROS2/communication_mechanism/install/cpp_action:/home/huang/ros2/ROS2/geometry_tutorials/install/turtle_tf2_py:/opt/ros/humble /usr/bin/cmake --build /home/huang/ros2/ROS2/communication_mechanism/build/cpp_topic -- -j20 -l20
[0.619s] DEBUG:colcon.colcon_core.event_handler.log_command:Invoking command in '/home/huang/ros2/ROS2/communication_mechanism/build/cpp_action': CMAKE_PREFIX_PATH=/home/huang/ros2/ROS2/communication_mechanism/install/base_interface_demo:/home/huang/ros2/ROS2/geometry_tutorials/install/turtle_tf2_cpp:/home/huang/ros2/ROS2/geometry_tutorials/install/geometry_tutorials:/home/huang/ros2/ROS2/tools/install/cpp_rosbag:/home/huang/ros2/ROS2/tools/install/cpp_launch:/home/huang/ros2/ROS2/communication_mechanism/install/cpp_topic:/home/huang/ros2/ROS2/communication_mechanism/install/cpp_time:/home/huang/ros2/ROS2/communication_mechanism/install/cpp_server:/home/huang/ros2/ROS2/communication_mechanism/install/cpp_param:/home/huang/ros2/ROS2/communication_mechanism/install/cpp_action:/home/huang/ros2/ROS2/geometry_tutorials/install/turtle_tf2_py:/opt/ros/humble /usr/bin/cmake --install /home/huang/ros2/ROS2/communication_mechanism/build/cpp_action
[0.621s] DEBUG:colcon.colcon_core.event_handler.log_command:Invoking command in '/home/huang/ros2/ROS2/communication_mechanism/build/cpp_server': CMAKE_PREFIX_PATH=/home/huang/ros2/ROS2/communication_mechanism/install/base_interface_demo:/home/huang/ros2/ROS2/geometry_tutorials/install/turtle_tf2_cpp:/home/huang/ros2/ROS2/geometry_tutorials/install/geometry_tutorials:/home/huang/ros2/ROS2/tools/install/cpp_rosbag:/home/huang/ros2/ROS2/tools/install/cpp_launch:/home/huang/ros2/ROS2/communication_mechanism/install/cpp_topic:/home/huang/ros2/ROS2/communication_mechanism/install/cpp_time:/home/huang/ros2/ROS2/communication_mechanism/install/cpp_server:/home/huang/ros2/ROS2/communication_mechanism/install/cpp_param:/home/huang/ros2/ROS2/communication_mechanism/install/cpp_action:/home/huang/ros2/ROS2/geometry_tutorials/install/turtle_tf2_py:/opt/ros/humble /usr/bin/cmake --install /home/huang/ros2/ROS2/communication_mechanism/build/cpp_server
[0.629s] DEBUG:colcon.colcon_core.event_handler.log_command:Invoking command in '/home/huang/ros2/ROS2/communication_mechanism/build/cpp_topic': CMAKE_PREFIX_PATH=/home/huang/ros2/ROS2/communication_mechanism/install/base_interface_demo:/home/huang/ros2/ROS2/geometry_tutorials/install/turtle_tf2_cpp:/home/huang/ros2/ROS2/geometry_tutorials/install/geometry_tutorials:/home/huang/ros2/ROS2/tools/install/cpp_rosbag:/home/huang/ros2/ROS2/tools/install/cpp_launch:/home/huang/ros2/ROS2/communication_mechanism/install/cpp_topic:/home/huang/ros2/ROS2/communication_mechanism/install/cpp_time:/home/huang/ros2/ROS2/communication_mechanism/install/cpp_server:/home/huang/ros2/ROS2/communication_mechanism/install/cpp_param:/home/huang/ros2/ROS2/communication_mechanism/install/cpp_action:/home/huang/ros2/ROS2/geometry_tutorials/install/turtle_tf2_py:/opt/ros/humble /usr/bin/cmake --install /home/huang/ros2/ROS2/communication_mechanism/build/cpp_topic
[0.629s] Level 1:colcon.colcon_core.environment:create_environment_scripts_only(cpp_action)
[0.629s] Level 1:colcon.colcon_core.environment:checking '/home/huang/ros2/ROS2/communication_mechanism/install/cpp_action' for CMake module files
[0.630s] DEBUG:colcon.colcon_core.event_handler.log_command:Invoked command in '/home/huang/ros2/ROS2/communication_mechanism/build/cpp_action' returned '0': CMAKE_PREFIX_PATH=/home/huang/ros2/ROS2/communication_mechanism/install/base_interface_demo:/home/huang/ros2/ROS2/geometry_tutorials/install/turtle_tf2_cpp:/home/huang/ros2/ROS2/geometry_tutorials/install/geometry_tutorials:/home/huang/ros2/ROS2/tools/install/cpp_rosbag:/home/huang/ros2/ROS2/tools/install/cpp_launch:/home/huang/ros2/ROS2/communication_mechanism/install/cpp_topic:/home/huang/ros2/ROS2/communication_mechanism/install/cpp_time:/home/huang/ros2/ROS2/communication_mechanism/install/cpp_server:/home/huang/ros2/ROS2/communication_mechanism/install/cpp_param:/home/huang/ros2/ROS2/communication_mechanism/install/cpp_action:/home/huang/ros2/ROS2/geometry_tutorials/install/turtle_tf2_py:/opt/ros/humble /usr/bin/cmake --install /home/huang/ros2/ROS2/communication_mechanism/build/cpp_action
[0.630s] Level 1:colcon.colcon_core.environment:checking '/home/huang/ros2/ROS2/communication_mechanism/install/cpp_action' for CMake config files
[0.630s] Level 1:colcon.colcon_core.shell:create_environment_hook('cpp_action', 'cmake_prefix_path')
[0.631s] INFO:colcon.colcon_core.shell:Creating environment hook '/home/huang/ros2/ROS2/communication_mechanism/install/cpp_action/share/cpp_action/hook/cmake_prefix_path.ps1'
[0.631s] INFO:colcon.colcon_core.shell:Creating environment descriptor '/home/huang/ros2/ROS2/communication_mechanism/install/cpp_action/share/cpp_action/hook/cmake_prefix_path.dsv'
[0.631s] INFO:colcon.colcon_core.shell:Creating environment hook '/home/huang/ros2/ROS2/communication_mechanism/install/cpp_action/share/cpp_action/hook/cmake_prefix_path.sh'
[0.631s] Level 1:colcon.colcon_core.environment:checking '/home/huang/ros2/ROS2/communication_mechanism/install/cpp_action/lib'
[0.631s] Level 1:colcon.colcon_core.environment:checking '/home/huang/ros2/ROS2/communication_mechanism/install/cpp_action/bin'
[0.631s] Level 1:colcon.colcon_core.environment:checking '/home/huang/ros2/ROS2/communication_mechanism/install/cpp_action/lib/pkgconfig/cpp_action.pc'
[0.631s] Level 1:colcon.colcon_core.environment:checking '/home/huang/ros2/ROS2/communication_mechanism/install/cpp_action/lib/python3.10/site-packages'
[0.631s] Level 1:colcon.colcon_core.environment:checking '/home/huang/ros2/ROS2/communication_mechanism/install/cpp_action/bin'
[0.632s] INFO:colcon.colcon_core.shell:Creating package script '/home/huang/ros2/ROS2/communication_mechanism/install/cpp_action/share/cpp_action/package.ps1'
[0.632s] INFO:colcon.colcon_core.shell:Creating package descriptor '/home/huang/ros2/ROS2/communication_mechanism/install/cpp_action/share/cpp_action/package.dsv'
[0.632s] INFO:colcon.colcon_core.shell:Creating package script '/home/huang/ros2/ROS2/communication_mechanism/install/cpp_action/share/cpp_action/package.sh'
[0.632s] INFO:colcon.colcon_core.shell:Creating package script '/home/huang/ros2/ROS2/communication_mechanism/install/cpp_action/share/cpp_action/package.bash'
[0.632s] INFO:colcon.colcon_core.shell:Creating package script '/home/huang/ros2/ROS2/communication_mechanism/install/cpp_action/share/cpp_action/package.zsh'
[0.632s] Level 1:colcon.colcon_core.environment:create_file_with_runtime_dependencies(/home/huang/ros2/ROS2/communication_mechanism/install/cpp_action/share/colcon-core/packages/cpp_action)
[0.633s] Level 1:colcon.colcon_core.environment:create_environment_scripts_only(cpp_server)
[0.633s] Level 1:colcon.colcon_core.environment:checking '/home/huang/ros2/ROS2/communication_mechanism/install/cpp_server' for CMake module files
[0.633s] DEBUG:colcon.colcon_core.event_handler.log_command:Invoked command in '/home/huang/ros2/ROS2/communication_mechanism/build/cpp_server' returned '0': CMAKE_PREFIX_PATH=/home/huang/ros2/ROS2/communication_mechanism/install/base_interface_demo:/home/huang/ros2/ROS2/geometry_tutorials/install/turtle_tf2_cpp:/home/huang/ros2/ROS2/geometry_tutorials/install/geometry_tutorials:/home/huang/ros2/ROS2/tools/install/cpp_rosbag:/home/huang/ros2/ROS2/tools/install/cpp_launch:/home/huang/ros2/ROS2/communication_mechanism/install/cpp_topic:/home/huang/ros2/ROS2/communication_mechanism/install/cpp_time:/home/huang/ros2/ROS2/communication_mechanism/install/cpp_server:/home/huang/ros2/ROS2/communication_mechanism/install/cpp_param:/home/huang/ros2/ROS2/communication_mechanism/install/cpp_action:/home/huang/ros2/ROS2/geometry_tutorials/install/turtle_tf2_py:/opt/ros/humble /usr/bin/cmake --install /home/huang/ros2/ROS2/communication_mechanism/build/cpp_server
[0.634s] Level 1:colcon.colcon_core.environment:checking '/home/huang/ros2/ROS2/communication_mechanism/install/cpp_server' for CMake config files
[0.634s] Level 1:colcon.colcon_core.shell:create_environment_hook('cpp_server', 'cmake_prefix_path')
[0.634s] INFO:colcon.colcon_core.shell:Creating environment hook '/home/huang/ros2/ROS2/communication_mechanism/install/cpp_server/share/cpp_server/hook/cmake_prefix_path.ps1'
[0.634s] INFO:colcon.colcon_core.shell:Creating environment descriptor '/home/huang/ros2/ROS2/communication_mechanism/install/cpp_server/share/cpp_server/hook/cmake_prefix_path.dsv'
[0.635s] INFO:colcon.colcon_core.shell:Creating environment hook '/home/huang/ros2/ROS2/communication_mechanism/install/cpp_server/share/cpp_server/hook/cmake_prefix_path.sh'
[0.635s] Level 1:colcon.colcon_core.environment:checking '/home/huang/ros2/ROS2/communication_mechanism/install/cpp_server/lib'
[0.635s] Level 1:colcon.colcon_core.environment:checking '/home/huang/ros2/ROS2/communication_mechanism/install/cpp_server/bin'
[0.635s] Level 1:colcon.colcon_core.environment:checking '/home/huang/ros2/ROS2/communication_mechanism/install/cpp_server/lib/pkgconfig/cpp_server.pc'
[0.635s] Level 1:colcon.colcon_core.environment:checking '/home/huang/ros2/ROS2/communication_mechanism/install/cpp_server/lib/python3.10/site-packages'
[0.635s] Level 1:colcon.colcon_core.environment:checking '/home/huang/ros2/ROS2/communication_mechanism/install/cpp_server/bin'
[0.636s] INFO:colcon.colcon_core.shell:Creating package script '/home/huang/ros2/ROS2/communication_mechanism/install/cpp_server/share/cpp_server/package.ps1'
[0.636s] INFO:colcon.colcon_core.shell:Creating package descriptor '/home/huang/ros2/ROS2/communication_mechanism/install/cpp_server/share/cpp_server/package.dsv'
[0.638s] INFO:colcon.colcon_core.shell:Creating package script '/home/huang/ros2/ROS2/communication_mechanism/install/cpp_server/share/cpp_server/package.sh'
[0.638s] INFO:colcon.colcon_core.shell:Creating package script '/home/huang/ros2/ROS2/communication_mechanism/install/cpp_server/share/cpp_server/package.bash'
[0.638s] INFO:colcon.colcon_core.shell:Creating package script '/home/huang/ros2/ROS2/communication_mechanism/install/cpp_server/share/cpp_server/package.zsh'
[0.638s] Level 1:colcon.colcon_core.environment:create_file_with_runtime_dependencies(/home/huang/ros2/ROS2/communication_mechanism/install/cpp_server/share/colcon-core/packages/cpp_server)
[0.639s] Level 1:colcon.colcon_core.environment:create_environment_scripts_only(cpp_topic)
[0.640s] Level 1:colcon.colcon_core.environment:checking '/home/huang/ros2/ROS2/communication_mechanism/install/cpp_topic' for CMake module files
[0.640s] DEBUG:colcon.colcon_core.event_handler.log_command:Invoked command in '/home/huang/ros2/ROS2/communication_mechanism/build/cpp_topic' returned '0': CMAKE_PREFIX_PATH=/home/huang/ros2/ROS2/communication_mechanism/install/base_interface_demo:/home/huang/ros2/ROS2/geometry_tutorials/install/turtle_tf2_cpp:/home/huang/ros2/ROS2/geometry_tutorials/install/geometry_tutorials:/home/huang/ros2/ROS2/tools/install/cpp_rosbag:/home/huang/ros2/ROS2/tools/install/cpp_launch:/home/huang/ros2/ROS2/communication_mechanism/install/cpp_topic:/home/huang/ros2/ROS2/communication_mechanism/install/cpp_time:/home/huang/ros2/ROS2/communication_mechanism/install/cpp_server:/home/huang/ros2/ROS2/communication_mechanism/install/cpp_param:/home/huang/ros2/ROS2/communication_mechanism/install/cpp_action:/home/huang/ros2/ROS2/geometry_tutorials/install/turtle_tf2_py:/opt/ros/humble /usr/bin/cmake --install /home/huang/ros2/ROS2/communication_mechanism/build/cpp_topic
[0.640s] Level 1:colcon.colcon_core.environment:checking '/home/huang/ros2/ROS2/communication_mechanism/install/cpp_topic' for CMake config files
[0.640s] Level 1:colcon.colcon_core.shell:create_environment_hook('cpp_topic', 'cmake_prefix_path')
[0.640s] INFO:colcon.colcon_core.shell:Creating environment hook '/home/huang/ros2/ROS2/communication_mechanism/install/cpp_topic/share/cpp_topic/hook/cmake_prefix_path.ps1'
[0.641s] INFO:colcon.colcon_core.shell:Creating environment descriptor '/home/huang/ros2/ROS2/communication_mechanism/install/cpp_topic/share/cpp_topic/hook/cmake_prefix_path.dsv'
[0.641s] INFO:colcon.colcon_core.shell:Creating environment hook '/home/huang/ros2/ROS2/communication_mechanism/install/cpp_topic/share/cpp_topic/hook/cmake_prefix_path.sh'
[0.641s] Level 1:colcon.colcon_core.environment:checking '/home/huang/ros2/ROS2/communication_mechanism/install/cpp_topic/lib'
[0.641s] Level 1:colcon.colcon_core.environment:checking '/home/huang/ros2/ROS2/communication_mechanism/install/cpp_topic/bin'
[0.641s] Level 1:colcon.colcon_core.environment:checking '/home/huang/ros2/ROS2/communication_mechanism/install/cpp_topic/lib/pkgconfig/cpp_topic.pc'
[0.641s] Level 1:colcon.colcon_core.environment:checking '/home/huang/ros2/ROS2/communication_mechanism/install/cpp_topic/lib/python3.10/site-packages'
[0.641s] Level 1:colcon.colcon_core.environment:checking '/home/huang/ros2/ROS2/communication_mechanism/install/cpp_topic/bin'
[0.641s] INFO:colcon.colcon_core.shell:Creating package script '/home/huang/ros2/ROS2/communication_mechanism/install/cpp_topic/share/cpp_topic/package.ps1'
[0.642s] INFO:colcon.colcon_core.shell:Creating package descriptor '/home/huang/ros2/ROS2/communication_mechanism/install/cpp_topic/share/cpp_topic/package.dsv'
[0.642s] INFO:colcon.colcon_core.shell:Creating package script '/home/huang/ros2/ROS2/communication_mechanism/install/cpp_topic/share/cpp_topic/package.sh'
[0.642s] INFO:colcon.colcon_core.shell:Creating package script '/home/huang/ros2/ROS2/communication_mechanism/install/cpp_topic/share/cpp_topic/package.bash'
[0.642s] INFO:colcon.colcon_core.shell:Creating package script '/home/huang/ros2/ROS2/communication_mechanism/install/cpp_topic/share/cpp_topic/package.zsh'
[0.642s] Level 1:colcon.colcon_core.environment:create_file_with_runtime_dependencies(/home/huang/ros2/ROS2/communication_mechanism/install/cpp_topic/share/colcon-core/packages/cpp_topic)
[0.646s] Level 1:colcon.colcon_core.environment:create_environment_scripts_only(cpp_action)
[0.646s] Level 1:colcon.colcon_core.environment:checking '/home/huang/ros2/ROS2/communication_mechanism/install/cpp_action' for CMake module files
[0.647s] Level 1:colcon.colcon_core.environment:checking '/home/huang/ros2/ROS2/communication_mechanism/install/cpp_action' for CMake config files
[0.647s] Level 1:colcon.colcon_core.shell:create_environment_hook('cpp_action', 'cmake_prefix_path')
[0.647s] INFO:colcon.colcon_core.shell:Creating environment hook '/home/huang/ros2/ROS2/communication_mechanism/install/cpp_action/share/cpp_action/hook/cmake_prefix_path.ps1'
[0.647s] INFO:colcon.colcon_core.shell:Creating environment descriptor '/home/huang/ros2/ROS2/communication_mechanism/install/cpp_action/share/cpp_action/hook/cmake_prefix_path.dsv'
[0.648s] INFO:colcon.colcon_core.shell:Creating environment hook '/home/huang/ros2/ROS2/communication_mechanism/install/cpp_action/share/cpp_action/hook/cmake_prefix_path.sh'
[0.648s] Level 1:colcon.colcon_core.environment:checking '/home/huang/ros2/ROS2/communication_mechanism/install/cpp_action/lib'
[0.648s] Level 1:colcon.colcon_core.environment:checking '/home/huang/ros2/ROS2/communication_mechanism/install/cpp_action/bin'
[0.648s] Level 1:colcon.colcon_core.environment:checking '/home/huang/ros2/ROS2/communication_mechanism/install/cpp_action/lib/pkgconfig/cpp_action.pc'
[0.648s] Level 1:colcon.colcon_core.environment:checking '/home/huang/ros2/ROS2/communication_mechanism/install/cpp_action/lib/python3.10/site-packages'
[0.649s] Level 1:colcon.colcon_core.environment:checking '/home/huang/ros2/ROS2/communication_mechanism/install/cpp_action/bin'
[0.649s] INFO:colcon.colcon_core.shell:Creating package script '/home/huang/ros2/ROS2/communication_mechanism/install/cpp_action/share/cpp_action/package.ps1'
[0.649s] INFO:colcon.colcon_core.shell:Creating package descriptor '/home/huang/ros2/ROS2/communication_mechanism/install/cpp_action/share/cpp_action/package.dsv'
[0.649s] INFO:colcon.colcon_core.shell:Creating package script '/home/huang/ros2/ROS2/communication_mechanism/install/cpp_action/share/cpp_action/package.sh'
[0.649s] INFO:colcon.colcon_core.shell:Creating package script '/home/huang/ros2/ROS2/communication_mechanism/install/cpp_action/share/cpp_action/package.bash'
[0.650s] INFO:colcon.colcon_core.shell:Creating package script '/home/huang/ros2/ROS2/communication_mechanism/install/cpp_action/share/cpp_action/package.zsh'
[0.650s] Level 1:colcon.colcon_core.environment:create_file_with_runtime_dependencies(/home/huang/ros2/ROS2/communication_mechanism/install/cpp_action/share/colcon-core/packages/cpp_action)
[0.650s] Level 1:colcon.colcon_core.environment:create_environment_scripts_only(cpp_server)
[0.651s] Level 1:colcon.colcon_core.environment:checking '/home/huang/ros2/ROS2/communication_mechanism/install/cpp_server' for CMake module files
[0.651s] Level 1:colcon.colcon_core.environment:checking '/home/huang/ros2/ROS2/communication_mechanism/install/cpp_server' for CMake config files
[0.651s] Level 1:colcon.colcon_core.shell:create_environment_hook('cpp_server', 'cmake_prefix_path')
[0.651s] INFO:colcon.colcon_core.shell:Creating environment hook '/home/huang/ros2/ROS2/communication_mechanism/install/cpp_server/share/cpp_server/hook/cmake_prefix_path.ps1'
[0.652s] INFO:colcon.colcon_core.shell:Creating environment descriptor '/home/huang/ros2/ROS2/communication_mechanism/install/cpp_server/share/cpp_server/hook/cmake_prefix_path.dsv'
[0.652s] INFO:colcon.colcon_core.shell:Creating environment hook '/home/huang/ros2/ROS2/communication_mechanism/install/cpp_server/share/cpp_server/hook/cmake_prefix_path.sh'
[0.652s] Level 1:colcon.colcon_core.environment:checking '/home/huang/ros2/ROS2/communication_mechanism/install/cpp_server/lib'
[0.652s] Level 1:colcon.colcon_core.environment:checking '/home/huang/ros2/ROS2/communication_mechanism/install/cpp_server/bin'
[0.652s] Level 1:colcon.colcon_core.environment:checking '/home/huang/ros2/ROS2/communication_mechanism/install/cpp_server/lib/pkgconfig/cpp_server.pc'
[0.652s] Level 1:colcon.colcon_core.environment:checking '/home/huang/ros2/ROS2/communication_mechanism/install/cpp_server/lib/python3.10/site-packages'
[0.652s] Level 1:colcon.colcon_core.environment:checking '/home/huang/ros2/ROS2/communication_mechanism/install/cpp_server/bin'
[0.652s] INFO:colcon.colcon_core.shell:Creating package script '/home/huang/ros2/ROS2/communication_mechanism/install/cpp_server/share/cpp_server/package.ps1'
[0.653s] INFO:colcon.colcon_core.shell:Creating package descriptor '/home/huang/ros2/ROS2/communication_mechanism/install/cpp_server/share/cpp_server/package.dsv'
[0.653s] INFO:colcon.colcon_core.shell:Creating package script '/home/huang/ros2/ROS2/communication_mechanism/install/cpp_server/share/cpp_server/package.sh'
[0.653s] INFO:colcon.colcon_core.shell:Creating package script '/home/huang/ros2/ROS2/communication_mechanism/install/cpp_server/share/cpp_server/package.bash'
[0.653s] INFO:colcon.colcon_core.shell:Creating package script '/home/huang/ros2/ROS2/communication_mechanism/install/cpp_server/share/cpp_server/package.zsh'
[0.653s] Level 1:colcon.colcon_core.environment:create_file_with_runtime_dependencies(/home/huang/ros2/ROS2/communication_mechanism/install/cpp_server/share/colcon-core/packages/cpp_server)
[0.656s] Level 1:colcon.colcon_core.environment:create_environment_scripts_only(cpp_topic)
[0.657s] Level 1:colcon.colcon_core.environment:checking '/home/huang/ros2/ROS2/communication_mechanism/install/cpp_topic' for CMake module files
[0.657s] Level 1:colcon.colcon_core.environment:checking '/home/huang/ros2/ROS2/communication_mechanism/install/cpp_topic' for CMake config files
[0.657s] Level 1:colcon.colcon_core.shell:create_environment_hook('cpp_topic', 'cmake_prefix_path')
[0.657s] INFO:colcon.colcon_core.shell:Creating environment hook '/home/huang/ros2/ROS2/communication_mechanism/install/cpp_topic/share/cpp_topic/hook/cmake_prefix_path.ps1'
[0.657s] INFO:colcon.colcon_core.shell:Creating environment descriptor '/home/huang/ros2/ROS2/communication_mechanism/install/cpp_topic/share/cpp_topic/hook/cmake_prefix_path.dsv'
[0.657s] INFO:colcon.colcon_core.shell:Creating environment hook '/home/huang/ros2/ROS2/communication_mechanism/install/cpp_topic/share/cpp_topic/hook/cmake_prefix_path.sh'
[0.658s] Level 1:colcon.colcon_core.environment:checking '/home/huang/ros2/ROS2/communication_mechanism/install/cpp_topic/lib'
[0.658s] Level 1:colcon.colcon_core.environment:checking '/home/huang/ros2/ROS2/communication_mechanism/install/cpp_topic/bin'
[0.658s] Level 1:colcon.colcon_core.environment:checking '/home/huang/ros2/ROS2/communication_mechanism/install/cpp_topic/lib/pkgconfig/cpp_topic.pc'
[0.658s] Level 1:colcon.colcon_core.environment:checking '/home/huang/ros2/ROS2/communication_mechanism/install/cpp_topic/lib/python3.10/site-packages'
[0.658s] Level 1:colcon.colcon_core.environment:checking '/home/huang/ros2/ROS2/communication_mechanism/install/cpp_topic/bin'
[0.658s] INFO:colcon.colcon_core.shell:Creating package script '/home/huang/ros2/ROS2/communication_mechanism/install/cpp_topic/share/cpp_topic/package.ps1'
[0.658s] INFO:colcon.colcon_core.shell:Creating package descriptor '/home/huang/ros2/ROS2/communication_mechanism/install/cpp_topic/share/cpp_topic/package.dsv'
[0.658s] INFO:colcon.colcon_core.shell:Creating package script '/home/huang/ros2/ROS2/communication_mechanism/install/cpp_topic/share/cpp_topic/package.sh'
[0.659s] INFO:colcon.colcon_core.shell:Creating package script '/home/huang/ros2/ROS2/communication_mechanism/install/cpp_topic/share/cpp_topic/package.bash'
[0.659s] INFO:colcon.colcon_core.shell:Creating package script '/home/huang/ros2/ROS2/communication_mechanism/install/cpp_topic/share/cpp_topic/package.zsh'
[0.659s] Level 1:colcon.colcon_core.environment:create_file_with_runtime_dependencies(/home/huang/ros2/ROS2/communication_mechanism/install/cpp_topic/share/colcon-core/packages/cpp_topic)
[0.659s] DEBUG:colcon.colcon_parallel_executor.executor.parallel:closing loop
[0.660s] DEBUG:colcon.colcon_parallel_executor.executor.parallel:loop closed
[0.660s] DEBUG:colcon.colcon_parallel_executor.executor.parallel:run_until_complete finished with '0'
[0.660s] DEBUG:colcon.colcon_core.event_reactor:joining thread
[0.673s] INFO:colcon.colcon_core.plugin_system:Skipping extension 'colcon_notification.desktop_notification.notify_send': Could not find 'notify-send'
[0.673s] INFO:colcon.colcon_core.plugin_system:Skipping extension 'colcon_notification.desktop_notification.terminal_notifier': Not used on non-Darwin systems
[0.673s] INFO:colcon.colcon_core.plugin_system:Skipping extension 'colcon_notification.desktop_notification.win32': Not used on non-Windows systems
[0.673s] INFO:colcon.colcon_notification.desktop_notification:Sending desktop notification using 'notify2'
[0.674s] DEBUG:colcon.colcon_notification.desktop_notification.notify2:Failed to initialize notify2: org.freedesktop.DBus.Error.ServiceUnknown: The name org.freedesktop.Notifications was not provided by any .service files
[0.674s] DEBUG:colcon.colcon_core.event_reactor:joined thread
[0.674s] INFO:colcon.colcon_core.shell:Creating prefix script '/home/huang/ros2/ROS2/communication_mechanism/install/local_setup.ps1'
[0.675s] INFO:colcon.colcon_core.shell:Creating prefix util module '/home/huang/ros2/ROS2/communication_mechanism/install/_local_setup_util_ps1.py'
[0.675s] INFO:colcon.colcon_core.shell:Creating prefix chain script '/home/huang/ros2/ROS2/communication_mechanism/install/setup.ps1'
[0.676s] INFO:colcon.colcon_core.shell:Creating prefix script '/home/huang/ros2/ROS2/communication_mechanism/install/local_setup.sh'
[0.676s] INFO:colcon.colcon_core.shell:Creating prefix util module '/home/huang/ros2/ROS2/communication_mechanism/install/_local_setup_util_sh.py'
[0.677s] INFO:colcon.colcon_core.shell:Creating prefix chain script '/home/huang/ros2/ROS2/communication_mechanism/install/setup.sh'
[0.677s] INFO:colcon.colcon_core.shell:Creating prefix script '/home/huang/ros2/ROS2/communication_mechanism/install/local_setup.bash'
[0.678s] INFO:colcon.colcon_core.shell:Creating prefix chain script '/home/huang/ros2/ROS2/communication_mechanism/install/setup.bash'
[0.678s] INFO:colcon.colcon_core.shell:Creating prefix script '/home/huang/ros2/ROS2/communication_mechanism/install/local_setup.zsh'
[0.679s] INFO:colcon.colcon_core.shell:Creating prefix chain script '/home/huang/ros2/ROS2/communication_mechanism/install/setup.zsh'
