[0.009s] Invoking command in '/home/ros/ROS2/turtle/build/exercise': CMAKE_PREFIX_PATH=${CMAKE_PREFIX_PATH}:/opt/ros/humble /usr/bin/cmake --build /home/ros/ROS2/turtle/build/exercise -- -j20 -l20
[0.029s] [35m[1mConsolidate compiler generated dependencies of target exe_action[0m
[0.036s] [ 50%] Built target exe_pub_sub
[0.039s] [ 75%] [32mBuilding CXX object CMakeFiles/exe_action.dir/src/exe_action.cpp.o[0m
[2.054s] [100%] [32m[1mLinking CXX executable exe_action[0m
[2.284s] [100%] Built target exe_action
[2.290s] Invoked command in '/home/ros/ROS2/turtle/build/exercise' returned '0': CMAKE_PREFIX_PATH=${CMAKE_PREFIX_PATH}:/opt/ros/humble /usr/bin/cmake --build /home/ros/ROS2/turtle/build/exercise -- -j20 -l20
[2.307s] Invoking command in '/home/ros/ROS2/turtle/build/exercise': CMAKE_PREFIX_PATH=${CMAKE_PREFIX_PATH}:/opt/ros/humble /usr/bin/cmake --install /home/ros/ROS2/turtle/build/exercise
[2.310s] -- Install configuration: ""
[2.310s] -- Up-to-date: /home/ros/ROS2/turtle/install/exercise/lib/exercise/exe_pub_sub
[2.310s] -- Installing: /home/ros/ROS2/turtle/install/exercise/lib/exercise/exe_action
[2.311s] -- Set runtime path of "/home/ros/ROS2/turtle/install/exercise/lib/exercise/exe_action" to ""
[2.311s] -- Up-to-date: /home/ros/ROS2/turtle/install/exercise/share/exercise/launch
[2.311s] -- Up-to-date: /home/ros/ROS2/turtle/install/exercise/share/exercise/launch/exe_pub_sub.launch.py
[2.311s] -- Up-to-date: /home/ros/ROS2/turtle/install/exercise/share/ament_index/resource_index/package_run_dependencies/exercise
[2.311s] -- Up-to-date: /home/ros/ROS2/turtle/install/exercise/share/ament_index/resource_index/parent_prefix_path/exercise
[2.311s] -- Up-to-date: /home/ros/ROS2/turtle/install/exercise/share/exercise/environment/ament_prefix_path.sh
[2.312s] -- Up-to-date: /home/ros/ROS2/turtle/install/exercise/share/exercise/environment/ament_prefix_path.dsv
[2.312s] -- Up-to-date: /home/ros/ROS2/turtle/install/exercise/share/exercise/environment/path.sh
[2.312s] -- Up-to-date: /home/ros/ROS2/turtle/install/exercise/share/exercise/environment/path.dsv
[2.312s] -- Up-to-date: /home/ros/ROS2/turtle/install/exercise/share/exercise/local_setup.bash
[2.312s] -- Up-to-date: /home/ros/ROS2/turtle/install/exercise/share/exercise/local_setup.sh
[2.312s] -- Up-to-date: /home/ros/ROS2/turtle/install/exercise/share/exercise/local_setup.zsh
[2.312s] -- Up-to-date: /home/ros/ROS2/turtle/install/exercise/share/exercise/local_setup.dsv
[2.312s] -- Installing: /home/ros/ROS2/turtle/install/exercise/share/exercise/package.dsv
[2.312s] -- Up-to-date: /home/ros/ROS2/turtle/install/exercise/share/ament_index/resource_index/packages/exercise
[2.312s] -- Up-to-date: /home/ros/ROS2/turtle/install/exercise/share/exercise/cmake/exerciseConfig.cmake
[2.312s] -- Up-to-date: /home/ros/ROS2/turtle/install/exercise/share/exercise/cmake/exerciseConfig-version.cmake
[2.312s] -- Up-to-date: /home/ros/ROS2/turtle/install/exercise/share/exercise/package.xml
[2.313s] Invoked command in '/home/ros/ROS2/turtle/build/exercise' returned '0': CMAKE_PREFIX_PATH=${CMAKE_PREFIX_PATH}:/opt/ros/humble /usr/bin/cmake --install /home/ros/ROS2/turtle/build/exercise
