[0.148s] Invoking command in '/home/ros/ROS2/communication_mechanism/build/cpp_action': CMAKE_PREFIX_PATH=/home/ros/ROS2/communication_mechanism/install/base_interface_demo:/home/ros/ROS2/communication_mechanism/install/cpp_topic:/home/ros/ROS2/communication_mechanism/install/cpp_server:/home/ros/ROS2/communication_mechanism/install/cpp_action:/opt/ros/humble /usr/bin/cmake --build /home/ros/ROS2/communication_mechanism/build/cpp_action -- -j20 -l20
[0.173s] [35m[1mConsolidate compiler generated dependencies of target cpp_action_client[0m
[0.179s] [ 33%] Built target cpp_action_server
[0.180s] [ 66%] Built target minimal_action_client
[0.183s] [ 83%] [32mBuilding CXX object CMakeFiles/cpp_action_client.dir/src/cpp_action_client.cpp.o[0m
[2.536s] [100%] [32m[1mLinking CXX executable cpp_action_client[0m
[2.776s] [100%] Built target cpp_action_client
[2.782s] Invoked command in '/home/ros/ROS2/communication_mechanism/build/cpp_action' returned '0': CMAKE_PREFIX_PATH=/home/ros/ROS2/communication_mechanism/install/base_interface_demo:/home/ros/ROS2/communication_mechanism/install/cpp_topic:/home/ros/ROS2/communication_mechanism/install/cpp_server:/home/ros/ROS2/communication_mechanism/install/cpp_action:/opt/ros/humble /usr/bin/cmake --build /home/ros/ROS2/communication_mechanism/build/cpp_action -- -j20 -l20
[2.804s] Invoking command in '/home/ros/ROS2/communication_mechanism/build/cpp_action': CMAKE_PREFIX_PATH=/home/ros/ROS2/communication_mechanism/install/base_interface_demo:/home/ros/ROS2/communication_mechanism/install/cpp_topic:/home/ros/ROS2/communication_mechanism/install/cpp_server:/home/ros/ROS2/communication_mechanism/install/cpp_action:/opt/ros/humble /usr/bin/cmake --install /home/ros/ROS2/communication_mechanism/build/cpp_action
[2.808s] -- Install configuration: ""
[2.808s] -- Up-to-date: /home/ros/ROS2/communication_mechanism/install/cpp_action/lib/cpp_action/cpp_action_server
[2.808s] -- Installing: /home/ros/ROS2/communication_mechanism/install/cpp_action/lib/cpp_action/cpp_action_client
[2.809s] -- Set runtime path of "/home/ros/ROS2/communication_mechanism/install/cpp_action/lib/cpp_action/cpp_action_client" to ""
[2.809s] -- Up-to-date: /home/ros/ROS2/communication_mechanism/install/cpp_action/lib/cpp_action/minimal_action_client
[2.809s] -- Up-to-date: /home/ros/ROS2/communication_mechanism/install/cpp_action/share/ament_index/resource_index/package_run_dependencies/cpp_action
[2.809s] -- Up-to-date: /home/ros/ROS2/communication_mechanism/install/cpp_action/share/ament_index/resource_index/parent_prefix_path/cpp_action
[2.809s] -- Up-to-date: /home/ros/ROS2/communication_mechanism/install/cpp_action/share/cpp_action/environment/ament_prefix_path.sh
[2.809s] -- Up-to-date: /home/ros/ROS2/communication_mechanism/install/cpp_action/share/cpp_action/environment/ament_prefix_path.dsv
[2.809s] -- Up-to-date: /home/ros/ROS2/communication_mechanism/install/cpp_action/share/cpp_action/environment/path.sh
[2.809s] -- Up-to-date: /home/ros/ROS2/communication_mechanism/install/cpp_action/share/cpp_action/environment/path.dsv
[2.809s] -- Up-to-date: /home/ros/ROS2/communication_mechanism/install/cpp_action/share/cpp_action/local_setup.bash
[2.810s] -- Up-to-date: /home/ros/ROS2/communication_mechanism/install/cpp_action/share/cpp_action/local_setup.sh
[2.810s] -- Up-to-date: /home/ros/ROS2/communication_mechanism/install/cpp_action/share/cpp_action/local_setup.zsh
[2.810s] -- Up-to-date: /home/ros/ROS2/communication_mechanism/install/cpp_action/share/cpp_action/local_setup.dsv
[2.810s] -- Installing: /home/ros/ROS2/communication_mechanism/install/cpp_action/share/cpp_action/package.dsv
[2.810s] -- Up-to-date: /home/ros/ROS2/communication_mechanism/install/cpp_action/share/ament_index/resource_index/packages/cpp_action
[2.810s] -- Up-to-date: /home/ros/ROS2/communication_mechanism/install/cpp_action/share/cpp_action/cmake/cpp_actionConfig.cmake
[2.810s] -- Up-to-date: /home/ros/ROS2/communication_mechanism/install/cpp_action/share/cpp_action/cmake/cpp_actionConfig-version.cmake
[2.810s] -- Up-to-date: /home/ros/ROS2/communication_mechanism/install/cpp_action/share/cpp_action/package.xml
[2.810s] Invoked command in '/home/ros/ROS2/communication_mechanism/build/cpp_action' returned '0': CMAKE_PREFIX_PATH=/home/ros/ROS2/communication_mechanism/install/base_interface_demo:/home/ros/ROS2/communication_mechanism/install/cpp_topic:/home/ros/ROS2/communication_mechanism/install/cpp_server:/home/ros/ROS2/communication_mechanism/install/cpp_action:/opt/ros/humble /usr/bin/cmake --install /home/ros/ROS2/communication_mechanism/build/cpp_action
