-- Found ament_cmake: 1.3.8 (/opt/ros/humble/share/ament_cmake/cmake)
-- Found rclcpp: 16.0.8 (/opt/ros/humble/share/rclcpp/cmake)
-- Found rosidl_generator_c: 3.1.5 (/opt/ros/humble/share/rosidl_generator_c/cmake)
-- Found rosidl_adapter: 3.1.5 (/opt/ros/humble/share/rosidl_adapter/cmake)
-- Found rosidl_generator_cpp: 3.1.5 (/opt/ros/humble/share/rosidl_generator_cpp/cmake)
-- Using all available rosidl_typesupport_c: rosidl_typesupport_fastrtps_c;rosidl_typesupport_introspection_c
-- Using all available rosidl_typesupport_cpp: rosidl_typesupport_fastrtps_cpp;rosidl_typesupport_introspection_cpp
-- Found rmw_implementation_cmake: 6.1.1 (/opt/ros/humble/share/rmw_implementation_cmake/cmake)
-- Found rmw_fastrtps_cpp: 6.2.6 (/opt/ros/humble/share/rmw_fastrtps_cpp/cmake)
-- Using RMW implementation 'rmw_fastrtps_cpp' as default
-- Found base_interface_demo: 0.0.0 (/home/ros/ROS2/communication_mechanism/install/base_interface_demo/share/base_interface_demo/cmake)
-- Found ament_lint_auto: 0.12.10 (/opt/ros/humble/share/ament_lint_auto/cmake)
-- Added test 'cppcheck' to perform static code analysis on C / C++ code
-- Configured cppcheck include dirs: $<BUILD_INTERFACE:/home/ros/ROS2/communication_mechanism/src/cpp_topic/include>
-- Configured cppcheck exclude dirs and/or files: 
-- Added test 'lint_cmake' to check CMake code style
-- Added test 'uncrustify' to check C / C++ code style
-- Configured uncrustify additional arguments: 
-- Added test 'xmllint' to check XML markup files
-- Configuring done
-- Generating done
-- Build files have been written to: /home/ros/ROS2/communication_mechanism/build/cpp_topic
[35m[1mConsolidate compiler generated dependencies of target cpp_topic_listener[0m
[35m[1mConsolidate compiler generated dependencies of target cpp_topic_talker[0m
[35m[1mConsolidate compiler generated dependencies of target cpp_topic_talker_define[0m
[35m[1mConsolidate compiler generated dependencies of target cpp_topic_listener_define[0m
[ 12%] [32mBuilding CXX object CMakeFiles/cpp_topic_talker_define.dir/src/cpp_topic_talker_define.cpp.o[0m
[ 50%] [32mBuilding CXX object CMakeFiles/cpp_topic_listener.dir/src/cpp_topic_listener.cpp.o[0m
[ 50%] [32mBuilding CXX object CMakeFiles/cpp_topic_listener_define.dir/src/cpp_topic_listener_define.cpp.o[0m
[ 50%] [32mBuilding CXX object CMakeFiles/cpp_topic_talker.dir/src/cpp_topic_talker.cpp.o[0m
[ 62%] [32m[1mLinking CXX executable cpp_topic_talker[0m
[ 75%] [32m[1mLinking CXX executable cpp_topic_talker_define[0m
[ 75%] Built target cpp_topic_talker_define
[ 75%] Built target cpp_topic_talker
[ 87%] [32m[1mLinking CXX executable cpp_topic_listener_define[0m
[100%] [32m[1mLinking CXX executable cpp_topic_listener[0m
[100%] Built target cpp_topic_listener
[100%] Built target cpp_topic_listener_define
-- Install configuration: ""
-- Installing: /home/ros/ROS2/communication_mechanism/install/cpp_topic/lib/cpp_topic/cpp_topic_talker
-- Set runtime path of "/home/ros/ROS2/communication_mechanism/install/cpp_topic/lib/cpp_topic/cpp_topic_talker" to ""
-- Installing: /home/ros/ROS2/communication_mechanism/install/cpp_topic/lib/cpp_topic/cpp_topic_listener
-- Set runtime path of "/home/ros/ROS2/communication_mechanism/install/cpp_topic/lib/cpp_topic/cpp_topic_listener" to ""
-- Installing: /home/ros/ROS2/communication_mechanism/install/cpp_topic/lib/cpp_topic/cpp_topic_talker_define
-- Set runtime path of "/home/ros/ROS2/communication_mechanism/install/cpp_topic/lib/cpp_topic/cpp_topic_talker_define" to ""
-- Installing: /home/ros/ROS2/communication_mechanism/install/cpp_topic/lib/cpp_topic/cpp_topic_listener_define
-- Set runtime path of "/home/ros/ROS2/communication_mechanism/install/cpp_topic/lib/cpp_topic/cpp_topic_listener_define" to ""
-- Up-to-date: /home/ros/ROS2/communication_mechanism/install/cpp_topic/share/ament_index/resource_index/package_run_dependencies/cpp_topic
-- Installing: /home/ros/ROS2/communication_mechanism/install/cpp_topic/share/ament_index/resource_index/parent_prefix_path/cpp_topic
-- Up-to-date: /home/ros/ROS2/communication_mechanism/install/cpp_topic/share/cpp_topic/environment/ament_prefix_path.sh
-- Installing: /home/ros/ROS2/communication_mechanism/install/cpp_topic/share/cpp_topic/environment/ament_prefix_path.dsv
-- Up-to-date: /home/ros/ROS2/communication_mechanism/install/cpp_topic/share/cpp_topic/environment/path.sh
-- Installing: /home/ros/ROS2/communication_mechanism/install/cpp_topic/share/cpp_topic/environment/path.dsv
-- Up-to-date: /home/ros/ROS2/communication_mechanism/install/cpp_topic/share/cpp_topic/local_setup.bash
-- Up-to-date: /home/ros/ROS2/communication_mechanism/install/cpp_topic/share/cpp_topic/local_setup.sh
-- Up-to-date: /home/ros/ROS2/communication_mechanism/install/cpp_topic/share/cpp_topic/local_setup.zsh
-- Installing: /home/ros/ROS2/communication_mechanism/install/cpp_topic/share/cpp_topic/local_setup.dsv
-- Installing: /home/ros/ROS2/communication_mechanism/install/cpp_topic/share/cpp_topic/package.dsv
-- Up-to-date: /home/ros/ROS2/communication_mechanism/install/cpp_topic/share/ament_index/resource_index/packages/cpp_topic
-- Up-to-date: /home/ros/ROS2/communication_mechanism/install/cpp_topic/share/cpp_topic/cmake/cpp_topicConfig.cmake
-- Up-to-date: /home/ros/ROS2/communication_mechanism/install/cpp_topic/share/cpp_topic/cmake/cpp_topicConfig-version.cmake
-- Up-to-date: /home/ros/ROS2/communication_mechanism/install/cpp_topic/share/cpp_topic/package.xml
