[0.116s] Invoking command in '/home/ros/ROS2/communication_mechanism/build/cpp_topic': CMAKE_PREFIX_PATH=/home/ros/ROS2/communication_mechanism/install/base_interface_demo:/home/ros/ROS2/communication_mechanism/install/cpp_topic:/home/ros/ROS2/communication_mechanism/install/cpp_server:/home/ros/ROS2/communication_mechanism/install/cpp_action:/opt/ros/humble WSLENV=ELECTRON_RUN_AS_NODE/w:WT_SESSION:WT_PROFILE_ID: /usr/bin/cmake --build /home/ros/ROS2/communication_mechanism/build/cpp_topic -- -j20 -l20
[0.129s] -- Found ament_cmake: 1.3.8 (/opt/ros/humble/share/ament_cmake/cmake)
[0.206s] -- Found rclcpp: 16.0.8 (/opt/ros/humble/share/rclcpp/cmake)
[0.347s] -- Found rosidl_generator_c: 3.1.5 (/opt/ros/humble/share/rosidl_generator_c/cmake)
[0.348s] -- Found rosidl_adapter: 3.1.5 (/opt/ros/humble/share/rosidl_adapter/cmake)
[0.352s] -- Found rosidl_generator_cpp: 3.1.5 (/opt/ros/humble/share/rosidl_generator_cpp/cmake)
[0.359s] -- Using all available rosidl_typesupport_c: rosidl_typesupport_fastrtps_c;rosidl_typesupport_introspection_c
[0.368s] -- Using all available rosidl_typesupport_cpp: rosidl_typesupport_fastrtps_cpp;rosidl_typesupport_introspection_cpp
[0.402s] -- Found rmw_implementation_cmake: 6.1.1 (/opt/ros/humble/share/rmw_implementation_cmake/cmake)
[0.403s] -- Found rmw_fastrtps_cpp: 6.2.6 (/opt/ros/humble/share/rmw_fastrtps_cpp/cmake)
[7.125s] -- Using RMW implementation 'rmw_fastrtps_cpp' as default
[7.215s] -- Found base_interface_demo: 0.0.0 (/home/ros/ROS2/communication_mechanism/install/base_interface_demo/share/base_interface_demo/cmake)
[7.294s] -- Found ament_lint_auto: 0.12.10 (/opt/ros/humble/share/ament_lint_auto/cmake)
[7.338s] -- Added test 'cppcheck' to perform static code analysis on C / C++ code
[7.338s] -- Configured cppcheck include dirs: $<BUILD_INTERFACE:/home/ros/ROS2/communication_mechanism/src/cpp_topic/include>
[7.338s] -- Configured cppcheck exclude dirs and/or files: 
[7.338s] -- Added test 'lint_cmake' to check CMake code style
[7.339s] -- Added test 'uncrustify' to check C / C++ code style
[7.339s] -- Configured uncrustify additional arguments: 
[7.339s] -- Added test 'xmllint' to check XML markup files
[7.340s] -- Configuring done
[7.353s] -- Generating done
[7.355s] -- Build files have been written to: /home/ros/ROS2/communication_mechanism/build/cpp_topic
[7.370s] [35m[1mConsolidate compiler generated dependencies of target cpp_topic_listener[0m
[7.371s] [35m[1mConsolidate compiler generated dependencies of target cpp_topic_talker[0m
[7.372s] [35m[1mConsolidate compiler generated dependencies of target cpp_topic_talker_define[0m
[7.372s] [35m[1mConsolidate compiler generated dependencies of target cpp_topic_listener_define[0m
[7.382s] [ 12%] [32mBuilding CXX object CMakeFiles/cpp_topic_talker_define.dir/src/cpp_topic_talker_define.cpp.o[0m
[7.382s] [ 50%] [32mBuilding CXX object CMakeFiles/cpp_topic_listener.dir/src/cpp_topic_listener.cpp.o[0m
[7.382s] [ 50%] [32mBuilding CXX object CMakeFiles/cpp_topic_listener_define.dir/src/cpp_topic_listener_define.cpp.o[0m
[7.382s] [ 50%] [32mBuilding CXX object CMakeFiles/cpp_topic_talker.dir/src/cpp_topic_talker.cpp.o[0m
[10.376s] [ 62%] [32m[1mLinking CXX executable cpp_topic_talker[0m
[10.378s] [ 75%] [32m[1mLinking CXX executable cpp_topic_talker_define[0m
[10.612s] [ 75%] Built target cpp_topic_talker_define
[10.628s] [ 75%] Built target cpp_topic_talker
[12.701s] [ 87%] [32m[1mLinking CXX executable cpp_topic_listener_define[0m
[12.701s] [100%] [32m[1mLinking CXX executable cpp_topic_listener[0m
[13.036s] [100%] Built target cpp_topic_listener
[13.036s] [100%] Built target cpp_topic_listener_define
[13.042s] Invoked command in '/home/ros/ROS2/communication_mechanism/build/cpp_topic' returned '0': CMAKE_PREFIX_PATH=/home/ros/ROS2/communication_mechanism/install/base_interface_demo:/home/ros/ROS2/communication_mechanism/install/cpp_topic:/home/ros/ROS2/communication_mechanism/install/cpp_server:/home/ros/ROS2/communication_mechanism/install/cpp_action:/opt/ros/humble WSLENV=ELECTRON_RUN_AS_NODE/w:WT_SESSION:WT_PROFILE_ID: /usr/bin/cmake --build /home/ros/ROS2/communication_mechanism/build/cpp_topic -- -j20 -l20
[13.060s] Invoking command in '/home/ros/ROS2/communication_mechanism/build/cpp_topic': CMAKE_PREFIX_PATH=/home/ros/ROS2/communication_mechanism/install/base_interface_demo:/home/ros/ROS2/communication_mechanism/install/cpp_topic:/home/ros/ROS2/communication_mechanism/install/cpp_server:/home/ros/ROS2/communication_mechanism/install/cpp_action:/opt/ros/humble WSLENV=ELECTRON_RUN_AS_NODE/w:WT_SESSION:WT_PROFILE_ID: /usr/bin/cmake --install /home/ros/ROS2/communication_mechanism/build/cpp_topic
[13.064s] -- Install configuration: ""
[13.065s] -- Installing: /home/ros/ROS2/communication_mechanism/install/cpp_topic/lib/cpp_topic/cpp_topic_talker
[13.065s] -- Set runtime path of "/home/ros/ROS2/communication_mechanism/install/cpp_topic/lib/cpp_topic/cpp_topic_talker" to ""
[13.066s] -- Installing: /home/ros/ROS2/communication_mechanism/install/cpp_topic/lib/cpp_topic/cpp_topic_listener
[13.068s] -- Set runtime path of "/home/ros/ROS2/communication_mechanism/install/cpp_topic/lib/cpp_topic/cpp_topic_listener" to ""
[13.068s] -- Installing: /home/ros/ROS2/communication_mechanism/install/cpp_topic/lib/cpp_topic/cpp_topic_talker_define
[13.069s] -- Set runtime path of "/home/ros/ROS2/communication_mechanism/install/cpp_topic/lib/cpp_topic/cpp_topic_talker_define" to ""
[13.070s] -- Installing: /home/ros/ROS2/communication_mechanism/install/cpp_topic/lib/cpp_topic/cpp_topic_listener_define
[13.072s] -- Set runtime path of "/home/ros/ROS2/communication_mechanism/install/cpp_topic/lib/cpp_topic/cpp_topic_listener_define" to ""
[13.072s] -- Up-to-date: /home/ros/ROS2/communication_mechanism/install/cpp_topic/share/ament_index/resource_index/package_run_dependencies/cpp_topic
[13.072s] -- Installing: /home/ros/ROS2/communication_mechanism/install/cpp_topic/share/ament_index/resource_index/parent_prefix_path/cpp_topic
[13.072s] -- Up-to-date: /home/ros/ROS2/communication_mechanism/install/cpp_topic/share/cpp_topic/environment/ament_prefix_path.sh
[13.073s] -- Installing: /home/ros/ROS2/communication_mechanism/install/cpp_topic/share/cpp_topic/environment/ament_prefix_path.dsv
[13.073s] -- Up-to-date: /home/ros/ROS2/communication_mechanism/install/cpp_topic/share/cpp_topic/environment/path.sh
[13.073s] -- Installing: /home/ros/ROS2/communication_mechanism/install/cpp_topic/share/cpp_topic/environment/path.dsv
[13.073s] -- Up-to-date: /home/ros/ROS2/communication_mechanism/install/cpp_topic/share/cpp_topic/local_setup.bash
[13.073s] -- Up-to-date: /home/ros/ROS2/communication_mechanism/install/cpp_topic/share/cpp_topic/local_setup.sh
[13.073s] -- Up-to-date: /home/ros/ROS2/communication_mechanism/install/cpp_topic/share/cpp_topic/local_setup.zsh
[13.073s] -- Installing: /home/ros/ROS2/communication_mechanism/install/cpp_topic/share/cpp_topic/local_setup.dsv
[13.073s] -- Installing: /home/ros/ROS2/communication_mechanism/install/cpp_topic/share/cpp_topic/package.dsv
[13.073s] -- Up-to-date: /home/ros/ROS2/communication_mechanism/install/cpp_topic/share/ament_index/resource_index/packages/cpp_topic
[13.073s] -- Up-to-date: /home/ros/ROS2/communication_mechanism/install/cpp_topic/share/cpp_topic/cmake/cpp_topicConfig.cmake
[13.073s] -- Up-to-date: /home/ros/ROS2/communication_mechanism/install/cpp_topic/share/cpp_topic/cmake/cpp_topicConfig-version.cmake
[13.074s] -- Up-to-date: /home/ros/ROS2/communication_mechanism/install/cpp_topic/share/cpp_topic/package.xml
[13.075s] Invoked command in '/home/ros/ROS2/communication_mechanism/build/cpp_topic' returned '0': CMAKE_PREFIX_PATH=/home/ros/ROS2/communication_mechanism/install/base_interface_demo:/home/ros/ROS2/communication_mechanism/install/cpp_topic:/home/ros/ROS2/communication_mechanism/install/cpp_server:/home/ros/ROS2/communication_mechanism/install/cpp_action:/opt/ros/humble WSLENV=ELECTRON_RUN_AS_NODE/w:WT_SESSION:WT_PROFILE_ID: /usr/bin/cmake --install /home/ros/ROS2/communication_mechanism/build/cpp_topic
