[0.158s] Invoking command in '/home/ros/ROS2/communication_mechanism/build/cpp_action': CMAKE_PREFIX_PATH=/home/ros/ROS2/communication_mechanism/install/base_interface_demo:/home/ros/ROS2/communication_mechanism/install/cpp_topic:/home/ros/ROS2/communication_mechanism/install/cpp_server:/home/ros/ROS2/communication_mechanism/install/cpp_action:/opt/ros/humble WSLENV=ELECTRON_RUN_AS_NODE/w:WT_SESSION:WT_PROFILE_ID: /usr/bin/cmake --build /home/ros/ROS2/communication_mechanism/build/cpp_action -- -j20 -l20
[0.180s] [35m[1mConsolidate compiler generated dependencies of target cpp_action_server[0m
[0.186s] [ 50%] Built target cpp_action_client
[0.189s] [ 75%] [32mBuilding CXX object CMakeFiles/cpp_action_server.dir/src/cpp_action_server.cpp.o[0m
[2.216s] [100%] [32m[1mLinking CXX executable cpp_action_server[0m
[2.438s] [100%] Built target cpp_action_server
[2.445s] Invoked command in '/home/ros/ROS2/communication_mechanism/build/cpp_action' returned '0': CMAKE_PREFIX_PATH=/home/ros/ROS2/communication_mechanism/install/base_interface_demo:/home/ros/ROS2/communication_mechanism/install/cpp_topic:/home/ros/ROS2/communication_mechanism/install/cpp_server:/home/ros/ROS2/communication_mechanism/install/cpp_action:/opt/ros/humble WSLENV=ELECTRON_RUN_AS_NODE/w:WT_SESSION:WT_PROFILE_ID: /usr/bin/cmake --build /home/ros/ROS2/communication_mechanism/build/cpp_action -- -j20 -l20
[2.465s] Invoking command in '/home/ros/ROS2/communication_mechanism/build/cpp_action': CMAKE_PREFIX_PATH=/home/ros/ROS2/communication_mechanism/install/base_interface_demo:/home/ros/ROS2/communication_mechanism/install/cpp_topic:/home/ros/ROS2/communication_mechanism/install/cpp_server:/home/ros/ROS2/communication_mechanism/install/cpp_action:/opt/ros/humble WSLENV=ELECTRON_RUN_AS_NODE/w:WT_SESSION:WT_PROFILE_ID: /usr/bin/cmake --install /home/ros/ROS2/communication_mechanism/build/cpp_action
[2.468s] -- Install configuration: ""
[2.468s] -- Installing: /home/ros/ROS2/communication_mechanism/install/cpp_action/lib/cpp_action/cpp_action_server
[2.469s] -- Set runtime path of "/home/ros/ROS2/communication_mechanism/install/cpp_action/lib/cpp_action/cpp_action_server" to ""
[2.469s] -- Up-to-date: /home/ros/ROS2/communication_mechanism/install/cpp_action/lib/cpp_action/cpp_action_client
[2.469s] -- Up-to-date: /home/ros/ROS2/communication_mechanism/install/cpp_action/share/ament_index/resource_index/package_run_dependencies/cpp_action
[2.469s] -- Up-to-date: /home/ros/ROS2/communication_mechanism/install/cpp_action/share/ament_index/resource_index/parent_prefix_path/cpp_action
[2.469s] -- Up-to-date: /home/ros/ROS2/communication_mechanism/install/cpp_action/share/cpp_action/environment/ament_prefix_path.sh
[2.470s] -- Up-to-date: /home/ros/ROS2/communication_mechanism/install/cpp_action/share/cpp_action/environment/ament_prefix_path.dsv
[2.470s] -- Up-to-date: /home/ros/ROS2/communication_mechanism/install/cpp_action/share/cpp_action/environment/path.sh
[2.470s] -- Up-to-date: /home/ros/ROS2/communication_mechanism/install/cpp_action/share/cpp_action/environment/path.dsv
[2.470s] -- Up-to-date: /home/ros/ROS2/communication_mechanism/install/cpp_action/share/cpp_action/local_setup.bash
[2.470s] -- Up-to-date: /home/ros/ROS2/communication_mechanism/install/cpp_action/share/cpp_action/local_setup.sh
[2.470s] -- Up-to-date: /home/ros/ROS2/communication_mechanism/install/cpp_action/share/cpp_action/local_setup.zsh
[2.470s] -- Up-to-date: /home/ros/ROS2/communication_mechanism/install/cpp_action/share/cpp_action/local_setup.dsv
[2.470s] -- Installing: /home/ros/ROS2/communication_mechanism/install/cpp_action/share/cpp_action/package.dsv
[2.470s] -- Up-to-date: /home/ros/ROS2/communication_mechanism/install/cpp_action/share/ament_index/resource_index/packages/cpp_action
[2.470s] -- Up-to-date: /home/ros/ROS2/communication_mechanism/install/cpp_action/share/cpp_action/cmake/cpp_actionConfig.cmake
[2.470s] -- Up-to-date: /home/ros/ROS2/communication_mechanism/install/cpp_action/share/cpp_action/cmake/cpp_actionConfig-version.cmake
[2.470s] -- Up-to-date: /home/ros/ROS2/communication_mechanism/install/cpp_action/share/cpp_action/package.xml
[2.471s] Invoked command in '/home/ros/ROS2/communication_mechanism/build/cpp_action' returned '0': CMAKE_PREFIX_PATH=/home/ros/ROS2/communication_mechanism/install/base_interface_demo:/home/ros/ROS2/communication_mechanism/install/cpp_topic:/home/ros/ROS2/communication_mechanism/install/cpp_server:/home/ros/ROS2/communication_mechanism/install/cpp_action:/opt/ros/humble WSLENV=ELECTRON_RUN_AS_NODE/w:WT_SESSION:WT_PROFILE_ID: /usr/bin/cmake --install /home/ros/ROS2/communication_mechanism/build/cpp_action
