[0.293s] DEBUG:colcon:Command line arguments: ['/usr/bin/colcon', 'build', '--packages-select', 'cpp_rosbag']
[0.293s] DEBUG:colcon:Parsed command line arguments: Namespace(log_base=None, log_level=None, verb_name='build', build_base='build', install_base='install', merge_install=False, symlink_install=False, test_result_base=None, continue_on_error=False, executor='parallel', parallel_workers=20, event_handlers=None, ignore_user_meta=False, metas=['./colcon.meta'], base_paths=['.'], packages_ignore=None, packages_ignore_regex=None, paths=None, packages_up_to=None, packages_up_to_regex=None, packages_above=None, packages_above_and_dependencies=None, packages_above_depth=None, packages_select_by_dep=None, packages_skip_by_dep=None, packages_skip_up_to=None, packages_select_build_failed=False, packages_skip_build_finished=False, packages_select_test_failures=False, packages_skip_test_passed=False, packages_select=['cpp_rosbag'], packages_skip=None, packages_select_regex=None, packages_skip_regex=None, packages_start=None, packages_end=None, allow_overriding=[], cmake_args=None, cmake_target=None, cmake_target_skip_unavailable=False, cmake_clean_cache=False, cmake_clean_first=False, cmake_force_configure=False, ament_cmake_args=None, catkin_cmake_args=None, catkin_skip_building_tests=False, verb_parser=<colcon_defaults.argument_parser.defaults.DefaultArgumentsDecorator object at 0x7f06ee92f820>, verb_extension=<colcon_core.verb.build.BuildVerb object at 0x7f06eea84310>, main=<bound method BuildVerb.main of <colcon_core.verb.build.BuildVerb object at 0x7f06eea84310>>)
[0.449s] Level 1:colcon.colcon_core.package_discovery:discover_packages(colcon_meta) check parameters
[0.449s] Level 1:colcon.colcon_core.package_discovery:discover_packages(recursive) check parameters
[0.449s] Level 1:colcon.colcon_core.package_discovery:discover_packages(ignore) check parameters
[0.449s] Level 1:colcon.colcon_core.package_discovery:discover_packages(path) check parameters
[0.449s] Level 1:colcon.colcon_core.package_discovery:discover_packages(colcon_meta) discover
[0.449s] Level 1:colcon.colcon_core.package_discovery:discover_packages(recursive) discover
[0.450s] INFO:colcon.colcon_core.package_discovery:Crawling recursively for packages in '/home/ros/ROS2/tools'
[0.450s] Level 1:colcon.colcon_core.package_identification:_identify(.) by extensions ['ignore', 'ignore_ament_install']
[0.450s] Level 1:colcon.colcon_core.package_identification:_identify(.) by extension 'ignore'
[0.450s] Level 1:colcon.colcon_core.package_identification:_identify(.) by extension 'ignore_ament_install'
[0.450s] Level 1:colcon.colcon_core.package_identification:_identify(.) by extensions ['colcon_pkg']
[0.450s] Level 1:colcon.colcon_core.package_identification:_identify(.) by extension 'colcon_pkg'
[0.450s] Level 1:colcon.colcon_core.package_identification:_identify(.) by extensions ['colcon_meta']
[0.450s] Level 1:colcon.colcon_core.package_identification:_identify(.) by extension 'colcon_meta'
[0.450s] Level 1:colcon.colcon_core.package_identification:_identify(.) by extensions ['ros']
[0.450s] Level 1:colcon.colcon_core.package_identification:_identify(.) by extension 'ros'
[0.462s] Level 1:colcon.colcon_core.package_identification:_identify(.) by extensions ['cmake', 'python']
[0.463s] Level 1:colcon.colcon_core.package_identification:_identify(.) by extension 'cmake'
[0.463s] Level 1:colcon.colcon_core.package_identification:_identify(.) by extension 'python'
[0.463s] Level 1:colcon.colcon_core.package_identification:_identify(.) by extensions ['python_setup_py']
[0.463s] Level 1:colcon.colcon_core.package_identification:_identify(.) by extension 'python_setup_py'
[0.463s] Level 1:colcon.colcon_core.package_identification:_identify(build) by extensions ['ignore', 'ignore_ament_install']
[0.463s] Level 1:colcon.colcon_core.package_identification:_identify(build) by extension 'ignore'
[0.463s] Level 1:colcon.colcon_core.package_identification:_identify(build) ignored
[0.463s] Level 1:colcon.colcon_core.package_identification:_identify(install) by extensions ['ignore', 'ignore_ament_install']
[0.463s] Level 1:colcon.colcon_core.package_identification:_identify(install) by extension 'ignore'
[0.463s] Level 1:colcon.colcon_core.package_identification:_identify(install) ignored
[0.463s] Level 1:colcon.colcon_core.package_identification:_identify(log) by extensions ['ignore', 'ignore_ament_install']
[0.463s] Level 1:colcon.colcon_core.package_identification:_identify(log) by extension 'ignore'
[0.463s] Level 1:colcon.colcon_core.package_identification:_identify(log) ignored
[0.463s] Level 1:colcon.colcon_core.package_identification:_identify(src) by extensions ['ignore', 'ignore_ament_install']
[0.463s] Level 1:colcon.colcon_core.package_identification:_identify(src) by extension 'ignore'
[0.463s] Level 1:colcon.colcon_core.package_identification:_identify(src) by extension 'ignore_ament_install'
[0.463s] Level 1:colcon.colcon_core.package_identification:_identify(src) by extensions ['colcon_pkg']
[0.463s] Level 1:colcon.colcon_core.package_identification:_identify(src) by extension 'colcon_pkg'
[0.463s] Level 1:colcon.colcon_core.package_identification:_identify(src) by extensions ['colcon_meta']
[0.463s] Level 1:colcon.colcon_core.package_identification:_identify(src) by extension 'colcon_meta'
[0.464s] Level 1:colcon.colcon_core.package_identification:_identify(src) by extensions ['ros']
[0.464s] Level 1:colcon.colcon_core.package_identification:_identify(src) by extension 'ros'
[0.464s] Level 1:colcon.colcon_core.package_identification:_identify(src) by extensions ['cmake', 'python']
[0.464s] Level 1:colcon.colcon_core.package_identification:_identify(src) by extension 'cmake'
[0.464s] Level 1:colcon.colcon_core.package_identification:_identify(src) by extension 'python'
[0.464s] Level 1:colcon.colcon_core.package_identification:_identify(src) by extensions ['python_setup_py']
[0.464s] Level 1:colcon.colcon_core.package_identification:_identify(src) by extension 'python_setup_py'
[0.464s] Level 1:colcon.colcon_core.package_identification:_identify(src/cpp_launch) by extensions ['ignore', 'ignore_ament_install']
[0.464s] Level 1:colcon.colcon_core.package_identification:_identify(src/cpp_launch) by extension 'ignore'
[0.464s] Level 1:colcon.colcon_core.package_identification:_identify(src/cpp_launch) by extension 'ignore_ament_install'
[0.464s] Level 1:colcon.colcon_core.package_identification:_identify(src/cpp_launch) by extensions ['colcon_pkg']
[0.464s] Level 1:colcon.colcon_core.package_identification:_identify(src/cpp_launch) by extension 'colcon_pkg'
[0.464s] Level 1:colcon.colcon_core.package_identification:_identify(src/cpp_launch) by extensions ['colcon_meta']
[0.464s] Level 1:colcon.colcon_core.package_identification:_identify(src/cpp_launch) by extension 'colcon_meta'
[0.464s] Level 1:colcon.colcon_core.package_identification:_identify(src/cpp_launch) by extensions ['ros']
[0.464s] Level 1:colcon.colcon_core.package_identification:_identify(src/cpp_launch) by extension 'ros'
[0.467s] DEBUG:colcon.colcon_core.package_identification:Package 'src/cpp_launch' with type 'ros.ament_cmake' and name 'cpp_launch'
[0.467s] Level 1:colcon.colcon_core.package_identification:_identify(src/cpp_rosbag) by extensions ['ignore', 'ignore_ament_install']
[0.467s] Level 1:colcon.colcon_core.package_identification:_identify(src/cpp_rosbag) by extension 'ignore'
[0.467s] Level 1:colcon.colcon_core.package_identification:_identify(src/cpp_rosbag) by extension 'ignore_ament_install'
[0.467s] Level 1:colcon.colcon_core.package_identification:_identify(src/cpp_rosbag) by extensions ['colcon_pkg']
[0.467s] Level 1:colcon.colcon_core.package_identification:_identify(src/cpp_rosbag) by extension 'colcon_pkg'
[0.467s] Level 1:colcon.colcon_core.package_identification:_identify(src/cpp_rosbag) by extensions ['colcon_meta']
[0.467s] Level 1:colcon.colcon_core.package_identification:_identify(src/cpp_rosbag) by extension 'colcon_meta'
[0.467s] Level 1:colcon.colcon_core.package_identification:_identify(src/cpp_rosbag) by extensions ['ros']
[0.467s] Level 1:colcon.colcon_core.package_identification:_identify(src/cpp_rosbag) by extension 'ros'
[0.468s] DEBUG:colcon.colcon_core.package_identification:Package 'src/cpp_rosbag' with type 'ros.ament_cmake' and name 'cpp_rosbag'
[0.468s] Level 1:colcon.colcon_core.package_discovery:discover_packages(recursive) using defaults
[0.468s] Level 1:colcon.colcon_core.package_discovery:discover_packages(ignore) discover
[0.468s] Level 1:colcon.colcon_core.package_discovery:discover_packages(ignore) using defaults
[0.468s] Level 1:colcon.colcon_core.package_discovery:discover_packages(path) discover
[0.468s] Level 1:colcon.colcon_core.package_discovery:discover_packages(path) using defaults
[0.485s] INFO:colcon.colcon_core.package_selection:Skipping not selected package 'cpp_launch' in 'src/cpp_launch'
[0.485s] Level 1:colcon.colcon_core.package_discovery:discover_packages(prefix_path) check parameters
[0.485s] Level 1:colcon.colcon_core.package_discovery:discover_packages(prefix_path) discover
[0.487s] DEBUG:colcon.colcon_installed_package_information.package_discovery:Found 315 installed packages in /opt/ros/humble
[0.489s] Level 1:colcon.colcon_core.package_discovery:discover_packages(prefix_path) using defaults
[0.533s] Level 5:colcon.colcon_core.verb:set package 'cpp_rosbag' build argument 'cmake_args' from command line to 'None'
[0.533s] Level 5:colcon.colcon_core.verb:set package 'cpp_rosbag' build argument 'cmake_target' from command line to 'None'
[0.533s] Level 5:colcon.colcon_core.verb:set package 'cpp_rosbag' build argument 'cmake_target_skip_unavailable' from command line to 'False'
[0.533s] Level 5:colcon.colcon_core.verb:set package 'cpp_rosbag' build argument 'cmake_clean_cache' from command line to 'False'
[0.533s] Level 5:colcon.colcon_core.verb:set package 'cpp_rosbag' build argument 'cmake_clean_first' from command line to 'False'
[0.533s] Level 5:colcon.colcon_core.verb:set package 'cpp_rosbag' build argument 'cmake_force_configure' from command line to 'False'
[0.533s] Level 5:colcon.colcon_core.verb:set package 'cpp_rosbag' build argument 'ament_cmake_args' from command line to 'None'
[0.533s] Level 5:colcon.colcon_core.verb:set package 'cpp_rosbag' build argument 'catkin_cmake_args' from command line to 'None'
[0.533s] Level 5:colcon.colcon_core.verb:set package 'cpp_rosbag' build argument 'catkin_skip_building_tests' from command line to 'False'
[0.533s] DEBUG:colcon.colcon_core.verb:Building package 'cpp_rosbag' with the following arguments: {'ament_cmake_args': None, 'build_base': '/home/ros/ROS2/tools/build/cpp_rosbag', 'catkin_cmake_args': None, 'catkin_skip_building_tests': False, 'cmake_args': None, 'cmake_clean_cache': False, 'cmake_clean_first': False, 'cmake_force_configure': False, 'cmake_target': None, 'cmake_target_skip_unavailable': False, 'install_base': '/home/ros/ROS2/tools/install/cpp_rosbag', 'merge_install': False, 'path': '/home/ros/ROS2/tools/src/cpp_rosbag', 'symlink_install': False, 'test_result_base': None}
[0.534s] INFO:colcon.colcon_core.executor:Executing jobs using 'parallel' executor
[0.535s] DEBUG:colcon.colcon_parallel_executor.executor.parallel:run_until_complete
[0.536s] INFO:colcon.colcon_ros.task.ament_cmake.build:Building ROS package in '/home/ros/ROS2/tools/src/cpp_rosbag' with build type 'ament_cmake'
[0.536s] INFO:colcon.colcon_cmake.task.cmake.build:Building CMake package in '/home/ros/ROS2/tools/src/cpp_rosbag'
[0.538s] INFO:colcon.colcon_core.plugin_system:Skipping extension 'colcon_core.shell.bat': Not used on non-Windows systems
[0.538s] INFO:colcon.colcon_core.shell:Skip shell extension 'powershell' for command environment: Not usable outside of PowerShell
[0.538s] DEBUG:colcon.colcon_core.shell:Skip shell extension 'dsv' for command environment
[0.549s] DEBUG:colcon.colcon_core.event_handler.log_command:Invoking command in '/home/ros/ROS2/tools/build/cpp_rosbag': CMAKE_PREFIX_PATH=/opt/ros/humble /usr/bin/cmake /home/ros/ROS2/tools/src/cpp_rosbag -DCMAKE_INSTALL_PREFIX=/home/ros/ROS2/tools/install/cpp_rosbag
[16.965s] DEBUG:colcon.colcon_core.event_handler.log_command:Invoked command in '/home/ros/ROS2/tools/build/cpp_rosbag' returned '0': CMAKE_PREFIX_PATH=/opt/ros/humble /usr/bin/cmake /home/ros/ROS2/tools/src/cpp_rosbag -DCMAKE_INSTALL_PREFIX=/home/ros/ROS2/tools/install/cpp_rosbag
[16.966s] DEBUG:colcon.colcon_core.event_handler.log_command:Invoking command in '/home/ros/ROS2/tools/build/cpp_rosbag': CMAKE_PREFIX_PATH=/opt/ros/humble /usr/bin/cmake --build /home/ros/ROS2/tools/build/cpp_rosbag -- -j20 -l20
[19.143s] DEBUG:colcon.colcon_core.event_handler.log_command:Invoked command in '/home/ros/ROS2/tools/build/cpp_rosbag' returned '0': CMAKE_PREFIX_PATH=/opt/ros/humble /usr/bin/cmake --build /home/ros/ROS2/tools/build/cpp_rosbag -- -j20 -l20
[19.169s] DEBUG:colcon.colcon_core.event_handler.log_command:Invoking command in '/home/ros/ROS2/tools/build/cpp_rosbag': CMAKE_PREFIX_PATH=/opt/ros/humble /usr/bin/cmake --install /home/ros/ROS2/tools/build/cpp_rosbag
[19.177s] Level 1:colcon.colcon_core.environment:create_environment_scripts_only(cpp_rosbag)
[19.178s] DEBUG:colcon.colcon_core.event_handler.log_command:Invoked command in '/home/ros/ROS2/tools/build/cpp_rosbag' returned '0': CMAKE_PREFIX_PATH=/opt/ros/humble /usr/bin/cmake --install /home/ros/ROS2/tools/build/cpp_rosbag
[19.181s] Level 1:colcon.colcon_core.environment:checking '/home/ros/ROS2/tools/install/cpp_rosbag' for CMake module files
[19.181s] Level 1:colcon.colcon_core.environment:checking '/home/ros/ROS2/tools/install/cpp_rosbag' for CMake config files
[19.181s] Level 1:colcon.colcon_core.shell:create_environment_hook('cpp_rosbag', 'cmake_prefix_path')
[19.182s] INFO:colcon.colcon_core.shell:Creating environment hook '/home/ros/ROS2/tools/install/cpp_rosbag/share/cpp_rosbag/hook/cmake_prefix_path.ps1'
[19.182s] INFO:colcon.colcon_core.shell:Creating environment descriptor '/home/ros/ROS2/tools/install/cpp_rosbag/share/cpp_rosbag/hook/cmake_prefix_path.dsv'
[19.182s] INFO:colcon.colcon_core.shell:Creating environment hook '/home/ros/ROS2/tools/install/cpp_rosbag/share/cpp_rosbag/hook/cmake_prefix_path.sh'
[19.183s] Level 1:colcon.colcon_core.environment:checking '/home/ros/ROS2/tools/install/cpp_rosbag/lib'
[19.183s] Level 1:colcon.colcon_core.environment:checking '/home/ros/ROS2/tools/install/cpp_rosbag/bin'
[19.183s] Level 1:colcon.colcon_core.environment:checking '/home/ros/ROS2/tools/install/cpp_rosbag/lib/pkgconfig/cpp_rosbag.pc'
[19.183s] Level 1:colcon.colcon_core.environment:checking '/home/ros/ROS2/tools/install/cpp_rosbag/lib/python3.10/site-packages'
[19.184s] Level 1:colcon.colcon_core.environment:checking '/home/ros/ROS2/tools/install/cpp_rosbag/bin'
[19.184s] INFO:colcon.colcon_core.shell:Creating package script '/home/ros/ROS2/tools/install/cpp_rosbag/share/cpp_rosbag/package.ps1'
[19.184s] INFO:colcon.colcon_core.shell:Creating package descriptor '/home/ros/ROS2/tools/install/cpp_rosbag/share/cpp_rosbag/package.dsv'
[19.185s] INFO:colcon.colcon_core.shell:Creating package script '/home/ros/ROS2/tools/install/cpp_rosbag/share/cpp_rosbag/package.sh'
[19.185s] INFO:colcon.colcon_core.shell:Creating package script '/home/ros/ROS2/tools/install/cpp_rosbag/share/cpp_rosbag/package.bash'
[19.186s] INFO:colcon.colcon_core.shell:Creating package script '/home/ros/ROS2/tools/install/cpp_rosbag/share/cpp_rosbag/package.zsh'
[19.186s] Level 1:colcon.colcon_core.environment:create_file_with_runtime_dependencies(/home/ros/ROS2/tools/install/cpp_rosbag/share/colcon-core/packages/cpp_rosbag)
[19.204s] Level 1:colcon.colcon_core.environment:create_environment_scripts_only(cpp_rosbag)
[19.204s] Level 1:colcon.colcon_core.environment:checking '/home/ros/ROS2/tools/install/cpp_rosbag' for CMake module files
[19.204s] Level 1:colcon.colcon_core.environment:checking '/home/ros/ROS2/tools/install/cpp_rosbag' for CMake config files
[19.204s] Level 1:colcon.colcon_core.shell:create_environment_hook('cpp_rosbag', 'cmake_prefix_path')
[19.205s] INFO:colcon.colcon_core.shell:Creating environment hook '/home/ros/ROS2/tools/install/cpp_rosbag/share/cpp_rosbag/hook/cmake_prefix_path.ps1'
[19.205s] INFO:colcon.colcon_core.shell:Creating environment descriptor '/home/ros/ROS2/tools/install/cpp_rosbag/share/cpp_rosbag/hook/cmake_prefix_path.dsv'
[19.205s] INFO:colcon.colcon_core.shell:Creating environment hook '/home/ros/ROS2/tools/install/cpp_rosbag/share/cpp_rosbag/hook/cmake_prefix_path.sh'
[19.205s] Level 1:colcon.colcon_core.environment:checking '/home/ros/ROS2/tools/install/cpp_rosbag/lib'
[19.206s] Level 1:colcon.colcon_core.environment:checking '/home/ros/ROS2/tools/install/cpp_rosbag/bin'
[19.206s] Level 1:colcon.colcon_core.environment:checking '/home/ros/ROS2/tools/install/cpp_rosbag/lib/pkgconfig/cpp_rosbag.pc'
[19.206s] Level 1:colcon.colcon_core.environment:checking '/home/ros/ROS2/tools/install/cpp_rosbag/lib/python3.10/site-packages'
[19.206s] Level 1:colcon.colcon_core.environment:checking '/home/ros/ROS2/tools/install/cpp_rosbag/bin'
[19.206s] INFO:colcon.colcon_core.shell:Creating package script '/home/ros/ROS2/tools/install/cpp_rosbag/share/cpp_rosbag/package.ps1'
[19.206s] INFO:colcon.colcon_core.shell:Creating package descriptor '/home/ros/ROS2/tools/install/cpp_rosbag/share/cpp_rosbag/package.dsv'
[19.207s] INFO:colcon.colcon_core.shell:Creating package script '/home/ros/ROS2/tools/install/cpp_rosbag/share/cpp_rosbag/package.sh'
[19.207s] INFO:colcon.colcon_core.shell:Creating package script '/home/ros/ROS2/tools/install/cpp_rosbag/share/cpp_rosbag/package.bash'
[19.207s] INFO:colcon.colcon_core.shell:Creating package script '/home/ros/ROS2/tools/install/cpp_rosbag/share/cpp_rosbag/package.zsh'
[19.207s] Level 1:colcon.colcon_core.environment:create_file_with_runtime_dependencies(/home/ros/ROS2/tools/install/cpp_rosbag/share/colcon-core/packages/cpp_rosbag)
[19.208s] DEBUG:colcon.colcon_parallel_executor.executor.parallel:closing loop
[19.208s] DEBUG:colcon.colcon_parallel_executor.executor.parallel:loop closed
[19.208s] DEBUG:colcon.colcon_parallel_executor.executor.parallel:run_until_complete finished with '0'
[19.208s] DEBUG:colcon.colcon_core.event_reactor:joining thread
[19.286s] INFO:colcon.colcon_core.plugin_system:Skipping extension 'colcon_notification.desktop_notification.notify_send': Could not find 'notify-send'
[19.286s] INFO:colcon.colcon_core.plugin_system:Skipping extension 'colcon_notification.desktop_notification.terminal_notifier': Not used on non-Darwin systems
[19.286s] INFO:colcon.colcon_core.plugin_system:Skipping extension 'colcon_notification.desktop_notification.win32': Not used on non-Windows systems
[19.286s] INFO:colcon.colcon_notification.desktop_notification:Sending desktop notification using 'notify2'
[19.287s] DEBUG:colcon.colcon_notification.desktop_notification.notify2:Failed to initialize notify2: org.freedesktop.DBus.Error.FileNotFound: Failed to connect to socket /run/user/1000/bus: No such file or directory
[19.287s] DEBUG:colcon.colcon_core.event_reactor:joined thread
[19.287s] INFO:colcon.colcon_core.shell:Creating prefix script '/home/ros/ROS2/tools/install/local_setup.ps1'
[19.289s] INFO:colcon.colcon_core.shell:Creating prefix util module '/home/ros/ROS2/tools/install/_local_setup_util_ps1.py'
[19.290s] INFO:colcon.colcon_core.shell:Creating prefix chain script '/home/ros/ROS2/tools/install/setup.ps1'
[19.291s] INFO:colcon.colcon_core.shell:Creating prefix script '/home/ros/ROS2/tools/install/local_setup.sh'
[19.291s] INFO:colcon.colcon_core.shell:Creating prefix util module '/home/ros/ROS2/tools/install/_local_setup_util_sh.py'
[19.292s] INFO:colcon.colcon_core.shell:Creating prefix chain script '/home/ros/ROS2/tools/install/setup.sh'
[19.292s] INFO:colcon.colcon_core.shell:Creating prefix script '/home/ros/ROS2/tools/install/local_setup.bash'
[19.293s] INFO:colcon.colcon_core.shell:Creating prefix chain script '/home/ros/ROS2/tools/install/setup.bash'
[19.293s] INFO:colcon.colcon_core.shell:Creating prefix script '/home/ros/ROS2/tools/install/local_setup.zsh'
[19.294s] INFO:colcon.colcon_core.shell:Creating prefix chain script '/home/ros/ROS2/tools/install/setup.zsh'
