[0.005s] Invoking command in '/home/huang/ros2/ROS2/rviz2/src/build/cpp_urdf': CMAKE_PREFIX_PATH=${CMAKE_PREFIX_PATH}:/opt/ros/humble /usr/bin/cmake /home/huang/ros2/ROS2/rviz2/src/cpp_urdf -DCMAKE_INSTALL_PREFIX=/home/huang/ros2/ROS2/rviz2/src/install/cpp_urdf
[0.092s] -- The C compiler identification is GNU 11.4.0
[0.233s] -- The CXX compiler identification is GNU 11.4.0
[0.313s] -- Detecting C compiler ABI info
[0.360s] -- Detecting C compiler ABI info - done
[0.364s] -- Check for working C compiler: /usr/bin/cc - skipped
[0.364s] -- Detecting C compile features
[0.365s] -- Detecting C compile features - done
[0.367s] -- Detecting CXX compiler ABI info
[0.420s] -- Detecting CXX compiler ABI info - done
[0.424s] -- Check for working CXX compiler: /usr/bin/c++ - skipped
[0.424s] -- Detecting CXX compile features
[0.425s] -- Detecting CXX compile features - done
[0.431s] -- Found ament_cmake: 1.3.10 (/opt/ros/humble/share/ament_cmake/cmake)
[0.504s] -- Found Python3: /usr/bin/python3 (found version "3.10.12") found components: Interpreter 
[0.554s] -- Found ament_lint_auto: 0.12.11 (/opt/ros/humble/share/ament_lint_auto/cmake)
[0.595s] -- Added test 'cppcheck' to perform static code analysis on C / C++ code
[0.595s] -- Configured cppcheck include dirs: $<BUILD_INTERFACE:/home/huang/ros2/ROS2/rviz2/src/cpp_urdf/include>
[0.595s] -- Configured cppcheck exclude dirs and/or files: 
[0.595s] -- Added test 'lint_cmake' to check CMake code style
[0.596s] -- Added test 'uncrustify' to check C / C++ code style
[0.596s] -- Configured uncrustify additional arguments: 
[0.597s] -- Added test 'xmllint' to check XML markup files
[0.598s] -- Configuring done
[0.600s] -- Generating done
[0.600s] -- Build files have been written to: /home/huang/ros2/ROS2/rviz2/src/build/cpp_urdf
[0.602s] Invoked command in '/home/huang/ros2/ROS2/rviz2/src/build/cpp_urdf' returned '0': CMAKE_PREFIX_PATH=${CMAKE_PREFIX_PATH}:/opt/ros/humble /usr/bin/cmake /home/huang/ros2/ROS2/rviz2/src/cpp_urdf -DCMAKE_INSTALL_PREFIX=/home/huang/ros2/ROS2/rviz2/src/install/cpp_urdf
[0.603s] Invoking command in '/home/huang/ros2/ROS2/rviz2/src/build/cpp_urdf': CMAKE_PREFIX_PATH=${CMAKE_PREFIX_PATH}:/opt/ros/humble /usr/bin/cmake --build /home/huang/ros2/ROS2/rviz2/src/build/cpp_urdf -- -j20 -l20
[0.622s] [ 50%] [32mBuilding CXX object CMakeFiles/demo.dir/src/demo.cpp.o[0m
[0.639s] [100%] [32m[1mLinking CXX executable demo[0m
[0.676s] [100%] Built target demo
[0.681s] Invoked command in '/home/huang/ros2/ROS2/rviz2/src/build/cpp_urdf' returned '0': CMAKE_PREFIX_PATH=${CMAKE_PREFIX_PATH}:/opt/ros/humble /usr/bin/cmake --build /home/huang/ros2/ROS2/rviz2/src/build/cpp_urdf -- -j20 -l20
[0.694s] Invoking command in '/home/huang/ros2/ROS2/rviz2/src/build/cpp_urdf': CMAKE_PREFIX_PATH=${CMAKE_PREFIX_PATH}:/opt/ros/humble /usr/bin/cmake --install /home/huang/ros2/ROS2/rviz2/src/build/cpp_urdf
[0.696s] -- Install configuration: ""
[0.697s] -- Installing: /home/huang/ros2/ROS2/rviz2/src/install/cpp_urdf/lib/cpp_urdf/demo
[0.697s] -- Installing: /home/huang/ros2/ROS2/rviz2/src/install/cpp_urdf/share/cpp_urdf/launch
[0.697s] -- Installing: /home/huang/ros2/ROS2/rviz2/src/install/cpp_urdf/share/cpp_urdf/rviz
[0.697s] -- Installing: /home/huang/ros2/ROS2/rviz2/src/install/cpp_urdf/share/cpp_urdf/meshes
[0.697s] -- Installing: /home/huang/ros2/ROS2/rviz2/src/install/cpp_urdf/share/cpp_urdf/urdf
[0.697s] -- Installing: /home/huang/ros2/ROS2/rviz2/src/install/cpp_urdf/share/cpp_urdf/urdf/xacro
[0.697s] -- Installing: /home/huang/ros2/ROS2/rviz2/src/install/cpp_urdf/share/cpp_urdf/urdf/urdf
[0.697s] -- Installing: /home/huang/ros2/ROS2/rviz2/src/install/cpp_urdf/share/ament_index/resource_index/package_run_dependencies/cpp_urdf
[0.698s] -- Installing: /home/huang/ros2/ROS2/rviz2/src/install/cpp_urdf/share/ament_index/resource_index/parent_prefix_path/cpp_urdf
[0.698s] -- Installing: /home/huang/ros2/ROS2/rviz2/src/install/cpp_urdf/share/cpp_urdf/environment/ament_prefix_path.sh
[0.698s] -- Installing: /home/huang/ros2/ROS2/rviz2/src/install/cpp_urdf/share/cpp_urdf/environment/ament_prefix_path.dsv
[0.698s] -- Installing: /home/huang/ros2/ROS2/rviz2/src/install/cpp_urdf/share/cpp_urdf/environment/path.sh
[0.698s] -- Installing: /home/huang/ros2/ROS2/rviz2/src/install/cpp_urdf/share/cpp_urdf/environment/path.dsv
[0.698s] -- Installing: /home/huang/ros2/ROS2/rviz2/src/install/cpp_urdf/share/cpp_urdf/local_setup.bash
[0.698s] -- Installing: /home/huang/ros2/ROS2/rviz2/src/install/cpp_urdf/share/cpp_urdf/local_setup.sh
[0.698s] -- Installing: /home/huang/ros2/ROS2/rviz2/src/install/cpp_urdf/share/cpp_urdf/local_setup.zsh
[0.698s] -- Installing: /home/huang/ros2/ROS2/rviz2/src/install/cpp_urdf/share/cpp_urdf/local_setup.dsv
[0.698s] -- Installing: /home/huang/ros2/ROS2/rviz2/src/install/cpp_urdf/share/cpp_urdf/package.dsv
[0.698s] -- Installing: /home/huang/ros2/ROS2/rviz2/src/install/cpp_urdf/share/ament_index/resource_index/packages/cpp_urdf
[0.698s] -- Installing: /home/huang/ros2/ROS2/rviz2/src/install/cpp_urdf/share/cpp_urdf/cmake/cpp_urdfConfig.cmake
[0.698s] -- Installing: /home/huang/ros2/ROS2/rviz2/src/install/cpp_urdf/share/cpp_urdf/cmake/cpp_urdfConfig-version.cmake
[0.698s] -- Installing: /home/huang/ros2/ROS2/rviz2/src/install/cpp_urdf/share/cpp_urdf/package.xml
[0.699s] Invoked command in '/home/huang/ros2/ROS2/rviz2/src/build/cpp_urdf' returned '0': CMAKE_PREFIX_PATH=${CMAKE_PREFIX_PATH}:/opt/ros/humble /usr/bin/cmake --install /home/huang/ros2/ROS2/rviz2/src/build/cpp_urdf
