[0.008s] Invoking command in '/home/ros/ROS2/tools/build/cpp_launch': CMAKE_PREFIX_PATH=${CMAKE_PREFIX_PATH}:/opt/ros/humble /usr/bin/cmake --build /home/ros/ROS2/tools/build/cpp_launch -- -j20 -l20
[0.021s] -- Found ament_cmake: 1.3.8 (/opt/ros/humble/share/ament_cmake/cmake)
[0.093s] -- Found rclcpp: 16.0.8 (/opt/ros/humble/share/rclcpp/cmake)
[0.299s] -- Found rosidl_generator_c: 3.1.5 (/opt/ros/humble/share/rosidl_generator_c/cmake)
[0.301s] -- Found rosidl_adapter: 3.1.5 (/opt/ros/humble/share/rosidl_adapter/cmake)
[0.304s] -- Found rosidl_generator_cpp: 3.1.5 (/opt/ros/humble/share/rosidl_generator_cpp/cmake)
[0.312s] -- Using all available rosidl_typesupport_c: rosidl_typesupport_fastrtps_c;rosidl_typesupport_introspection_c
[0.321s] -- Using all available rosidl_typesupport_cpp: rosidl_typesupport_fastrtps_cpp;rosidl_typesupport_introspection_cpp
[0.356s] -- Found rmw_implementation_cmake: 6.1.1 (/opt/ros/humble/share/rmw_implementation_cmake/cmake)
[0.357s] -- Found rmw_fastrtps_cpp: 6.2.6 (/opt/ros/humble/share/rmw_fastrtps_cpp/cmake)
[8.367s] -- Using RMW implementation 'rmw_fastrtps_cpp' as default
[8.458s] -- Found ament_lint_auto: 0.12.10 (/opt/ros/humble/share/ament_lint_auto/cmake)
[8.501s] -- Added test 'flake8' to check Python code syntax and style conventions
[8.501s] -- Added test 'lint_cmake' to check CMake code style
[8.501s] -- Added test 'pep257' to check Python code against some of the docstring style conventions in PEP 257
[8.502s] -- Added test 'xmllint' to check XML markup files
[8.502s] -- Configuring done
[8.505s] -- Generating done
[8.506s] -- Build files have been written to: /home/ros/ROS2/tools/build/cpp_launch
[8.521s] Invoked command in '/home/ros/ROS2/tools/build/cpp_launch' returned '0': CMAKE_PREFIX_PATH=${CMAKE_PREFIX_PATH}:/opt/ros/humble /usr/bin/cmake --build /home/ros/ROS2/tools/build/cpp_launch -- -j20 -l20
[8.537s] Invoking command in '/home/ros/ROS2/tools/build/cpp_launch': CMAKE_PREFIX_PATH=${CMAKE_PREFIX_PATH}:/opt/ros/humble /usr/bin/cmake --install /home/ros/ROS2/tools/build/cpp_launch
[8.540s] -- Install configuration: ""
[8.540s] -- Up-to-date: /home/ros/ROS2/tools/install/cpp_launch/share/cpp_launch/launch
[8.541s] -- Up-to-date: /home/ros/ROS2/tools/install/cpp_launch/share/cpp_launch/launch/yaml
[8.541s] -- Up-to-date: /home/ros/ROS2/tools/install/cpp_launch/share/cpp_launch/launch/yaml/demo_1.launch.yaml
[8.541s] -- Up-to-date: /home/ros/ROS2/tools/install/cpp_launch/share/cpp_launch/launch/xml
[8.541s] -- Up-to-date: /home/ros/ROS2/tools/install/cpp_launch/share/cpp_launch/launch/xml/demo_1.launch.xml
[8.541s] -- Up-to-date: /home/ros/ROS2/tools/install/cpp_launch/share/cpp_launch/launch/py
[8.541s] -- Installing: /home/ros/ROS2/tools/install/cpp_launch/share/cpp_launch/launch/py/py_node_launch.py
[8.541s] -- Up-to-date: /home/ros/ROS2/tools/install/cpp_launch/share/cpp_launch/launch/py/demo_1.launch.py
[8.541s] -- Installing: /home/ros/ROS2/tools/install/cpp_launch/share/cpp_launch/config
[8.542s] -- Installing: /home/ros/ROS2/tools/install/cpp_launch/share/cpp_launch/config/turtlesim.yaml
[8.542s] -- Up-to-date: /home/ros/ROS2/tools/install/cpp_launch/share/ament_index/resource_index/package_run_dependencies/cpp_launch
[8.542s] -- Installing: /home/ros/ROS2/tools/install/cpp_launch/share/ament_index/resource_index/parent_prefix_path/cpp_launch
[8.542s] -- Up-to-date: /home/ros/ROS2/tools/install/cpp_launch/share/cpp_launch/environment/ament_prefix_path.sh
[8.542s] -- Installing: /home/ros/ROS2/tools/install/cpp_launch/share/cpp_launch/environment/ament_prefix_path.dsv
[8.542s] -- Up-to-date: /home/ros/ROS2/tools/install/cpp_launch/share/cpp_launch/environment/path.sh
[8.542s] -- Installing: /home/ros/ROS2/tools/install/cpp_launch/share/cpp_launch/environment/path.dsv
[8.542s] -- Up-to-date: /home/ros/ROS2/tools/install/cpp_launch/share/cpp_launch/local_setup.bash
[8.542s] -- Up-to-date: /home/ros/ROS2/tools/install/cpp_launch/share/cpp_launch/local_setup.sh
[8.542s] -- Up-to-date: /home/ros/ROS2/tools/install/cpp_launch/share/cpp_launch/local_setup.zsh
[8.542s] -- Installing: /home/ros/ROS2/tools/install/cpp_launch/share/cpp_launch/local_setup.dsv
[8.542s] -- Installing: /home/ros/ROS2/tools/install/cpp_launch/share/cpp_launch/package.dsv
[8.542s] -- Up-to-date: /home/ros/ROS2/tools/install/cpp_launch/share/ament_index/resource_index/packages/cpp_launch
[8.542s] -- Up-to-date: /home/ros/ROS2/tools/install/cpp_launch/share/cpp_launch/cmake/cpp_launchConfig.cmake
[8.542s] -- Up-to-date: /home/ros/ROS2/tools/install/cpp_launch/share/cpp_launch/cmake/cpp_launchConfig-version.cmake
[8.543s] -- Up-to-date: /home/ros/ROS2/tools/install/cpp_launch/share/cpp_launch/package.xml
[8.543s] Invoked command in '/home/ros/ROS2/tools/build/cpp_launch' returned '0': CMAKE_PREFIX_PATH=${CMAKE_PREFIX_PATH}:/opt/ros/humble /usr/bin/cmake --install /home/ros/ROS2/tools/build/cpp_launch
