[0.010s] Invoking command in '/home/ros/ROS2/turtle/build/exercise': CMAKE_PREFIX_PATH=${CMAKE_PREFIX_PATH}:/opt/ros/humble /usr/bin/cmake --build /home/ros/ROS2/turtle/build/exercise -- -j20 -l20
[0.033s] -- Found ament_cmake: 1.3.8 (/opt/ros/humble/share/ament_cmake/cmake)
[0.113s] -- Found rclcpp: 16.0.8 (/opt/ros/humble/share/rclcpp/cmake)
[0.325s] -- Found rosidl_generator_c: 3.1.5 (/opt/ros/humble/share/rosidl_generator_c/cmake)
[0.327s] -- Found rosidl_adapter: 3.1.5 (/opt/ros/humble/share/rosidl_adapter/cmake)
[0.332s] -- Found rosidl_generator_cpp: 3.1.5 (/opt/ros/humble/share/rosidl_generator_cpp/cmake)
[0.340s] -- Using all available rosidl_typesupport_c: rosidl_typesupport_fastrtps_c;rosidl_typesupport_introspection_c
[0.351s] -- Using all available rosidl_typesupport_cpp: rosidl_typesupport_fastrtps_cpp;rosidl_typesupport_introspection_cpp
[0.385s] -- Found rmw_implementation_cmake: 6.1.1 (/opt/ros/humble/share/rmw_implementation_cmake/cmake)
[0.385s] -- Found rmw_fastrtps_cpp: 6.2.6 (/opt/ros/humble/share/rmw_fastrtps_cpp/cmake)
[8.866s] -- Using RMW implementation 'rmw_fastrtps_cpp' as default
[8.956s] -- Found turtlesim: 1.4.2 (/opt/ros/humble/share/turtlesim/cmake)
[9.030s] -- Found base_interface_demo: 0.0.0 (/home/ros/ROS2/communication_mechanism/install/base_interface_demo/share/base_interface_demo/cmake)
[9.059s] -- Found geometry_msgs: 4.2.3 (/opt/ros/humble/share/geometry_msgs/cmake)
[9.084s] -- Found rclcpp_action: 16.0.8 (/opt/ros/humble/share/rclcpp_action/cmake)
[9.103s] -- Found ament_lint_auto: 0.12.10 (/opt/ros/humble/share/ament_lint_auto/cmake)
[9.142s] -- Added test 'cppcheck' to perform static code analysis on C / C++ code
[9.142s] -- Configured cppcheck include dirs: $<BUILD_INTERFACE:/home/ros/ROS2/turtle/src/exercise/include>
[9.142s] -- Configured cppcheck exclude dirs and/or files: 
[9.142s] -- Added test 'flake8' to check Python code syntax and style conventions
[9.143s] -- Added test 'lint_cmake' to check CMake code style
[9.143s] -- Added test 'pep257' to check Python code against some of the docstring style conventions in PEP 257
[9.144s] -- Added test 'uncrustify' to check C / C++ code style
[9.144s] -- Configured uncrustify additional arguments: 
[9.144s] -- Added test 'xmllint' to check XML markup files
[9.145s] -- Configuring done
[9.159s] -- Generating done
[9.160s] -- Build files have been written to: /home/ros/ROS2/turtle/build/exercise
[9.175s] [35m[1mConsolidate compiler generated dependencies of target exe_pub_sub[0m
[9.181s] [ 50%] [32mBuilding CXX object CMakeFiles/exe_pub_sub.dir/src/exe_pub_sub.cpp.o[0m
[13.998s] [100%] [32m[1mLinking CXX executable exe_pub_sub[0m
[14.391s] [100%] Built target exe_pub_sub
[14.397s] Invoked command in '/home/ros/ROS2/turtle/build/exercise' returned '0': CMAKE_PREFIX_PATH=${CMAKE_PREFIX_PATH}:/opt/ros/humble /usr/bin/cmake --build /home/ros/ROS2/turtle/build/exercise -- -j20 -l20
[14.413s] Invoking command in '/home/ros/ROS2/turtle/build/exercise': CMAKE_PREFIX_PATH=${CMAKE_PREFIX_PATH}:/opt/ros/humble /usr/bin/cmake --install /home/ros/ROS2/turtle/build/exercise
[14.417s] -- Install configuration: ""
[14.417s] -- Installing: /home/ros/ROS2/turtle/install/exercise/lib/exercise/exe_pub_sub
[14.419s] -- Set runtime path of "/home/ros/ROS2/turtle/install/exercise/lib/exercise/exe_pub_sub" to ""
[14.420s] -- Up-to-date: /home/ros/ROS2/turtle/install/exercise/share/ament_index/resource_index/package_run_dependencies/exercise
[14.420s] -- Installing: /home/ros/ROS2/turtle/install/exercise/share/ament_index/resource_index/parent_prefix_path/exercise
[14.420s] -- Up-to-date: /home/ros/ROS2/turtle/install/exercise/share/exercise/environment/ament_prefix_path.sh
[14.420s] -- Installing: /home/ros/ROS2/turtle/install/exercise/share/exercise/environment/ament_prefix_path.dsv
[14.420s] -- Up-to-date: /home/ros/ROS2/turtle/install/exercise/share/exercise/environment/path.sh
[14.420s] -- Installing: /home/ros/ROS2/turtle/install/exercise/share/exercise/environment/path.dsv
[14.420s] -- Up-to-date: /home/ros/ROS2/turtle/install/exercise/share/exercise/local_setup.bash
[14.420s] -- Up-to-date: /home/ros/ROS2/turtle/install/exercise/share/exercise/local_setup.sh
[14.420s] -- Up-to-date: /home/ros/ROS2/turtle/install/exercise/share/exercise/local_setup.zsh
[14.420s] -- Installing: /home/ros/ROS2/turtle/install/exercise/share/exercise/local_setup.dsv
[14.420s] -- Installing: /home/ros/ROS2/turtle/install/exercise/share/exercise/package.dsv
[14.420s] -- Up-to-date: /home/ros/ROS2/turtle/install/exercise/share/ament_index/resource_index/packages/exercise
[14.420s] -- Up-to-date: /home/ros/ROS2/turtle/install/exercise/share/exercise/cmake/exerciseConfig.cmake
[14.420s] -- Up-to-date: /home/ros/ROS2/turtle/install/exercise/share/exercise/cmake/exerciseConfig-version.cmake
[14.420s] -- Up-to-date: /home/ros/ROS2/turtle/install/exercise/share/exercise/package.xml
[14.421s] Invoked command in '/home/ros/ROS2/turtle/build/exercise' returned '0': CMAKE_PREFIX_PATH=${CMAKE_PREFIX_PATH}:/opt/ros/humble /usr/bin/cmake --install /home/ros/ROS2/turtle/build/exercise
