[0.027s] Invoking command in '/home/huang/ros2/ROS2/communication_mechanism/build/cpp_server': CMAKE_PREFIX_PATH=/home/huang/ros2/ROS2/communication_mechanism/install/base_interface_demo:/home/huang/ros2/ROS2/geometry_tutorials/install/turtle_tf2_cpp:/home/huang/ros2/ROS2/geometry_tutorials/install/geometry_tutorials:/home/huang/ros2/ROS2/tools/install/cpp_rosbag:/home/huang/ros2/ROS2/tools/install/cpp_launch:/home/huang/ros2/ROS2/communication_mechanism/install/cpp_topic:/home/huang/ros2/ROS2/communication_mechanism/install/cpp_time:/home/huang/ros2/ROS2/communication_mechanism/install/cpp_server:/home/huang/ros2/ROS2/communication_mechanism/install/cpp_param:/home/huang/ros2/ROS2/communication_mechanism/install/cpp_action:/home/huang/ros2/ROS2/geometry_tutorials/install/turtle_tf2_py:/opt/ros/humble /usr/bin/cmake --build /home/huang/ros2/ROS2/communication_mechanism/build/cpp_server -- -j20 -l20
[0.045s] [35m[1mConsolidate compiler generated dependencies of target cpp_server_server[0m
[0.045s] [35m[1mConsolidate compiler generated dependencies of target cpp_server_client[0m
[0.055s] [ 50%] Built target cpp_server_server
[0.057s] [100%] Built target cpp_server_client
[0.061s] Invoked command in '/home/huang/ros2/ROS2/communication_mechanism/build/cpp_server' returned '0': CMAKE_PREFIX_PATH=/home/huang/ros2/ROS2/communication_mechanism/install/base_interface_demo:/home/huang/ros2/ROS2/geometry_tutorials/install/turtle_tf2_cpp:/home/huang/ros2/ROS2/geometry_tutorials/install/geometry_tutorials:/home/huang/ros2/ROS2/tools/install/cpp_rosbag:/home/huang/ros2/ROS2/tools/install/cpp_launch:/home/huang/ros2/ROS2/communication_mechanism/install/cpp_topic:/home/huang/ros2/ROS2/communication_mechanism/install/cpp_time:/home/huang/ros2/ROS2/communication_mechanism/install/cpp_server:/home/huang/ros2/ROS2/communication_mechanism/install/cpp_param:/home/huang/ros2/ROS2/communication_mechanism/install/cpp_action:/home/huang/ros2/ROS2/geometry_tutorials/install/turtle_tf2_py:/opt/ros/humble /usr/bin/cmake --build /home/huang/ros2/ROS2/communication_mechanism/build/cpp_server -- -j20 -l20
[0.075s] Invoking command in '/home/huang/ros2/ROS2/communication_mechanism/build/cpp_server': CMAKE_PREFIX_PATH=/home/huang/ros2/ROS2/communication_mechanism/install/base_interface_demo:/home/huang/ros2/ROS2/geometry_tutorials/install/turtle_tf2_cpp:/home/huang/ros2/ROS2/geometry_tutorials/install/geometry_tutorials:/home/huang/ros2/ROS2/tools/install/cpp_rosbag:/home/huang/ros2/ROS2/tools/install/cpp_launch:/home/huang/ros2/ROS2/communication_mechanism/install/cpp_topic:/home/huang/ros2/ROS2/communication_mechanism/install/cpp_time:/home/huang/ros2/ROS2/communication_mechanism/install/cpp_server:/home/huang/ros2/ROS2/communication_mechanism/install/cpp_param:/home/huang/ros2/ROS2/communication_mechanism/install/cpp_action:/home/huang/ros2/ROS2/geometry_tutorials/install/turtle_tf2_py:/opt/ros/humble /usr/bin/cmake --install /home/huang/ros2/ROS2/communication_mechanism/build/cpp_server
[0.078s] -- Install configuration: ""
[0.079s] -- Up-to-date: /home/huang/ros2/ROS2/communication_mechanism/install/cpp_server/lib/cpp_server/cpp_server_server
[0.080s] -- Up-to-date: /home/huang/ros2/ROS2/communication_mechanism/install/cpp_server/lib/cpp_server/cpp_server_client
[0.080s] -- Up-to-date: /home/huang/ros2/ROS2/communication_mechanism/install/cpp_server/share/ament_index/resource_index/package_run_dependencies/cpp_server
[0.080s] -- Up-to-date: /home/huang/ros2/ROS2/communication_mechanism/install/cpp_server/share/ament_index/resource_index/parent_prefix_path/cpp_server
[0.080s] -- Up-to-date: /home/huang/ros2/ROS2/communication_mechanism/install/cpp_server/share/cpp_server/environment/ament_prefix_path.sh
[0.080s] -- Up-to-date: /home/huang/ros2/ROS2/communication_mechanism/install/cpp_server/share/cpp_server/environment/ament_prefix_path.dsv
[0.081s] -- Up-to-date: /home/huang/ros2/ROS2/communication_mechanism/install/cpp_server/share/cpp_server/environment/path.sh
[0.081s] -- Up-to-date: /home/huang/ros2/ROS2/communication_mechanism/install/cpp_server/share/cpp_server/environment/path.dsv
[0.081s] -- Up-to-date: /home/huang/ros2/ROS2/communication_mechanism/install/cpp_server/share/cpp_server/local_setup.bash
[0.081s] -- Up-to-date: /home/huang/ros2/ROS2/communication_mechanism/install/cpp_server/share/cpp_server/local_setup.sh
[0.081s] -- Up-to-date: /home/huang/ros2/ROS2/communication_mechanism/install/cpp_server/share/cpp_server/local_setup.zsh
[0.081s] -- Up-to-date: /home/huang/ros2/ROS2/communication_mechanism/install/cpp_server/share/cpp_server/local_setup.dsv
[0.081s] -- Installing: /home/huang/ros2/ROS2/communication_mechanism/install/cpp_server/share/cpp_server/package.dsv
[0.081s] -- Up-to-date: /home/huang/ros2/ROS2/communication_mechanism/install/cpp_server/share/ament_index/resource_index/packages/cpp_server
[0.081s] -- Up-to-date: /home/huang/ros2/ROS2/communication_mechanism/install/cpp_server/share/cpp_server/cmake/cpp_serverConfig.cmake
[0.081s] -- Up-to-date: /home/huang/ros2/ROS2/communication_mechanism/install/cpp_server/share/cpp_server/cmake/cpp_serverConfig-version.cmake
[0.082s] -- Up-to-date: /home/huang/ros2/ROS2/communication_mechanism/install/cpp_server/share/cpp_server/package.xml
[0.087s] Invoked command in '/home/huang/ros2/ROS2/communication_mechanism/build/cpp_server' returned '0': CMAKE_PREFIX_PATH=/home/huang/ros2/ROS2/communication_mechanism/install/base_interface_demo:/home/huang/ros2/ROS2/geometry_tutorials/install/turtle_tf2_cpp:/home/huang/ros2/ROS2/geometry_tutorials/install/geometry_tutorials:/home/huang/ros2/ROS2/tools/install/cpp_rosbag:/home/huang/ros2/ROS2/tools/install/cpp_launch:/home/huang/ros2/ROS2/communication_mechanism/install/cpp_topic:/home/huang/ros2/ROS2/communication_mechanism/install/cpp_time:/home/huang/ros2/ROS2/communication_mechanism/install/cpp_server:/home/huang/ros2/ROS2/communication_mechanism/install/cpp_param:/home/huang/ros2/ROS2/communication_mechanism/install/cpp_action:/home/huang/ros2/ROS2/geometry_tutorials/install/turtle_tf2_py:/opt/ros/humble /usr/bin/cmake --install /home/huang/ros2/ROS2/communication_mechanism/build/cpp_server
