[0.008s] Invoking command in '/home/huang/ros2/ROS2/coordinate_transformations/build/cpp_tf_listener': CMAKE_PREFIX_PATH=${CMAKE_PREFIX_PATH}:/opt/ros/humble /usr/bin/cmake /home/huang/ros2/ROS2/coordinate_transformations/src/cpp_tf_listener -DCMAKE_INSTALL_PREFIX=/home/huang/ros2/ROS2/coordinate_transformations/install/cpp_tf_listener
[0.087s] -- The C compiler identification is GNU 11.4.0
[0.242s] -- The CXX compiler identification is GNU 11.4.0
[0.339s] -- Detecting C compiler ABI info
[0.396s] -- Detecting C compiler ABI info - done
[0.400s] -- Check for working C compiler: /usr/bin/cc - skipped
[0.400s] -- Detecting C compile features
[0.400s] -- Detecting C compile features - done
[0.403s] -- Detecting CXX compiler ABI info
[0.451s] -- Detecting CXX compiler ABI info - done
[0.455s] -- Check for working CXX compiler: /usr/bin/c++ - skipped
[0.455s] -- Detecting CXX compile features
[0.455s] -- Detecting CXX compile features - done
[0.462s] -- Found ament_cmake: 1.3.10 (/opt/ros/humble/share/ament_cmake/cmake)
[0.533s] -- Found Python3: /usr/bin/python3 (found version "3.10.12") found components: Interpreter 
[0.584s] -- Found rclcpp: 16.0.10 (/opt/ros/humble/share/rclcpp/cmake)
[0.644s] -- Found rosidl_generator_c: 3.1.5 (/opt/ros/humble/share/rosidl_generator_c/cmake)
[0.647s] -- Found rosidl_adapter: 3.1.5 (/opt/ros/humble/share/rosidl_adapter/cmake)
[0.653s] -- Found rosidl_generator_cpp: 3.1.5 (/opt/ros/humble/share/rosidl_generator_cpp/cmake)
[0.663s] -- Using all available rosidl_typesupport_c: rosidl_typesupport_fastrtps_c;rosidl_typesupport_introspection_c
[0.673s] -- Using all available rosidl_typesupport_cpp: rosidl_typesupport_fastrtps_cpp;rosidl_typesupport_introspection_cpp
[0.703s] -- Found rmw_implementation_cmake: 6.1.2 (/opt/ros/humble/share/rmw_implementation_cmake/cmake)
[0.704s] -- Found rmw_fastrtps_cpp: 6.2.7 (/opt/ros/humble/share/rmw_fastrtps_cpp/cmake)
[1.044s] -- Found OpenSSL: /usr/lib/x86_64-linux-gnu/libcrypto.so (found version "3.0.2")  
[1.316s] -- Found FastRTPS: /opt/ros/humble/include  
[1.885s] -- Using RMW implementation 'rmw_fastrtps_cpp' as default
[1.891s] -- Looking for pthread.h
[1.941s] -- Looking for pthread.h - found
[1.941s] -- Performing Test CMAKE_HAVE_LIBC_PTHREAD
[1.985s] -- Performing Test CMAKE_HAVE_LIBC_PTHREAD - Success
[1.986s] -- Found Threads: TRUE  
[2.024s] -- Found tf2: 0.25.8 (/opt/ros/humble/share/tf2/cmake)
[2.040s] -- Found tf2_ros: 0.25.8 (/opt/ros/humble/share/tf2_ros/cmake)
[2.105s] -- Found ament_lint_auto: 0.12.11 (/opt/ros/humble/share/ament_lint_auto/cmake)
[2.148s] -- Added test 'cppcheck' to perform static code analysis on C / C++ code
[2.148s] -- Configured cppcheck include dirs: $<BUILD_INTERFACE:/home/huang/ros2/ROS2/coordinate_transformations/src/cpp_tf_listener/include>
[2.148s] -- Configured cppcheck exclude dirs and/or files: 
[2.149s] -- Added test 'lint_cmake' to check CMake code style
[2.150s] -- Added test 'uncrustify' to check C / C++ code style
[2.150s] -- Configured uncrustify additional arguments: 
[2.151s] -- Added test 'xmllint' to check XML markup files
[2.152s] -- Configuring done
[2.161s] -- Generating done
[2.162s] -- Build files have been written to: /home/huang/ros2/ROS2/coordinate_transformations/build/cpp_tf_listener
[2.168s] Invoked command in '/home/huang/ros2/ROS2/coordinate_transformations/build/cpp_tf_listener' returned '0': CMAKE_PREFIX_PATH=${CMAKE_PREFIX_PATH}:/opt/ros/humble /usr/bin/cmake /home/huang/ros2/ROS2/coordinate_transformations/src/cpp_tf_listener -DCMAKE_INSTALL_PREFIX=/home/huang/ros2/ROS2/coordinate_transformations/install/cpp_tf_listener
[2.169s] Invoking command in '/home/huang/ros2/ROS2/coordinate_transformations/build/cpp_tf_listener': CMAKE_PREFIX_PATH=${CMAKE_PREFIX_PATH}:/opt/ros/humble /usr/bin/cmake --build /home/huang/ros2/ROS2/coordinate_transformations/build/cpp_tf_listener -- -j20 -l20
[2.189s] [ 50%] [32mBuilding CXX object CMakeFiles/demo.dir/src/demo.cpp.o[0m
[2.189s] [ 50%] [32mBuilding CXX object CMakeFiles/cpp_tf_listener.dir/src/cpp_tf_listener.cpp.o[0m
[2.197s] [ 75%] [32m[1mLinking CXX executable cpp_tf_listener[0m
[2.210s] [100%] [32m[1mLinking CXX executable demo[0m
[2.281s] /usr/bin/ld: /usr/lib/gcc/x86_64-linux-gnu/11/../../../x86_64-linux-gnu/Scrt1.o: in function `_start':
[2.281s] (.text+0x1b): undefined reference to `main'
[2.282s] collect2: error: ld returned 1 exit status
[2.282s] gmake[2]: *** [CMakeFiles/cpp_tf_listener.dir/build.make:197: cpp_tf_listener] Error 1
[2.282s] gmake[1]: *** [CMakeFiles/Makefile2:165: CMakeFiles/cpp_tf_listener.dir/all] Error 2
[2.282s] gmake[1]: *** Waiting for unfinished jobs....
[2.288s] [100%] Built target demo
[2.288s] gmake: *** [Makefile:146: all] Error 2
[2.289s] Invoked command in '/home/huang/ros2/ROS2/coordinate_transformations/build/cpp_tf_listener' returned '2': CMAKE_PREFIX_PATH=${CMAKE_PREFIX_PATH}:/opt/ros/humble /usr/bin/cmake --build /home/huang/ros2/ROS2/coordinate_transformations/build/cpp_tf_listener -- -j20 -l20
