-- Found ament_cmake: 1.3.8 (/opt/ros/humble/share/ament_cmake/cmake)
-- Found rclcpp: 16.0.8 (/opt/ros/humble/share/rclcpp/cmake)
-- Found rosidl_generator_c: 3.1.5 (/opt/ros/humble/share/rosidl_generator_c/cmake)
-- Found rosidl_adapter: 3.1.5 (/opt/ros/humble/share/rosidl_adapter/cmake)
-- Found rosidl_generator_cpp: 3.1.5 (/opt/ros/humble/share/rosidl_generator_cpp/cmake)
-- Using all available rosidl_typesupport_c: rosidl_typesupport_fastrtps_c;rosidl_typesupport_introspection_c
-- Using all available rosidl_typesupport_cpp: rosidl_typesupport_fastrtps_cpp;rosidl_typesupport_introspection_cpp
-- Found rmw_implementation_cmake: 6.1.1 (/opt/ros/humble/share/rmw_implementation_cmake/cmake)
-- Found rmw_fastrtps_cpp: 6.2.6 (/opt/ros/humble/share/rmw_fastrtps_cpp/cmake)
-- Using RMW implementation 'rmw_fastrtps_cpp' as default
-- Found turtlesim: 1.4.2 (/opt/ros/humble/share/turtlesim/cmake)
-- Found base_interface_demo: 0.0.0 (/home/ros/ROS2/communication_mechanism/install/base_interface_demo/share/base_interface_demo/cmake)
-- Found geometry_msgs: 4.2.3 (/opt/ros/humble/share/geometry_msgs/cmake)
-- Found rclcpp_action: 16.0.8 (/opt/ros/humble/share/rclcpp_action/cmake)
-- Found ament_lint_auto: 0.12.10 (/opt/ros/humble/share/ament_lint_auto/cmake)
-- Added test 'cppcheck' to perform static code analysis on C / C++ code
-- Configured cppcheck include dirs: $<BUILD_INTERFACE:/home/ros/ROS2/turtle/src/exercise/include>
-- Configured cppcheck exclude dirs and/or files: 
-- Added test 'flake8' to check Python code syntax and style conventions
-- Added test 'lint_cmake' to check CMake code style
-- Added test 'pep257' to check Python code against some of the docstring style conventions in PEP 257
-- Added test 'uncrustify' to check C / C++ code style
-- Configured uncrustify additional arguments: 
-- Added test 'xmllint' to check XML markup files
-- Configuring done
-- Generating done
-- Build files have been written to: /home/ros/ROS2/turtle/build/exercise
[35m[1mConsolidate compiler generated dependencies of target exe_pub_sub[0m
[ 25%] [32mBuilding CXX object CMakeFiles/exe_action.dir/src/exe_action.cpp.o[0m
[ 75%] Built target exe_pub_sub
[100%] [32m[1mLinking CXX executable exe_action[0m
[100%] Built target exe_action
-- Install configuration: ""
-- Up-to-date: /home/ros/ROS2/turtle/install/exercise/lib/exercise/exe_pub_sub
-- Up-to-date: /home/ros/ROS2/turtle/install/exercise/lib/exercise/exe_pub_sub
-- Up-to-date: /home/ros/ROS2/turtle/install/exercise/share/exercise/launch
-- Up-to-date: /home/ros/ROS2/turtle/install/exercise/share/exercise/launch/exe_pub_sub.launch.py
-- Up-to-date: /home/ros/ROS2/turtle/install/exercise/share/ament_index/resource_index/package_run_dependencies/exercise
-- Installing: /home/ros/ROS2/turtle/install/exercise/share/ament_index/resource_index/parent_prefix_path/exercise
-- Up-to-date: /home/ros/ROS2/turtle/install/exercise/share/exercise/environment/ament_prefix_path.sh
-- Installing: /home/ros/ROS2/turtle/install/exercise/share/exercise/environment/ament_prefix_path.dsv
-- Up-to-date: /home/ros/ROS2/turtle/install/exercise/share/exercise/environment/path.sh
-- Installing: /home/ros/ROS2/turtle/install/exercise/share/exercise/environment/path.dsv
-- Up-to-date: /home/ros/ROS2/turtle/install/exercise/share/exercise/local_setup.bash
-- Up-to-date: /home/ros/ROS2/turtle/install/exercise/share/exercise/local_setup.sh
-- Up-to-date: /home/ros/ROS2/turtle/install/exercise/share/exercise/local_setup.zsh
-- Installing: /home/ros/ROS2/turtle/install/exercise/share/exercise/local_setup.dsv
-- Installing: /home/ros/ROS2/turtle/install/exercise/share/exercise/package.dsv
-- Up-to-date: /home/ros/ROS2/turtle/install/exercise/share/ament_index/resource_index/packages/exercise
-- Up-to-date: /home/ros/ROS2/turtle/install/exercise/share/exercise/cmake/exerciseConfig.cmake
-- Up-to-date: /home/ros/ROS2/turtle/install/exercise/share/exercise/cmake/exerciseConfig-version.cmake
-- Up-to-date: /home/ros/ROS2/turtle/install/exercise/share/exercise/package.xml
