[0.058s] DEBUG:colcon:Command line arguments: ['/usr/bin/colcon', 'build']
[0.058s] DEBUG:colcon:Parsed command line arguments: Namespace(log_base=None, log_level=None, verb_name='build', build_base='build', install_base='install', merge_install=False, symlink_install=False, test_result_base=None, continue_on_error=False, executor='parallel', parallel_workers=20, event_handlers=None, ignore_user_meta=False, metas=['./colcon.meta'], base_paths=['.'], packages_ignore=None, packages_ignore_regex=None, paths=None, packages_up_to=None, packages_up_to_regex=None, packages_above=None, packages_above_and_dependencies=None, packages_above_depth=None, packages_select_by_dep=None, packages_skip_by_dep=None, packages_skip_up_to=None, packages_select_build_failed=False, packages_skip_build_finished=False, packages_select_test_failures=False, packages_skip_test_passed=False, packages_select=None, packages_skip=None, packages_select_regex=None, packages_skip_regex=None, packages_start=None, packages_end=None, allow_overriding=[], cmake_args=None, cmake_target=None, cmake_target_skip_unavailable=False, cmake_clean_cache=False, cmake_clean_first=False, cmake_force_configure=False, ament_cmake_args=None, catkin_cmake_args=None, catkin_skip_building_tests=False, verb_parser=<colcon_defaults.argument_parser.defaults.DefaultArgumentsDecorator object at 0x7fdde346b070>, verb_extension=<colcon_core.verb.build.BuildVerb object at 0x7fdde368c970>, main=<bound method BuildVerb.main of <colcon_core.verb.build.BuildVerb object at 0x7fdde368c970>>)
[0.117s] Level 1:colcon.colcon_core.package_discovery:discover_packages(colcon_meta) check parameters
[0.117s] Level 1:colcon.colcon_core.package_discovery:discover_packages(recursive) check parameters
[0.117s] Level 1:colcon.colcon_core.package_discovery:discover_packages(ignore) check parameters
[0.117s] Level 1:colcon.colcon_core.package_discovery:discover_packages(path) check parameters
[0.117s] Level 1:colcon.colcon_core.package_discovery:discover_packages(colcon_meta) discover
[0.118s] Level 1:colcon.colcon_core.package_discovery:discover_packages(recursive) discover
[0.118s] INFO:colcon.colcon_core.package_discovery:Crawling recursively for packages in '/home/huang/ros2/ROS2/communication_mechanism'
[0.118s] Level 1:colcon.colcon_core.package_identification:_identify(.) by extensions ['ignore', 'ignore_ament_install']
[0.118s] Level 1:colcon.colcon_core.package_identification:_identify(.) by extension 'ignore'
[0.118s] Level 1:colcon.colcon_core.package_identification:_identify(.) by extension 'ignore_ament_install'
[0.118s] Level 1:colcon.colcon_core.package_identification:_identify(.) by extensions ['colcon_pkg']
[0.118s] Level 1:colcon.colcon_core.package_identification:_identify(.) by extension 'colcon_pkg'
[0.118s] Level 1:colcon.colcon_core.package_identification:_identify(.) by extensions ['colcon_meta']
[0.118s] Level 1:colcon.colcon_core.package_identification:_identify(.) by extension 'colcon_meta'
[0.118s] Level 1:colcon.colcon_core.package_identification:_identify(.) by extensions ['ros']
[0.118s] Level 1:colcon.colcon_core.package_identification:_identify(.) by extension 'ros'
[0.123s] Level 1:colcon.colcon_core.package_identification:_identify(.) by extensions ['cmake', 'python']
[0.123s] Level 1:colcon.colcon_core.package_identification:_identify(.) by extension 'cmake'
[0.123s] Level 1:colcon.colcon_core.package_identification:_identify(.) by extension 'python'
[0.123s] Level 1:colcon.colcon_core.package_identification:_identify(.) by extensions ['python_setup_py']
[0.123s] Level 1:colcon.colcon_core.package_identification:_identify(.) by extension 'python_setup_py'
[0.123s] Level 1:colcon.colcon_core.package_identification:_identify(build) by extensions ['ignore', 'ignore_ament_install']
[0.123s] Level 1:colcon.colcon_core.package_identification:_identify(build) by extension 'ignore'
[0.123s] Level 1:colcon.colcon_core.package_identification:_identify(build) ignored
[0.123s] Level 1:colcon.colcon_core.package_identification:_identify(install) by extensions ['ignore', 'ignore_ament_install']
[0.123s] Level 1:colcon.colcon_core.package_identification:_identify(install) by extension 'ignore'
[0.123s] Level 1:colcon.colcon_core.package_identification:_identify(install) ignored
[0.123s] Level 1:colcon.colcon_core.package_identification:_identify(log) by extensions ['ignore', 'ignore_ament_install']
[0.123s] Level 1:colcon.colcon_core.package_identification:_identify(log) by extension 'ignore'
[0.123s] Level 1:colcon.colcon_core.package_identification:_identify(log) ignored
[0.124s] Level 1:colcon.colcon_core.package_identification:_identify(src) by extensions ['ignore', 'ignore_ament_install']
[0.124s] Level 1:colcon.colcon_core.package_identification:_identify(src) by extension 'ignore'
[0.124s] Level 1:colcon.colcon_core.package_identification:_identify(src) by extension 'ignore_ament_install'
[0.124s] Level 1:colcon.colcon_core.package_identification:_identify(src) by extensions ['colcon_pkg']
[0.124s] Level 1:colcon.colcon_core.package_identification:_identify(src) by extension 'colcon_pkg'
[0.124s] Level 1:colcon.colcon_core.package_identification:_identify(src) by extensions ['colcon_meta']
[0.124s] Level 1:colcon.colcon_core.package_identification:_identify(src) by extension 'colcon_meta'
[0.124s] Level 1:colcon.colcon_core.package_identification:_identify(src) by extensions ['ros']
[0.124s] Level 1:colcon.colcon_core.package_identification:_identify(src) by extension 'ros'
[0.124s] Level 1:colcon.colcon_core.package_identification:_identify(src) by extensions ['cmake', 'python']
[0.124s] Level 1:colcon.colcon_core.package_identification:_identify(src) by extension 'cmake'
[0.124s] Level 1:colcon.colcon_core.package_identification:_identify(src) by extension 'python'
[0.124s] Level 1:colcon.colcon_core.package_identification:_identify(src) by extensions ['python_setup_py']
[0.124s] Level 1:colcon.colcon_core.package_identification:_identify(src) by extension 'python_setup_py'
[0.124s] Level 1:colcon.colcon_core.package_identification:_identify(src/base_interface_demo) by extensions ['ignore', 'ignore_ament_install']
[0.124s] Level 1:colcon.colcon_core.package_identification:_identify(src/base_interface_demo) by extension 'ignore'
[0.124s] Level 1:colcon.colcon_core.package_identification:_identify(src/base_interface_demo) by extension 'ignore_ament_install'
[0.124s] Level 1:colcon.colcon_core.package_identification:_identify(src/base_interface_demo) by extensions ['colcon_pkg']
[0.124s] Level 1:colcon.colcon_core.package_identification:_identify(src/base_interface_demo) by extension 'colcon_pkg'
[0.124s] Level 1:colcon.colcon_core.package_identification:_identify(src/base_interface_demo) by extensions ['colcon_meta']
[0.124s] Level 1:colcon.colcon_core.package_identification:_identify(src/base_interface_demo) by extension 'colcon_meta'
[0.124s] Level 1:colcon.colcon_core.package_identification:_identify(src/base_interface_demo) by extensions ['ros']
[0.124s] Level 1:colcon.colcon_core.package_identification:_identify(src/base_interface_demo) by extension 'ros'
[0.125s] DEBUG:colcon.colcon_core.package_identification:Package 'src/base_interface_demo' with type 'ros.ament_cmake' and name 'base_interface_demo'
[0.125s] Level 1:colcon.colcon_core.package_identification:_identify(src/cpp_action) by extensions ['ignore', 'ignore_ament_install']
[0.125s] Level 1:colcon.colcon_core.package_identification:_identify(src/cpp_action) by extension 'ignore'
[0.125s] Level 1:colcon.colcon_core.package_identification:_identify(src/cpp_action) by extension 'ignore_ament_install'
[0.125s] Level 1:colcon.colcon_core.package_identification:_identify(src/cpp_action) by extensions ['colcon_pkg']
[0.125s] Level 1:colcon.colcon_core.package_identification:_identify(src/cpp_action) by extension 'colcon_pkg'
[0.125s] Level 1:colcon.colcon_core.package_identification:_identify(src/cpp_action) by extensions ['colcon_meta']
[0.125s] Level 1:colcon.colcon_core.package_identification:_identify(src/cpp_action) by extension 'colcon_meta'
[0.125s] Level 1:colcon.colcon_core.package_identification:_identify(src/cpp_action) by extensions ['ros']
[0.125s] Level 1:colcon.colcon_core.package_identification:_identify(src/cpp_action) by extension 'ros'
[0.126s] DEBUG:colcon.colcon_core.package_identification:Package 'src/cpp_action' with type 'ros.ament_cmake' and name 'cpp_action'
[0.126s] Level 1:colcon.colcon_core.package_identification:_identify(src/cpp_param) by extensions ['ignore', 'ignore_ament_install']
[0.126s] Level 1:colcon.colcon_core.package_identification:_identify(src/cpp_param) by extension 'ignore'
[0.126s] Level 1:colcon.colcon_core.package_identification:_identify(src/cpp_param) by extension 'ignore_ament_install'
[0.126s] Level 1:colcon.colcon_core.package_identification:_identify(src/cpp_param) by extensions ['colcon_pkg']
[0.126s] Level 1:colcon.colcon_core.package_identification:_identify(src/cpp_param) by extension 'colcon_pkg'
[0.126s] Level 1:colcon.colcon_core.package_identification:_identify(src/cpp_param) by extensions ['colcon_meta']
[0.126s] Level 1:colcon.colcon_core.package_identification:_identify(src/cpp_param) by extension 'colcon_meta'
[0.126s] Level 1:colcon.colcon_core.package_identification:_identify(src/cpp_param) by extensions ['ros']
[0.126s] Level 1:colcon.colcon_core.package_identification:_identify(src/cpp_param) by extension 'ros'
[0.126s] DEBUG:colcon.colcon_core.package_identification:Package 'src/cpp_param' with type 'ros.ament_cmake' and name 'cpp_param'
[0.126s] Level 1:colcon.colcon_core.package_identification:_identify(src/cpp_server) by extensions ['ignore', 'ignore_ament_install']
[0.126s] Level 1:colcon.colcon_core.package_identification:_identify(src/cpp_server) by extension 'ignore'
[0.126s] Level 1:colcon.colcon_core.package_identification:_identify(src/cpp_server) by extension 'ignore_ament_install'
[0.126s] Level 1:colcon.colcon_core.package_identification:_identify(src/cpp_server) by extensions ['colcon_pkg']
[0.126s] Level 1:colcon.colcon_core.package_identification:_identify(src/cpp_server) by extension 'colcon_pkg'
[0.126s] Level 1:colcon.colcon_core.package_identification:_identify(src/cpp_server) by extensions ['colcon_meta']
[0.126s] Level 1:colcon.colcon_core.package_identification:_identify(src/cpp_server) by extension 'colcon_meta'
[0.126s] Level 1:colcon.colcon_core.package_identification:_identify(src/cpp_server) by extensions ['ros']
[0.126s] Level 1:colcon.colcon_core.package_identification:_identify(src/cpp_server) by extension 'ros'
[0.127s] DEBUG:colcon.colcon_core.package_identification:Package 'src/cpp_server' with type 'ros.ament_cmake' and name 'cpp_server'
[0.127s] Level 1:colcon.colcon_core.package_identification:_identify(src/cpp_time) by extensions ['ignore', 'ignore_ament_install']
[0.127s] Level 1:colcon.colcon_core.package_identification:_identify(src/cpp_time) by extension 'ignore'
[0.127s] Level 1:colcon.colcon_core.package_identification:_identify(src/cpp_time) by extension 'ignore_ament_install'
[0.127s] Level 1:colcon.colcon_core.package_identification:_identify(src/cpp_time) by extensions ['colcon_pkg']
[0.127s] Level 1:colcon.colcon_core.package_identification:_identify(src/cpp_time) by extension 'colcon_pkg'
[0.127s] Level 1:colcon.colcon_core.package_identification:_identify(src/cpp_time) by extensions ['colcon_meta']
[0.127s] Level 1:colcon.colcon_core.package_identification:_identify(src/cpp_time) by extension 'colcon_meta'
[0.127s] Level 1:colcon.colcon_core.package_identification:_identify(src/cpp_time) by extensions ['ros']
[0.127s] Level 1:colcon.colcon_core.package_identification:_identify(src/cpp_time) by extension 'ros'
[0.127s] DEBUG:colcon.colcon_core.package_identification:Package 'src/cpp_time' with type 'ros.ament_cmake' and name 'cpp_time'
[0.127s] Level 1:colcon.colcon_core.package_identification:_identify(src/cpp_topic) by extensions ['ignore', 'ignore_ament_install']
[0.127s] Level 1:colcon.colcon_core.package_identification:_identify(src/cpp_topic) by extension 'ignore'
[0.127s] Level 1:colcon.colcon_core.package_identification:_identify(src/cpp_topic) by extension 'ignore_ament_install'
[0.127s] Level 1:colcon.colcon_core.package_identification:_identify(src/cpp_topic) by extensions ['colcon_pkg']
[0.127s] Level 1:colcon.colcon_core.package_identification:_identify(src/cpp_topic) by extension 'colcon_pkg'
[0.127s] Level 1:colcon.colcon_core.package_identification:_identify(src/cpp_topic) by extensions ['colcon_meta']
[0.127s] Level 1:colcon.colcon_core.package_identification:_identify(src/cpp_topic) by extension 'colcon_meta'
[0.127s] Level 1:colcon.colcon_core.package_identification:_identify(src/cpp_topic) by extensions ['ros']
[0.127s] Level 1:colcon.colcon_core.package_identification:_identify(src/cpp_topic) by extension 'ros'
[0.128s] DEBUG:colcon.colcon_core.package_identification:Package 'src/cpp_topic' with type 'ros.ament_cmake' and name 'cpp_topic'
[0.128s] Level 1:colcon.colcon_core.package_discovery:discover_packages(recursive) using defaults
[0.128s] Level 1:colcon.colcon_core.package_discovery:discover_packages(ignore) discover
[0.128s] Level 1:colcon.colcon_core.package_discovery:discover_packages(ignore) using defaults
[0.128s] Level 1:colcon.colcon_core.package_discovery:discover_packages(path) discover
[0.128s] Level 1:colcon.colcon_core.package_discovery:discover_packages(path) using defaults
[0.138s] Level 1:colcon.colcon_core.package_discovery:discover_packages(prefix_path) check parameters
[0.138s] Level 1:colcon.colcon_core.package_discovery:discover_packages(prefix_path) discover
[0.139s] DEBUG:colcon.colcon_installed_package_information.package_discovery:Found 270 installed packages in /opt/ros/humble
[0.139s] Level 1:colcon.colcon_core.package_discovery:discover_packages(prefix_path) using defaults
[0.160s] Level 5:colcon.colcon_core.verb:set package 'base_interface_demo' build argument 'cmake_args' from command line to 'None'
[0.160s] Level 5:colcon.colcon_core.verb:set package 'base_interface_demo' build argument 'cmake_target' from command line to 'None'
[0.160s] Level 5:colcon.colcon_core.verb:set package 'base_interface_demo' build argument 'cmake_target_skip_unavailable' from command line to 'False'
[0.160s] Level 5:colcon.colcon_core.verb:set package 'base_interface_demo' build argument 'cmake_clean_cache' from command line to 'False'
[0.160s] Level 5:colcon.colcon_core.verb:set package 'base_interface_demo' build argument 'cmake_clean_first' from command line to 'False'
[0.160s] Level 5:colcon.colcon_core.verb:set package 'base_interface_demo' build argument 'cmake_force_configure' from command line to 'False'
[0.160s] Level 5:colcon.colcon_core.verb:set package 'base_interface_demo' build argument 'ament_cmake_args' from command line to 'None'
[0.160s] Level 5:colcon.colcon_core.verb:set package 'base_interface_demo' build argument 'catkin_cmake_args' from command line to 'None'
[0.160s] Level 5:colcon.colcon_core.verb:set package 'base_interface_demo' build argument 'catkin_skip_building_tests' from command line to 'False'
[0.160s] DEBUG:colcon.colcon_core.verb:Building package 'base_interface_demo' with the following arguments: {'ament_cmake_args': None, 'build_base': '/home/huang/ros2/ROS2/communication_mechanism/build/base_interface_demo', 'catkin_cmake_args': None, 'catkin_skip_building_tests': False, 'cmake_args': None, 'cmake_clean_cache': False, 'cmake_clean_first': False, 'cmake_force_configure': False, 'cmake_target': None, 'cmake_target_skip_unavailable': False, 'install_base': '/home/huang/ros2/ROS2/communication_mechanism/install/base_interface_demo', 'merge_install': False, 'path': '/home/huang/ros2/ROS2/communication_mechanism/src/base_interface_demo', 'symlink_install': False, 'test_result_base': None}
[0.161s] Level 5:colcon.colcon_core.verb:set package 'cpp_param' build argument 'cmake_args' from command line to 'None'
[0.161s] Level 5:colcon.colcon_core.verb:set package 'cpp_param' build argument 'cmake_target' from command line to 'None'
[0.161s] Level 5:colcon.colcon_core.verb:set package 'cpp_param' build argument 'cmake_target_skip_unavailable' from command line to 'False'
[0.161s] Level 5:colcon.colcon_core.verb:set package 'cpp_param' build argument 'cmake_clean_cache' from command line to 'False'
[0.161s] Level 5:colcon.colcon_core.verb:set package 'cpp_param' build argument 'cmake_clean_first' from command line to 'False'
[0.161s] Level 5:colcon.colcon_core.verb:set package 'cpp_param' build argument 'cmake_force_configure' from command line to 'False'
[0.161s] Level 5:colcon.colcon_core.verb:set package 'cpp_param' build argument 'ament_cmake_args' from command line to 'None'
[0.161s] Level 5:colcon.colcon_core.verb:set package 'cpp_param' build argument 'catkin_cmake_args' from command line to 'None'
[0.161s] Level 5:colcon.colcon_core.verb:set package 'cpp_param' build argument 'catkin_skip_building_tests' from command line to 'False'
[0.161s] DEBUG:colcon.colcon_core.verb:Building package 'cpp_param' with the following arguments: {'ament_cmake_args': None, 'build_base': '/home/huang/ros2/ROS2/communication_mechanism/build/cpp_param', 'catkin_cmake_args': None, 'catkin_skip_building_tests': False, 'cmake_args': None, 'cmake_clean_cache': False, 'cmake_clean_first': False, 'cmake_force_configure': False, 'cmake_target': None, 'cmake_target_skip_unavailable': False, 'install_base': '/home/huang/ros2/ROS2/communication_mechanism/install/cpp_param', 'merge_install': False, 'path': '/home/huang/ros2/ROS2/communication_mechanism/src/cpp_param', 'symlink_install': False, 'test_result_base': None}
[0.161s] Level 5:colcon.colcon_core.verb:set package 'cpp_time' build argument 'cmake_args' from command line to 'None'
[0.161s] Level 5:colcon.colcon_core.verb:set package 'cpp_time' build argument 'cmake_target' from command line to 'None'
[0.161s] Level 5:colcon.colcon_core.verb:set package 'cpp_time' build argument 'cmake_target_skip_unavailable' from command line to 'False'
[0.161s] Level 5:colcon.colcon_core.verb:set package 'cpp_time' build argument 'cmake_clean_cache' from command line to 'False'
[0.161s] Level 5:colcon.colcon_core.verb:set package 'cpp_time' build argument 'cmake_clean_first' from command line to 'False'
[0.161s] Level 5:colcon.colcon_core.verb:set package 'cpp_time' build argument 'cmake_force_configure' from command line to 'False'
[0.161s] Level 5:colcon.colcon_core.verb:set package 'cpp_time' build argument 'ament_cmake_args' from command line to 'None'
[0.161s] Level 5:colcon.colcon_core.verb:set package 'cpp_time' build argument 'catkin_cmake_args' from command line to 'None'
[0.161s] Level 5:colcon.colcon_core.verb:set package 'cpp_time' build argument 'catkin_skip_building_tests' from command line to 'False'
[0.161s] DEBUG:colcon.colcon_core.verb:Building package 'cpp_time' with the following arguments: {'ament_cmake_args': None, 'build_base': '/home/huang/ros2/ROS2/communication_mechanism/build/cpp_time', 'catkin_cmake_args': None, 'catkin_skip_building_tests': False, 'cmake_args': None, 'cmake_clean_cache': False, 'cmake_clean_first': False, 'cmake_force_configure': False, 'cmake_target': None, 'cmake_target_skip_unavailable': False, 'install_base': '/home/huang/ros2/ROS2/communication_mechanism/install/cpp_time', 'merge_install': False, 'path': '/home/huang/ros2/ROS2/communication_mechanism/src/cpp_time', 'symlink_install': False, 'test_result_base': None}
[0.161s] Level 5:colcon.colcon_core.verb:set package 'cpp_action' build argument 'cmake_args' from command line to 'None'
[0.161s] Level 5:colcon.colcon_core.verb:set package 'cpp_action' build argument 'cmake_target' from command line to 'None'
[0.161s] Level 5:colcon.colcon_core.verb:set package 'cpp_action' build argument 'cmake_target_skip_unavailable' from command line to 'False'
[0.161s] Level 5:colcon.colcon_core.verb:set package 'cpp_action' build argument 'cmake_clean_cache' from command line to 'False'
[0.161s] Level 5:colcon.colcon_core.verb:set package 'cpp_action' build argument 'cmake_clean_first' from command line to 'False'
[0.161s] Level 5:colcon.colcon_core.verb:set package 'cpp_action' build argument 'cmake_force_configure' from command line to 'False'
[0.161s] Level 5:colcon.colcon_core.verb:set package 'cpp_action' build argument 'ament_cmake_args' from command line to 'None'
[0.161s] Level 5:colcon.colcon_core.verb:set package 'cpp_action' build argument 'catkin_cmake_args' from command line to 'None'
[0.161s] Level 5:colcon.colcon_core.verb:set package 'cpp_action' build argument 'catkin_skip_building_tests' from command line to 'False'
[0.161s] DEBUG:colcon.colcon_core.verb:Building package 'cpp_action' with the following arguments: {'ament_cmake_args': None, 'build_base': '/home/huang/ros2/ROS2/communication_mechanism/build/cpp_action', 'catkin_cmake_args': None, 'catkin_skip_building_tests': False, 'cmake_args': None, 'cmake_clean_cache': False, 'cmake_clean_first': False, 'cmake_force_configure': False, 'cmake_target': None, 'cmake_target_skip_unavailable': False, 'install_base': '/home/huang/ros2/ROS2/communication_mechanism/install/cpp_action', 'merge_install': False, 'path': '/home/huang/ros2/ROS2/communication_mechanism/src/cpp_action', 'symlink_install': False, 'test_result_base': None}
[0.161s] Level 5:colcon.colcon_core.verb:set package 'cpp_server' build argument 'cmake_args' from command line to 'None'
[0.161s] Level 5:colcon.colcon_core.verb:set package 'cpp_server' build argument 'cmake_target' from command line to 'None'
[0.161s] Level 5:colcon.colcon_core.verb:set package 'cpp_server' build argument 'cmake_target_skip_unavailable' from command line to 'False'
[0.161s] Level 5:colcon.colcon_core.verb:set package 'cpp_server' build argument 'cmake_clean_cache' from command line to 'False'
[0.161s] Level 5:colcon.colcon_core.verb:set package 'cpp_server' build argument 'cmake_clean_first' from command line to 'False'
[0.161s] Level 5:colcon.colcon_core.verb:set package 'cpp_server' build argument 'cmake_force_configure' from command line to 'False'
[0.161s] Level 5:colcon.colcon_core.verb:set package 'cpp_server' build argument 'ament_cmake_args' from command line to 'None'
[0.161s] Level 5:colcon.colcon_core.verb:set package 'cpp_server' build argument 'catkin_cmake_args' from command line to 'None'
[0.161s] Level 5:colcon.colcon_core.verb:set package 'cpp_server' build argument 'catkin_skip_building_tests' from command line to 'False'
[0.161s] DEBUG:colcon.colcon_core.verb:Building package 'cpp_server' with the following arguments: {'ament_cmake_args': None, 'build_base': '/home/huang/ros2/ROS2/communication_mechanism/build/cpp_server', 'catkin_cmake_args': None, 'catkin_skip_building_tests': False, 'cmake_args': None, 'cmake_clean_cache': False, 'cmake_clean_first': False, 'cmake_force_configure': False, 'cmake_target': None, 'cmake_target_skip_unavailable': False, 'install_base': '/home/huang/ros2/ROS2/communication_mechanism/install/cpp_server', 'merge_install': False, 'path': '/home/huang/ros2/ROS2/communication_mechanism/src/cpp_server', 'symlink_install': False, 'test_result_base': None}
[0.162s] Level 5:colcon.colcon_core.verb:set package 'cpp_topic' build argument 'cmake_args' from command line to 'None'
[0.162s] Level 5:colcon.colcon_core.verb:set package 'cpp_topic' build argument 'cmake_target' from command line to 'None'
[0.162s] Level 5:colcon.colcon_core.verb:set package 'cpp_topic' build argument 'cmake_target_skip_unavailable' from command line to 'False'
[0.162s] Level 5:colcon.colcon_core.verb:set package 'cpp_topic' build argument 'cmake_clean_cache' from command line to 'False'
[0.162s] Level 5:colcon.colcon_core.verb:set package 'cpp_topic' build argument 'cmake_clean_first' from command line to 'False'
[0.162s] Level 5:colcon.colcon_core.verb:set package 'cpp_topic' build argument 'cmake_force_configure' from command line to 'False'
[0.162s] Level 5:colcon.colcon_core.verb:set package 'cpp_topic' build argument 'ament_cmake_args' from command line to 'None'
[0.162s] Level 5:colcon.colcon_core.verb:set package 'cpp_topic' build argument 'catkin_cmake_args' from command line to 'None'
[0.162s] Level 5:colcon.colcon_core.verb:set package 'cpp_topic' build argument 'catkin_skip_building_tests' from command line to 'False'
[0.162s] DEBUG:colcon.colcon_core.verb:Building package 'cpp_topic' with the following arguments: {'ament_cmake_args': None, 'build_base': '/home/huang/ros2/ROS2/communication_mechanism/build/cpp_topic', 'catkin_cmake_args': None, 'catkin_skip_building_tests': False, 'cmake_args': None, 'cmake_clean_cache': False, 'cmake_clean_first': False, 'cmake_force_configure': False, 'cmake_target': None, 'cmake_target_skip_unavailable': False, 'install_base': '/home/huang/ros2/ROS2/communication_mechanism/install/cpp_topic', 'merge_install': False, 'path': '/home/huang/ros2/ROS2/communication_mechanism/src/cpp_topic', 'symlink_install': False, 'test_result_base': None}
[0.162s] INFO:colcon.colcon_core.executor:Executing jobs using 'parallel' executor
[0.162s] DEBUG:colcon.colcon_parallel_executor.executor.parallel:run_until_complete
[0.162s] INFO:colcon.colcon_ros.task.ament_cmake.build:Building ROS package in '/home/huang/ros2/ROS2/communication_mechanism/src/base_interface_demo' with build type 'ament_cmake'
[0.162s] INFO:colcon.colcon_cmake.task.cmake.build:Building CMake package in '/home/huang/ros2/ROS2/communication_mechanism/src/base_interface_demo'
[0.164s] INFO:colcon.colcon_core.plugin_system:Skipping extension 'colcon_core.shell.bat': Not used on non-Windows systems
[0.164s] INFO:colcon.colcon_core.shell:Skip shell extension 'powershell' for command environment: Not usable outside of PowerShell
[0.164s] DEBUG:colcon.colcon_core.shell:Skip shell extension 'dsv' for command environment
[0.165s] INFO:colcon.colcon_ros.task.ament_cmake.build:Building ROS package in '/home/huang/ros2/ROS2/communication_mechanism/src/cpp_param' with build type 'ament_cmake'
[0.165s] INFO:colcon.colcon_cmake.task.cmake.build:Building CMake package in '/home/huang/ros2/ROS2/communication_mechanism/src/cpp_param'
[0.165s] INFO:colcon.colcon_core.shell:Skip shell extension 'powershell' for command environment: Not usable outside of PowerShell
[0.165s] DEBUG:colcon.colcon_core.shell:Skip shell extension 'dsv' for command environment
[0.167s] INFO:colcon.colcon_ros.task.ament_cmake.build:Building ROS package in '/home/huang/ros2/ROS2/communication_mechanism/src/cpp_time' with build type 'ament_cmake'
[0.167s] INFO:colcon.colcon_cmake.task.cmake.build:Building CMake package in '/home/huang/ros2/ROS2/communication_mechanism/src/cpp_time'
[0.167s] INFO:colcon.colcon_core.shell:Skip shell extension 'powershell' for command environment: Not usable outside of PowerShell
[0.167s] DEBUG:colcon.colcon_core.shell:Skip shell extension 'dsv' for command environment
[0.171s] DEBUG:colcon.colcon_core.event_handler.log_command:Invoking command in '/home/huang/ros2/ROS2/communication_mechanism/build/base_interface_demo': CMAKE_PREFIX_PATH=/opt/ros/humble /usr/bin/cmake /home/huang/ros2/ROS2/communication_mechanism/src/base_interface_demo -DCMAKE_INSTALL_PREFIX=/home/huang/ros2/ROS2/communication_mechanism/install/base_interface_demo
[0.173s] DEBUG:colcon.colcon_core.event_handler.log_command:Invoking command in '/home/huang/ros2/ROS2/communication_mechanism/build/cpp_param': CMAKE_PREFIX_PATH=/opt/ros/humble /usr/bin/cmake /home/huang/ros2/ROS2/communication_mechanism/src/cpp_param -DCMAKE_INSTALL_PREFIX=/home/huang/ros2/ROS2/communication_mechanism/install/cpp_param
[0.177s] DEBUG:colcon.colcon_core.event_handler.log_command:Invoking command in '/home/huang/ros2/ROS2/communication_mechanism/build/cpp_time': CMAKE_PREFIX_PATH=/opt/ros/humble /usr/bin/cmake /home/huang/ros2/ROS2/communication_mechanism/src/cpp_time -DCMAKE_INSTALL_PREFIX=/home/huang/ros2/ROS2/communication_mechanism/install/cpp_time
[1.135s] DEBUG:colcon.colcon_core.event_handler.log_command:Invoked command in '/home/huang/ros2/ROS2/communication_mechanism/build/base_interface_demo' returned '0': CMAKE_PREFIX_PATH=/opt/ros/humble /usr/bin/cmake /home/huang/ros2/ROS2/communication_mechanism/src/base_interface_demo -DCMAKE_INSTALL_PREFIX=/home/huang/ros2/ROS2/communication_mechanism/install/base_interface_demo
[1.136s] DEBUG:colcon.colcon_core.event_handler.log_command:Invoking command in '/home/huang/ros2/ROS2/communication_mechanism/build/base_interface_demo': CMAKE_PREFIX_PATH=/opt/ros/humble /usr/bin/cmake --build /home/huang/ros2/ROS2/communication_mechanism/build/base_interface_demo -- -j20 -l20
[2.244s] DEBUG:colcon.colcon_core.event_handler.log_command:Invoked command in '/home/huang/ros2/ROS2/communication_mechanism/build/cpp_param' returned '0': CMAKE_PREFIX_PATH=/opt/ros/humble /usr/bin/cmake /home/huang/ros2/ROS2/communication_mechanism/src/cpp_param -DCMAKE_INSTALL_PREFIX=/home/huang/ros2/ROS2/communication_mechanism/install/cpp_param
[2.245s] DEBUG:colcon.colcon_core.event_handler.log_command:Invoking command in '/home/huang/ros2/ROS2/communication_mechanism/build/cpp_param': CMAKE_PREFIX_PATH=/opt/ros/humble /usr/bin/cmake --build /home/huang/ros2/ROS2/communication_mechanism/build/cpp_param -- -j20 -l20
[2.307s] DEBUG:colcon.colcon_core.event_handler.log_command:Invoked command in '/home/huang/ros2/ROS2/communication_mechanism/build/cpp_time' returned '0': CMAKE_PREFIX_PATH=/opt/ros/humble /usr/bin/cmake /home/huang/ros2/ROS2/communication_mechanism/src/cpp_time -DCMAKE_INSTALL_PREFIX=/home/huang/ros2/ROS2/communication_mechanism/install/cpp_time
[2.308s] DEBUG:colcon.colcon_core.event_handler.log_command:Invoking command in '/home/huang/ros2/ROS2/communication_mechanism/build/cpp_time': CMAKE_PREFIX_PATH=/opt/ros/humble /usr/bin/cmake --build /home/huang/ros2/ROS2/communication_mechanism/build/cpp_time -- -j20 -l20
[2.894s] DEBUG:colcon.colcon_core.event_handler.log_command:Invoked command in '/home/huang/ros2/ROS2/communication_mechanism/build/base_interface_demo' returned '0': CMAKE_PREFIX_PATH=/opt/ros/humble /usr/bin/cmake --build /home/huang/ros2/ROS2/communication_mechanism/build/base_interface_demo -- -j20 -l20
[2.965s] DEBUG:colcon.colcon_core.event_handler.log_command:Invoking command in '/home/huang/ros2/ROS2/communication_mechanism/build/base_interface_demo': CMAKE_PREFIX_PATH=/opt/ros/humble /usr/bin/cmake --install /home/huang/ros2/ROS2/communication_mechanism/build/base_interface_demo
[3.029s] Level 1:colcon.colcon_core.environment:create_environment_scripts_only(base_interface_demo)
[3.031s] DEBUG:colcon.colcon_core.event_handler.log_command:Invoked command in '/home/huang/ros2/ROS2/communication_mechanism/build/base_interface_demo' returned '0': CMAKE_PREFIX_PATH=/opt/ros/humble /usr/bin/cmake --install /home/huang/ros2/ROS2/communication_mechanism/build/base_interface_demo
[3.033s] Level 1:colcon.colcon_core.environment:checking '/home/huang/ros2/ROS2/communication_mechanism/install/base_interface_demo' for CMake module files
[3.033s] Level 1:colcon.colcon_core.environment:checking '/home/huang/ros2/ROS2/communication_mechanism/install/base_interface_demo' for CMake config files
[3.034s] Level 1:colcon.colcon_core.shell:create_environment_hook('base_interface_demo', 'cmake_prefix_path')
[3.034s] INFO:colcon.colcon_core.shell:Creating environment hook '/home/huang/ros2/ROS2/communication_mechanism/install/base_interface_demo/share/base_interface_demo/hook/cmake_prefix_path.ps1'
[3.035s] INFO:colcon.colcon_core.shell:Creating environment descriptor '/home/huang/ros2/ROS2/communication_mechanism/install/base_interface_demo/share/base_interface_demo/hook/cmake_prefix_path.dsv'
[3.035s] INFO:colcon.colcon_core.shell:Creating environment hook '/home/huang/ros2/ROS2/communication_mechanism/install/base_interface_demo/share/base_interface_demo/hook/cmake_prefix_path.sh'
[3.036s] Level 1:colcon.colcon_core.environment:checking '/home/huang/ros2/ROS2/communication_mechanism/install/base_interface_demo/lib'
[3.036s] Level 1:colcon.colcon_core.shell:create_environment_hook('base_interface_demo', 'ld_library_path_lib')
[3.036s] INFO:colcon.colcon_core.shell:Creating environment hook '/home/huang/ros2/ROS2/communication_mechanism/install/base_interface_demo/share/base_interface_demo/hook/ld_library_path_lib.ps1'
[3.036s] INFO:colcon.colcon_core.shell:Creating environment descriptor '/home/huang/ros2/ROS2/communication_mechanism/install/base_interface_demo/share/base_interface_demo/hook/ld_library_path_lib.dsv'
[3.036s] INFO:colcon.colcon_core.shell:Creating environment hook '/home/huang/ros2/ROS2/communication_mechanism/install/base_interface_demo/share/base_interface_demo/hook/ld_library_path_lib.sh'
[3.037s] Level 1:colcon.colcon_core.environment:checking '/home/huang/ros2/ROS2/communication_mechanism/install/base_interface_demo/bin'
[3.037s] Level 1:colcon.colcon_core.environment:checking '/home/huang/ros2/ROS2/communication_mechanism/install/base_interface_demo/lib/pkgconfig/base_interface_demo.pc'
[3.037s] Level 1:colcon.colcon_core.environment:checking '/home/huang/ros2/ROS2/communication_mechanism/install/base_interface_demo/lib/python3.10/site-packages'
[3.037s] Level 1:colcon.colcon_core.environment:checking '/home/huang/ros2/ROS2/communication_mechanism/install/base_interface_demo/bin'
[3.037s] INFO:colcon.colcon_core.shell:Creating package script '/home/huang/ros2/ROS2/communication_mechanism/install/base_interface_demo/share/base_interface_demo/package.ps1'
[3.037s] INFO:colcon.colcon_core.shell:Creating package descriptor '/home/huang/ros2/ROS2/communication_mechanism/install/base_interface_demo/share/base_interface_demo/package.dsv'
[3.038s] INFO:colcon.colcon_core.shell:Creating package script '/home/huang/ros2/ROS2/communication_mechanism/install/base_interface_demo/share/base_interface_demo/package.sh'
[3.038s] INFO:colcon.colcon_core.shell:Creating package script '/home/huang/ros2/ROS2/communication_mechanism/install/base_interface_demo/share/base_interface_demo/package.bash'
[3.038s] INFO:colcon.colcon_core.shell:Creating package script '/home/huang/ros2/ROS2/communication_mechanism/install/base_interface_demo/share/base_interface_demo/package.zsh'
[3.039s] Level 1:colcon.colcon_core.environment:create_file_with_runtime_dependencies(/home/huang/ros2/ROS2/communication_mechanism/install/base_interface_demo/share/colcon-core/packages/base_interface_demo)
[3.106s] Level 1:colcon.colcon_core.environment:create_environment_scripts_only(base_interface_demo)
[3.107s] Level 1:colcon.colcon_core.environment:checking '/home/huang/ros2/ROS2/communication_mechanism/install/base_interface_demo' for CMake module files
[3.107s] Level 1:colcon.colcon_core.environment:checking '/home/huang/ros2/ROS2/communication_mechanism/install/base_interface_demo' for CMake config files
[3.107s] Level 1:colcon.colcon_core.shell:create_environment_hook('base_interface_demo', 'cmake_prefix_path')
[3.107s] INFO:colcon.colcon_core.shell:Creating environment hook '/home/huang/ros2/ROS2/communication_mechanism/install/base_interface_demo/share/base_interface_demo/hook/cmake_prefix_path.ps1'
[3.107s] INFO:colcon.colcon_core.shell:Creating environment descriptor '/home/huang/ros2/ROS2/communication_mechanism/install/base_interface_demo/share/base_interface_demo/hook/cmake_prefix_path.dsv'
[3.107s] INFO:colcon.colcon_core.shell:Creating environment hook '/home/huang/ros2/ROS2/communication_mechanism/install/base_interface_demo/share/base_interface_demo/hook/cmake_prefix_path.sh'
[3.108s] Level 1:colcon.colcon_core.environment:checking '/home/huang/ros2/ROS2/communication_mechanism/install/base_interface_demo/lib'
[3.108s] Level 1:colcon.colcon_core.shell:create_environment_hook('base_interface_demo', 'ld_library_path_lib')
[3.108s] INFO:colcon.colcon_core.shell:Creating environment hook '/home/huang/ros2/ROS2/communication_mechanism/install/base_interface_demo/share/base_interface_demo/hook/ld_library_path_lib.ps1'
[3.108s] INFO:colcon.colcon_core.shell:Creating environment descriptor '/home/huang/ros2/ROS2/communication_mechanism/install/base_interface_demo/share/base_interface_demo/hook/ld_library_path_lib.dsv'
[3.108s] INFO:colcon.colcon_core.shell:Creating environment hook '/home/huang/ros2/ROS2/communication_mechanism/install/base_interface_demo/share/base_interface_demo/hook/ld_library_path_lib.sh'
[3.108s] Level 1:colcon.colcon_core.environment:checking '/home/huang/ros2/ROS2/communication_mechanism/install/base_interface_demo/bin'
[3.108s] Level 1:colcon.colcon_core.environment:checking '/home/huang/ros2/ROS2/communication_mechanism/install/base_interface_demo/lib/pkgconfig/base_interface_demo.pc'
[3.108s] Level 1:colcon.colcon_core.environment:checking '/home/huang/ros2/ROS2/communication_mechanism/install/base_interface_demo/lib/python3.10/site-packages'
[3.108s] Level 1:colcon.colcon_core.environment:checking '/home/huang/ros2/ROS2/communication_mechanism/install/base_interface_demo/bin'
[3.109s] INFO:colcon.colcon_core.shell:Creating package script '/home/huang/ros2/ROS2/communication_mechanism/install/base_interface_demo/share/base_interface_demo/package.ps1'
[3.109s] INFO:colcon.colcon_core.shell:Creating package descriptor '/home/huang/ros2/ROS2/communication_mechanism/install/base_interface_demo/share/base_interface_demo/package.dsv'
[3.109s] INFO:colcon.colcon_core.shell:Creating package script '/home/huang/ros2/ROS2/communication_mechanism/install/base_interface_demo/share/base_interface_demo/package.sh'
[3.109s] INFO:colcon.colcon_core.shell:Creating package script '/home/huang/ros2/ROS2/communication_mechanism/install/base_interface_demo/share/base_interface_demo/package.bash'
[3.109s] INFO:colcon.colcon_core.shell:Creating package script '/home/huang/ros2/ROS2/communication_mechanism/install/base_interface_demo/share/base_interface_demo/package.zsh'
[3.109s] Level 1:colcon.colcon_core.environment:create_file_with_runtime_dependencies(/home/huang/ros2/ROS2/communication_mechanism/install/base_interface_demo/share/colcon-core/packages/base_interface_demo)
[3.110s] INFO:colcon.colcon_ros.task.ament_cmake.build:Building ROS package in '/home/huang/ros2/ROS2/communication_mechanism/src/cpp_action' with build type 'ament_cmake'
[3.110s] INFO:colcon.colcon_cmake.task.cmake.build:Building CMake package in '/home/huang/ros2/ROS2/communication_mechanism/src/cpp_action'
[3.110s] INFO:colcon.colcon_core.shell:Skip shell extension 'powershell' for command environment: Not usable outside of PowerShell
[3.110s] DEBUG:colcon.colcon_core.shell:Skip shell extension 'dsv' for command environment
[3.113s] INFO:colcon.colcon_ros.task.ament_cmake.build:Building ROS package in '/home/huang/ros2/ROS2/communication_mechanism/src/cpp_server' with build type 'ament_cmake'
[3.113s] INFO:colcon.colcon_cmake.task.cmake.build:Building CMake package in '/home/huang/ros2/ROS2/communication_mechanism/src/cpp_server'
[3.113s] INFO:colcon.colcon_core.shell:Skip shell extension 'powershell' for command environment: Not usable outside of PowerShell
[3.114s] DEBUG:colcon.colcon_core.shell:Skip shell extension 'dsv' for command environment
[3.116s] INFO:colcon.colcon_ros.task.ament_cmake.build:Building ROS package in '/home/huang/ros2/ROS2/communication_mechanism/src/cpp_topic' with build type 'ament_cmake'
[3.117s] INFO:colcon.colcon_cmake.task.cmake.build:Building CMake package in '/home/huang/ros2/ROS2/communication_mechanism/src/cpp_topic'
[3.117s] INFO:colcon.colcon_core.shell:Skip shell extension 'powershell' for command environment: Not usable outside of PowerShell
[3.117s] DEBUG:colcon.colcon_core.shell:Skip shell extension 'dsv' for command environment
[3.147s] DEBUG:colcon.colcon_core.event_handler.log_command:Invoking command in '/home/huang/ros2/ROS2/communication_mechanism/build/cpp_action': AMENT_PREFIX_PATH=/home/huang/ros2/ROS2/communication_mechanism/install/base_interface_demo:${AMENT_PREFIX_PATH} CMAKE_PREFIX_PATH=/home/huang/ros2/ROS2/communication_mechanism/install/base_interface_demo:/opt/ros/humble LD_LIBRARY_PATH=/home/huang/ros2/ROS2/communication_mechanism/install/base_interface_demo/lib:${LD_LIBRARY_PATH} PYTHONPATH=/home/huang/ros2/ROS2/communication_mechanism/install/base_interface_demo/local/lib/python3.10/dist-packages:${PYTHONPATH} /usr/bin/cmake /home/huang/ros2/ROS2/communication_mechanism/src/cpp_action -DCMAKE_INSTALL_PREFIX=/home/huang/ros2/ROS2/communication_mechanism/install/cpp_action
[3.148s] DEBUG:colcon.colcon_core.event_handler.log_command:Invoking command in '/home/huang/ros2/ROS2/communication_mechanism/build/cpp_server': AMENT_PREFIX_PATH=/home/huang/ros2/ROS2/communication_mechanism/install/base_interface_demo:${AMENT_PREFIX_PATH} CMAKE_PREFIX_PATH=/home/huang/ros2/ROS2/communication_mechanism/install/base_interface_demo:/opt/ros/humble LD_LIBRARY_PATH=/home/huang/ros2/ROS2/communication_mechanism/install/base_interface_demo/lib:${LD_LIBRARY_PATH} PYTHONPATH=/home/huang/ros2/ROS2/communication_mechanism/install/base_interface_demo/local/lib/python3.10/dist-packages:${PYTHONPATH} /usr/bin/cmake /home/huang/ros2/ROS2/communication_mechanism/src/cpp_server -DCMAKE_INSTALL_PREFIX=/home/huang/ros2/ROS2/communication_mechanism/install/cpp_server
[3.154s] DEBUG:colcon.colcon_core.event_handler.log_command:Invoking command in '/home/huang/ros2/ROS2/communication_mechanism/build/cpp_topic': AMENT_PREFIX_PATH=/home/huang/ros2/ROS2/communication_mechanism/install/base_interface_demo:${AMENT_PREFIX_PATH} CMAKE_PREFIX_PATH=/home/huang/ros2/ROS2/communication_mechanism/install/base_interface_demo:/opt/ros/humble LD_LIBRARY_PATH=/home/huang/ros2/ROS2/communication_mechanism/install/base_interface_demo/lib:${LD_LIBRARY_PATH} PYTHONPATH=/home/huang/ros2/ROS2/communication_mechanism/install/base_interface_demo/local/lib/python3.10/dist-packages:${PYTHONPATH} /usr/bin/cmake /home/huang/ros2/ROS2/communication_mechanism/src/cpp_topic -DCMAKE_INSTALL_PREFIX=/home/huang/ros2/ROS2/communication_mechanism/install/cpp_topic
[4.310s] DEBUG:colcon.colcon_core.event_handler.log_command:Invoked command in '/home/huang/ros2/ROS2/communication_mechanism/build/cpp_time' returned '0': CMAKE_PREFIX_PATH=/opt/ros/humble /usr/bin/cmake --build /home/huang/ros2/ROS2/communication_mechanism/build/cpp_time -- -j20 -l20
[4.325s] DEBUG:colcon.colcon_core.event_handler.log_command:Invoking command in '/home/huang/ros2/ROS2/communication_mechanism/build/cpp_time': CMAKE_PREFIX_PATH=/opt/ros/humble /usr/bin/cmake --install /home/huang/ros2/ROS2/communication_mechanism/build/cpp_time
[4.331s] Level 1:colcon.colcon_core.environment:create_environment_scripts_only(cpp_time)
[4.332s] DEBUG:colcon.colcon_core.event_handler.log_command:Invoked command in '/home/huang/ros2/ROS2/communication_mechanism/build/cpp_time' returned '0': CMAKE_PREFIX_PATH=/opt/ros/humble /usr/bin/cmake --install /home/huang/ros2/ROS2/communication_mechanism/build/cpp_time
[4.332s] Level 1:colcon.colcon_core.environment:checking '/home/huang/ros2/ROS2/communication_mechanism/install/cpp_time' for CMake module files
[4.332s] Level 1:colcon.colcon_core.environment:checking '/home/huang/ros2/ROS2/communication_mechanism/install/cpp_time' for CMake config files
[4.332s] Level 1:colcon.colcon_core.shell:create_environment_hook('cpp_time', 'cmake_prefix_path')
[4.332s] INFO:colcon.colcon_core.shell:Creating environment hook '/home/huang/ros2/ROS2/communication_mechanism/install/cpp_time/share/cpp_time/hook/cmake_prefix_path.ps1'
[4.333s] INFO:colcon.colcon_core.shell:Creating environment descriptor '/home/huang/ros2/ROS2/communication_mechanism/install/cpp_time/share/cpp_time/hook/cmake_prefix_path.dsv'
[4.333s] INFO:colcon.colcon_core.shell:Creating environment hook '/home/huang/ros2/ROS2/communication_mechanism/install/cpp_time/share/cpp_time/hook/cmake_prefix_path.sh'
[4.333s] Level 1:colcon.colcon_core.environment:checking '/home/huang/ros2/ROS2/communication_mechanism/install/cpp_time/lib'
[4.333s] Level 1:colcon.colcon_core.environment:checking '/home/huang/ros2/ROS2/communication_mechanism/install/cpp_time/bin'
[4.333s] Level 1:colcon.colcon_core.environment:checking '/home/huang/ros2/ROS2/communication_mechanism/install/cpp_time/lib/pkgconfig/cpp_time.pc'
[4.333s] Level 1:colcon.colcon_core.environment:checking '/home/huang/ros2/ROS2/communication_mechanism/install/cpp_time/lib/python3.10/site-packages'
[4.333s] Level 1:colcon.colcon_core.environment:checking '/home/huang/ros2/ROS2/communication_mechanism/install/cpp_time/bin'
[4.333s] INFO:colcon.colcon_core.shell:Creating package script '/home/huang/ros2/ROS2/communication_mechanism/install/cpp_time/share/cpp_time/package.ps1'
[4.334s] INFO:colcon.colcon_core.shell:Creating package descriptor '/home/huang/ros2/ROS2/communication_mechanism/install/cpp_time/share/cpp_time/package.dsv'
[4.334s] INFO:colcon.colcon_core.shell:Creating package script '/home/huang/ros2/ROS2/communication_mechanism/install/cpp_time/share/cpp_time/package.sh'
[4.334s] INFO:colcon.colcon_core.shell:Creating package script '/home/huang/ros2/ROS2/communication_mechanism/install/cpp_time/share/cpp_time/package.bash'
[4.334s] INFO:colcon.colcon_core.shell:Creating package script '/home/huang/ros2/ROS2/communication_mechanism/install/cpp_time/share/cpp_time/package.zsh'
[4.334s] Level 1:colcon.colcon_core.environment:create_file_with_runtime_dependencies(/home/huang/ros2/ROS2/communication_mechanism/install/cpp_time/share/colcon-core/packages/cpp_time)
[4.349s] Level 1:colcon.colcon_core.environment:create_environment_scripts_only(cpp_time)
[4.349s] Level 1:colcon.colcon_core.environment:checking '/home/huang/ros2/ROS2/communication_mechanism/install/cpp_time' for CMake module files
[4.350s] Level 1:colcon.colcon_core.environment:checking '/home/huang/ros2/ROS2/communication_mechanism/install/cpp_time' for CMake config files
[4.350s] Level 1:colcon.colcon_core.shell:create_environment_hook('cpp_time', 'cmake_prefix_path')
[4.350s] INFO:colcon.colcon_core.shell:Creating environment hook '/home/huang/ros2/ROS2/communication_mechanism/install/cpp_time/share/cpp_time/hook/cmake_prefix_path.ps1'
[4.350s] INFO:colcon.colcon_core.shell:Creating environment descriptor '/home/huang/ros2/ROS2/communication_mechanism/install/cpp_time/share/cpp_time/hook/cmake_prefix_path.dsv'
[4.350s] INFO:colcon.colcon_core.shell:Creating environment hook '/home/huang/ros2/ROS2/communication_mechanism/install/cpp_time/share/cpp_time/hook/cmake_prefix_path.sh'
[4.351s] Level 1:colcon.colcon_core.environment:checking '/home/huang/ros2/ROS2/communication_mechanism/install/cpp_time/lib'
[4.351s] Level 1:colcon.colcon_core.environment:checking '/home/huang/ros2/ROS2/communication_mechanism/install/cpp_time/bin'
[4.351s] Level 1:colcon.colcon_core.environment:checking '/home/huang/ros2/ROS2/communication_mechanism/install/cpp_time/lib/pkgconfig/cpp_time.pc'
[4.351s] Level 1:colcon.colcon_core.environment:checking '/home/huang/ros2/ROS2/communication_mechanism/install/cpp_time/lib/python3.10/site-packages'
[4.351s] Level 1:colcon.colcon_core.environment:checking '/home/huang/ros2/ROS2/communication_mechanism/install/cpp_time/bin'
[4.351s] INFO:colcon.colcon_core.shell:Creating package script '/home/huang/ros2/ROS2/communication_mechanism/install/cpp_time/share/cpp_time/package.ps1'
[4.351s] INFO:colcon.colcon_core.shell:Creating package descriptor '/home/huang/ros2/ROS2/communication_mechanism/install/cpp_time/share/cpp_time/package.dsv'
[4.351s] INFO:colcon.colcon_core.shell:Creating package script '/home/huang/ros2/ROS2/communication_mechanism/install/cpp_time/share/cpp_time/package.sh'
[4.352s] INFO:colcon.colcon_core.shell:Creating package script '/home/huang/ros2/ROS2/communication_mechanism/install/cpp_time/share/cpp_time/package.bash'
[4.352s] INFO:colcon.colcon_core.shell:Creating package script '/home/huang/ros2/ROS2/communication_mechanism/install/cpp_time/share/cpp_time/package.zsh'
[4.352s] Level 1:colcon.colcon_core.environment:create_file_with_runtime_dependencies(/home/huang/ros2/ROS2/communication_mechanism/install/cpp_time/share/colcon-core/packages/cpp_time)
[4.380s] DEBUG:colcon.colcon_core.event_handler.log_command:Invoked command in '/home/huang/ros2/ROS2/communication_mechanism/build/cpp_param' returned '2': CMAKE_PREFIX_PATH=/opt/ros/humble /usr/bin/cmake --build /home/huang/ros2/ROS2/communication_mechanism/build/cpp_param -- -j20 -l20
[4.393s] Level 1:colcon.colcon_core.environment:create_environment_scripts_only(cpp_param)
[4.394s] Level 1:colcon.colcon_core.environment:checking '/home/huang/ros2/ROS2/communication_mechanism/install/cpp_param' for CMake module files
[4.394s] Level 1:colcon.colcon_core.environment:checking '/home/huang/ros2/ROS2/communication_mechanism/install/cpp_param' for CMake config files
[4.394s] Level 1:colcon.colcon_core.environment:checking '/home/huang/ros2/ROS2/communication_mechanism/install/cpp_param/bin'
[4.394s] Level 1:colcon.colcon_core.environment:checking '/home/huang/ros2/ROS2/communication_mechanism/install/cpp_param/lib/pkgconfig/cpp_param.pc'
[4.394s] Level 1:colcon.colcon_core.environment:checking '/home/huang/ros2/ROS2/communication_mechanism/install/cpp_param/lib/python3.10/site-packages'
[4.394s] Level 1:colcon.colcon_core.environment:checking '/home/huang/ros2/ROS2/communication_mechanism/install/cpp_param/bin'
[4.394s] INFO:colcon.colcon_core.shell:Creating package script '/home/huang/ros2/ROS2/communication_mechanism/install/cpp_param/share/cpp_param/package.ps1'
[4.395s] INFO:colcon.colcon_core.shell:Creating package descriptor '/home/huang/ros2/ROS2/communication_mechanism/install/cpp_param/share/cpp_param/package.dsv'
[4.395s] INFO:colcon.colcon_core.shell:Creating package script '/home/huang/ros2/ROS2/communication_mechanism/install/cpp_param/share/cpp_param/package.sh'
[4.395s] INFO:colcon.colcon_core.shell:Creating package script '/home/huang/ros2/ROS2/communication_mechanism/install/cpp_param/share/cpp_param/package.bash'
[4.395s] INFO:colcon.colcon_core.shell:Creating package script '/home/huang/ros2/ROS2/communication_mechanism/install/cpp_param/share/cpp_param/package.zsh'
[4.395s] Level 1:colcon.colcon_core.environment:create_file_with_runtime_dependencies(/home/huang/ros2/ROS2/communication_mechanism/install/cpp_param/share/colcon-core/packages/cpp_param)
[5.399s] DEBUG:colcon.colcon_parallel_executor.executor.parallel:closing loop
[5.399s] DEBUG:colcon.colcon_parallel_executor.executor.parallel:loop closed
[5.399s] DEBUG:colcon.colcon_parallel_executor.executor.parallel:run_until_complete finished with '2'
[5.399s] DEBUG:colcon.colcon_core.event_reactor:joining thread
[5.410s] INFO:colcon.colcon_core.plugin_system:Skipping extension 'colcon_notification.desktop_notification.notify_send': Could not find 'notify-send'
[5.410s] INFO:colcon.colcon_core.plugin_system:Skipping extension 'colcon_notification.desktop_notification.terminal_notifier': Not used on non-Darwin systems
[5.410s] INFO:colcon.colcon_core.plugin_system:Skipping extension 'colcon_notification.desktop_notification.win32': Not used on non-Windows systems
[5.410s] INFO:colcon.colcon_notification.desktop_notification:Sending desktop notification using 'notify2'
[5.410s] DEBUG:colcon.colcon_notification.desktop_notification.notify2:Failed to initialize notify2: org.freedesktop.DBus.Error.ServiceUnknown: The name org.freedesktop.Notifications was not provided by any .service files
[5.410s] DEBUG:colcon.colcon_core.event_reactor:joined thread
[5.411s] INFO:colcon.colcon_core.shell:Creating prefix script '/home/huang/ros2/ROS2/communication_mechanism/install/local_setup.ps1'
[5.411s] INFO:colcon.colcon_core.shell:Creating prefix util module '/home/huang/ros2/ROS2/communication_mechanism/install/_local_setup_util_ps1.py'
[5.412s] INFO:colcon.colcon_core.shell:Creating prefix chain script '/home/huang/ros2/ROS2/communication_mechanism/install/setup.ps1'
[5.412s] INFO:colcon.colcon_core.shell:Creating prefix script '/home/huang/ros2/ROS2/communication_mechanism/install/local_setup.sh'
[5.412s] INFO:colcon.colcon_core.shell:Creating prefix util module '/home/huang/ros2/ROS2/communication_mechanism/install/_local_setup_util_sh.py'
[5.412s] INFO:colcon.colcon_core.shell:Creating prefix chain script '/home/huang/ros2/ROS2/communication_mechanism/install/setup.sh'
[5.413s] INFO:colcon.colcon_core.shell:Creating prefix script '/home/huang/ros2/ROS2/communication_mechanism/install/local_setup.bash'
[5.413s] INFO:colcon.colcon_core.shell:Creating prefix chain script '/home/huang/ros2/ROS2/communication_mechanism/install/setup.bash'
[5.413s] INFO:colcon.colcon_core.shell:Creating prefix script '/home/huang/ros2/ROS2/communication_mechanism/install/local_setup.zsh'
[5.413s] INFO:colcon.colcon_core.shell:Creating prefix chain script '/home/huang/ros2/ROS2/communication_mechanism/install/setup.zsh'
