[0.008s] Invoking command in '/home/ros/ROS2/turtle/build/exercise': CMAKE_PREFIX_PATH=${CMAKE_PREFIX_PATH}:/opt/ros/humble /usr/bin/cmake --build /home/ros/ROS2/turtle/build/exercise -- -j20 -l20
[0.031s] [35m[1mConsolidate compiler generated dependencies of target exe_action[0m
[0.038s] [ 50%] Built target exe_pub_sub
[0.041s] [ 75%] [32mBuilding CXX object CMakeFiles/exe_action.dir/src/exe_action.cpp.o[0m
[5.367s] [100%] [32m[1mLinking CXX executable exe_action[0m
[5.784s] [100%] Built target exe_action
[5.789s] Invoked command in '/home/ros/ROS2/turtle/build/exercise' returned '0': CMAKE_PREFIX_PATH=${CMAKE_PREFIX_PATH}:/opt/ros/humble /usr/bin/cmake --build /home/ros/ROS2/turtle/build/exercise -- -j20 -l20
[5.808s] Invoking command in '/home/ros/ROS2/turtle/build/exercise': CMAKE_PREFIX_PATH=${CMAKE_PREFIX_PATH}:/opt/ros/humble /usr/bin/cmake --install /home/ros/ROS2/turtle/build/exercise
[5.811s] -- Install configuration: ""
[5.811s] -- Up-to-date: /home/ros/ROS2/turtle/install/exercise/lib/exercise/exe_pub_sub
[5.812s] -- Installing: /home/ros/ROS2/turtle/install/exercise/lib/exercise/exe_action
[5.814s] -- Set runtime path of "/home/ros/ROS2/turtle/install/exercise/lib/exercise/exe_action" to ""
[5.814s] -- Up-to-date: /home/ros/ROS2/turtle/install/exercise/share/exercise/launch
[5.814s] -- Up-to-date: /home/ros/ROS2/turtle/install/exercise/share/exercise/launch/exe_pub_sub.launch.py
[5.814s] -- Up-to-date: /home/ros/ROS2/turtle/install/exercise/share/ament_index/resource_index/package_run_dependencies/exercise
[5.814s] -- Up-to-date: /home/ros/ROS2/turtle/install/exercise/share/ament_index/resource_index/parent_prefix_path/exercise
[5.814s] -- Up-to-date: /home/ros/ROS2/turtle/install/exercise/share/exercise/environment/ament_prefix_path.sh
[5.814s] -- Up-to-date: /home/ros/ROS2/turtle/install/exercise/share/exercise/environment/ament_prefix_path.dsv
[5.814s] -- Up-to-date: /home/ros/ROS2/turtle/install/exercise/share/exercise/environment/path.sh
[5.814s] -- Up-to-date: /home/ros/ROS2/turtle/install/exercise/share/exercise/environment/path.dsv
[5.815s] -- Up-to-date: /home/ros/ROS2/turtle/install/exercise/share/exercise/local_setup.bash
[5.815s] -- Up-to-date: /home/ros/ROS2/turtle/install/exercise/share/exercise/local_setup.sh
[5.815s] -- Up-to-date: /home/ros/ROS2/turtle/install/exercise/share/exercise/local_setup.zsh
[5.815s] -- Up-to-date: /home/ros/ROS2/turtle/install/exercise/share/exercise/local_setup.dsv
[5.815s] -- Installing: /home/ros/ROS2/turtle/install/exercise/share/exercise/package.dsv
[5.815s] -- Up-to-date: /home/ros/ROS2/turtle/install/exercise/share/ament_index/resource_index/packages/exercise
[5.815s] -- Up-to-date: /home/ros/ROS2/turtle/install/exercise/share/exercise/cmake/exerciseConfig.cmake
[5.815s] -- Up-to-date: /home/ros/ROS2/turtle/install/exercise/share/exercise/cmake/exerciseConfig-version.cmake
[5.816s] -- Up-to-date: /home/ros/ROS2/turtle/install/exercise/share/exercise/package.xml
[5.817s] Invoked command in '/home/ros/ROS2/turtle/build/exercise' returned '0': CMAKE_PREFIX_PATH=${CMAKE_PREFIX_PATH}:/opt/ros/humble /usr/bin/cmake --install /home/ros/ROS2/turtle/build/exercise
