[35m[1mConsolidate compiler generated dependencies of target cpp_action_client[0m
[35m[1mConsolidate compiler generated dependencies of target cpp_action_server[0m
[ 50%] [32mBuilding CXX object CMakeFiles/cpp_action_server.dir/src/cpp_action_server.cpp.o[0m
[ 75%] Built target cpp_action_client
In file included from [01m[K/opt/ros/humble/include/rclcpp/rclcpp/client.hpp:40[m[K,
                 from [01m[K/opt/ros/humble/include/rclcpp/rclcpp/callback_group.hpp:24[m[K,
                 from [01m[K/opt/ros/humble/include/rclcpp/rclcpp/any_executable.hpp:20[m[K,
                 from [01m[K/opt/ros/humble/include/rclcpp/rclcpp/memory_strategy.hpp:25[m[K,
                 from [01m[K/opt/ros/humble/include/rclcpp/rclcpp/memory_strategies.hpp:18[m[K,
                 from [01m[K/opt/ros/humble/include/rclcpp/rclcpp/executor_options.hpp:20[m[K,
                 from [01m[K/opt/ros/humble/include/rclcpp/rclcpp/executor.hpp:37[m[K,
                 from [01m[K/opt/ros/humble/include/rclcpp/rclcpp/executors/multi_threaded_executor.hpp:25[m[K,
                 from [01m[K/opt/ros/humble/include/rclcpp/rclcpp/executors.hpp:21[m[K,
                 from [01m[K/opt/ros/humble/include/rclcpp/rclcpp/rclcpp.hpp:155[m[K,
                 from [01m[K/home/ros/ROS2/communication_mechanism/src/cpp_action/src/cpp_action_server.cpp:1[m[K:
[01m[K/home/ros/ROS2/communication_mechanism/src/cpp_action/src/cpp_action_server.cpp:[m[K In member function ‘[01m[Krclcpp_action::GoalResponse Action_server::Goal_Callback(const GoalUUID&, std::shared_ptr<const base_interface_demo::action::Progress_Goal_<std::allocator<void> > >)[m[K’:
[01m[K/home/ros/ROS2/communication_mechanism/src/cpp_action/src/cpp_action_server.cpp:53:5:[m[K [01;31m[Kerror: [m[Kstatic assertion failed: First argument to logging macros must be an rclcpp::Logger
   53 |     [01;31m[KRCLCPP_INFO[m[K("提交数据成功!");
      |     [01;31m[K^~~~~~~~~~~[m[K
In file included from [01m[K/opt/ros/humble/include/rclcpp/rclcpp/logging.hpp:24[m[K,
                 from [01m[K/opt/ros/humble/include/rclcpp/rclcpp/client.hpp:40[m[K,
                 from [01m[K/opt/ros/humble/include/rclcpp/rclcpp/callback_group.hpp:24[m[K,
                 from [01m[K/opt/ros/humble/include/rclcpp/rclcpp/any_executable.hpp:20[m[K,
                 from [01m[K/opt/ros/humble/include/rclcpp/rclcpp/memory_strategy.hpp:25[m[K,
                 from [01m[K/opt/ros/humble/include/rclcpp/rclcpp/memory_strategies.hpp:18[m[K,
                 from [01m[K/opt/ros/humble/include/rclcpp/rclcpp/executor_options.hpp:20[m[K,
                 from [01m[K/opt/ros/humble/include/rclcpp/rclcpp/executor.hpp:37[m[K,
                 from [01m[K/opt/ros/humble/include/rclcpp/rclcpp/executors/multi_threaded_executor.hpp:25[m[K,
                 from [01m[K/opt/ros/humble/include/rclcpp/rclcpp/executors.hpp:21[m[K,
                 from [01m[K/opt/ros/humble/include/rclcpp/rclcpp/rclcpp.hpp:155[m[K,
                 from [01m[K/home/ros/ROS2/communication_mechanism/src/cpp_action/src/cpp_action_server.cpp:1[m[K:
[01m[K/home/ros/ROS2/communication_mechanism/src/cpp_action/src/cpp_action_server.cpp:53:5:[m[K [01;31m[Kerror: [m[Krequest for member ‘[01m[Kget_name[m[K’ in ‘[01m[K("\37777777746\37777777617\37777777620\37777777744\37777777672\37777777644\37777777746\37777777625\37777777660\37777777746\37777777615\37777777656\37777777746\37777777610\37777777620\37777777745\37777777612\37777777637!")[m[K’, which is of non-class type ‘[01m[Kconst char [20][m[K’
   53 |     [01;31m[KRCLCPP_INFO[m[K("提交数据成功!");
      |     [01;31m[K^~~~~~~~~~~[m[K
[01m[K/home/ros/ROS2/communication_mechanism/src/cpp_action/src/cpp_action_server.cpp:53:5:[m[K [01;31m[Kerror: [m[Krequest for member ‘[01m[Kget_name[m[K’ in ‘[01m[K("\37777777746\37777777617\37777777620\37777777744\37777777672\37777777644\37777777746\37777777625\37777777660\37777777746\37777777615\37777777656\37777777746\37777777610\37777777620\37777777745\37777777612\37777777637!")[m[K’, which is of non-class type ‘[01m[Kconst char [20][m[K’
   53 |     [01;31m[KRCLCPP_INFO[m[K("提交数据成功!");
      |     [01;31m[K^~~~~~~~~~~[m[K
[01m[K/home/ros/ROS2/communication_mechanism/src/cpp_action/src/cpp_action_server.cpp:53:5:[m[K [01;31m[Kerror: [m[Kexpected primary-expression before ‘[01m[K)[m[K’ token
   53 |     [01;31m[KRCLCPP_INFO[m[K("提交数据成功!");
      |     [01;31m[K^~~~~~~~~~~[m[K
gmake[2]: *** [CMakeFiles/cpp_action_server.dir/build.make:76: CMakeFiles/cpp_action_server.dir/src/cpp_action_server.cpp.o] Error 1
gmake[1]: *** [CMakeFiles/Makefile2:139: CMakeFiles/cpp_action_server.dir/all] Error 2
gmake: *** [Makefile:146: all] Error 2
