[0.007s] Invoking command in '/home/ros/ROS2/communication_mechanism/build/base_interface_demo': CMAKE_PREFIX_PATH=${CMAKE_PREFIX_PATH}:/opt/ros/humble WSLENV=ELECTRON_RUN_AS_NODE/w:WT_SESSION:WT_PROFILE_ID: /usr/bin/cmake /home/ros/ROS2/communication_mechanism/src/base_interface_demo -DCMAKE_INSTALL_PREFIX=/home/ros/ROS2/communication_mechanism/install/base_interface_demo
[0.175s] -- The C compiler identification is GNU 11.4.0
[0.938s] -- The CXX compiler identification is GNU 11.4.0
[1.529s] -- Detecting C compiler ABI info
[1.711s] -- Detecting C compiler ABI info - done
[1.715s] -- Check for working C compiler: /usr/bin/cc - skipped
[1.715s] -- Detecting C compile features
[1.715s] -- Detecting C compile features - done
[1.717s] -- Detecting CXX compiler ABI info
[1.903s] -- Detecting CXX compiler ABI info - done
[1.907s] -- Check for working CXX compiler: /usr/bin/c++ - skipped
[1.907s] -- Detecting CXX compile features
[1.908s] -- Detecting CXX compile features - done
[1.909s] -- Found ament_cmake: 1.3.8 (/opt/ros/humble/share/ament_cmake/cmake)
[1.995s] -- Found Python3: /usr/bin/python3 (found version "3.10.12") found components: Interpreter 
[2.042s] -- Found rosidl_default_generators: 1.2.0 (/opt/ros/humble/share/rosidl_default_generators/cmake)
[2.044s] -- Using all available rosidl_typesupport_c: rosidl_typesupport_fastrtps_c;rosidl_typesupport_introspection_c
[2.047s] -- Found rosidl_adapter: 3.1.5 (/opt/ros/humble/share/rosidl_adapter/cmake)
[2.256s] -- Using all available rosidl_typesupport_cpp: rosidl_typesupport_fastrtps_cpp;rosidl_typesupport_introspection_cpp
[2.463s] -- Found ament_cmake_ros: 0.10.0 (/opt/ros/humble/share/ament_cmake_ros/cmake)
[2.569s] -- Using all available rosidl_typesupport_c: rosidl_typesupport_fastrtps_c;rosidl_typesupport_introspection_c
[2.707s] -- Using all available rosidl_typesupport_cpp: rosidl_typesupport_fastrtps_cpp;rosidl_typesupport_introspection_cpp
[2.918s] -- Found PythonInterp: /usr/bin/python3 (found suitable version "3.10.12", minimum required is "3.6") 
[2.918s] -- Found python_cmake_module: 0.10.0 (/opt/ros/humble/share/python_cmake_module/cmake)
[3.583s] -- Found PythonLibs: /usr/lib/x86_64-linux-gnu/libpython3.10.so (found suitable version "3.10.12", minimum required is "3.5") 
[3.584s] -- Using PYTHON_EXECUTABLE: /usr/bin/python3
[3.584s] -- Using PYTHON_INCLUDE_DIRS: /usr/include/python3.10
[3.584s] -- Using PYTHON_LIBRARIES: /usr/lib/x86_64-linux-gnu/libpython3.10.so
[3.596s] -- Found PythonExtra: .so  
[3.685s] -- Found ament_lint_auto: 0.12.10 (/opt/ros/humble/share/ament_lint_auto/cmake)
[3.694s] -- Added test 'lint_cmake' to check CMake code style
[3.695s] -- Added test 'xmllint' to check XML markup files
[3.696s] -- Configuring done
[3.719s] -- Generating done
[3.721s] -- Build files have been written to: /home/ros/ROS2/communication_mechanism/build/base_interface_demo
[3.727s] Invoked command in '/home/ros/ROS2/communication_mechanism/build/base_interface_demo' returned '0': CMAKE_PREFIX_PATH=${CMAKE_PREFIX_PATH}:/opt/ros/humble WSLENV=ELECTRON_RUN_AS_NODE/w:WT_SESSION:WT_PROFILE_ID: /usr/bin/cmake /home/ros/ROS2/communication_mechanism/src/base_interface_demo -DCMAKE_INSTALL_PREFIX=/home/ros/ROS2/communication_mechanism/install/base_interface_demo
[3.727s] Invoking command in '/home/ros/ROS2/communication_mechanism/build/base_interface_demo': CMAKE_PREFIX_PATH=${CMAKE_PREFIX_PATH}:/opt/ros/humble WSLENV=ELECTRON_RUN_AS_NODE/w:WT_SESSION:WT_PROFILE_ID: /usr/bin/cmake --build /home/ros/ROS2/communication_mechanism/build/base_interface_demo -- -j20 -l20
[3.747s] [  2%] [34m[1mGenerating C code for ROS interfaces[0m
[3.752s] [  4%] [34m[1mGenerating C++ code for ROS interfaces[0m
[3.756s] [  4%] Built target ament_cmake_python_copy_base_interface_demo
[3.869s] running egg_info
[3.870s] creating base_interface_demo.egg-info
[3.870s] writing base_interface_demo.egg-info/PKG-INFO
[3.870s] writing dependency_links to base_interface_demo.egg-info/dependency_links.txt
[3.870s] writing top-level names to base_interface_demo.egg-info/top_level.txt
[3.870s] writing manifest file 'base_interface_demo.egg-info/SOURCES.txt'
[3.871s] reading manifest file 'base_interface_demo.egg-info/SOURCES.txt'
[3.871s] writing manifest file 'base_interface_demo.egg-info/SOURCES.txt'
[3.886s] [  4%] Built target ament_cmake_python_build_base_interface_demo_egg
[4.028s] [  4%] Built target base_interface_demo__cpp
[4.034s] [  8%] [34m[1mGenerating C++ type support dispatch for ROS interfaces[0m
[4.034s] [  8%] [34m[1mGenerating C++ introspection for ROS interfaces[0m
[4.034s] [ 10%] [34m[1mGenerating C++ type support for eProsima Fast-RTPS[0m
[4.038s] [ 12%] [32mBuilding C object CMakeFiles/base_interface_demo__rosidl_generator_c.dir/rosidl_generator_c/base_interface_demo/msg/detail/student__functions.c.o[0m
[4.039s] [ 14%] [32mBuilding C object CMakeFiles/base_interface_demo__rosidl_generator_c.dir/rosidl_generator_c/base_interface_demo/srv/detail/sum__functions.c.o[0m
[4.040s] [ 17%] [32mBuilding C object CMakeFiles/base_interface_demo__rosidl_generator_c.dir/rosidl_generator_c/base_interface_demo/action/detail/progress__functions.c.o[0m
[4.113s] [ 19%] [32m[1mLinking C shared library libbase_interface_demo__rosidl_generator_c.so[0m
[4.221s] [ 21%] [32mBuilding CXX object CMakeFiles/base_interface_demo__rosidl_typesupport_cpp.dir/rosidl_typesupport_cpp/base_interface_demo/msg/student__type_support.cpp.o[0m
[4.221s] [ 23%] [32mBuilding CXX object CMakeFiles/base_interface_demo__rosidl_typesupport_cpp.dir/rosidl_typesupport_cpp/base_interface_demo/action/progress__type_support.cpp.o[0m
[4.221s] [ 25%] [32mBuilding CXX object CMakeFiles/base_interface_demo__rosidl_typesupport_cpp.dir/rosidl_typesupport_cpp/base_interface_demo/srv/sum__type_support.cpp.o[0m
[4.264s] [ 27%] [32mBuilding CXX object CMakeFiles/base_interface_demo__rosidl_typesupport_introspection_cpp.dir/rosidl_typesupport_introspection_cpp/base_interface_demo/srv/detail/sum__type_support.cpp.o[0m
[4.265s] [ 31%] [32mBuilding CXX object CMakeFiles/base_interface_demo__rosidl_typesupport_introspection_cpp.dir/rosidl_typesupport_introspection_cpp/base_interface_demo/msg/detail/student__type_support.cpp.o[0m
[4.266s] [ 31%] [32mBuilding CXX object CMakeFiles/base_interface_demo__rosidl_typesupport_introspection_cpp.dir/rosidl_typesupport_introspection_cpp/base_interface_demo/action/detail/progress__type_support.cpp.o[0m
[4.313s] [ 34%] [32mBuilding CXX object CMakeFiles/base_interface_demo__rosidl_typesupport_fastrtps_cpp.dir/rosidl_typesupport_fastrtps_cpp/base_interface_demo/srv/detail/dds_fastrtps/sum__type_support.cpp.o[0m
[4.313s] [ 36%] [32mBuilding CXX object CMakeFiles/base_interface_demo__rosidl_typesupport_fastrtps_cpp.dir/rosidl_typesupport_fastrtps_cpp/base_interface_demo/msg/detail/dds_fastrtps/student__type_support.cpp.o[0m
[4.313s] [ 38%] [32mBuilding CXX object CMakeFiles/base_interface_demo__rosidl_typesupport_fastrtps_cpp.dir/rosidl_typesupport_fastrtps_cpp/base_interface_demo/action/detail/dds_fastrtps/progress__type_support.cpp.o[0m
[4.321s] [ 38%] Built target base_interface_demo__rosidl_generator_c
[4.329s] [ 40%] [34m[1mGenerating C type support dispatch for ROS interfaces[0m
[4.329s] [ 42%] [34m[1mGenerating C type support for eProsima Fast-RTPS[0m
[4.329s] [ 44%] [34m[1mGenerating C introspection for ROS interfaces[0m
[4.555s] [ 46%] [32m[1mLinking CXX shared library libbase_interface_demo__rosidl_typesupport_cpp.so[0m
[4.628s] [ 48%] [32mBuilding CXX object CMakeFiles/base_interface_demo__rosidl_typesupport_c.dir/rosidl_typesupport_c/base_interface_demo/msg/student__type_support.cpp.o[0m
[4.628s] [ 51%] [32mBuilding CXX object CMakeFiles/base_interface_demo__rosidl_typesupport_c.dir/rosidl_typesupport_c/base_interface_demo/srv/sum__type_support.cpp.o[0m
[4.630s] [ 53%] [32mBuilding CXX object CMakeFiles/base_interface_demo__rosidl_typesupport_c.dir/rosidl_typesupport_c/base_interface_demo/action/progress__type_support.cpp.o[0m
[4.655s] [ 55%] [32m[1mLinking CXX shared library libbase_interface_demo__rosidl_typesupport_c.so[0m
[4.706s] [ 57%] [32m[1mLinking CXX shared library libbase_interface_demo__rosidl_typesupport_introspection_cpp.so[0m
[4.721s] [ 61%] [32mBuilding C object CMakeFiles/base_interface_demo__rosidl_typesupport_introspection_c.dir/rosidl_typesupport_introspection_c/base_interface_demo/msg/detail/student__type_support.c.o[0m
[4.722s] [ 61%] [32mBuilding C object CMakeFiles/base_interface_demo__rosidl_typesupport_introspection_c.dir/rosidl_typesupport_introspection_c/base_interface_demo/srv/detail/sum__type_support.c.o[0m
[4.722s] [ 63%] [32mBuilding C object CMakeFiles/base_interface_demo__rosidl_typesupport_introspection_c.dir/rosidl_typesupport_introspection_c/base_interface_demo/action/detail/progress__type_support.c.o[0m
[4.723s] [ 65%] [32mBuilding CXX object CMakeFiles/base_interface_demo__rosidl_typesupport_fastrtps_c.dir/rosidl_typesupport_fastrtps_c/base_interface_demo/msg/detail/student__type_support_c.cpp.o[0m
[4.725s] [ 70%] [32mBuilding CXX object CMakeFiles/base_interface_demo__rosidl_typesupport_fastrtps_c.dir/rosidl_typesupport_fastrtps_c/base_interface_demo/action/detail/progress__type_support_c.cpp.o[0m
[4.725s] [ 70%] [32mBuilding CXX object CMakeFiles/base_interface_demo__rosidl_typesupport_fastrtps_c.dir/rosidl_typesupport_fastrtps_c/base_interface_demo/srv/detail/sum__type_support_c.cpp.o[0m
[4.729s] [ 72%] [32m[1mLinking CXX shared library libbase_interface_demo__rosidl_typesupport_fastrtps_cpp.so[0m
[4.744s] [ 72%] Built target base_interface_demo__rosidl_typesupport_cpp
[4.751s] [ 74%] [32m[1mLinking C shared library libbase_interface_demo__rosidl_typesupport_introspection_c.so[0m
[4.849s] [ 74%] Built target base_interface_demo__rosidl_typesupport_c
[4.938s] [ 76%] [32m[1mLinking CXX shared library libbase_interface_demo__rosidl_typesupport_fastrtps_c.so[0m
[4.953s] [ 76%] Built target base_interface_demo__rosidl_typesupport_introspection_cpp
[4.964s] [ 76%] Built target base_interface_demo__rosidl_typesupport_introspection_c
[4.968s] [ 76%] Built target base_interface_demo__rosidl_typesupport_fastrtps_cpp
[5.114s] [ 76%] Built target base_interface_demo__rosidl_typesupport_fastrtps_c
[5.124s] [ 76%] Built target base_interface_demo
[5.134s] [ 78%] [34m[1mGenerating Python code for ROS interfaces[0m
[5.614s] [ 78%] Built target base_interface_demo__py
[5.625s] [ 80%] [32mBuilding C object CMakeFiles/base_interface_demo__rosidl_generator_py.dir/rosidl_generator_py/base_interface_demo/msg/_student_s.c.o[0m
[5.625s] [ 85%] [32mBuilding C object CMakeFiles/base_interface_demo__rosidl_generator_py.dir/rosidl_generator_py/base_interface_demo/srv/_sum_s.c.o[0m
[5.625s] [ 85%] [32mBuilding C object CMakeFiles/base_interface_demo__rosidl_generator_py.dir/rosidl_generator_py/base_interface_demo/action/_progress_s.c.o[0m
[5.698s] [ 87%] [32m[1mLinking C shared library rosidl_generator_py/base_interface_demo/libbase_interface_demo__rosidl_generator_py.so[0m
[5.878s] [ 87%] Built target base_interface_demo__rosidl_generator_py
[5.889s] [ 93%] [32mBuilding C object CMakeFiles/base_interface_demo__rosidl_typesupport_fastrtps_c__pyext.dir/rosidl_generator_py/base_interface_demo/_base_interface_demo_s.ep.rosidl_typesupport_fastrtps_c.c.o[0m
[5.889s] [ 93%] [32mBuilding C object CMakeFiles/base_interface_demo__rosidl_typesupport_c__pyext.dir/rosidl_generator_py/base_interface_demo/_base_interface_demo_s.ep.rosidl_typesupport_c.c.o[0m
[5.889s] [ 93%] [32mBuilding C object CMakeFiles/base_interface_demo__rosidl_typesupport_introspection_c__pyext.dir/rosidl_generator_py/base_interface_demo/_base_interface_demo_s.ep.rosidl_typesupport_introspection_c.c.o[0m
[5.956s] [ 95%] [32m[1mLinking C shared library rosidl_generator_py/base_interface_demo/base_interface_demo_s__rosidl_typesupport_introspection_c.cpython-310-x86_64-linux-gnu.so[0m
[5.956s] [ 97%] [32m[1mLinking C shared library rosidl_generator_py/base_interface_demo/base_interface_demo_s__rosidl_typesupport_c.cpython-310-x86_64-linux-gnu.so[0m
[5.956s] [100%] [32m[1mLinking C shared library rosidl_generator_py/base_interface_demo/base_interface_demo_s__rosidl_typesupport_fastrtps_c.cpython-310-x86_64-linux-gnu.so[0m
[6.073s] [100%] Built target base_interface_demo__rosidl_typesupport_introspection_c__pyext
[6.074s] [100%] Built target base_interface_demo__rosidl_typesupport_c__pyext
[6.087s] [100%] Built target base_interface_demo__rosidl_typesupport_fastrtps_c__pyext
[6.094s] Invoked command in '/home/ros/ROS2/communication_mechanism/build/base_interface_demo' returned '0': CMAKE_PREFIX_PATH=${CMAKE_PREFIX_PATH}:/opt/ros/humble WSLENV=ELECTRON_RUN_AS_NODE/w:WT_SESSION:WT_PROFILE_ID: /usr/bin/cmake --build /home/ros/ROS2/communication_mechanism/build/base_interface_demo -- -j20 -l20
[6.148s] Invoking command in '/home/ros/ROS2/communication_mechanism/build/base_interface_demo': CMAKE_PREFIX_PATH=${CMAKE_PREFIX_PATH}:/opt/ros/humble WSLENV=ELECTRON_RUN_AS_NODE/w:WT_SESSION:WT_PROFILE_ID: /usr/bin/cmake --install /home/ros/ROS2/communication_mechanism/build/base_interface_demo
[6.152s] -- Install configuration: ""
[6.152s] -- Installing: /home/ros/ROS2/communication_mechanism/install/base_interface_demo/share/ament_index/resource_index/rosidl_interfaces/base_interface_demo
[6.152s] -- Installing: /home/ros/ROS2/communication_mechanism/install/base_interface_demo/include/base_interface_demo/base_interface_demo
[6.152s] -- Installing: /home/ros/ROS2/communication_mechanism/install/base_interface_demo/include/base_interface_demo/base_interface_demo/action
[6.152s] -- Installing: /home/ros/ROS2/communication_mechanism/install/base_interface_demo/include/base_interface_demo/base_interface_demo/action/progress.h
[6.152s] -- Installing: /home/ros/ROS2/communication_mechanism/install/base_interface_demo/include/base_interface_demo/base_interface_demo/action/detail
[6.153s] -- Installing: /home/ros/ROS2/communication_mechanism/install/base_interface_demo/include/base_interface_demo/base_interface_demo/action/detail/progress__functions.h
[6.153s] -- Installing: /home/ros/ROS2/communication_mechanism/install/base_interface_demo/include/base_interface_demo/base_interface_demo/action/detail/progress__struct.h
[6.153s] -- Installing: /home/ros/ROS2/communication_mechanism/install/base_interface_demo/include/base_interface_demo/base_interface_demo/action/detail/progress__type_support.h
[6.153s] -- Installing: /home/ros/ROS2/communication_mechanism/install/base_interface_demo/include/base_interface_demo/base_interface_demo/action/detail/progress__functions.c
[6.153s] -- Installing: /home/ros/ROS2/communication_mechanism/install/base_interface_demo/include/base_interface_demo/base_interface_demo/msg
[6.153s] -- Installing: /home/ros/ROS2/communication_mechanism/install/base_interface_demo/include/base_interface_demo/base_interface_demo/msg/rosidl_generator_c__visibility_control.h
[6.153s] -- Installing: /home/ros/ROS2/communication_mechanism/install/base_interface_demo/include/base_interface_demo/base_interface_demo/msg/detail
[6.153s] -- Installing: /home/ros/ROS2/communication_mechanism/install/base_interface_demo/include/base_interface_demo/base_interface_demo/msg/detail/student__functions.c
[6.153s] -- Installing: /home/ros/ROS2/communication_mechanism/install/base_interface_demo/include/base_interface_demo/base_interface_demo/msg/detail/student__type_support.h
[6.153s] -- Installing: /home/ros/ROS2/communication_mechanism/install/base_interface_demo/include/base_interface_demo/base_interface_demo/msg/detail/student__functions.h
[6.154s] -- Installing: /home/ros/ROS2/communication_mechanism/install/base_interface_demo/include/base_interface_demo/base_interface_demo/msg/detail/student__struct.h
[6.154s] -- Installing: /home/ros/ROS2/communication_mechanism/install/base_interface_demo/include/base_interface_demo/base_interface_demo/msg/student.h
[6.154s] -- Installing: /home/ros/ROS2/communication_mechanism/install/base_interface_demo/include/base_interface_demo/base_interface_demo/srv
[6.154s] -- Installing: /home/ros/ROS2/communication_mechanism/install/base_interface_demo/include/base_interface_demo/base_interface_demo/srv/sum.h
[6.154s] -- Installing: /home/ros/ROS2/communication_mechanism/install/base_interface_demo/include/base_interface_demo/base_interface_demo/srv/detail
[6.154s] -- Installing: /home/ros/ROS2/communication_mechanism/install/base_interface_demo/include/base_interface_demo/base_interface_demo/srv/detail/sum__type_support.h
[6.154s] -- Installing: /home/ros/ROS2/communication_mechanism/install/base_interface_demo/include/base_interface_demo/base_interface_demo/srv/detail/sum__functions.c
[6.154s] -- Installing: /home/ros/ROS2/communication_mechanism/install/base_interface_demo/include/base_interface_demo/base_interface_demo/srv/detail/sum__struct.h
[6.154s] -- Installing: /home/ros/ROS2/communication_mechanism/install/base_interface_demo/include/base_interface_demo/base_interface_demo/srv/detail/sum__functions.h
[6.154s] -- Installing: /home/ros/ROS2/communication_mechanism/install/base_interface_demo/share/base_interface_demo/environment/library_path.sh
[6.154s] -- Installing: /home/ros/ROS2/communication_mechanism/install/base_interface_demo/share/base_interface_demo/environment/library_path.dsv
[6.155s] -- Installing: /home/ros/ROS2/communication_mechanism/install/base_interface_demo/lib/libbase_interface_demo__rosidl_generator_c.so
[6.155s] -- Set runtime path of "/home/ros/ROS2/communication_mechanism/install/base_interface_demo/lib/libbase_interface_demo__rosidl_generator_c.so" to ""
[6.155s] -- Up-to-date: /home/ros/ROS2/communication_mechanism/install/base_interface_demo/include/base_interface_demo/base_interface_demo
[6.155s] -- Up-to-date: /home/ros/ROS2/communication_mechanism/install/base_interface_demo/include/base_interface_demo/base_interface_demo/action
[6.155s] -- Up-to-date: /home/ros/ROS2/communication_mechanism/install/base_interface_demo/include/base_interface_demo/base_interface_demo/action/detail
[6.155s] -- Installing: /home/ros/ROS2/communication_mechanism/install/base_interface_demo/include/base_interface_demo/base_interface_demo/action/detail/progress__rosidl_typesupport_fastrtps_c.h
[6.155s] -- Up-to-date: /home/ros/ROS2/communication_mechanism/install/base_interface_demo/include/base_interface_demo/base_interface_demo/msg
[6.155s] -- Installing: /home/ros/ROS2/communication_mechanism/install/base_interface_demo/include/base_interface_demo/base_interface_demo/msg/rosidl_typesupport_fastrtps_c__visibility_control.h
[6.155s] -- Up-to-date: /home/ros/ROS2/communication_mechanism/install/base_interface_demo/include/base_interface_demo/base_interface_demo/msg/detail
[6.155s] -- Installing: /home/ros/ROS2/communication_mechanism/install/base_interface_demo/include/base_interface_demo/base_interface_demo/msg/detail/student__rosidl_typesupport_fastrtps_c.h
[6.156s] -- Up-to-date: /home/ros/ROS2/communication_mechanism/install/base_interface_demo/include/base_interface_demo/base_interface_demo/srv
[6.156s] -- Up-to-date: /home/ros/ROS2/communication_mechanism/install/base_interface_demo/include/base_interface_demo/base_interface_demo/srv/detail
[6.156s] -- Installing: /home/ros/ROS2/communication_mechanism/install/base_interface_demo/include/base_interface_demo/base_interface_demo/srv/detail/sum__rosidl_typesupport_fastrtps_c.h
[6.156s] -- Installing: /home/ros/ROS2/communication_mechanism/install/base_interface_demo/lib/libbase_interface_demo__rosidl_typesupport_fastrtps_c.so
[6.156s] -- Set runtime path of "/home/ros/ROS2/communication_mechanism/install/base_interface_demo/lib/libbase_interface_demo__rosidl_typesupport_fastrtps_c.so" to ""
[6.156s] -- Up-to-date: /home/ros/ROS2/communication_mechanism/install/base_interface_demo/include/base_interface_demo/base_interface_demo
[6.156s] -- Up-to-date: /home/ros/ROS2/communication_mechanism/install/base_interface_demo/include/base_interface_demo/base_interface_demo/action
[6.156s] -- Up-to-date: /home/ros/ROS2/communication_mechanism/install/base_interface_demo/include/base_interface_demo/base_interface_demo/action/detail
[6.156s] -- Installing: /home/ros/ROS2/communication_mechanism/install/base_interface_demo/include/base_interface_demo/base_interface_demo/action/detail/progress__rosidl_typesupport_introspection_c.h
[6.156s] -- Installing: /home/ros/ROS2/communication_mechanism/install/base_interface_demo/include/base_interface_demo/base_interface_demo/action/detail/progress__type_support.c
[6.157s] -- Up-to-date: /home/ros/ROS2/communication_mechanism/install/base_interface_demo/include/base_interface_demo/base_interface_demo/msg
[6.157s] -- Installing: /home/ros/ROS2/communication_mechanism/install/base_interface_demo/include/base_interface_demo/base_interface_demo/msg/rosidl_typesupport_introspection_c__visibility_control.h
[6.157s] -- Up-to-date: /home/ros/ROS2/communication_mechanism/install/base_interface_demo/include/base_interface_demo/base_interface_demo/msg/detail
[6.157s] -- Installing: /home/ros/ROS2/communication_mechanism/install/base_interface_demo/include/base_interface_demo/base_interface_demo/msg/detail/student__type_support.c
[6.157s] -- Installing: /home/ros/ROS2/communication_mechanism/install/base_interface_demo/include/base_interface_demo/base_interface_demo/msg/detail/student__rosidl_typesupport_introspection_c.h
[6.157s] -- Up-to-date: /home/ros/ROS2/communication_mechanism/install/base_interface_demo/include/base_interface_demo/base_interface_demo/srv
[6.157s] -- Up-to-date: /home/ros/ROS2/communication_mechanism/install/base_interface_demo/include/base_interface_demo/base_interface_demo/srv/detail
[6.157s] -- Installing: /home/ros/ROS2/communication_mechanism/install/base_interface_demo/include/base_interface_demo/base_interface_demo/srv/detail/sum__rosidl_typesupport_introspection_c.h
[6.157s] -- Installing: /home/ros/ROS2/communication_mechanism/install/base_interface_demo/include/base_interface_demo/base_interface_demo/srv/detail/sum__type_support.c
[6.157s] -- Installing: /home/ros/ROS2/communication_mechanism/install/base_interface_demo/lib/libbase_interface_demo__rosidl_typesupport_introspection_c.so
[6.158s] -- Set runtime path of "/home/ros/ROS2/communication_mechanism/install/base_interface_demo/lib/libbase_interface_demo__rosidl_typesupport_introspection_c.so" to ""
[6.158s] -- Installing: /home/ros/ROS2/communication_mechanism/install/base_interface_demo/lib/libbase_interface_demo__rosidl_typesupport_c.so
[6.158s] -- Set runtime path of "/home/ros/ROS2/communication_mechanism/install/base_interface_demo/lib/libbase_interface_demo__rosidl_typesupport_c.so" to ""
[6.158s] -- Up-to-date: /home/ros/ROS2/communication_mechanism/install/base_interface_demo/include/base_interface_demo/base_interface_demo
[6.158s] -- Up-to-date: /home/ros/ROS2/communication_mechanism/install/base_interface_demo/include/base_interface_demo/base_interface_demo/action
[6.158s] -- Installing: /home/ros/ROS2/communication_mechanism/install/base_interface_demo/include/base_interface_demo/base_interface_demo/action/progress.hpp
[6.158s] -- Up-to-date: /home/ros/ROS2/communication_mechanism/install/base_interface_demo/include/base_interface_demo/base_interface_demo/action/detail
[6.158s] -- Installing: /home/ros/ROS2/communication_mechanism/install/base_interface_demo/include/base_interface_demo/base_interface_demo/action/detail/progress__builder.hpp
[6.158s] -- Installing: /home/ros/ROS2/communication_mechanism/install/base_interface_demo/include/base_interface_demo/base_interface_demo/action/detail/progress__struct.hpp
[6.158s] -- Installing: /home/ros/ROS2/communication_mechanism/install/base_interface_demo/include/base_interface_demo/base_interface_demo/action/detail/progress__traits.hpp
[6.159s] -- Up-to-date: /home/ros/ROS2/communication_mechanism/install/base_interface_demo/include/base_interface_demo/base_interface_demo/msg
[6.159s] -- Installing: /home/ros/ROS2/communication_mechanism/install/base_interface_demo/include/base_interface_demo/base_interface_demo/msg/student.hpp
[6.159s] -- Up-to-date: /home/ros/ROS2/communication_mechanism/install/base_interface_demo/include/base_interface_demo/base_interface_demo/msg/detail
[6.159s] -- Installing: /home/ros/ROS2/communication_mechanism/install/base_interface_demo/include/base_interface_demo/base_interface_demo/msg/detail/student__builder.hpp
[6.159s] -- Installing: /home/ros/ROS2/communication_mechanism/install/base_interface_demo/include/base_interface_demo/base_interface_demo/msg/detail/student__traits.hpp
[6.159s] -- Installing: /home/ros/ROS2/communication_mechanism/install/base_interface_demo/include/base_interface_demo/base_interface_demo/msg/detail/student__struct.hpp
[6.159s] -- Up-to-date: /home/ros/ROS2/communication_mechanism/install/base_interface_demo/include/base_interface_demo/base_interface_demo/srv
[6.159s] -- Installing: /home/ros/ROS2/communication_mechanism/install/base_interface_demo/include/base_interface_demo/base_interface_demo/srv/sum.hpp
[6.159s] -- Up-to-date: /home/ros/ROS2/communication_mechanism/install/base_interface_demo/include/base_interface_demo/base_interface_demo/srv/detail
[6.159s] -- Installing: /home/ros/ROS2/communication_mechanism/install/base_interface_demo/include/base_interface_demo/base_interface_demo/srv/detail/sum__builder.hpp
[6.159s] -- Installing: /home/ros/ROS2/communication_mechanism/install/base_interface_demo/include/base_interface_demo/base_interface_demo/srv/detail/sum__struct.hpp
[6.159s] -- Installing: /home/ros/ROS2/communication_mechanism/install/base_interface_demo/include/base_interface_demo/base_interface_demo/srv/detail/sum__traits.hpp
[6.159s] -- Up-to-date: /home/ros/ROS2/communication_mechanism/install/base_interface_demo/include/base_interface_demo/base_interface_demo
[6.160s] -- Up-to-date: /home/ros/ROS2/communication_mechanism/install/base_interface_demo/include/base_interface_demo/base_interface_demo/action
[6.160s] -- Up-to-date: /home/ros/ROS2/communication_mechanism/install/base_interface_demo/include/base_interface_demo/base_interface_demo/action/detail
[6.160s] -- Installing: /home/ros/ROS2/communication_mechanism/install/base_interface_demo/include/base_interface_demo/base_interface_demo/action/detail/dds_fastrtps
[6.160s] -- Installing: /home/ros/ROS2/communication_mechanism/install/base_interface_demo/include/base_interface_demo/base_interface_demo/action/detail/progress__rosidl_typesupport_fastrtps_cpp.hpp
[6.160s] -- Up-to-date: /home/ros/ROS2/communication_mechanism/install/base_interface_demo/include/base_interface_demo/base_interface_demo/msg
[6.160s] -- Installing: /home/ros/ROS2/communication_mechanism/install/base_interface_demo/include/base_interface_demo/base_interface_demo/msg/rosidl_typesupport_fastrtps_cpp__visibility_control.h
[6.160s] -- Up-to-date: /home/ros/ROS2/communication_mechanism/install/base_interface_demo/include/base_interface_demo/base_interface_demo/msg/detail
[6.160s] -- Installing: /home/ros/ROS2/communication_mechanism/install/base_interface_demo/include/base_interface_demo/base_interface_demo/msg/detail/student__rosidl_typesupport_fastrtps_cpp.hpp
[6.160s] -- Installing: /home/ros/ROS2/communication_mechanism/install/base_interface_demo/include/base_interface_demo/base_interface_demo/msg/detail/dds_fastrtps
[6.160s] -- Up-to-date: /home/ros/ROS2/communication_mechanism/install/base_interface_demo/include/base_interface_demo/base_interface_demo/srv
[6.161s] -- Up-to-date: /home/ros/ROS2/communication_mechanism/install/base_interface_demo/include/base_interface_demo/base_interface_demo/srv/detail
[6.161s] -- Installing: /home/ros/ROS2/communication_mechanism/install/base_interface_demo/include/base_interface_demo/base_interface_demo/srv/detail/dds_fastrtps
[6.161s] -- Installing: /home/ros/ROS2/communication_mechanism/install/base_interface_demo/include/base_interface_demo/base_interface_demo/srv/detail/sum__rosidl_typesupport_fastrtps_cpp.hpp
[6.161s] -- Installing: /home/ros/ROS2/communication_mechanism/install/base_interface_demo/lib/libbase_interface_demo__rosidl_typesupport_fastrtps_cpp.so
[6.161s] -- Set runtime path of "/home/ros/ROS2/communication_mechanism/install/base_interface_demo/lib/libbase_interface_demo__rosidl_typesupport_fastrtps_cpp.so" to ""
[6.161s] -- Up-to-date: /home/ros/ROS2/communication_mechanism/install/base_interface_demo/include/base_interface_demo/base_interface_demo
[6.161s] -- Up-to-date: /home/ros/ROS2/communication_mechanism/install/base_interface_demo/include/base_interface_demo/base_interface_demo/action
[6.161s] -- Up-to-date: /home/ros/ROS2/communication_mechanism/install/base_interface_demo/include/base_interface_demo/base_interface_demo/action/detail
[6.161s] -- Installing: /home/ros/ROS2/communication_mechanism/install/base_interface_demo/include/base_interface_demo/base_interface_demo/action/detail/progress__rosidl_typesupport_introspection_cpp.hpp
[6.161s] -- Installing: /home/ros/ROS2/communication_mechanism/install/base_interface_demo/include/base_interface_demo/base_interface_demo/action/detail/progress__type_support.cpp
[6.161s] -- Up-to-date: /home/ros/ROS2/communication_mechanism/install/base_interface_demo/include/base_interface_demo/base_interface_demo/msg
[6.161s] -- Up-to-date: /home/ros/ROS2/communication_mechanism/install/base_interface_demo/include/base_interface_demo/base_interface_demo/msg/detail
[6.161s] -- Installing: /home/ros/ROS2/communication_mechanism/install/base_interface_demo/include/base_interface_demo/base_interface_demo/msg/detail/student__type_support.cpp
[6.161s] -- Installing: /home/ros/ROS2/communication_mechanism/install/base_interface_demo/include/base_interface_demo/base_interface_demo/msg/detail/student__rosidl_typesupport_introspection_cpp.hpp
[6.161s] -- Up-to-date: /home/ros/ROS2/communication_mechanism/install/base_interface_demo/include/base_interface_demo/base_interface_demo/srv
[6.161s] -- Up-to-date: /home/ros/ROS2/communication_mechanism/install/base_interface_demo/include/base_interface_demo/base_interface_demo/srv/detail
[6.161s] -- Installing: /home/ros/ROS2/communication_mechanism/install/base_interface_demo/include/base_interface_demo/base_interface_demo/srv/detail/sum__rosidl_typesupport_introspection_cpp.hpp
[6.161s] -- Installing: /home/ros/ROS2/communication_mechanism/install/base_interface_demo/include/base_interface_demo/base_interface_demo/srv/detail/sum__type_support.cpp
[6.161s] -- Installing: /home/ros/ROS2/communication_mechanism/install/base_interface_demo/lib/libbase_interface_demo__rosidl_typesupport_introspection_cpp.so
[6.161s] -- Set runtime path of "/home/ros/ROS2/communication_mechanism/install/base_interface_demo/lib/libbase_interface_demo__rosidl_typesupport_introspection_cpp.so" to ""
[6.161s] -- Installing: /home/ros/ROS2/communication_mechanism/install/base_interface_demo/lib/libbase_interface_demo__rosidl_typesupport_cpp.so
[6.161s] -- Set runtime path of "/home/ros/ROS2/communication_mechanism/install/base_interface_demo/lib/libbase_interface_demo__rosidl_typesupport_cpp.so" to ""
[6.161s] -- Installing: /home/ros/ROS2/communication_mechanism/install/base_interface_demo/share/base_interface_demo/environment/pythonpath.sh
[6.161s] -- Installing: /home/ros/ROS2/communication_mechanism/install/base_interface_demo/share/base_interface_demo/environment/pythonpath.dsv
[6.161s] -- Installing: /home/ros/ROS2/communication_mechanism/install/base_interface_demo/local/lib/python3.10/dist-packages/base_interface_demo-0.0.0-py3.10.egg-info
[6.161s] -- Installing: /home/ros/ROS2/communication_mechanism/install/base_interface_demo/local/lib/python3.10/dist-packages/base_interface_demo-0.0.0-py3.10.egg-info/PKG-INFO
[6.162s] -- Installing: /home/ros/ROS2/communication_mechanism/install/base_interface_demo/local/lib/python3.10/dist-packages/base_interface_demo-0.0.0-py3.10.egg-info/SOURCES.txt
[6.162s] -- Installing: /home/ros/ROS2/communication_mechanism/install/base_interface_demo/local/lib/python3.10/dist-packages/base_interface_demo-0.0.0-py3.10.egg-info/top_level.txt
[6.162s] -- Installing: /home/ros/ROS2/communication_mechanism/install/base_interface_demo/local/lib/python3.10/dist-packages/base_interface_demo-0.0.0-py3.10.egg-info/dependency_links.txt
[6.162s] -- Installing: /home/ros/ROS2/communication_mechanism/install/base_interface_demo/local/lib/python3.10/dist-packages/base_interface_demo
[6.162s] -- Installing: /home/ros/ROS2/communication_mechanism/install/base_interface_demo/local/lib/python3.10/dist-packages/base_interface_demo/action
[6.162s] -- Installing: /home/ros/ROS2/communication_mechanism/install/base_interface_demo/local/lib/python3.10/dist-packages/base_interface_demo/action/_progress_s.c
[6.162s] -- Installing: /home/ros/ROS2/communication_mechanism/install/base_interface_demo/local/lib/python3.10/dist-packages/base_interface_demo/action/__init__.py
[6.162s] -- Installing: /home/ros/ROS2/communication_mechanism/install/base_interface_demo/local/lib/python3.10/dist-packages/base_interface_demo/action/_progress.py
[6.162s] -- Installing: /home/ros/ROS2/communication_mechanism/install/base_interface_demo/local/lib/python3.10/dist-packages/base_interface_demo/_base_interface_demo_s.ep.rosidl_typesupport_introspection_c.c
[6.162s] -- Installing: /home/ros/ROS2/communication_mechanism/install/base_interface_demo/local/lib/python3.10/dist-packages/base_interface_demo/msg
[6.162s] -- Installing: /home/ros/ROS2/communication_mechanism/install/base_interface_demo/local/lib/python3.10/dist-packages/base_interface_demo/msg/_student.py
[6.162s] -- Installing: /home/ros/ROS2/communication_mechanism/install/base_interface_demo/local/lib/python3.10/dist-packages/base_interface_demo/msg/__init__.py
[6.162s] -- Installing: /home/ros/ROS2/communication_mechanism/install/base_interface_demo/local/lib/python3.10/dist-packages/base_interface_demo/msg/_student_s.c
[6.162s] -- Installing: /home/ros/ROS2/communication_mechanism/install/base_interface_demo/local/lib/python3.10/dist-packages/base_interface_demo/_base_interface_demo_s.ep.rosidl_typesupport_c.c
[6.162s] -- Installing: /home/ros/ROS2/communication_mechanism/install/base_interface_demo/local/lib/python3.10/dist-packages/base_interface_demo/base_interface_demo_s__rosidl_typesupport_c.cpython-310-x86_64-linux-gnu.so
[6.162s] -- Installing: /home/ros/ROS2/communication_mechanism/install/base_interface_demo/local/lib/python3.10/dist-packages/base_interface_demo/__init__.py
[6.162s] -- Installing: /home/ros/ROS2/communication_mechanism/install/base_interface_demo/local/lib/python3.10/dist-packages/base_interface_demo/libbase_interface_demo__rosidl_generator_py.so
[6.162s] -- Installing: /home/ros/ROS2/communication_mechanism/install/base_interface_demo/local/lib/python3.10/dist-packages/base_interface_demo/base_interface_demo_s__rosidl_typesupport_introspection_c.cpython-310-x86_64-linux-gnu.so
[6.162s] -- Installing: /home/ros/ROS2/communication_mechanism/install/base_interface_demo/local/lib/python3.10/dist-packages/base_interface_demo/_base_interface_demo_s.ep.rosidl_typesupport_fastrtps_c.c
[6.162s] -- Installing: /home/ros/ROS2/communication_mechanism/install/base_interface_demo/local/lib/python3.10/dist-packages/base_interface_demo/base_interface_demo_s__rosidl_typesupport_fastrtps_c.cpython-310-x86_64-linux-gnu.so
[6.162s] -- Installing: /home/ros/ROS2/communication_mechanism/install/base_interface_demo/local/lib/python3.10/dist-packages/base_interface_demo/srv
[6.162s] -- Installing: /home/ros/ROS2/communication_mechanism/install/base_interface_demo/local/lib/python3.10/dist-packages/base_interface_demo/srv/_sum.py
[6.162s] -- Installing: /home/ros/ROS2/communication_mechanism/install/base_interface_demo/local/lib/python3.10/dist-packages/base_interface_demo/srv/__init__.py
[6.162s] -- Installing: /home/ros/ROS2/communication_mechanism/install/base_interface_demo/local/lib/python3.10/dist-packages/base_interface_demo/srv/_sum_s.c
[6.184s] Listing '/home/ros/ROS2/communication_mechanism/install/base_interface_demo/local/lib/python3.10/dist-packages/base_interface_demo'...
[6.184s] Compiling '/home/ros/ROS2/communication_mechanism/install/base_interface_demo/local/lib/python3.10/dist-packages/base_interface_demo/__init__.py'...
[6.184s] Listing '/home/ros/ROS2/communication_mechanism/install/base_interface_demo/local/lib/python3.10/dist-packages/base_interface_demo/action'...
[6.184s] Compiling '/home/ros/ROS2/communication_mechanism/install/base_interface_demo/local/lib/python3.10/dist-packages/base_interface_demo/action/__init__.py'...
[6.185s] Compiling '/home/ros/ROS2/communication_mechanism/install/base_interface_demo/local/lib/python3.10/dist-packages/base_interface_demo/action/_progress.py'...
[6.185s] Listing '/home/ros/ROS2/communication_mechanism/install/base_interface_demo/local/lib/python3.10/dist-packages/base_interface_demo/msg'...
[6.185s] Compiling '/home/ros/ROS2/communication_mechanism/install/base_interface_demo/local/lib/python3.10/dist-packages/base_interface_demo/msg/__init__.py'...
[6.185s] Compiling '/home/ros/ROS2/communication_mechanism/install/base_interface_demo/local/lib/python3.10/dist-packages/base_interface_demo/msg/_student.py'...
[6.185s] Listing '/home/ros/ROS2/communication_mechanism/install/base_interface_demo/local/lib/python3.10/dist-packages/base_interface_demo/srv'...
[6.185s] Compiling '/home/ros/ROS2/communication_mechanism/install/base_interface_demo/local/lib/python3.10/dist-packages/base_interface_demo/srv/__init__.py'...
[6.185s] Compiling '/home/ros/ROS2/communication_mechanism/install/base_interface_demo/local/lib/python3.10/dist-packages/base_interface_demo/srv/_sum.py'...
[6.187s] -- Installing: /home/ros/ROS2/communication_mechanism/install/base_interface_demo/local/lib/python3.10/dist-packages/base_interface_demo/base_interface_demo_s__rosidl_typesupport_fastrtps_c.cpython-310-x86_64-linux-gnu.so
[6.187s] -- Set runtime path of "/home/ros/ROS2/communication_mechanism/install/base_interface_demo/local/lib/python3.10/dist-packages/base_interface_demo/base_interface_demo_s__rosidl_typesupport_fastrtps_c.cpython-310-x86_64-linux-gnu.so" to ""
[6.187s] -- Installing: /home/ros/ROS2/communication_mechanism/install/base_interface_demo/local/lib/python3.10/dist-packages/base_interface_demo/base_interface_demo_s__rosidl_typesupport_introspection_c.cpython-310-x86_64-linux-gnu.so
[6.188s] -- Set runtime path of "/home/ros/ROS2/communication_mechanism/install/base_interface_demo/local/lib/python3.10/dist-packages/base_interface_demo/base_interface_demo_s__rosidl_typesupport_introspection_c.cpython-310-x86_64-linux-gnu.so" to ""
[6.188s] -- Installing: /home/ros/ROS2/communication_mechanism/install/base_interface_demo/local/lib/python3.10/dist-packages/base_interface_demo/base_interface_demo_s__rosidl_typesupport_c.cpython-310-x86_64-linux-gnu.so
[6.188s] -- Set runtime path of "/home/ros/ROS2/communication_mechanism/install/base_interface_demo/local/lib/python3.10/dist-packages/base_interface_demo/base_interface_demo_s__rosidl_typesupport_c.cpython-310-x86_64-linux-gnu.so" to ""
[6.188s] -- Installing: /home/ros/ROS2/communication_mechanism/install/base_interface_demo/lib/libbase_interface_demo__rosidl_generator_py.so
[6.188s] -- Set runtime path of "/home/ros/ROS2/communication_mechanism/install/base_interface_demo/lib/libbase_interface_demo__rosidl_generator_py.so" to ""
[6.188s] -- Installing: /home/ros/ROS2/communication_mechanism/install/base_interface_demo/share/base_interface_demo/msg/Student.idl
[6.188s] -- Installing: /home/ros/ROS2/communication_mechanism/install/base_interface_demo/share/base_interface_demo/srv/Sum.idl
[6.188s] -- Installing: /home/ros/ROS2/communication_mechanism/install/base_interface_demo/share/base_interface_demo/action/Progress.idl
[6.189s] -- Installing: /home/ros/ROS2/communication_mechanism/install/base_interface_demo/share/base_interface_demo/msg/Student.msg
[6.189s] -- Installing: /home/ros/ROS2/communication_mechanism/install/base_interface_demo/share/base_interface_demo/srv/Sum.srv
[6.189s] -- Installing: /home/ros/ROS2/communication_mechanism/install/base_interface_demo/share/base_interface_demo/srv/Sum_Request.msg
[6.189s] -- Installing: /home/ros/ROS2/communication_mechanism/install/base_interface_demo/share/base_interface_demo/srv/Sum_Response.msg
[6.189s] -- Installing: /home/ros/ROS2/communication_mechanism/install/base_interface_demo/share/base_interface_demo/action/Progress.action
[6.189s] -- Installing: /home/ros/ROS2/communication_mechanism/install/base_interface_demo/share/ament_index/resource_index/package_run_dependencies/base_interface_demo
[6.189s] -- Installing: /home/ros/ROS2/communication_mechanism/install/base_interface_demo/share/ament_index/resource_index/parent_prefix_path/base_interface_demo
[6.189s] -- Installing: /home/ros/ROS2/communication_mechanism/install/base_interface_demo/share/base_interface_demo/environment/ament_prefix_path.sh
[6.189s] -- Installing: /home/ros/ROS2/communication_mechanism/install/base_interface_demo/share/base_interface_demo/environment/ament_prefix_path.dsv
[6.189s] -- Installing: /home/ros/ROS2/communication_mechanism/install/base_interface_demo/share/base_interface_demo/environment/path.sh
[6.189s] -- Installing: /home/ros/ROS2/communication_mechanism/install/base_interface_demo/share/base_interface_demo/environment/path.dsv
[6.189s] -- Installing: /home/ros/ROS2/communication_mechanism/install/base_interface_demo/share/base_interface_demo/local_setup.bash
[6.190s] -- Installing: /home/ros/ROS2/communication_mechanism/install/base_interface_demo/share/base_interface_demo/local_setup.sh
[6.190s] -- Installing: /home/ros/ROS2/communication_mechanism/install/base_interface_demo/share/base_interface_demo/local_setup.zsh
[6.190s] -- Installing: /home/ros/ROS2/communication_mechanism/install/base_interface_demo/share/base_interface_demo/local_setup.dsv
[6.190s] -- Installing: /home/ros/ROS2/communication_mechanism/install/base_interface_demo/share/base_interface_demo/package.dsv
[6.190s] -- Installing: /home/ros/ROS2/communication_mechanism/install/base_interface_demo/share/ament_index/resource_index/packages/base_interface_demo
[6.190s] -- Installing: /home/ros/ROS2/communication_mechanism/install/base_interface_demo/share/base_interface_demo/cmake/export_base_interface_demo__rosidl_generator_cExport.cmake
[6.190s] -- Installing: /home/ros/ROS2/communication_mechanism/install/base_interface_demo/share/base_interface_demo/cmake/export_base_interface_demo__rosidl_generator_cExport-noconfig.cmake
[6.190s] -- Installing: /home/ros/ROS2/communication_mechanism/install/base_interface_demo/share/base_interface_demo/cmake/export_base_interface_demo__rosidl_typesupport_fastrtps_cExport.cmake
[6.190s] -- Installing: /home/ros/ROS2/communication_mechanism/install/base_interface_demo/share/base_interface_demo/cmake/export_base_interface_demo__rosidl_typesupport_fastrtps_cExport-noconfig.cmake
[6.190s] -- Installing: /home/ros/ROS2/communication_mechanism/install/base_interface_demo/share/base_interface_demo/cmake/base_interface_demo__rosidl_typesupport_introspection_cExport.cmake
[6.190s] -- Installing: /home/ros/ROS2/communication_mechanism/install/base_interface_demo/share/base_interface_demo/cmake/base_interface_demo__rosidl_typesupport_introspection_cExport-noconfig.cmake
[6.190s] -- Installing: /home/ros/ROS2/communication_mechanism/install/base_interface_demo/share/base_interface_demo/cmake/base_interface_demo__rosidl_typesupport_cExport.cmake
[6.190s] -- Installing: /home/ros/ROS2/communication_mechanism/install/base_interface_demo/share/base_interface_demo/cmake/base_interface_demo__rosidl_typesupport_cExport-noconfig.cmake
[6.190s] -- Installing: /home/ros/ROS2/communication_mechanism/install/base_interface_demo/share/base_interface_demo/cmake/export_base_interface_demo__rosidl_generator_cppExport.cmake
[6.190s] -- Installing: /home/ros/ROS2/communication_mechanism/install/base_interface_demo/share/base_interface_demo/cmake/export_base_interface_demo__rosidl_typesupport_fastrtps_cppExport.cmake
[6.191s] -- Installing: /home/ros/ROS2/communication_mechanism/install/base_interface_demo/share/base_interface_demo/cmake/export_base_interface_demo__rosidl_typesupport_fastrtps_cppExport-noconfig.cmake
[6.191s] -- Installing: /home/ros/ROS2/communication_mechanism/install/base_interface_demo/share/base_interface_demo/cmake/base_interface_demo__rosidl_typesupport_introspection_cppExport.cmake
[6.191s] -- Installing: /home/ros/ROS2/communication_mechanism/install/base_interface_demo/share/base_interface_demo/cmake/base_interface_demo__rosidl_typesupport_introspection_cppExport-noconfig.cmake
[6.191s] -- Installing: /home/ros/ROS2/communication_mechanism/install/base_interface_demo/share/base_interface_demo/cmake/base_interface_demo__rosidl_typesupport_cppExport.cmake
[6.191s] -- Installing: /home/ros/ROS2/communication_mechanism/install/base_interface_demo/share/base_interface_demo/cmake/base_interface_demo__rosidl_typesupport_cppExport-noconfig.cmake
[6.191s] -- Installing: /home/ros/ROS2/communication_mechanism/install/base_interface_demo/share/base_interface_demo/cmake/export_base_interface_demo__rosidl_generator_pyExport.cmake
[6.191s] -- Installing: /home/ros/ROS2/communication_mechanism/install/base_interface_demo/share/base_interface_demo/cmake/export_base_interface_demo__rosidl_generator_pyExport-noconfig.cmake
[6.191s] -- Installing: /home/ros/ROS2/communication_mechanism/install/base_interface_demo/share/base_interface_demo/cmake/rosidl_cmake-extras.cmake
[6.191s] -- Installing: /home/ros/ROS2/communication_mechanism/install/base_interface_demo/share/base_interface_demo/cmake/ament_cmake_export_dependencies-extras.cmake
[6.191s] -- Installing: /home/ros/ROS2/communication_mechanism/install/base_interface_demo/share/base_interface_demo/cmake/ament_cmake_export_include_directories-extras.cmake
[6.191s] -- Installing: /home/ros/ROS2/communication_mechanism/install/base_interface_demo/share/base_interface_demo/cmake/ament_cmake_export_libraries-extras.cmake
[6.192s] -- Installing: /home/ros/ROS2/communication_mechanism/install/base_interface_demo/share/base_interface_demo/cmake/ament_cmake_export_targets-extras.cmake
[6.192s] -- Installing: /home/ros/ROS2/communication_mechanism/install/base_interface_demo/share/base_interface_demo/cmake/rosidl_cmake_export_typesupport_targets-extras.cmake
[6.192s] -- Installing: /home/ros/ROS2/communication_mechanism/install/base_interface_demo/share/base_interface_demo/cmake/rosidl_cmake_export_typesupport_libraries-extras.cmake
[6.192s] -- Installing: /home/ros/ROS2/communication_mechanism/install/base_interface_demo/share/base_interface_demo/cmake/base_interface_demoConfig.cmake
[6.192s] -- Installing: /home/ros/ROS2/communication_mechanism/install/base_interface_demo/share/base_interface_demo/cmake/base_interface_demoConfig-version.cmake
[6.192s] -- Installing: /home/ros/ROS2/communication_mechanism/install/base_interface_demo/share/base_interface_demo/package.xml
[6.193s] Invoked command in '/home/ros/ROS2/communication_mechanism/build/base_interface_demo' returned '0': CMAKE_PREFIX_PATH=${CMAKE_PREFIX_PATH}:/opt/ros/humble WSLENV=ELECTRON_RUN_AS_NODE/w:WT_SESSION:WT_PROFILE_ID: /usr/bin/cmake --install /home/ros/ROS2/communication_mechanism/build/base_interface_demo
