[0.009s] Invoking command in '/home/ros/ROS2/turtle/build/demo_topic': /usr/bin/cmake /home/ros/ROS2/turtle/src/demo_topic -DCMAKE_INSTALL_PREFIX=/home/ros/ROS2/turtle/install/demo_topic
[0.252s] -- The C compiler identification is GNU 11.4.0
[1.117s] -- The CXX compiler identification is GNU 11.4.0
[1.753s] -- Detecting C compiler ABI info
[1.965s] -- Detecting C compiler ABI info - done
[1.969s] -- Check for working C compiler: /usr/bin/cc - skipped
[1.971s] -- Detecting C compile features
[1.972s] -- Detecting C compile features - done
[1.975s] -- Detecting CXX compiler ABI info
[2.211s] -- Detecting CXX compiler ABI info - done
[2.217s] -- Check for working CXX compiler: /usr/bin/c++ - skipped
[2.217s] -- Detecting CXX compile features
[2.218s] -- Detecting CXX compile features - done
[2.229s] -- Found ament_cmake: 1.3.8 (/opt/ros/humble/share/ament_cmake/cmake)
[2.332s] -- Found Python3: /usr/bin/python3 (found version "3.10.12") found components: Interpreter 
[2.393s] -- Found rclcpp: 16.0.8 (/opt/ros/humble/share/rclcpp/cmake)
[2.657s] -- Found rosidl_generator_c: 3.1.5 (/opt/ros/humble/share/rosidl_generator_c/cmake)
[2.660s] -- Found rosidl_adapter: 3.1.5 (/opt/ros/humble/share/rosidl_adapter/cmake)
[2.666s] -- Found rosidl_generator_cpp: 3.1.5 (/opt/ros/humble/share/rosidl_generator_cpp/cmake)
[2.676s] -- Using all available rosidl_typesupport_c: rosidl_typesupport_fastrtps_c;rosidl_typesupport_introspection_c
[2.690s] -- Using all available rosidl_typesupport_cpp: rosidl_typesupport_fastrtps_cpp;rosidl_typesupport_introspection_cpp
[2.803s] -- Found rmw_implementation_cmake: 6.1.1 (/opt/ros/humble/share/rmw_implementation_cmake/cmake)
[2.804s] -- Found rmw_fastrtps_cpp: 6.2.6 (/opt/ros/humble/share/rmw_fastrtps_cpp/cmake)
[4.821s] -- Found OpenSSL: /usr/lib/x86_64-linux-gnu/libcrypto.so (found version "3.0.2")  
[6.898s] -- Found FastRTPS: /opt/ros/humble/include  
[10.654s] -- Using RMW implementation 'rmw_fastrtps_cpp' as default
[10.671s] -- Looking for pthread.h
[10.832s] -- Looking for pthread.h - found
[10.832s] -- Performing Test CMAKE_HAVE_LIBC_PTHREAD
[11.027s] -- Performing Test CMAKE_HAVE_LIBC_PTHREAD - Success
[11.027s] -- Found Threads: TRUE  
[11.135s] -- Found turtlesim: 1.4.2 (/opt/ros/humble/share/turtlesim/cmake)
[11.280s] -- Found ament_lint_auto: 0.12.10 (/opt/ros/humble/share/ament_lint_auto/cmake)
[11.313s] Error parsing '/home/ros/ROS2/turtle/src/demo_topic/package.xml':
[11.348s] Traceback (most recent call last):
[11.348s]   File "/opt/ros/humble/share/ament_cmake_core/cmake/core/package_xml_2_cmake.py", line 150, in <module>
[11.348s]     main()
[11.348s]   File "/opt/ros/humble/share/ament_cmake_core/cmake/core/package_xml_2_cmake.py", line 53, in main
[11.348s]     raise e
[11.348s]   File "/opt/ros/humble/share/ament_cmake_core/cmake/core/package_xml_2_cmake.py", line 49, in main
[11.348s]     package = parse_package_string(
[11.348s]   File "/usr/lib/python3/dist-packages/catkin_pkg/package.py", line 788, in parse_package_string
[11.349s]     pkg.validate(warnings=warnings)
[11.349s]   File "/usr/lib/python3/dist-packages/catkin_pkg/package.py", line 330, in validate
[11.349s]     raise InvalidPackage('\n'.join(errors), self.filename)
[11.350s] catkin_pkg.package.InvalidPackage: Error(s) in package '/home/ros/ROS2/turtle/src/demo_topic/package.xml':
[11.350s] Invalid email "user.email=h3104894518@foxmail.com" for person "ros"
[11.361s] [31mCMake Error at /opt/ros/humble/share/ament_cmake_core/cmake/core/ament_package_xml.cmake:95 (message):
[11.361s]   execute_process(/usr/bin/python3
[11.361s]   /opt/ros/humble/share/ament_cmake_core/cmake/core/package_xml_2_cmake.py
[11.361s]   /home/ros/ROS2/turtle/src/demo_topic/package.xml
[11.361s]   /home/ros/ROS2/turtle/build/demo_topic/ament_cmake_core/package.cmake)
[11.361s]   returned error code 1
[11.361s] Call Stack (most recent call first):
[11.362s]   /opt/ros/humble/share/ament_cmake_core/cmake/core/ament_package_xml.cmake:49 (_ament_package_xml)
[11.362s]   /opt/ros/humble/share/ament_lint_auto/cmake/ament_lint_auto_find_test_dependencies.cmake:31 (ament_package_xml)
[11.362s]   CMakeLists.txt:38 (ament_lint_auto_find_test_dependencies)
[11.362s] 
[11.362s] [0m
[11.362s] -- Configuring incomplete, errors occurred!
[11.362s] See also "/home/ros/ROS2/turtle/build/demo_topic/CMakeFiles/CMakeOutput.log".
[11.369s] Invoked command in '/home/ros/ROS2/turtle/build/demo_topic' returned '1': /usr/bin/cmake /home/ros/ROS2/turtle/src/demo_topic -DCMAKE_INSTALL_PREFIX=/home/ros/ROS2/turtle/install/demo_topic
