[0.008s] Invoking command in '/home/ros/ROS2/tools/build/cpp_launch': CMAKE_PREFIX_PATH=/opt/ros/humble /usr/bin/cmake --build /home/ros/ROS2/tools/build/cpp_launch -- -j20 -l20
[0.027s] Invoked command in '/home/ros/ROS2/tools/build/cpp_launch' returned '0': CMAKE_PREFIX_PATH=/opt/ros/humble /usr/bin/cmake --build /home/ros/ROS2/tools/build/cpp_launch -- -j20 -l20
[0.043s] Invoking command in '/home/ros/ROS2/tools/build/cpp_launch': CMAKE_PREFIX_PATH=/opt/ros/humble /usr/bin/cmake --install /home/ros/ROS2/tools/build/cpp_launch
[0.046s] -- Install configuration: ""
[0.047s] -- Up-to-date: /home/ros/ROS2/tools/install/cpp_launch/share/cpp_launch/launch
[0.047s] -- Up-to-date: /home/ros/ROS2/tools/install/cpp_launch/share/cpp_launch/launch/yaml
[0.047s] -- Up-to-date: /home/ros/ROS2/tools/install/cpp_launch/share/cpp_launch/launch/xml
[0.047s] -- Up-to-date: /home/ros/ROS2/tools/install/cpp_launch/share/cpp_launch/launch/py
[0.047s] -- Installing: /home/ros/ROS2/tools/install/cpp_launch/share/cpp_launch/launch/py/demo_1.launch.py
[0.047s] -- Up-to-date: /home/ros/ROS2/tools/install/cpp_launch/share/ament_index/resource_index/package_run_dependencies/cpp_launch
[0.047s] -- Up-to-date: /home/ros/ROS2/tools/install/cpp_launch/share/ament_index/resource_index/parent_prefix_path/cpp_launch
[0.047s] -- Up-to-date: /home/ros/ROS2/tools/install/cpp_launch/share/cpp_launch/environment/ament_prefix_path.sh
[0.047s] -- Up-to-date: /home/ros/ROS2/tools/install/cpp_launch/share/cpp_launch/environment/ament_prefix_path.dsv
[0.047s] -- Up-to-date: /home/ros/ROS2/tools/install/cpp_launch/share/cpp_launch/environment/path.sh
[0.048s] -- Up-to-date: /home/ros/ROS2/tools/install/cpp_launch/share/cpp_launch/environment/path.dsv
[0.048s] -- Up-to-date: /home/ros/ROS2/tools/install/cpp_launch/share/cpp_launch/local_setup.bash
[0.048s] -- Up-to-date: /home/ros/ROS2/tools/install/cpp_launch/share/cpp_launch/local_setup.sh
[0.048s] -- Up-to-date: /home/ros/ROS2/tools/install/cpp_launch/share/cpp_launch/local_setup.zsh
[0.048s] -- Up-to-date: /home/ros/ROS2/tools/install/cpp_launch/share/cpp_launch/local_setup.dsv
[0.048s] -- Up-to-date: /home/ros/ROS2/tools/install/cpp_launch/share/cpp_launch/package.dsv
[0.048s] -- Up-to-date: /home/ros/ROS2/tools/install/cpp_launch/share/ament_index/resource_index/packages/cpp_launch
[0.048s] -- Up-to-date: /home/ros/ROS2/tools/install/cpp_launch/share/cpp_launch/cmake/cpp_launchConfig.cmake
[0.048s] -- Up-to-date: /home/ros/ROS2/tools/install/cpp_launch/share/cpp_launch/cmake/cpp_launchConfig-version.cmake
[0.048s] -- Up-to-date: /home/ros/ROS2/tools/install/cpp_launch/share/cpp_launch/package.xml
[0.050s] Invoked command in '/home/ros/ROS2/tools/build/cpp_launch' returned '0': CMAKE_PREFIX_PATH=/opt/ros/humble /usr/bin/cmake --install /home/ros/ROS2/tools/build/cpp_launch
