[0.006s] Invoking command in '/home/huang/ros2/ROS2/coordinate_transformations/build/cpp_tf_turtle': CMAKE_PREFIX_PATH=${CMAKE_PREFIX_PATH}:/opt/ros/humble /usr/bin/cmake --build /home/huang/ros2/ROS2/coordinate_transformations/build/cpp_tf_turtle -- -j20 -l20
[0.028s] [ 83%] Built target exer_spawn
[0.028s] [ 83%] [32mBuilding CXX object CMakeFiles/exer_tf_broadcaster.dir/src/exer_tf_broadcaster.cpp.o[0m
[0.028s] [ 83%] Built target exer_tf_listener
[4.013s] [100%] [32m[1mLinking CXX executable exer_tf_broadcaster[0m
[4.230s] [100%] Built target exer_tf_broadcaster
[4.241s] Invoked command in '/home/huang/ros2/ROS2/coordinate_transformations/build/cpp_tf_turtle' returned '0': CMAKE_PREFIX_PATH=${CMAKE_PREFIX_PATH}:/opt/ros/humble /usr/bin/cmake --build /home/huang/ros2/ROS2/coordinate_transformations/build/cpp_tf_turtle -- -j20 -l20
[4.256s] Invoking command in '/home/huang/ros2/ROS2/coordinate_transformations/build/cpp_tf_turtle': CMAKE_PREFIX_PATH=${CMAKE_PREFIX_PATH}:/opt/ros/humble /usr/bin/cmake --install /home/huang/ros2/ROS2/coordinate_transformations/build/cpp_tf_turtle
[4.258s] -- Install configuration: ""
[4.258s] -- Up-to-date: /home/huang/ros2/ROS2/coordinate_transformations/install/cpp_tf_turtle/lib/cpp_tf_turtle/exer_spawn
[4.258s] -- Installing: /home/huang/ros2/ROS2/coordinate_transformations/install/cpp_tf_turtle/lib/cpp_tf_turtle/exer_tf_broadcaster
[4.260s] -- Set runtime path of "/home/huang/ros2/ROS2/coordinate_transformations/install/cpp_tf_turtle/lib/cpp_tf_turtle/exer_tf_broadcaster" to ""
[4.260s] -- Up-to-date: /home/huang/ros2/ROS2/coordinate_transformations/install/cpp_tf_turtle/lib/cpp_tf_turtle/exer_tf_listener
[4.260s] -- Up-to-date: /home/huang/ros2/ROS2/coordinate_transformations/install/cpp_tf_turtle/share/cpp_tf_turtle/launch
[4.260s] -- Up-to-date: /home/huang/ros2/ROS2/coordinate_transformations/install/cpp_tf_turtle/share/cpp_tf_turtle/launch/exer.launch.py
[4.260s] -- Up-to-date: /home/huang/ros2/ROS2/coordinate_transformations/install/cpp_tf_turtle/share/ament_index/resource_index/package_run_dependencies/cpp_tf_turtle
[4.261s] -- Up-to-date: /home/huang/ros2/ROS2/coordinate_transformations/install/cpp_tf_turtle/share/ament_index/resource_index/parent_prefix_path/cpp_tf_turtle
[4.261s] -- Up-to-date: /home/huang/ros2/ROS2/coordinate_transformations/install/cpp_tf_turtle/share/cpp_tf_turtle/environment/ament_prefix_path.sh
[4.261s] -- Up-to-date: /home/huang/ros2/ROS2/coordinate_transformations/install/cpp_tf_turtle/share/cpp_tf_turtle/environment/ament_prefix_path.dsv
[4.261s] -- Up-to-date: /home/huang/ros2/ROS2/coordinate_transformations/install/cpp_tf_turtle/share/cpp_tf_turtle/environment/path.sh
[4.261s] -- Up-to-date: /home/huang/ros2/ROS2/coordinate_transformations/install/cpp_tf_turtle/share/cpp_tf_turtle/environment/path.dsv
[4.261s] -- Up-to-date: /home/huang/ros2/ROS2/coordinate_transformations/install/cpp_tf_turtle/share/cpp_tf_turtle/local_setup.bash
[4.261s] -- Up-to-date: /home/huang/ros2/ROS2/coordinate_transformations/install/cpp_tf_turtle/share/cpp_tf_turtle/local_setup.sh
[4.261s] -- Up-to-date: /home/huang/ros2/ROS2/coordinate_transformations/install/cpp_tf_turtle/share/cpp_tf_turtle/local_setup.zsh
[4.261s] -- Up-to-date: /home/huang/ros2/ROS2/coordinate_transformations/install/cpp_tf_turtle/share/cpp_tf_turtle/local_setup.dsv
[4.261s] -- Installing: /home/huang/ros2/ROS2/coordinate_transformations/install/cpp_tf_turtle/share/cpp_tf_turtle/package.dsv
[4.262s] -- Up-to-date: /home/huang/ros2/ROS2/coordinate_transformations/install/cpp_tf_turtle/share/ament_index/resource_index/packages/cpp_tf_turtle
[4.262s] -- Up-to-date: /home/huang/ros2/ROS2/coordinate_transformations/install/cpp_tf_turtle/share/cpp_tf_turtle/cmake/cpp_tf_turtleConfig.cmake
[4.262s] -- Up-to-date: /home/huang/ros2/ROS2/coordinate_transformations/install/cpp_tf_turtle/share/cpp_tf_turtle/cmake/cpp_tf_turtleConfig-version.cmake
[4.262s] -- Up-to-date: /home/huang/ros2/ROS2/coordinate_transformations/install/cpp_tf_turtle/share/cpp_tf_turtle/package.xml
[4.262s] Invoked command in '/home/huang/ros2/ROS2/coordinate_transformations/build/cpp_tf_turtle' returned '0': CMAKE_PREFIX_PATH=${CMAKE_PREFIX_PATH}:/opt/ros/humble /usr/bin/cmake --install /home/huang/ros2/ROS2/coordinate_transformations/build/cpp_tf_turtle
