[0.194s] DEBUG:colcon:Command line arguments: ['/usr/bin/colcon', 'build']
[0.194s] DEBUG:colcon:Parsed command line arguments: Namespace(log_base=None, log_level=None, verb_name='build', build_base='build', install_base='install', merge_install=False, symlink_install=False, test_result_base=None, continue_on_error=False, executor='parallel', parallel_workers=20, event_handlers=None, ignore_user_meta=False, metas=['./colcon.meta'], base_paths=['.'], packages_ignore=None, packages_ignore_regex=None, paths=None, packages_up_to=None, packages_up_to_regex=None, packages_above=None, packages_above_and_dependencies=None, packages_above_depth=None, packages_select_by_dep=None, packages_skip_by_dep=None, packages_skip_up_to=None, packages_select_build_failed=False, packages_skip_build_finished=False, packages_select_test_failures=False, packages_skip_test_passed=False, packages_select=None, packages_skip=None, packages_select_regex=None, packages_skip_regex=None, packages_start=None, packages_end=None, allow_overriding=[], cmake_args=None, cmake_target=None, cmake_target_skip_unavailable=False, cmake_clean_cache=False, cmake_clean_first=False, cmake_force_configure=False, ament_cmake_args=None, catkin_cmake_args=None, catkin_skip_building_tests=False, verb_parser=<colcon_defaults.argument_parser.defaults.DefaultArgumentsDecorator object at 0x7f216070af80>, verb_extension=<colcon_core.verb.build.BuildVerb object at 0x7f2160a579a0>, main=<bound method BuildVerb.main of <colcon_core.verb.build.BuildVerb object at 0x7f2160a579a0>>)
[0.267s] Level 1:colcon.colcon_core.package_discovery:discover_packages(colcon_meta) check parameters
[0.267s] Level 1:colcon.colcon_core.package_discovery:discover_packages(recursive) check parameters
[0.267s] Level 1:colcon.colcon_core.package_discovery:discover_packages(ignore) check parameters
[0.267s] Level 1:colcon.colcon_core.package_discovery:discover_packages(path) check parameters
[0.267s] Level 1:colcon.colcon_core.package_discovery:discover_packages(colcon_meta) discover
[0.267s] Level 1:colcon.colcon_core.package_discovery:discover_packages(recursive) discover
[0.267s] INFO:colcon.colcon_core.package_discovery:Crawling recursively for packages in '/home/ros/ROS2/tools'
[0.267s] Level 1:colcon.colcon_core.package_identification:_identify(.) by extensions ['ignore', 'ignore_ament_install']
[0.267s] Level 1:colcon.colcon_core.package_identification:_identify(.) by extension 'ignore'
[0.267s] Level 1:colcon.colcon_core.package_identification:_identify(.) by extension 'ignore_ament_install'
[0.267s] Level 1:colcon.colcon_core.package_identification:_identify(.) by extensions ['colcon_pkg']
[0.267s] Level 1:colcon.colcon_core.package_identification:_identify(.) by extension 'colcon_pkg'
[0.267s] Level 1:colcon.colcon_core.package_identification:_identify(.) by extensions ['colcon_meta']
[0.267s] Level 1:colcon.colcon_core.package_identification:_identify(.) by extension 'colcon_meta'
[0.268s] Level 1:colcon.colcon_core.package_identification:_identify(.) by extensions ['ros']
[0.268s] Level 1:colcon.colcon_core.package_identification:_identify(.) by extension 'ros'
[0.276s] Level 1:colcon.colcon_core.package_identification:_identify(.) by extensions ['cmake', 'python']
[0.276s] Level 1:colcon.colcon_core.package_identification:_identify(.) by extension 'cmake'
[0.276s] Level 1:colcon.colcon_core.package_identification:_identify(.) by extension 'python'
[0.276s] Level 1:colcon.colcon_core.package_identification:_identify(.) by extensions ['python_setup_py']
[0.276s] Level 1:colcon.colcon_core.package_identification:_identify(.) by extension 'python_setup_py'
[0.276s] Level 1:colcon.colcon_core.package_identification:_identify(build) by extensions ['ignore', 'ignore_ament_install']
[0.276s] Level 1:colcon.colcon_core.package_identification:_identify(build) by extension 'ignore'
[0.276s] Level 1:colcon.colcon_core.package_identification:_identify(build) ignored
[0.276s] Level 1:colcon.colcon_core.package_identification:_identify(install) by extensions ['ignore', 'ignore_ament_install']
[0.276s] Level 1:colcon.colcon_core.package_identification:_identify(install) by extension 'ignore'
[0.276s] Level 1:colcon.colcon_core.package_identification:_identify(install) ignored
[0.277s] Level 1:colcon.colcon_core.package_identification:_identify(log) by extensions ['ignore', 'ignore_ament_install']
[0.277s] Level 1:colcon.colcon_core.package_identification:_identify(log) by extension 'ignore'
[0.277s] Level 1:colcon.colcon_core.package_identification:_identify(log) ignored
[0.277s] Level 1:colcon.colcon_core.package_identification:_identify(src) by extensions ['ignore', 'ignore_ament_install']
[0.277s] Level 1:colcon.colcon_core.package_identification:_identify(src) by extension 'ignore'
[0.277s] Level 1:colcon.colcon_core.package_identification:_identify(src) by extension 'ignore_ament_install'
[0.277s] Level 1:colcon.colcon_core.package_identification:_identify(src) by extensions ['colcon_pkg']
[0.277s] Level 1:colcon.colcon_core.package_identification:_identify(src) by extension 'colcon_pkg'
[0.277s] Level 1:colcon.colcon_core.package_identification:_identify(src) by extensions ['colcon_meta']
[0.277s] Level 1:colcon.colcon_core.package_identification:_identify(src) by extension 'colcon_meta'
[0.277s] Level 1:colcon.colcon_core.package_identification:_identify(src) by extensions ['ros']
[0.277s] Level 1:colcon.colcon_core.package_identification:_identify(src) by extension 'ros'
[0.277s] Level 1:colcon.colcon_core.package_identification:_identify(src) by extensions ['cmake', 'python']
[0.277s] Level 1:colcon.colcon_core.package_identification:_identify(src) by extension 'cmake'
[0.277s] Level 1:colcon.colcon_core.package_identification:_identify(src) by extension 'python'
[0.277s] Level 1:colcon.colcon_core.package_identification:_identify(src) by extensions ['python_setup_py']
[0.277s] Level 1:colcon.colcon_core.package_identification:_identify(src) by extension 'python_setup_py'
[0.277s] Level 1:colcon.colcon_core.package_identification:_identify(src/cpp_launch) by extensions ['ignore', 'ignore_ament_install']
[0.277s] Level 1:colcon.colcon_core.package_identification:_identify(src/cpp_launch) by extension 'ignore'
[0.277s] Level 1:colcon.colcon_core.package_identification:_identify(src/cpp_launch) by extension 'ignore_ament_install'
[0.277s] Level 1:colcon.colcon_core.package_identification:_identify(src/cpp_launch) by extensions ['colcon_pkg']
[0.278s] Level 1:colcon.colcon_core.package_identification:_identify(src/cpp_launch) by extension 'colcon_pkg'
[0.278s] Level 1:colcon.colcon_core.package_identification:_identify(src/cpp_launch) by extensions ['colcon_meta']
[0.278s] Level 1:colcon.colcon_core.package_identification:_identify(src/cpp_launch) by extension 'colcon_meta'
[0.278s] Level 1:colcon.colcon_core.package_identification:_identify(src/cpp_launch) by extensions ['ros']
[0.278s] Level 1:colcon.colcon_core.package_identification:_identify(src/cpp_launch) by extension 'ros'
[0.281s] DEBUG:colcon.colcon_core.package_identification:Package 'src/cpp_launch' with type 'ros.ament_cmake' and name 'cpp_launch'
[0.282s] Level 1:colcon.colcon_core.package_discovery:discover_packages(recursive) using defaults
[0.282s] Level 1:colcon.colcon_core.package_discovery:discover_packages(ignore) discover
[0.282s] Level 1:colcon.colcon_core.package_discovery:discover_packages(ignore) using defaults
[0.282s] Level 1:colcon.colcon_core.package_discovery:discover_packages(path) discover
[0.282s] Level 1:colcon.colcon_core.package_discovery:discover_packages(path) using defaults
[0.294s] Level 1:colcon.colcon_core.package_discovery:discover_packages(prefix_path) check parameters
[0.294s] Level 1:colcon.colcon_core.package_discovery:discover_packages(prefix_path) discover
[0.296s] DEBUG:colcon.colcon_installed_package_information.package_discovery:Found 270 installed packages in /opt/ros/humble
[0.296s] Level 1:colcon.colcon_core.package_discovery:discover_packages(prefix_path) using defaults
[0.322s] Level 5:colcon.colcon_core.verb:set package 'cpp_launch' build argument 'cmake_args' from command line to 'None'
[0.322s] Level 5:colcon.colcon_core.verb:set package 'cpp_launch' build argument 'cmake_target' from command line to 'None'
[0.322s] Level 5:colcon.colcon_core.verb:set package 'cpp_launch' build argument 'cmake_target_skip_unavailable' from command line to 'False'
[0.322s] Level 5:colcon.colcon_core.verb:set package 'cpp_launch' build argument 'cmake_clean_cache' from command line to 'False'
[0.322s] Level 5:colcon.colcon_core.verb:set package 'cpp_launch' build argument 'cmake_clean_first' from command line to 'False'
[0.322s] Level 5:colcon.colcon_core.verb:set package 'cpp_launch' build argument 'cmake_force_configure' from command line to 'False'
[0.322s] Level 5:colcon.colcon_core.verb:set package 'cpp_launch' build argument 'ament_cmake_args' from command line to 'None'
[0.322s] Level 5:colcon.colcon_core.verb:set package 'cpp_launch' build argument 'catkin_cmake_args' from command line to 'None'
[0.322s] Level 5:colcon.colcon_core.verb:set package 'cpp_launch' build argument 'catkin_skip_building_tests' from command line to 'False'
[0.322s] DEBUG:colcon.colcon_core.verb:Building package 'cpp_launch' with the following arguments: {'ament_cmake_args': None, 'build_base': '/home/ros/ROS2/tools/build/cpp_launch', 'catkin_cmake_args': None, 'catkin_skip_building_tests': False, 'cmake_args': None, 'cmake_clean_cache': False, 'cmake_clean_first': False, 'cmake_force_configure': False, 'cmake_target': None, 'cmake_target_skip_unavailable': False, 'install_base': '/home/ros/ROS2/tools/install/cpp_launch', 'merge_install': False, 'path': '/home/ros/ROS2/tools/src/cpp_launch', 'symlink_install': False, 'test_result_base': None}
[0.322s] INFO:colcon.colcon_core.executor:Executing jobs using 'parallel' executor
[0.323s] DEBUG:colcon.colcon_parallel_executor.executor.parallel:run_until_complete
[0.323s] INFO:colcon.colcon_ros.task.ament_cmake.build:Building ROS package in '/home/ros/ROS2/tools/src/cpp_launch' with build type 'ament_cmake'
[0.323s] INFO:colcon.colcon_cmake.task.cmake.build:Building CMake package in '/home/ros/ROS2/tools/src/cpp_launch'
[0.325s] INFO:colcon.colcon_core.plugin_system:Skipping extension 'colcon_core.shell.bat': Not used on non-Windows systems
[0.325s] INFO:colcon.colcon_core.shell:Skip shell extension 'powershell' for command environment: Not usable outside of PowerShell
[0.325s] DEBUG:colcon.colcon_core.shell:Skip shell extension 'dsv' for command environment
[0.329s] DEBUG:colcon.colcon_core.event_handler.log_command:Invoking command in '/home/ros/ROS2/tools/build/cpp_launch': CMAKE_PREFIX_PATH=/opt/ros/humble /usr/bin/cmake /home/ros/ROS2/tools/src/cpp_launch -DCMAKE_INSTALL_PREFIX=/home/ros/ROS2/tools/install/cpp_launch
[12.093s] DEBUG:colcon.colcon_core.event_handler.log_command:Invoked command in '/home/ros/ROS2/tools/build/cpp_launch' returned '0': CMAKE_PREFIX_PATH=/opt/ros/humble /usr/bin/cmake /home/ros/ROS2/tools/src/cpp_launch -DCMAKE_INSTALL_PREFIX=/home/ros/ROS2/tools/install/cpp_launch
[12.093s] DEBUG:colcon.colcon_core.event_handler.log_command:Invoking command in '/home/ros/ROS2/tools/build/cpp_launch': CMAKE_PREFIX_PATH=/opt/ros/humble /usr/bin/cmake --build /home/ros/ROS2/tools/build/cpp_launch -- -j20 -l20
[12.112s] DEBUG:colcon.colcon_core.event_handler.log_command:Invoked command in '/home/ros/ROS2/tools/build/cpp_launch' returned '0': CMAKE_PREFIX_PATH=/opt/ros/humble /usr/bin/cmake --build /home/ros/ROS2/tools/build/cpp_launch -- -j20 -l20
[12.129s] DEBUG:colcon.colcon_core.event_handler.log_command:Invoking command in '/home/ros/ROS2/tools/build/cpp_launch': CMAKE_PREFIX_PATH=/opt/ros/humble /usr/bin/cmake --install /home/ros/ROS2/tools/build/cpp_launch
[12.135s] Level 1:colcon.colcon_core.environment:create_environment_scripts_only(cpp_launch)
[12.135s] DEBUG:colcon.colcon_core.event_handler.log_command:Invoked command in '/home/ros/ROS2/tools/build/cpp_launch' returned '0': CMAKE_PREFIX_PATH=/opt/ros/humble /usr/bin/cmake --install /home/ros/ROS2/tools/build/cpp_launch
[12.139s] Level 1:colcon.colcon_core.environment:checking '/home/ros/ROS2/tools/install/cpp_launch' for CMake module files
[12.139s] Level 1:colcon.colcon_core.environment:checking '/home/ros/ROS2/tools/install/cpp_launch' for CMake config files
[12.140s] Level 1:colcon.colcon_core.shell:create_environment_hook('cpp_launch', 'cmake_prefix_path')
[12.140s] INFO:colcon.colcon_core.shell:Creating environment hook '/home/ros/ROS2/tools/install/cpp_launch/share/cpp_launch/hook/cmake_prefix_path.ps1'
[12.140s] INFO:colcon.colcon_core.shell:Creating environment descriptor '/home/ros/ROS2/tools/install/cpp_launch/share/cpp_launch/hook/cmake_prefix_path.dsv'
[12.141s] INFO:colcon.colcon_core.shell:Creating environment hook '/home/ros/ROS2/tools/install/cpp_launch/share/cpp_launch/hook/cmake_prefix_path.sh'
[12.141s] Level 1:colcon.colcon_core.environment:checking '/home/ros/ROS2/tools/install/cpp_launch/bin'
[12.141s] Level 1:colcon.colcon_core.environment:checking '/home/ros/ROS2/tools/install/cpp_launch/lib/pkgconfig/cpp_launch.pc'
[12.142s] Level 1:colcon.colcon_core.environment:checking '/home/ros/ROS2/tools/install/cpp_launch/lib/python3.10/site-packages'
[12.142s] Level 1:colcon.colcon_core.environment:checking '/home/ros/ROS2/tools/install/cpp_launch/bin'
[12.142s] INFO:colcon.colcon_core.shell:Creating package script '/home/ros/ROS2/tools/install/cpp_launch/share/cpp_launch/package.ps1'
[12.142s] INFO:colcon.colcon_core.shell:Creating package descriptor '/home/ros/ROS2/tools/install/cpp_launch/share/cpp_launch/package.dsv'
[12.143s] INFO:colcon.colcon_core.shell:Creating package script '/home/ros/ROS2/tools/install/cpp_launch/share/cpp_launch/package.sh'
[12.144s] INFO:colcon.colcon_core.shell:Creating package script '/home/ros/ROS2/tools/install/cpp_launch/share/cpp_launch/package.bash'
[12.144s] INFO:colcon.colcon_core.shell:Creating package script '/home/ros/ROS2/tools/install/cpp_launch/share/cpp_launch/package.zsh'
[12.145s] Level 1:colcon.colcon_core.environment:create_file_with_runtime_dependencies(/home/ros/ROS2/tools/install/cpp_launch/share/colcon-core/packages/cpp_launch)
[12.156s] Level 1:colcon.colcon_core.environment:create_environment_scripts_only(cpp_launch)
[12.156s] Level 1:colcon.colcon_core.environment:checking '/home/ros/ROS2/tools/install/cpp_launch' for CMake module files
[12.156s] Level 1:colcon.colcon_core.environment:checking '/home/ros/ROS2/tools/install/cpp_launch' for CMake config files
[12.156s] Level 1:colcon.colcon_core.shell:create_environment_hook('cpp_launch', 'cmake_prefix_path')
[12.156s] INFO:colcon.colcon_core.shell:Creating environment hook '/home/ros/ROS2/tools/install/cpp_launch/share/cpp_launch/hook/cmake_prefix_path.ps1'
[12.157s] INFO:colcon.colcon_core.shell:Creating environment descriptor '/home/ros/ROS2/tools/install/cpp_launch/share/cpp_launch/hook/cmake_prefix_path.dsv'
[12.157s] INFO:colcon.colcon_core.shell:Creating environment hook '/home/ros/ROS2/tools/install/cpp_launch/share/cpp_launch/hook/cmake_prefix_path.sh'
[12.157s] Level 1:colcon.colcon_core.environment:checking '/home/ros/ROS2/tools/install/cpp_launch/bin'
[12.157s] Level 1:colcon.colcon_core.environment:checking '/home/ros/ROS2/tools/install/cpp_launch/lib/pkgconfig/cpp_launch.pc'
[12.157s] Level 1:colcon.colcon_core.environment:checking '/home/ros/ROS2/tools/install/cpp_launch/lib/python3.10/site-packages'
[12.158s] Level 1:colcon.colcon_core.environment:checking '/home/ros/ROS2/tools/install/cpp_launch/bin'
[12.158s] INFO:colcon.colcon_core.shell:Creating package script '/home/ros/ROS2/tools/install/cpp_launch/share/cpp_launch/package.ps1'
[12.158s] INFO:colcon.colcon_core.shell:Creating package descriptor '/home/ros/ROS2/tools/install/cpp_launch/share/cpp_launch/package.dsv'
[12.159s] INFO:colcon.colcon_core.shell:Creating package script '/home/ros/ROS2/tools/install/cpp_launch/share/cpp_launch/package.sh'
[12.159s] INFO:colcon.colcon_core.shell:Creating package script '/home/ros/ROS2/tools/install/cpp_launch/share/cpp_launch/package.bash'
[12.159s] INFO:colcon.colcon_core.shell:Creating package script '/home/ros/ROS2/tools/install/cpp_launch/share/cpp_launch/package.zsh'
[12.159s] Level 1:colcon.colcon_core.environment:create_file_with_runtime_dependencies(/home/ros/ROS2/tools/install/cpp_launch/share/colcon-core/packages/cpp_launch)
[12.160s] DEBUG:colcon.colcon_parallel_executor.executor.parallel:closing loop
[12.160s] DEBUG:colcon.colcon_parallel_executor.executor.parallel:loop closed
[12.160s] DEBUG:colcon.colcon_parallel_executor.executor.parallel:run_until_complete finished with '0'
[12.160s] DEBUG:colcon.colcon_core.event_reactor:joining thread
[12.237s] INFO:colcon.colcon_core.plugin_system:Skipping extension 'colcon_notification.desktop_notification.notify_send': Could not find 'notify-send'
[12.237s] INFO:colcon.colcon_core.plugin_system:Skipping extension 'colcon_notification.desktop_notification.terminal_notifier': Not used on non-Darwin systems
[12.237s] INFO:colcon.colcon_core.plugin_system:Skipping extension 'colcon_notification.desktop_notification.win32': Not used on non-Windows systems
[12.237s] INFO:colcon.colcon_notification.desktop_notification:Sending desktop notification using 'notify2'
[12.237s] DEBUG:colcon.colcon_notification.desktop_notification.notify2:Failed to initialize notify2: org.freedesktop.DBus.Error.FileNotFound: Failed to connect to socket /run/user/1000/bus: No such file or directory
[12.237s] DEBUG:colcon.colcon_core.event_reactor:joined thread
[12.238s] INFO:colcon.colcon_core.shell:Creating prefix script '/home/ros/ROS2/tools/install/local_setup.ps1'
[12.238s] INFO:colcon.colcon_core.shell:Creating prefix util module '/home/ros/ROS2/tools/install/_local_setup_util_ps1.py'
[12.239s] INFO:colcon.colcon_core.shell:Creating prefix chain script '/home/ros/ROS2/tools/install/setup.ps1'
[12.240s] INFO:colcon.colcon_core.shell:Creating prefix script '/home/ros/ROS2/tools/install/local_setup.sh'
[12.240s] INFO:colcon.colcon_core.shell:Creating prefix util module '/home/ros/ROS2/tools/install/_local_setup_util_sh.py'
[12.240s] INFO:colcon.colcon_core.shell:Creating prefix chain script '/home/ros/ROS2/tools/install/setup.sh'
[12.241s] INFO:colcon.colcon_core.shell:Creating prefix script '/home/ros/ROS2/tools/install/local_setup.bash'
[12.241s] INFO:colcon.colcon_core.shell:Creating prefix chain script '/home/ros/ROS2/tools/install/setup.bash'
[12.242s] INFO:colcon.colcon_core.shell:Creating prefix script '/home/ros/ROS2/tools/install/local_setup.zsh'
[12.242s] INFO:colcon.colcon_core.shell:Creating prefix chain script '/home/ros/ROS2/tools/install/setup.zsh'
