[100%] Built target demo
-- Install configuration: ""
-- Up-to-date: /home/huang/ros2/ROS2/rviz2/install/cpp_urdf/lib/cpp_urdf/demo
-- Up-to-date: /home/huang/ros2/ROS2/rviz2/install/cpp_urdf/share/cpp_urdf/launch
-- Installing: /home/huang/ros2/ROS2/rviz2/install/cpp_urdf/share/cpp_urdf/launch/display.launch.py
-- Up-to-date: /home/huang/ros2/ROS2/rviz2/install/cpp_urdf/share/cpp_urdf/rviz
-- Up-to-date: /home/huang/ros2/ROS2/rviz2/install/cpp_urdf/share/cpp_urdf/rviz/urdf.rviz
-- Up-to-date: /home/huang/ros2/ROS2/rviz2/install/cpp_urdf/share/cpp_urdf/meshes
-- Up-to-date: /home/huang/ros2/ROS2/rviz2/install/cpp_urdf/share/cpp_urdf/urdf
-- Up-to-date: /home/huang/ros2/ROS2/rviz2/install/cpp_urdf/share/cpp_urdf/urdf/xacro
-- Up-to-date: /home/huang/ros2/ROS2/rviz2/install/cpp_urdf/share/cpp_urdf/urdf/urdf
-- Up-to-date: /home/huang/ros2/ROS2/rviz2/install/cpp_urdf/share/cpp_urdf/urdf/urdf/demo_1.urdf
-- Up-to-date: /home/huang/ros2/ROS2/rviz2/install/cpp_urdf/share/ament_index/resource_index/package_run_dependencies/cpp_urdf
-- Up-to-date: /home/huang/ros2/ROS2/rviz2/install/cpp_urdf/share/ament_index/resource_index/parent_prefix_path/cpp_urdf
-- Up-to-date: /home/huang/ros2/ROS2/rviz2/install/cpp_urdf/share/cpp_urdf/environment/ament_prefix_path.sh
-- Up-to-date: /home/huang/ros2/ROS2/rviz2/install/cpp_urdf/share/cpp_urdf/environment/ament_prefix_path.dsv
-- Up-to-date: /home/huang/ros2/ROS2/rviz2/install/cpp_urdf/share/cpp_urdf/environment/path.sh
-- Up-to-date: /home/huang/ros2/ROS2/rviz2/install/cpp_urdf/share/cpp_urdf/environment/path.dsv
-- Up-to-date: /home/huang/ros2/ROS2/rviz2/install/cpp_urdf/share/cpp_urdf/local_setup.bash
-- Up-to-date: /home/huang/ros2/ROS2/rviz2/install/cpp_urdf/share/cpp_urdf/local_setup.sh
-- Up-to-date: /home/huang/ros2/ROS2/rviz2/install/cpp_urdf/share/cpp_urdf/local_setup.zsh
-- Up-to-date: /home/huang/ros2/ROS2/rviz2/install/cpp_urdf/share/cpp_urdf/local_setup.dsv
-- Installing: /home/huang/ros2/ROS2/rviz2/install/cpp_urdf/share/cpp_urdf/package.dsv
-- Up-to-date: /home/huang/ros2/ROS2/rviz2/install/cpp_urdf/share/ament_index/resource_index/packages/cpp_urdf
-- Up-to-date: /home/huang/ros2/ROS2/rviz2/install/cpp_urdf/share/cpp_urdf/cmake/cpp_urdfConfig.cmake
-- Up-to-date: /home/huang/ros2/ROS2/rviz2/install/cpp_urdf/share/cpp_urdf/cmake/cpp_urdfConfig-version.cmake
-- Up-to-date: /home/huang/ros2/ROS2/rviz2/install/cpp_urdf/share/cpp_urdf/package.xml
