[0.007s] Invoking command in '/home/huang/ros2/ROS2/rviz2/build/cpp_urdf': CMAKE_PREFIX_PATH=${CMAKE_PREFIX_PATH}:/opt/ros/humble /usr/bin/cmake --build /home/huang/ros2/ROS2/rviz2/build/cpp_urdf -- -j20 -l20
[0.026s] [100%] Built target demo
[0.031s] Invoked command in '/home/huang/ros2/ROS2/rviz2/build/cpp_urdf' returned '0': CMAKE_PREFIX_PATH=${CMAKE_PREFIX_PATH}:/opt/ros/humble /usr/bin/cmake --build /home/huang/ros2/ROS2/rviz2/build/cpp_urdf -- -j20 -l20
[0.047s] Invoking command in '/home/huang/ros2/ROS2/rviz2/build/cpp_urdf': CMAKE_PREFIX_PATH=${CMAKE_PREFIX_PATH}:/opt/ros/humble /usr/bin/cmake --install /home/huang/ros2/ROS2/rviz2/build/cpp_urdf
[0.051s] -- Install configuration: ""
[0.051s] -- Up-to-date: /home/huang/ros2/ROS2/rviz2/install/cpp_urdf/lib/cpp_urdf/demo
[0.051s] -- Up-to-date: /home/huang/ros2/ROS2/rviz2/install/cpp_urdf/share/cpp_urdf/launch
[0.051s] -- Installing: /home/huang/ros2/ROS2/rviz2/install/cpp_urdf/share/cpp_urdf/launch/display.launch.py
[0.051s] -- Up-to-date: /home/huang/ros2/ROS2/rviz2/install/cpp_urdf/share/cpp_urdf/rviz
[0.051s] -- Up-to-date: /home/huang/ros2/ROS2/rviz2/install/cpp_urdf/share/cpp_urdf/rviz/urdf.rviz
[0.051s] -- Up-to-date: /home/huang/ros2/ROS2/rviz2/install/cpp_urdf/share/cpp_urdf/meshes
[0.051s] -- Up-to-date: /home/huang/ros2/ROS2/rviz2/install/cpp_urdf/share/cpp_urdf/urdf
[0.052s] -- Up-to-date: /home/huang/ros2/ROS2/rviz2/install/cpp_urdf/share/cpp_urdf/urdf/xacro
[0.054s] -- Up-to-date: /home/huang/ros2/ROS2/rviz2/install/cpp_urdf/share/cpp_urdf/urdf/urdf
[0.054s] -- Up-to-date: /home/huang/ros2/ROS2/rviz2/install/cpp_urdf/share/cpp_urdf/urdf/urdf/demo_1.urdf
[0.054s] -- Up-to-date: /home/huang/ros2/ROS2/rviz2/install/cpp_urdf/share/ament_index/resource_index/package_run_dependencies/cpp_urdf
[0.055s] -- Up-to-date: /home/huang/ros2/ROS2/rviz2/install/cpp_urdf/share/ament_index/resource_index/parent_prefix_path/cpp_urdf
[0.055s] -- Up-to-date: /home/huang/ros2/ROS2/rviz2/install/cpp_urdf/share/cpp_urdf/environment/ament_prefix_path.sh
[0.056s] -- Up-to-date: /home/huang/ros2/ROS2/rviz2/install/cpp_urdf/share/cpp_urdf/environment/ament_prefix_path.dsv
[0.056s] -- Up-to-date: /home/huang/ros2/ROS2/rviz2/install/cpp_urdf/share/cpp_urdf/environment/path.sh
[0.056s] -- Up-to-date: /home/huang/ros2/ROS2/rviz2/install/cpp_urdf/share/cpp_urdf/environment/path.dsv
[0.057s] -- Up-to-date: /home/huang/ros2/ROS2/rviz2/install/cpp_urdf/share/cpp_urdf/local_setup.bash
[0.057s] -- Up-to-date: /home/huang/ros2/ROS2/rviz2/install/cpp_urdf/share/cpp_urdf/local_setup.sh
[0.058s] -- Up-to-date: /home/huang/ros2/ROS2/rviz2/install/cpp_urdf/share/cpp_urdf/local_setup.zsh
[0.058s] -- Up-to-date: /home/huang/ros2/ROS2/rviz2/install/cpp_urdf/share/cpp_urdf/local_setup.dsv
[0.058s] -- Installing: /home/huang/ros2/ROS2/rviz2/install/cpp_urdf/share/cpp_urdf/package.dsv
[0.058s] -- Up-to-date: /home/huang/ros2/ROS2/rviz2/install/cpp_urdf/share/ament_index/resource_index/packages/cpp_urdf
[0.058s] -- Up-to-date: /home/huang/ros2/ROS2/rviz2/install/cpp_urdf/share/cpp_urdf/cmake/cpp_urdfConfig.cmake
[0.058s] -- Up-to-date: /home/huang/ros2/ROS2/rviz2/install/cpp_urdf/share/cpp_urdf/cmake/cpp_urdfConfig-version.cmake
[0.059s] -- Up-to-date: /home/huang/ros2/ROS2/rviz2/install/cpp_urdf/share/cpp_urdf/package.xml
[0.059s] Invoked command in '/home/huang/ros2/ROS2/rviz2/build/cpp_urdf' returned '0': CMAKE_PREFIX_PATH=${CMAKE_PREFIX_PATH}:/opt/ros/humble /usr/bin/cmake --install /home/huang/ros2/ROS2/rviz2/build/cpp_urdf
