[0.024s] Invoking command in '/home/huang/ros2/ROS2/communication_mechanism/build/cpp_action': CMAKE_PREFIX_PATH=/home/huang/ros2/ROS2/communication_mechanism/install/base_interface_demo:/home/huang/ros2/ROS2/communication_mechanism/install/cpp_time:/opt/ros/humble /usr/bin/cmake --build /home/huang/ros2/ROS2/communication_mechanism/build/cpp_action -- -j20 -l20
[0.047s] [ 33%] [32mBuilding CXX object CMakeFiles/cpp_action_server.dir/src/cpp_action_server.cpp.o[0m
[0.047s] [ 33%] [32mBuilding CXX object CMakeFiles/minimal_action_client.dir/src/minimal_action_client.cpp.o[0m
[0.047s] [ 50%] [32mBuilding CXX object CMakeFiles/cpp_action_client.dir/src/cpp_action_client.cpp.o[0m
[2.803s] [ 66%] [32m[1mLinking CXX executable cpp_action_server[0m
[2.851s] [ 83%] [32m[1mLinking CXX executable cpp_action_client[0m
[2.909s] [100%] [32m[1mLinking CXX executable minimal_action_client[0m
[2.917s] [100%] Built target cpp_action_server
[2.966s] [100%] Built target cpp_action_client
[3.019s] [100%] Built target minimal_action_client
[3.024s] Invoked command in '/home/huang/ros2/ROS2/communication_mechanism/build/cpp_action' returned '0': CMAKE_PREFIX_PATH=/home/huang/ros2/ROS2/communication_mechanism/install/base_interface_demo:/home/huang/ros2/ROS2/communication_mechanism/install/cpp_time:/opt/ros/humble /usr/bin/cmake --build /home/huang/ros2/ROS2/communication_mechanism/build/cpp_action -- -j20 -l20
[3.039s] Invoking command in '/home/huang/ros2/ROS2/communication_mechanism/build/cpp_action': CMAKE_PREFIX_PATH=/home/huang/ros2/ROS2/communication_mechanism/install/base_interface_demo:/home/huang/ros2/ROS2/communication_mechanism/install/cpp_time:/opt/ros/humble /usr/bin/cmake --install /home/huang/ros2/ROS2/communication_mechanism/build/cpp_action
[3.042s] -- Install configuration: ""
[3.042s] -- Installing: /home/huang/ros2/ROS2/communication_mechanism/install/cpp_action/lib/cpp_action/cpp_action_server
[3.042s] -- Set runtime path of "/home/huang/ros2/ROS2/communication_mechanism/install/cpp_action/lib/cpp_action/cpp_action_server" to ""
[3.042s] -- Installing: /home/huang/ros2/ROS2/communication_mechanism/install/cpp_action/lib/cpp_action/cpp_action_client
[3.043s] -- Set runtime path of "/home/huang/ros2/ROS2/communication_mechanism/install/cpp_action/lib/cpp_action/cpp_action_client" to ""
[3.043s] -- Installing: /home/huang/ros2/ROS2/communication_mechanism/install/cpp_action/lib/cpp_action/minimal_action_client
[3.043s] -- Set runtime path of "/home/huang/ros2/ROS2/communication_mechanism/install/cpp_action/lib/cpp_action/minimal_action_client" to ""
[3.044s] -- Installing: /home/huang/ros2/ROS2/communication_mechanism/install/cpp_action/share/ament_index/resource_index/package_run_dependencies/cpp_action
[3.044s] -- Installing: /home/huang/ros2/ROS2/communication_mechanism/install/cpp_action/share/ament_index/resource_index/parent_prefix_path/cpp_action
[3.044s] -- Installing: /home/huang/ros2/ROS2/communication_mechanism/install/cpp_action/share/cpp_action/environment/ament_prefix_path.sh
[3.044s] -- Installing: /home/huang/ros2/ROS2/communication_mechanism/install/cpp_action/share/cpp_action/environment/ament_prefix_path.dsv
[3.044s] -- Installing: /home/huang/ros2/ROS2/communication_mechanism/install/cpp_action/share/cpp_action/environment/path.sh
[3.044s] -- Installing: /home/huang/ros2/ROS2/communication_mechanism/install/cpp_action/share/cpp_action/environment/path.dsv
[3.044s] -- Installing: /home/huang/ros2/ROS2/communication_mechanism/install/cpp_action/share/cpp_action/local_setup.bash
[3.044s] -- Installing: /home/huang/ros2/ROS2/communication_mechanism/install/cpp_action/share/cpp_action/local_setup.sh
[3.044s] -- Installing: /home/huang/ros2/ROS2/communication_mechanism/install/cpp_action/share/cpp_action/local_setup.zsh
[3.044s] -- Installing: /home/huang/ros2/ROS2/communication_mechanism/install/cpp_action/share/cpp_action/local_setup.dsv
[3.045s] -- Installing: /home/huang/ros2/ROS2/communication_mechanism/install/cpp_action/share/cpp_action/package.dsv
[3.045s] -- Installing: /home/huang/ros2/ROS2/communication_mechanism/install/cpp_action/share/ament_index/resource_index/packages/cpp_action
[3.045s] -- Installing: /home/huang/ros2/ROS2/communication_mechanism/install/cpp_action/share/cpp_action/cmake/cpp_actionConfig.cmake
[3.045s] -- Installing: /home/huang/ros2/ROS2/communication_mechanism/install/cpp_action/share/cpp_action/cmake/cpp_actionConfig-version.cmake
[3.045s] -- Installing: /home/huang/ros2/ROS2/communication_mechanism/install/cpp_action/share/cpp_action/package.xml
[3.046s] Invoked command in '/home/huang/ros2/ROS2/communication_mechanism/build/cpp_action' returned '0': CMAKE_PREFIX_PATH=/home/huang/ros2/ROS2/communication_mechanism/install/base_interface_demo:/home/huang/ros2/ROS2/communication_mechanism/install/cpp_time:/opt/ros/humble /usr/bin/cmake --install /home/huang/ros2/ROS2/communication_mechanism/build/cpp_action
