[ 50%] [32mBuilding CXX object CMakeFiles/exe_action.dir/src/exe_action.cpp.o[0m
[ 75%] Built target exe_pub_sub
[100%] [32m[1mLinking CXX executable exe_action[0m
[100%] Built target exe_action
-- Install configuration: ""
-- Up-to-date: /home/ros/ROS2/turtle/install/exercise/lib/exercise/exe_pub_sub
-- Installing: /home/ros/ROS2/turtle/install/exercise/lib/exercise/exe_action
-- Set runtime path of "/home/ros/ROS2/turtle/install/exercise/lib/exercise/exe_action" to ""
-- Up-to-date: /home/ros/ROS2/turtle/install/exercise/share/exercise/launch
-- Up-to-date: /home/ros/ROS2/turtle/install/exercise/share/exercise/launch/exe_pub_sub.launch.py
-- Up-to-date: /home/ros/ROS2/turtle/install/exercise/share/ament_index/resource_index/package_run_dependencies/exercise
-- Up-to-date: /home/ros/ROS2/turtle/install/exercise/share/ament_index/resource_index/parent_prefix_path/exercise
-- Up-to-date: /home/ros/ROS2/turtle/install/exercise/share/exercise/environment/ament_prefix_path.sh
-- Up-to-date: /home/ros/ROS2/turtle/install/exercise/share/exercise/environment/ament_prefix_path.dsv
-- Up-to-date: /home/ros/ROS2/turtle/install/exercise/share/exercise/environment/path.sh
-- Up-to-date: /home/ros/ROS2/turtle/install/exercise/share/exercise/environment/path.dsv
-- Up-to-date: /home/ros/ROS2/turtle/install/exercise/share/exercise/local_setup.bash
-- Up-to-date: /home/ros/ROS2/turtle/install/exercise/share/exercise/local_setup.sh
-- Up-to-date: /home/ros/ROS2/turtle/install/exercise/share/exercise/local_setup.zsh
-- Up-to-date: /home/ros/ROS2/turtle/install/exercise/share/exercise/local_setup.dsv
-- Installing: /home/ros/ROS2/turtle/install/exercise/share/exercise/package.dsv
-- Up-to-date: /home/ros/ROS2/turtle/install/exercise/share/ament_index/resource_index/packages/exercise
-- Up-to-date: /home/ros/ROS2/turtle/install/exercise/share/exercise/cmake/exerciseConfig.cmake
-- Up-to-date: /home/ros/ROS2/turtle/install/exercise/share/exercise/cmake/exerciseConfig-version.cmake
-- Up-to-date: /home/ros/ROS2/turtle/install/exercise/share/exercise/package.xml
