[0.009s] Invoking command in '/home/ros/ROS2/communication_mechanism/build/cpp_time': CMAKE_PREFIX_PATH=${CMAKE_PREFIX_PATH}:/opt/ros/humble /usr/bin/cmake --build /home/ros/ROS2/communication_mechanism/build/cpp_time -- -j20 -l20
[0.031s] [35m[1mConsolidate compiler generated dependencies of target demo_time_time[0m
[0.031s] [35m[1mConsolidate compiler generated dependencies of target demo_time_duration[0m
[0.038s] [ 33%] Built target demo_time_rate
[0.040s] [ 83%] Built target demo_time_duration
[0.040s] [ 66%] [32mBuilding CXX object CMakeFiles/demo_time_time.dir/src/demo_time_time.cpp.o[0m
[1.393s] In file included from [01m[K/opt/ros/humble/include/rclcpp/rclcpp/logging.hpp:24[m[K,
[1.393s]                  from [01m[K/opt/ros/humble/include/rclcpp/rclcpp/client.hpp:40[m[K,
[1.393s]                  from [01m[K/opt/ros/humble/include/rclcpp/rclcpp/callback_group.hpp:24[m[K,
[1.393s]                  from [01m[K/opt/ros/humble/include/rclcpp/rclcpp/any_executable.hpp:20[m[K,
[1.393s]                  from [01m[K/opt/ros/humble/include/rclcpp/rclcpp/memory_strategy.hpp:25[m[K,
[1.393s]                  from [01m[K/opt/ros/humble/include/rclcpp/rclcpp/memory_strategies.hpp:18[m[K,
[1.394s]                  from [01m[K/opt/ros/humble/include/rclcpp/rclcpp/executor_options.hpp:20[m[K,
[1.394s]                  from [01m[K/opt/ros/humble/include/rclcpp/rclcpp/executor.hpp:37[m[K,
[1.394s]                  from [01m[K/opt/ros/humble/include/rclcpp/rclcpp/executors/multi_threaded_executor.hpp:25[m[K,
[1.394s]                  from [01m[K/opt/ros/humble/include/rclcpp/rclcpp/executors.hpp:21[m[K,
[1.394s]                  from [01m[K/opt/ros/humble/include/rclcpp/rclcpp/rclcpp.hpp:155[m[K,
[1.394s]                  from [01m[K/home/ros/ROS2/communication_mechanism/src/cpp_time/src/demo_time_time.cpp:1[m[K:
[1.394s] [01m[K/home/ros/ROS2/communication_mechanism/src/cpp_time/src/demo_time_time.cpp:[m[K In constructor ‘[01m[KTime::Time()[m[K’:
[1.394s] [01m[K/home/ros/ROS2/communication_mechanism/src/cpp_time/src/demo_time_time.cpp:13:89:[m[K [01;31m[Kerror: [m[Kinvalid use of non-static member function ‘[01m[Krcl_time_point_value_t rclcpp::Time::nanoseconds() const[m[K’
[1.394s]    13 |     RCLCPP_INFO(this->get_logger(), "当前时间: s=%.2f,ns=%ld", time_1.seconds(), [01;31m[Ktime_1.nanoseconds[m[K);
[1.394s]       |                                                                                  [01;31m[K~~~~~~~^~~~~~~~~~~[m[K
[1.394s] In file included from [01m[K/opt/ros/humble/include/rclcpp/rclcpp/clock.hpp:24[m[K,
[1.395s]                  from [01m[K/opt/ros/humble/include/rclcpp/rclcpp/timer.hpp:27[m[K,
[1.395s]                  from [01m[K/opt/ros/humble/include/rclcpp/rclcpp/callback_group.hpp:30[m[K,
[1.395s]                  from [01m[K/opt/ros/humble/include/rclcpp/rclcpp/any_executable.hpp:20[m[K,
[1.395s]                  from [01m[K/opt/ros/humble/include/rclcpp/rclcpp/memory_strategy.hpp:25[m[K,
[1.395s]                  from [01m[K/opt/ros/humble/include/rclcpp/rclcpp/memory_strategies.hpp:18[m[K,
[1.395s]                  from [01m[K/opt/ros/humble/include/rclcpp/rclcpp/executor_options.hpp:20[m[K,
[1.395s]                  from [01m[K/opt/ros/humble/include/rclcpp/rclcpp/executor.hpp:37[m[K,
[1.395s]                  from [01m[K/opt/ros/humble/include/rclcpp/rclcpp/executors/multi_threaded_executor.hpp:25[m[K,
[1.395s]                  from [01m[K/opt/ros/humble/include/rclcpp/rclcpp/executors.hpp:21[m[K,
[1.395s]                  from [01m[K/opt/ros/humble/include/rclcpp/rclcpp/rclcpp.hpp:155[m[K,
[1.395s]                  from [01m[K/home/ros/ROS2/communication_mechanism/src/cpp_time/src/demo_time_time.cpp:1[m[K:
[1.396s] [01m[K/opt/ros/humble/include/rclcpp/rclcpp/time.hpp:184:3:[m[K [01;36m[Knote: [m[Kdeclared here
[1.396s]   184 |   [01;36m[Knanoseconds[m[K() const;
[1.396s]       |   [01;36m[K^~~~~~~~~~~[m[K
[1.396s] In file included from [01m[K/opt/ros/humble/include/rclcpp/rclcpp/logging.hpp:24[m[K,
[1.396s]                  from [01m[K/opt/ros/humble/include/rclcpp/rclcpp/client.hpp:40[m[K,
[1.396s]                  from [01m[K/opt/ros/humble/include/rclcpp/rclcpp/callback_group.hpp:24[m[K,
[1.396s]                  from [01m[K/opt/ros/humble/include/rclcpp/rclcpp/any_executable.hpp:20[m[K,
[1.396s]                  from [01m[K/opt/ros/humble/include/rclcpp/rclcpp/memory_strategy.hpp:25[m[K,
[1.396s]                  from [01m[K/opt/ros/humble/include/rclcpp/rclcpp/memory_strategies.hpp:18[m[K,
[1.396s]                  from [01m[K/opt/ros/humble/include/rclcpp/rclcpp/executor_options.hpp:20[m[K,
[1.396s]                  from [01m[K/opt/ros/humble/include/rclcpp/rclcpp/executor.hpp:37[m[K,
[1.396s]                  from [01m[K/opt/ros/humble/include/rclcpp/rclcpp/executors/multi_threaded_executor.hpp:25[m[K,
[1.396s]                  from [01m[K/opt/ros/humble/include/rclcpp/rclcpp/executors.hpp:21[m[K,
[1.397s]                  from [01m[K/opt/ros/humble/include/rclcpp/rclcpp/rclcpp.hpp:155[m[K,
[1.397s]                  from [01m[K/home/ros/ROS2/communication_mechanism/src/cpp_time/src/demo_time_time.cpp:1[m[K:
[1.397s] [01m[K/home/ros/ROS2/communication_mechanism/src/cpp_time/src/demo_time_time.cpp:14:89:[m[K [01;31m[Kerror: [m[Kinvalid use of non-static member function ‘[01m[Krcl_time_point_value_t rclcpp::Time::nanoseconds() const[m[K’
[1.397s]    14 |     RCLCPP_INFO(this->get_logger(), "当前时间: s=%.2f,ns=%ld", time_2.seconds(), [01;31m[Ktime_2.nanoseconds[m[K);
[1.397s]       |                                                                                  [01;31m[K~~~~~~~^~~~~~~~~~~[m[K
[1.397s] In file included from [01m[K/opt/ros/humble/include/rclcpp/rclcpp/clock.hpp:24[m[K,
[1.397s]                  from [01m[K/opt/ros/humble/include/rclcpp/rclcpp/timer.hpp:27[m[K,
[1.397s]                  from [01m[K/opt/ros/humble/include/rclcpp/rclcpp/callback_group.hpp:30[m[K,
[1.397s]                  from [01m[K/opt/ros/humble/include/rclcpp/rclcpp/any_executable.hpp:20[m[K,
[1.397s]                  from [01m[K/opt/ros/humble/include/rclcpp/rclcpp/memory_strategy.hpp:25[m[K,
[1.397s]                  from [01m[K/opt/ros/humble/include/rclcpp/rclcpp/memory_strategies.hpp:18[m[K,
[1.398s]                  from [01m[K/opt/ros/humble/include/rclcpp/rclcpp/executor_options.hpp:20[m[K,
[1.398s]                  from [01m[K/opt/ros/humble/include/rclcpp/rclcpp/executor.hpp:37[m[K,
[1.398s]                  from [01m[K/opt/ros/humble/include/rclcpp/rclcpp/executors/multi_threaded_executor.hpp:25[m[K,
[1.398s]                  from [01m[K/opt/ros/humble/include/rclcpp/rclcpp/executors.hpp:21[m[K,
[1.398s]                  from [01m[K/opt/ros/humble/include/rclcpp/rclcpp/rclcpp.hpp:155[m[K,
[1.398s]                  from [01m[K/home/ros/ROS2/communication_mechanism/src/cpp_time/src/demo_time_time.cpp:1[m[K:
[1.398s] [01m[K/opt/ros/humble/include/rclcpp/rclcpp/time.hpp:184:3:[m[K [01;36m[Knote: [m[Kdeclared here
[1.398s]   184 |   [01;36m[Knanoseconds[m[K() const;
[1.398s]       |   [01;36m[K^~~~~~~~~~~[m[K
[1.398s] In file included from [01m[K/opt/ros/humble/include/rclcpp/rclcpp/logging.hpp:24[m[K,
[1.398s]                  from [01m[K/opt/ros/humble/include/rclcpp/rclcpp/client.hpp:40[m[K,
[1.398s]                  from [01m[K/opt/ros/humble/include/rclcpp/rclcpp/callback_group.hpp:24[m[K,
[1.399s]                  from [01m[K/opt/ros/humble/include/rclcpp/rclcpp/any_executable.hpp:20[m[K,
[1.399s]                  from [01m[K/opt/ros/humble/include/rclcpp/rclcpp/memory_strategy.hpp:25[m[K,
[1.399s]                  from [01m[K/opt/ros/humble/include/rclcpp/rclcpp/memory_strategies.hpp:18[m[K,
[1.399s]                  from [01m[K/opt/ros/humble/include/rclcpp/rclcpp/executor_options.hpp:20[m[K,
[1.399s]                  from [01m[K/opt/ros/humble/include/rclcpp/rclcpp/executor.hpp:37[m[K,
[1.399s]                  from [01m[K/opt/ros/humble/include/rclcpp/rclcpp/executors/multi_threaded_executor.hpp:25[m[K,
[1.399s]                  from [01m[K/opt/ros/humble/include/rclcpp/rclcpp/executors.hpp:21[m[K,
[1.399s]                  from [01m[K/opt/ros/humble/include/rclcpp/rclcpp/rclcpp.hpp:155[m[K,
[1.399s]                  from [01m[K/home/ros/ROS2/communication_mechanism/src/cpp_time/src/demo_time_time.cpp:1[m[K:
[1.399s] [01m[K/home/ros/ROS2/communication_mechanism/src/cpp_time/src/demo_time_time.cpp:15:95:[m[K [01;31m[Kerror: [m[Kinvalid use of non-static member function ‘[01m[Krcl_time_point_value_t rclcpp::Time::nanoseconds() const[m[K’
[1.399s]    15 |     RCLCPP_INFO(this->get_logger(), "当前时间: s=%.2f,ns=%ld", right_now.seconds(), [01;31m[Kright_now.nanoseconds[m[K);
[1.399s]       |                                                                                     [01;31m[K~~~~~~~~~~^~~~~~~~~~~[m[K
[1.400s] In file included from [01m[K/opt/ros/humble/include/rclcpp/rclcpp/clock.hpp:24[m[K,
[1.400s]                  from [01m[K/opt/ros/humble/include/rclcpp/rclcpp/timer.hpp:27[m[K,
[1.400s]                  from [01m[K/opt/ros/humble/include/rclcpp/rclcpp/callback_group.hpp:30[m[K,
[1.400s]                  from [01m[K/opt/ros/humble/include/rclcpp/rclcpp/any_executable.hpp:20[m[K,
[1.400s]                  from [01m[K/opt/ros/humble/include/rclcpp/rclcpp/memory_strategy.hpp:25[m[K,
[1.400s]                  from [01m[K/opt/ros/humble/include/rclcpp/rclcpp/memory_strategies.hpp:18[m[K,
[1.400s]                  from [01m[K/opt/ros/humble/include/rclcpp/rclcpp/executor_options.hpp:20[m[K,
[1.400s]                  from [01m[K/opt/ros/humble/include/rclcpp/rclcpp/executor.hpp:37[m[K,
[1.400s]                  from [01m[K/opt/ros/humble/include/rclcpp/rclcpp/executors/multi_threaded_executor.hpp:25[m[K,
[1.400s]                  from [01m[K/opt/ros/humble/include/rclcpp/rclcpp/executors.hpp:21[m[K,
[1.400s]                  from [01m[K/opt/ros/humble/include/rclcpp/rclcpp/rclcpp.hpp:155[m[K,
[1.400s]                  from [01m[K/home/ros/ROS2/communication_mechanism/src/cpp_time/src/demo_time_time.cpp:1[m[K:
[1.400s] [01m[K/opt/ros/humble/include/rclcpp/rclcpp/time.hpp:184:3:[m[K [01;36m[Knote: [m[Kdeclared here
[1.400s]   184 |   [01;36m[Knanoseconds[m[K() const;
[1.400s]       |   [01;36m[K^~~~~~~~~~~[m[K
[1.665s] gmake[2]: *** [CMakeFiles/demo_time_time.dir/build.make:76: CMakeFiles/demo_time_time.dir/src/demo_time_time.cpp.o] Error 1
[1.665s] gmake[1]: *** [CMakeFiles/Makefile2:167: CMakeFiles/demo_time_time.dir/all] Error 2
[1.665s] gmake: *** [Makefile:146: all] Error 2
[1.667s] Invoked command in '/home/ros/ROS2/communication_mechanism/build/cpp_time' returned '2': CMAKE_PREFIX_PATH=${CMAKE_PREFIX_PATH}:/opt/ros/humble /usr/bin/cmake --build /home/ros/ROS2/communication_mechanism/build/cpp_time -- -j20 -l20
