[0.005s] Invoking command in '/home/huang/ros2/ROS2/coordinate_transformations/build/cpp_tf_turtle': CMAKE_PREFIX_PATH=/opt/ros/humble /usr/bin/cmake /home/huang/ros2/ROS2/coordinate_transformations/src/cpp_tf_turtle -DCMAKE_INSTALL_PREFIX=/home/huang/ros2/ROS2/coordinate_transformations/install/cpp_tf_turtle
[0.010s] -- Found ament_cmake: 1.3.10 (/opt/ros/humble/share/ament_cmake/cmake)
[0.070s] -- Found rclcpp: 16.0.10 (/opt/ros/humble/share/rclcpp/cmake)
[0.115s] -- Found rosidl_generator_c: 3.1.5 (/opt/ros/humble/share/rosidl_generator_c/cmake)
[0.117s] -- Found rosidl_adapter: 3.1.5 (/opt/ros/humble/share/rosidl_adapter/cmake)
[0.120s] -- Found rosidl_generator_cpp: 3.1.5 (/opt/ros/humble/share/rosidl_generator_cpp/cmake)
[0.125s] -- Using all available rosidl_typesupport_c: rosidl_typesupport_fastrtps_c;rosidl_typesupport_introspection_c
[0.131s] -- Using all available rosidl_typesupport_cpp: rosidl_typesupport_fastrtps_cpp;rosidl_typesupport_introspection_cpp
[0.146s] -- Found rmw_implementation_cmake: 6.1.2 (/opt/ros/humble/share/rmw_implementation_cmake/cmake)
[0.147s] -- Found rmw_fastrtps_cpp: 6.2.7 (/opt/ros/humble/share/rmw_fastrtps_cpp/cmake)
[1.535s] -- Using RMW implementation 'rmw_fastrtps_cpp' as default
[1.558s] -- Found tf2: 0.25.8 (/opt/ros/humble/share/tf2/cmake)
[1.566s] -- Found tf2_ros: 0.25.8 (/opt/ros/humble/share/tf2_ros/cmake)
[1.604s] -- Found ament_lint_auto: 0.12.11 (/opt/ros/humble/share/ament_lint_auto/cmake)
[1.637s] -- Added test 'cppcheck' to perform static code analysis on C / C++ code
[1.637s] -- Configured cppcheck include dirs: $<BUILD_INTERFACE:/home/huang/ros2/ROS2/coordinate_transformations/src/cpp_tf_turtle/include>
[1.637s] -- Configured cppcheck exclude dirs and/or files: 
[1.637s] -- Added test 'lint_cmake' to check CMake code style
[1.638s] -- Added test 'uncrustify' to check C / C++ code style
[1.638s] -- Configured uncrustify additional arguments: 
[1.638s] -- Added test 'xmllint' to check XML markup files
[1.638s] -- Configuring done
[1.648s] -- Generating done
[1.649s] -- Build files have been written to: /home/huang/ros2/ROS2/coordinate_transformations/build/cpp_tf_turtle
[1.653s] Invoked command in '/home/huang/ros2/ROS2/coordinate_transformations/build/cpp_tf_turtle' returned '0': CMAKE_PREFIX_PATH=/opt/ros/humble /usr/bin/cmake /home/huang/ros2/ROS2/coordinate_transformations/src/cpp_tf_turtle -DCMAKE_INSTALL_PREFIX=/home/huang/ros2/ROS2/coordinate_transformations/install/cpp_tf_turtle
[1.654s] Invoking command in '/home/huang/ros2/ROS2/coordinate_transformations/build/cpp_tf_turtle': CMAKE_PREFIX_PATH=/opt/ros/humble /usr/bin/cmake --build /home/huang/ros2/ROS2/coordinate_transformations/build/cpp_tf_turtle -- -j20 -l20
[1.676s] [ 16%] [32mBuilding CXX object CMakeFiles/exer_spawn.dir/src/exer_spawn.cpp.o[0m
[1.676s] [ 50%] [32mBuilding CXX object CMakeFiles/exer_tf_broadcaster.dir/src/exer_tf_broadcaster.cpp.o[0m
[1.676s] [ 50%] [32mBuilding CXX object CMakeFiles/exer_tf_listener.dir/src/exer_tf_listener.cpp.o[0m
[3.162s] [ 66%] [32m[1mLinking CXX executable exer_tf_listener[0m
[3.162s] [ 83%] [32m[1mLinking CXX executable exer_tf_broadcaster[0m
[3.162s] [100%] [32m[1mLinking CXX executable exer_spawn[0m
[3.253s] [100%] Built target exer_tf_listener
[3.254s] [100%] Built target exer_tf_broadcaster
[3.254s] [100%] Built target exer_spawn
[3.260s] Invoked command in '/home/huang/ros2/ROS2/coordinate_transformations/build/cpp_tf_turtle' returned '0': CMAKE_PREFIX_PATH=/opt/ros/humble /usr/bin/cmake --build /home/huang/ros2/ROS2/coordinate_transformations/build/cpp_tf_turtle -- -j20 -l20
[3.276s] Invoking command in '/home/huang/ros2/ROS2/coordinate_transformations/build/cpp_tf_turtle': CMAKE_PREFIX_PATH=/opt/ros/humble /usr/bin/cmake --install /home/huang/ros2/ROS2/coordinate_transformations/build/cpp_tf_turtle
[3.278s] -- Install configuration: ""
[3.279s] -- Installing: /home/huang/ros2/ROS2/coordinate_transformations/install/cpp_tf_turtle/lib/cpp_tf_turtle/exer_spawn
[3.279s] -- Set runtime path of "/home/huang/ros2/ROS2/coordinate_transformations/install/cpp_tf_turtle/lib/cpp_tf_turtle/exer_spawn" to ""
[3.279s] -- Installing: /home/huang/ros2/ROS2/coordinate_transformations/install/cpp_tf_turtle/lib/cpp_tf_turtle/exer_tf_broadcaster
[3.279s] -- Set runtime path of "/home/huang/ros2/ROS2/coordinate_transformations/install/cpp_tf_turtle/lib/cpp_tf_turtle/exer_tf_broadcaster" to ""
[3.279s] -- Installing: /home/huang/ros2/ROS2/coordinate_transformations/install/cpp_tf_turtle/lib/cpp_tf_turtle/exer_tf_listener
[3.279s] -- Set runtime path of "/home/huang/ros2/ROS2/coordinate_transformations/install/cpp_tf_turtle/lib/cpp_tf_turtle/exer_tf_listener" to ""
[3.279s] -- Installing: /home/huang/ros2/ROS2/coordinate_transformations/install/cpp_tf_turtle/share/cpp_tf_turtle/launch
[3.279s] -- Installing: /home/huang/ros2/ROS2/coordinate_transformations/install/cpp_tf_turtle/share/ament_index/resource_index/package_run_dependencies/cpp_tf_turtle
[3.280s] -- Installing: /home/huang/ros2/ROS2/coordinate_transformations/install/cpp_tf_turtle/share/ament_index/resource_index/parent_prefix_path/cpp_tf_turtle
[3.280s] -- Installing: /home/huang/ros2/ROS2/coordinate_transformations/install/cpp_tf_turtle/share/cpp_tf_turtle/environment/ament_prefix_path.sh
[3.280s] -- Installing: /home/huang/ros2/ROS2/coordinate_transformations/install/cpp_tf_turtle/share/cpp_tf_turtle/environment/ament_prefix_path.dsv
[3.280s] -- Installing: /home/huang/ros2/ROS2/coordinate_transformations/install/cpp_tf_turtle/share/cpp_tf_turtle/environment/path.sh
[3.280s] -- Installing: /home/huang/ros2/ROS2/coordinate_transformations/install/cpp_tf_turtle/share/cpp_tf_turtle/environment/path.dsv
[3.280s] -- Installing: /home/huang/ros2/ROS2/coordinate_transformations/install/cpp_tf_turtle/share/cpp_tf_turtle/local_setup.bash
[3.280s] -- Installing: /home/huang/ros2/ROS2/coordinate_transformations/install/cpp_tf_turtle/share/cpp_tf_turtle/local_setup.sh
[3.280s] -- Installing: /home/huang/ros2/ROS2/coordinate_transformations/install/cpp_tf_turtle/share/cpp_tf_turtle/local_setup.zsh
[3.280s] -- Installing: /home/huang/ros2/ROS2/coordinate_transformations/install/cpp_tf_turtle/share/cpp_tf_turtle/local_setup.dsv
[3.280s] -- Installing: /home/huang/ros2/ROS2/coordinate_transformations/install/cpp_tf_turtle/share/cpp_tf_turtle/package.dsv
[3.280s] -- Installing: /home/huang/ros2/ROS2/coordinate_transformations/install/cpp_tf_turtle/share/ament_index/resource_index/packages/cpp_tf_turtle
[3.280s] -- Installing: /home/huang/ros2/ROS2/coordinate_transformations/install/cpp_tf_turtle/share/cpp_tf_turtle/cmake/cpp_tf_turtleConfig.cmake
[3.280s] -- Installing: /home/huang/ros2/ROS2/coordinate_transformations/install/cpp_tf_turtle/share/cpp_tf_turtle/cmake/cpp_tf_turtleConfig-version.cmake
[3.280s] -- Installing: /home/huang/ros2/ROS2/coordinate_transformations/install/cpp_tf_turtle/share/cpp_tf_turtle/package.xml
[3.281s] Invoked command in '/home/huang/ros2/ROS2/coordinate_transformations/build/cpp_tf_turtle' returned '0': CMAKE_PREFIX_PATH=/opt/ros/humble /usr/bin/cmake --install /home/huang/ros2/ROS2/coordinate_transformations/build/cpp_tf_turtle
