[0.005s] Invoking command in '/home/huang/ros2/ROS2/coordinate_transformations/build/cpp_tf_listener': CMAKE_PREFIX_PATH=${CMAKE_PREFIX_PATH}:/opt/ros/humble /usr/bin/cmake --build /home/huang/ros2/ROS2/coordinate_transformations/build/cpp_tf_listener -- -j20 -l20
[0.024s] [ 66%] Built target cpp_tf_listener_point
[0.024s] [ 66%] Built target demo
[0.026s] [ 83%] [32mBuilding CXX object CMakeFiles/cpp_tf_listener_coordinates.dir/src/cpp_tf_listener_coordinates.cpp.o[0m
[4.225s] [100%] [32m[1mLinking CXX executable cpp_tf_listener_coordinates[0m
[4.434s] [100%] Built target cpp_tf_listener_coordinates
[4.438s] Invoked command in '/home/huang/ros2/ROS2/coordinate_transformations/build/cpp_tf_listener' returned '0': CMAKE_PREFIX_PATH=${CMAKE_PREFIX_PATH}:/opt/ros/humble /usr/bin/cmake --build /home/huang/ros2/ROS2/coordinate_transformations/build/cpp_tf_listener -- -j20 -l20
[4.454s] Invoking command in '/home/huang/ros2/ROS2/coordinate_transformations/build/cpp_tf_listener': CMAKE_PREFIX_PATH=${CMAKE_PREFIX_PATH}:/opt/ros/humble /usr/bin/cmake --install /home/huang/ros2/ROS2/coordinate_transformations/build/cpp_tf_listener
[4.457s] -- Install configuration: ""
[4.457s] -- Up-to-date: /home/huang/ros2/ROS2/coordinate_transformations/install/cpp_tf_listener/lib/cpp_tf_listener/demo
[4.457s] -- Installing: /home/huang/ros2/ROS2/coordinate_transformations/install/cpp_tf_listener/lib/cpp_tf_listener/cpp_tf_listener_coordinates
[4.459s] -- Set runtime path of "/home/huang/ros2/ROS2/coordinate_transformations/install/cpp_tf_listener/lib/cpp_tf_listener/cpp_tf_listener_coordinates" to ""
[4.459s] -- Up-to-date: /home/huang/ros2/ROS2/coordinate_transformations/install/cpp_tf_listener/lib/cpp_tf_listener/cpp_tf_listener_point
[4.459s] -- Up-to-date: /home/huang/ros2/ROS2/coordinate_transformations/install/cpp_tf_listener/share/ament_index/resource_index/package_run_dependencies/cpp_tf_listener
[4.459s] -- Up-to-date: /home/huang/ros2/ROS2/coordinate_transformations/install/cpp_tf_listener/share/ament_index/resource_index/parent_prefix_path/cpp_tf_listener
[4.459s] -- Up-to-date: /home/huang/ros2/ROS2/coordinate_transformations/install/cpp_tf_listener/share/cpp_tf_listener/environment/ament_prefix_path.sh
[4.460s] -- Up-to-date: /home/huang/ros2/ROS2/coordinate_transformations/install/cpp_tf_listener/share/cpp_tf_listener/environment/ament_prefix_path.dsv
[4.460s] -- Up-to-date: /home/huang/ros2/ROS2/coordinate_transformations/install/cpp_tf_listener/share/cpp_tf_listener/environment/path.sh
[4.460s] -- Up-to-date: /home/huang/ros2/ROS2/coordinate_transformations/install/cpp_tf_listener/share/cpp_tf_listener/environment/path.dsv
[4.460s] -- Up-to-date: /home/huang/ros2/ROS2/coordinate_transformations/install/cpp_tf_listener/share/cpp_tf_listener/local_setup.bash
[4.460s] -- Up-to-date: /home/huang/ros2/ROS2/coordinate_transformations/install/cpp_tf_listener/share/cpp_tf_listener/local_setup.sh
[4.460s] -- Up-to-date: /home/huang/ros2/ROS2/coordinate_transformations/install/cpp_tf_listener/share/cpp_tf_listener/local_setup.zsh
[4.460s] -- Up-to-date: /home/huang/ros2/ROS2/coordinate_transformations/install/cpp_tf_listener/share/cpp_tf_listener/local_setup.dsv
[4.460s] -- Installing: /home/huang/ros2/ROS2/coordinate_transformations/install/cpp_tf_listener/share/cpp_tf_listener/package.dsv
[4.460s] -- Up-to-date: /home/huang/ros2/ROS2/coordinate_transformations/install/cpp_tf_listener/share/ament_index/resource_index/packages/cpp_tf_listener
[4.460s] -- Up-to-date: /home/huang/ros2/ROS2/coordinate_transformations/install/cpp_tf_listener/share/cpp_tf_listener/cmake/cpp_tf_listenerConfig.cmake
[4.460s] -- Up-to-date: /home/huang/ros2/ROS2/coordinate_transformations/install/cpp_tf_listener/share/cpp_tf_listener/cmake/cpp_tf_listenerConfig-version.cmake
[4.460s] -- Up-to-date: /home/huang/ros2/ROS2/coordinate_transformations/install/cpp_tf_listener/share/cpp_tf_listener/package.xml
[4.461s] Invoked command in '/home/huang/ros2/ROS2/coordinate_transformations/build/cpp_tf_listener' returned '0': CMAKE_PREFIX_PATH=${CMAKE_PREFIX_PATH}:/opt/ros/humble /usr/bin/cmake --install /home/huang/ros2/ROS2/coordinate_transformations/build/cpp_tf_listener
