[0.204s] DEBUG:colcon:Command line arguments: ['/usr/bin/colcon', 'build', '--packages-select', 'cpp_param']
[0.204s] DEBUG:colcon:Parsed command line arguments: Namespace(log_base=None, log_level=None, verb_name='build', build_base='build', install_base='install', merge_install=False, symlink_install=False, test_result_base=None, continue_on_error=False, executor='parallel', parallel_workers=20, event_handlers=None, ignore_user_meta=False, metas=['./colcon.meta'], base_paths=['.'], packages_ignore=None, packages_ignore_regex=None, paths=None, packages_up_to=None, packages_up_to_regex=None, packages_above=None, packages_above_and_dependencies=None, packages_above_depth=None, packages_select_by_dep=None, packages_skip_by_dep=None, packages_skip_up_to=None, packages_select_build_failed=False, packages_skip_build_finished=False, packages_select_test_failures=False, packages_skip_test_passed=False, packages_select=['cpp_param'], packages_skip=None, packages_select_regex=None, packages_skip_regex=None, packages_start=None, packages_end=None, allow_overriding=[], cmake_args=None, cmake_target=None, cmake_target_skip_unavailable=False, cmake_clean_cache=False, cmake_clean_first=False, cmake_force_configure=False, ament_cmake_args=None, catkin_cmake_args=None, catkin_skip_building_tests=False, verb_parser=<colcon_defaults.argument_parser.defaults.DefaultArgumentsDecorator object at 0x7fa6c6712e90>, verb_extension=<colcon_core.verb.build.BuildVerb object at 0x7fa6c685f8b0>, main=<bound method BuildVerb.main of <colcon_core.verb.build.BuildVerb object at 0x7fa6c685f8b0>>)
[0.274s] Level 1:colcon.colcon_core.package_discovery:discover_packages(colcon_meta) check parameters
[0.274s] Level 1:colcon.colcon_core.package_discovery:discover_packages(recursive) check parameters
[0.274s] Level 1:colcon.colcon_core.package_discovery:discover_packages(ignore) check parameters
[0.274s] Level 1:colcon.colcon_core.package_discovery:discover_packages(path) check parameters
[0.275s] Level 1:colcon.colcon_core.package_discovery:discover_packages(colcon_meta) discover
[0.275s] Level 1:colcon.colcon_core.package_discovery:discover_packages(recursive) discover
[0.275s] INFO:colcon.colcon_core.package_discovery:Crawling recursively for packages in '/home/ros/ROS2/communication_mechanism'
[0.275s] Level 1:colcon.colcon_core.package_identification:_identify(.) by extensions ['ignore', 'ignore_ament_install']
[0.275s] Level 1:colcon.colcon_core.package_identification:_identify(.) by extension 'ignore'
[0.275s] Level 1:colcon.colcon_core.package_identification:_identify(.) by extension 'ignore_ament_install'
[0.275s] Level 1:colcon.colcon_core.package_identification:_identify(.) by extensions ['colcon_pkg']
[0.275s] Level 1:colcon.colcon_core.package_identification:_identify(.) by extension 'colcon_pkg'
[0.275s] Level 1:colcon.colcon_core.package_identification:_identify(.) by extensions ['colcon_meta']
[0.275s] Level 1:colcon.colcon_core.package_identification:_identify(.) by extension 'colcon_meta'
[0.275s] Level 1:colcon.colcon_core.package_identification:_identify(.) by extensions ['ros']
[0.275s] Level 1:colcon.colcon_core.package_identification:_identify(.) by extension 'ros'
[0.281s] Level 1:colcon.colcon_core.package_identification:_identify(.) by extensions ['cmake', 'python']
[0.281s] Level 1:colcon.colcon_core.package_identification:_identify(.) by extension 'cmake'
[0.282s] Level 1:colcon.colcon_core.package_identification:_identify(.) by extension 'python'
[0.282s] Level 1:colcon.colcon_core.package_identification:_identify(.) by extensions ['python_setup_py']
[0.282s] Level 1:colcon.colcon_core.package_identification:_identify(.) by extension 'python_setup_py'
[0.282s] Level 1:colcon.colcon_core.package_identification:_identify(build) by extensions ['ignore', 'ignore_ament_install']
[0.282s] Level 1:colcon.colcon_core.package_identification:_identify(build) by extension 'ignore'
[0.282s] Level 1:colcon.colcon_core.package_identification:_identify(build) ignored
[0.282s] Level 1:colcon.colcon_core.package_identification:_identify(install) by extensions ['ignore', 'ignore_ament_install']
[0.282s] Level 1:colcon.colcon_core.package_identification:_identify(install) by extension 'ignore'
[0.282s] Level 1:colcon.colcon_core.package_identification:_identify(install) ignored
[0.282s] Level 1:colcon.colcon_core.package_identification:_identify(log) by extensions ['ignore', 'ignore_ament_install']
[0.282s] Level 1:colcon.colcon_core.package_identification:_identify(log) by extension 'ignore'
[0.282s] Level 1:colcon.colcon_core.package_identification:_identify(log) ignored
[0.282s] Level 1:colcon.colcon_core.package_identification:_identify(src) by extensions ['ignore', 'ignore_ament_install']
[0.282s] Level 1:colcon.colcon_core.package_identification:_identify(src) by extension 'ignore'
[0.282s] Level 1:colcon.colcon_core.package_identification:_identify(src) by extension 'ignore_ament_install'
[0.282s] Level 1:colcon.colcon_core.package_identification:_identify(src) by extensions ['colcon_pkg']
[0.282s] Level 1:colcon.colcon_core.package_identification:_identify(src) by extension 'colcon_pkg'
[0.282s] Level 1:colcon.colcon_core.package_identification:_identify(src) by extensions ['colcon_meta']
[0.282s] Level 1:colcon.colcon_core.package_identification:_identify(src) by extension 'colcon_meta'
[0.282s] Level 1:colcon.colcon_core.package_identification:_identify(src) by extensions ['ros']
[0.282s] Level 1:colcon.colcon_core.package_identification:_identify(src) by extension 'ros'
[0.282s] Level 1:colcon.colcon_core.package_identification:_identify(src) by extensions ['cmake', 'python']
[0.282s] Level 1:colcon.colcon_core.package_identification:_identify(src) by extension 'cmake'
[0.282s] Level 1:colcon.colcon_core.package_identification:_identify(src) by extension 'python'
[0.282s] Level 1:colcon.colcon_core.package_identification:_identify(src) by extensions ['python_setup_py']
[0.282s] Level 1:colcon.colcon_core.package_identification:_identify(src) by extension 'python_setup_py'
[0.282s] Level 1:colcon.colcon_core.package_identification:_identify(src/base_interface_demo) by extensions ['ignore', 'ignore_ament_install']
[0.282s] Level 1:colcon.colcon_core.package_identification:_identify(src/base_interface_demo) by extension 'ignore'
[0.282s] Level 1:colcon.colcon_core.package_identification:_identify(src/base_interface_demo) by extension 'ignore_ament_install'
[0.282s] Level 1:colcon.colcon_core.package_identification:_identify(src/base_interface_demo) by extensions ['colcon_pkg']
[0.282s] Level 1:colcon.colcon_core.package_identification:_identify(src/base_interface_demo) by extension 'colcon_pkg'
[0.282s] Level 1:colcon.colcon_core.package_identification:_identify(src/base_interface_demo) by extensions ['colcon_meta']
[0.283s] Level 1:colcon.colcon_core.package_identification:_identify(src/base_interface_demo) by extension 'colcon_meta'
[0.283s] Level 1:colcon.colcon_core.package_identification:_identify(src/base_interface_demo) by extensions ['ros']
[0.283s] Level 1:colcon.colcon_core.package_identification:_identify(src/base_interface_demo) by extension 'ros'
[0.284s] DEBUG:colcon.colcon_core.package_identification:Package 'src/base_interface_demo' with type 'ros.ament_cmake' and name 'base_interface_demo'
[0.284s] Level 1:colcon.colcon_core.package_identification:_identify(src/cpp_action) by extensions ['ignore', 'ignore_ament_install']
[0.284s] Level 1:colcon.colcon_core.package_identification:_identify(src/cpp_action) by extension 'ignore'
[0.284s] Level 1:colcon.colcon_core.package_identification:_identify(src/cpp_action) by extension 'ignore_ament_install'
[0.284s] Level 1:colcon.colcon_core.package_identification:_identify(src/cpp_action) by extensions ['colcon_pkg']
[0.284s] Level 1:colcon.colcon_core.package_identification:_identify(src/cpp_action) by extension 'colcon_pkg'
[0.284s] Level 1:colcon.colcon_core.package_identification:_identify(src/cpp_action) by extensions ['colcon_meta']
[0.284s] Level 1:colcon.colcon_core.package_identification:_identify(src/cpp_action) by extension 'colcon_meta'
[0.284s] Level 1:colcon.colcon_core.package_identification:_identify(src/cpp_action) by extensions ['ros']
[0.284s] Level 1:colcon.colcon_core.package_identification:_identify(src/cpp_action) by extension 'ros'
[0.285s] DEBUG:colcon.colcon_core.package_identification:Package 'src/cpp_action' with type 'ros.ament_cmake' and name 'cpp_action'
[0.285s] Level 1:colcon.colcon_core.package_identification:_identify(src/cpp_param) by extensions ['ignore', 'ignore_ament_install']
[0.285s] Level 1:colcon.colcon_core.package_identification:_identify(src/cpp_param) by extension 'ignore'
[0.285s] Level 1:colcon.colcon_core.package_identification:_identify(src/cpp_param) by extension 'ignore_ament_install'
[0.285s] Level 1:colcon.colcon_core.package_identification:_identify(src/cpp_param) by extensions ['colcon_pkg']
[0.285s] Level 1:colcon.colcon_core.package_identification:_identify(src/cpp_param) by extension 'colcon_pkg'
[0.285s] Level 1:colcon.colcon_core.package_identification:_identify(src/cpp_param) by extensions ['colcon_meta']
[0.285s] Level 1:colcon.colcon_core.package_identification:_identify(src/cpp_param) by extension 'colcon_meta'
[0.285s] Level 1:colcon.colcon_core.package_identification:_identify(src/cpp_param) by extensions ['ros']
[0.285s] Level 1:colcon.colcon_core.package_identification:_identify(src/cpp_param) by extension 'ros'
[0.285s] DEBUG:colcon.colcon_core.package_identification:Package 'src/cpp_param' with type 'ros.ament_cmake' and name 'cpp_param'
[0.285s] Level 1:colcon.colcon_core.package_identification:_identify(src/cpp_server) by extensions ['ignore', 'ignore_ament_install']
[0.285s] Level 1:colcon.colcon_core.package_identification:_identify(src/cpp_server) by extension 'ignore'
[0.285s] Level 1:colcon.colcon_core.package_identification:_identify(src/cpp_server) by extension 'ignore_ament_install'
[0.285s] Level 1:colcon.colcon_core.package_identification:_identify(src/cpp_server) by extensions ['colcon_pkg']
[0.285s] Level 1:colcon.colcon_core.package_identification:_identify(src/cpp_server) by extension 'colcon_pkg'
[0.285s] Level 1:colcon.colcon_core.package_identification:_identify(src/cpp_server) by extensions ['colcon_meta']
[0.285s] Level 1:colcon.colcon_core.package_identification:_identify(src/cpp_server) by extension 'colcon_meta'
[0.286s] Level 1:colcon.colcon_core.package_identification:_identify(src/cpp_server) by extensions ['ros']
[0.286s] Level 1:colcon.colcon_core.package_identification:_identify(src/cpp_server) by extension 'ros'
[0.286s] DEBUG:colcon.colcon_core.package_identification:Package 'src/cpp_server' with type 'ros.ament_cmake' and name 'cpp_server'
[0.286s] Level 1:colcon.colcon_core.package_identification:_identify(src/cpp_topic) by extensions ['ignore', 'ignore_ament_install']
[0.286s] Level 1:colcon.colcon_core.package_identification:_identify(src/cpp_topic) by extension 'ignore'
[0.286s] Level 1:colcon.colcon_core.package_identification:_identify(src/cpp_topic) by extension 'ignore_ament_install'
[0.286s] Level 1:colcon.colcon_core.package_identification:_identify(src/cpp_topic) by extensions ['colcon_pkg']
[0.286s] Level 1:colcon.colcon_core.package_identification:_identify(src/cpp_topic) by extension 'colcon_pkg'
[0.286s] Level 1:colcon.colcon_core.package_identification:_identify(src/cpp_topic) by extensions ['colcon_meta']
[0.286s] Level 1:colcon.colcon_core.package_identification:_identify(src/cpp_topic) by extension 'colcon_meta'
[0.286s] Level 1:colcon.colcon_core.package_identification:_identify(src/cpp_topic) by extensions ['ros']
[0.286s] Level 1:colcon.colcon_core.package_identification:_identify(src/cpp_topic) by extension 'ros'
[0.287s] DEBUG:colcon.colcon_core.package_identification:Package 'src/cpp_topic' with type 'ros.ament_cmake' and name 'cpp_topic'
[0.287s] Level 1:colcon.colcon_core.package_discovery:discover_packages(recursive) using defaults
[0.287s] Level 1:colcon.colcon_core.package_discovery:discover_packages(ignore) discover
[0.287s] Level 1:colcon.colcon_core.package_discovery:discover_packages(ignore) using defaults
[0.287s] Level 1:colcon.colcon_core.package_discovery:discover_packages(path) discover
[0.287s] Level 1:colcon.colcon_core.package_discovery:discover_packages(path) using defaults
[0.298s] INFO:colcon.colcon_core.package_selection:Skipping not selected package 'base_interface_demo' in 'src/base_interface_demo'
[0.298s] INFO:colcon.colcon_core.package_selection:Skipping not selected package 'cpp_action' in 'src/cpp_action'
[0.298s] INFO:colcon.colcon_core.package_selection:Skipping not selected package 'cpp_server' in 'src/cpp_server'
[0.299s] INFO:colcon.colcon_core.package_selection:Skipping not selected package 'cpp_topic' in 'src/cpp_topic'
[0.299s] Level 1:colcon.colcon_core.package_discovery:discover_packages(prefix_path) check parameters
[0.299s] Level 1:colcon.colcon_core.package_discovery:discover_packages(prefix_path) discover
[0.300s] DEBUG:colcon.colcon_installed_package_information.package_discovery:Found 270 installed packages in /opt/ros/humble
[0.301s] Level 1:colcon.colcon_core.package_discovery:discover_packages(prefix_path) using defaults
[0.326s] Level 5:colcon.colcon_core.verb:set package 'cpp_param' build argument 'cmake_args' from command line to 'None'
[0.326s] Level 5:colcon.colcon_core.verb:set package 'cpp_param' build argument 'cmake_target' from command line to 'None'
[0.326s] Level 5:colcon.colcon_core.verb:set package 'cpp_param' build argument 'cmake_target_skip_unavailable' from command line to 'False'
[0.326s] Level 5:colcon.colcon_core.verb:set package 'cpp_param' build argument 'cmake_clean_cache' from command line to 'False'
[0.326s] Level 5:colcon.colcon_core.verb:set package 'cpp_param' build argument 'cmake_clean_first' from command line to 'False'
[0.326s] Level 5:colcon.colcon_core.verb:set package 'cpp_param' build argument 'cmake_force_configure' from command line to 'False'
[0.326s] Level 5:colcon.colcon_core.verb:set package 'cpp_param' build argument 'ament_cmake_args' from command line to 'None'
[0.326s] Level 5:colcon.colcon_core.verb:set package 'cpp_param' build argument 'catkin_cmake_args' from command line to 'None'
[0.326s] Level 5:colcon.colcon_core.verb:set package 'cpp_param' build argument 'catkin_skip_building_tests' from command line to 'False'
[0.326s] DEBUG:colcon.colcon_core.verb:Building package 'cpp_param' with the following arguments: {'ament_cmake_args': None, 'build_base': '/home/ros/ROS2/communication_mechanism/build/cpp_param', 'catkin_cmake_args': None, 'catkin_skip_building_tests': False, 'cmake_args': None, 'cmake_clean_cache': False, 'cmake_clean_first': False, 'cmake_force_configure': False, 'cmake_target': None, 'cmake_target_skip_unavailable': False, 'install_base': '/home/ros/ROS2/communication_mechanism/install/cpp_param', 'merge_install': False, 'path': '/home/ros/ROS2/communication_mechanism/src/cpp_param', 'symlink_install': False, 'test_result_base': None}
[0.327s] INFO:colcon.colcon_core.executor:Executing jobs using 'parallel' executor
[0.327s] DEBUG:colcon.colcon_parallel_executor.executor.parallel:run_until_complete
[0.327s] INFO:colcon.colcon_ros.task.ament_cmake.build:Building ROS package in '/home/ros/ROS2/communication_mechanism/src/cpp_param' with build type 'ament_cmake'
[0.328s] INFO:colcon.colcon_cmake.task.cmake.build:Building CMake package in '/home/ros/ROS2/communication_mechanism/src/cpp_param'
[0.329s] INFO:colcon.colcon_core.plugin_system:Skipping extension 'colcon_core.shell.bat': Not used on non-Windows systems
[0.330s] INFO:colcon.colcon_core.shell:Skip shell extension 'powershell' for command environment: Not usable outside of PowerShell
[0.330s] DEBUG:colcon.colcon_core.shell:Skip shell extension 'dsv' for command environment
[0.336s] DEBUG:colcon.colcon_core.event_handler.log_command:Invoking command in '/home/ros/ROS2/communication_mechanism/build/cpp_param': CMAKE_PREFIX_PATH=/opt/ros/humble /usr/bin/cmake --build /home/ros/ROS2/communication_mechanism/build/cpp_param -- -j20 -l20
[2.349s] DEBUG:colcon.colcon_core.event_handler.log_command:Invoked command in '/home/ros/ROS2/communication_mechanism/build/cpp_param' returned '0': CMAKE_PREFIX_PATH=/opt/ros/humble /usr/bin/cmake --build /home/ros/ROS2/communication_mechanism/build/cpp_param -- -j20 -l20
[2.367s] DEBUG:colcon.colcon_core.event_handler.log_command:Invoking command in '/home/ros/ROS2/communication_mechanism/build/cpp_param': CMAKE_PREFIX_PATH=/opt/ros/humble /usr/bin/cmake --install /home/ros/ROS2/communication_mechanism/build/cpp_param
[2.373s] Level 1:colcon.colcon_core.environment:create_environment_scripts_only(cpp_param)
[2.373s] DEBUG:colcon.colcon_core.event_handler.log_command:Invoked command in '/home/ros/ROS2/communication_mechanism/build/cpp_param' returned '0': CMAKE_PREFIX_PATH=/opt/ros/humble /usr/bin/cmake --install /home/ros/ROS2/communication_mechanism/build/cpp_param
[2.374s] Level 1:colcon.colcon_core.environment:checking '/home/ros/ROS2/communication_mechanism/install/cpp_param' for CMake module files
[2.375s] Level 1:colcon.colcon_core.environment:checking '/home/ros/ROS2/communication_mechanism/install/cpp_param' for CMake config files
[2.375s] Level 1:colcon.colcon_core.shell:create_environment_hook('cpp_param', 'cmake_prefix_path')
[2.375s] INFO:colcon.colcon_core.shell:Creating environment hook '/home/ros/ROS2/communication_mechanism/install/cpp_param/share/cpp_param/hook/cmake_prefix_path.ps1'
[2.375s] INFO:colcon.colcon_core.shell:Creating environment descriptor '/home/ros/ROS2/communication_mechanism/install/cpp_param/share/cpp_param/hook/cmake_prefix_path.dsv'
[2.376s] INFO:colcon.colcon_core.shell:Creating environment hook '/home/ros/ROS2/communication_mechanism/install/cpp_param/share/cpp_param/hook/cmake_prefix_path.sh'
[2.376s] Level 1:colcon.colcon_core.environment:checking '/home/ros/ROS2/communication_mechanism/install/cpp_param/lib'
[2.376s] Level 1:colcon.colcon_core.environment:checking '/home/ros/ROS2/communication_mechanism/install/cpp_param/bin'
[2.376s] Level 1:colcon.colcon_core.environment:checking '/home/ros/ROS2/communication_mechanism/install/cpp_param/lib/pkgconfig/cpp_param.pc'
[2.377s] Level 1:colcon.colcon_core.environment:checking '/home/ros/ROS2/communication_mechanism/install/cpp_param/lib/python3.10/site-packages'
[2.377s] Level 1:colcon.colcon_core.environment:checking '/home/ros/ROS2/communication_mechanism/install/cpp_param/bin'
[2.377s] INFO:colcon.colcon_core.shell:Creating package script '/home/ros/ROS2/communication_mechanism/install/cpp_param/share/cpp_param/package.ps1'
[2.377s] INFO:colcon.colcon_core.shell:Creating package descriptor '/home/ros/ROS2/communication_mechanism/install/cpp_param/share/cpp_param/package.dsv'
[2.378s] INFO:colcon.colcon_core.shell:Creating package script '/home/ros/ROS2/communication_mechanism/install/cpp_param/share/cpp_param/package.sh'
[2.378s] INFO:colcon.colcon_core.shell:Creating package script '/home/ros/ROS2/communication_mechanism/install/cpp_param/share/cpp_param/package.bash'
[2.378s] INFO:colcon.colcon_core.shell:Creating package script '/home/ros/ROS2/communication_mechanism/install/cpp_param/share/cpp_param/package.zsh'
[2.379s] Level 1:colcon.colcon_core.environment:create_file_with_runtime_dependencies(/home/ros/ROS2/communication_mechanism/install/cpp_param/share/colcon-core/packages/cpp_param)
[2.392s] Level 1:colcon.colcon_core.environment:create_environment_scripts_only(cpp_param)
[2.393s] Level 1:colcon.colcon_core.environment:checking '/home/ros/ROS2/communication_mechanism/install/cpp_param' for CMake module files
[2.393s] Level 1:colcon.colcon_core.environment:checking '/home/ros/ROS2/communication_mechanism/install/cpp_param' for CMake config files
[2.393s] Level 1:colcon.colcon_core.shell:create_environment_hook('cpp_param', 'cmake_prefix_path')
[2.393s] INFO:colcon.colcon_core.shell:Creating environment hook '/home/ros/ROS2/communication_mechanism/install/cpp_param/share/cpp_param/hook/cmake_prefix_path.ps1'
[2.394s] INFO:colcon.colcon_core.shell:Creating environment descriptor '/home/ros/ROS2/communication_mechanism/install/cpp_param/share/cpp_param/hook/cmake_prefix_path.dsv'
[2.394s] INFO:colcon.colcon_core.shell:Creating environment hook '/home/ros/ROS2/communication_mechanism/install/cpp_param/share/cpp_param/hook/cmake_prefix_path.sh'
[2.394s] Level 1:colcon.colcon_core.environment:checking '/home/ros/ROS2/communication_mechanism/install/cpp_param/lib'
[2.394s] Level 1:colcon.colcon_core.environment:checking '/home/ros/ROS2/communication_mechanism/install/cpp_param/bin'
[2.394s] Level 1:colcon.colcon_core.environment:checking '/home/ros/ROS2/communication_mechanism/install/cpp_param/lib/pkgconfig/cpp_param.pc'
[2.394s] Level 1:colcon.colcon_core.environment:checking '/home/ros/ROS2/communication_mechanism/install/cpp_param/lib/python3.10/site-packages'
[2.394s] Level 1:colcon.colcon_core.environment:checking '/home/ros/ROS2/communication_mechanism/install/cpp_param/bin'
[2.395s] INFO:colcon.colcon_core.shell:Creating package script '/home/ros/ROS2/communication_mechanism/install/cpp_param/share/cpp_param/package.ps1'
[2.395s] INFO:colcon.colcon_core.shell:Creating package descriptor '/home/ros/ROS2/communication_mechanism/install/cpp_param/share/cpp_param/package.dsv'
[2.395s] INFO:colcon.colcon_core.shell:Creating package script '/home/ros/ROS2/communication_mechanism/install/cpp_param/share/cpp_param/package.sh'
[2.395s] INFO:colcon.colcon_core.shell:Creating package script '/home/ros/ROS2/communication_mechanism/install/cpp_param/share/cpp_param/package.bash'
[2.396s] INFO:colcon.colcon_core.shell:Creating package script '/home/ros/ROS2/communication_mechanism/install/cpp_param/share/cpp_param/package.zsh'
[2.396s] Level 1:colcon.colcon_core.environment:create_file_with_runtime_dependencies(/home/ros/ROS2/communication_mechanism/install/cpp_param/share/colcon-core/packages/cpp_param)
[2.396s] DEBUG:colcon.colcon_parallel_executor.executor.parallel:closing loop
[2.397s] DEBUG:colcon.colcon_parallel_executor.executor.parallel:loop closed
[2.397s] DEBUG:colcon.colcon_parallel_executor.executor.parallel:run_until_complete finished with '0'
[2.397s] DEBUG:colcon.colcon_core.event_reactor:joining thread
[2.477s] INFO:colcon.colcon_core.plugin_system:Skipping extension 'colcon_notification.desktop_notification.notify_send': Could not find 'notify-send'
[2.477s] INFO:colcon.colcon_core.plugin_system:Skipping extension 'colcon_notification.desktop_notification.terminal_notifier': Not used on non-Darwin systems
[2.477s] INFO:colcon.colcon_core.plugin_system:Skipping extension 'colcon_notification.desktop_notification.win32': Not used on non-Windows systems
[2.477s] INFO:colcon.colcon_notification.desktop_notification:Sending desktop notification using 'notify2'
[2.477s] DEBUG:colcon.colcon_notification.desktop_notification.notify2:Failed to initialize notify2: org.freedesktop.DBus.Error.FileNotFound: Failed to connect to socket /run/user/1000/bus: No such file or directory
[2.478s] DEBUG:colcon.colcon_core.event_reactor:joined thread
[2.478s] INFO:colcon.colcon_core.shell:Creating prefix script '/home/ros/ROS2/communication_mechanism/install/local_setup.ps1'
[2.478s] INFO:colcon.colcon_core.shell:Creating prefix util module '/home/ros/ROS2/communication_mechanism/install/_local_setup_util_ps1.py'
[2.479s] INFO:colcon.colcon_core.shell:Creating prefix chain script '/home/ros/ROS2/communication_mechanism/install/setup.ps1'
[2.480s] INFO:colcon.colcon_core.shell:Creating prefix script '/home/ros/ROS2/communication_mechanism/install/local_setup.sh'
[2.480s] INFO:colcon.colcon_core.shell:Creating prefix util module '/home/ros/ROS2/communication_mechanism/install/_local_setup_util_sh.py'
[2.480s] INFO:colcon.colcon_core.shell:Creating prefix chain script '/home/ros/ROS2/communication_mechanism/install/setup.sh'
[2.481s] INFO:colcon.colcon_core.shell:Creating prefix script '/home/ros/ROS2/communication_mechanism/install/local_setup.bash'
[2.481s] INFO:colcon.colcon_core.shell:Creating prefix chain script '/home/ros/ROS2/communication_mechanism/install/setup.bash'
[2.481s] INFO:colcon.colcon_core.shell:Creating prefix script '/home/ros/ROS2/communication_mechanism/install/local_setup.zsh'
[2.482s] INFO:colcon.colcon_core.shell:Creating prefix chain script '/home/ros/ROS2/communication_mechanism/install/setup.zsh'
