-- Install configuration: ""
-- Up-to-date: /home/ros/ROS2/tools/install/cpp_launch/share/cpp_launch
-- Up-to-date: /home/ros/ROS2/tools/install/cpp_launch/share/cpp_launch/yaml
-- Up-to-date: /home/ros/ROS2/tools/install/cpp_launch/share/cpp_launch/yaml/demo_1.launch.yaml
-- Up-to-date: /home/ros/ROS2/tools/install/cpp_launch/share/cpp_launch/xml
-- Up-to-date: /home/ros/ROS2/tools/install/cpp_launch/share/cpp_launch/xml/demo_1.launch.xml
-- Up-to-date: /home/ros/ROS2/tools/install/cpp_launch/share/cpp_launch/py
-- Installing: /home/ros/ROS2/tools/install/cpp_launch/share/cpp_launch/py/py_node_launch.py
-- Up-to-date: /home/ros/ROS2/tools/install/cpp_launch/share/cpp_launch/py/demo_1.launch.py
-- Up-to-date: /home/ros/ROS2/tools/install/cpp_launch/share/ament_index/resource_index/package_run_dependencies/cpp_launch
-- Up-to-date: /home/ros/ROS2/tools/install/cpp_launch/share/ament_index/resource_index/parent_prefix_path/cpp_launch
-- Up-to-date: /home/ros/ROS2/tools/install/cpp_launch/share/cpp_launch/environment/ament_prefix_path.sh
-- Up-to-date: /home/ros/ROS2/tools/install/cpp_launch/share/cpp_launch/environment/ament_prefix_path.dsv
-- Up-to-date: /home/ros/ROS2/tools/install/cpp_launch/share/cpp_launch/environment/path.sh
-- Up-to-date: /home/ros/ROS2/tools/install/cpp_launch/share/cpp_launch/environment/path.dsv
-- Up-to-date: /home/ros/ROS2/tools/install/cpp_launch/share/cpp_launch/local_setup.bash
-- Up-to-date: /home/ros/ROS2/tools/install/cpp_launch/share/cpp_launch/local_setup.sh
-- Up-to-date: /home/ros/ROS2/tools/install/cpp_launch/share/cpp_launch/local_setup.zsh
-- Up-to-date: /home/ros/ROS2/tools/install/cpp_launch/share/cpp_launch/local_setup.dsv
-- Up-to-date: /home/ros/ROS2/tools/install/cpp_launch/share/cpp_launch/package.dsv
-- Up-to-date: /home/ros/ROS2/tools/install/cpp_launch/share/ament_index/resource_index/packages/cpp_launch
-- Up-to-date: /home/ros/ROS2/tools/install/cpp_launch/share/cpp_launch/cmake/cpp_launchConfig.cmake
-- Up-to-date: /home/ros/ROS2/tools/install/cpp_launch/share/cpp_launch/cmake/cpp_launchConfig-version.cmake
-- Up-to-date: /home/ros/ROS2/tools/install/cpp_launch/share/cpp_launch/package.xml
