[0.009s] Invoking command in '/home/huang/ros2/ROS2/coordinate_transformations/build/cpp_tf_broadcaster': CMAKE_PREFIX_PATH=${CMAKE_PREFIX_PATH}:/opt/ros/humble /usr/bin/cmake --build /home/huang/ros2/ROS2/coordinate_transformations/build/cpp_tf_broadcaster -- -j20 -l20
[0.033s] [35m[1mConsolidate compiler generated dependencies of target cpp_tf_point[0m
[0.037s] [ 25%] Built target demo
[0.038s] [ 50%] Built target cpp_dynamic_tf_broadcaster
[0.038s] [ 75%] Built target cpp_static_tf_broadcaster
[0.040s] [ 87%] [32mBuilding CXX object CMakeFiles/cpp_tf_point.dir/src/cpp_tf_point.cpp.o[0m
[2.185s] [100%] [32m[1mLinking CXX executable cpp_tf_point[0m
[2.301s] [100%] Built target cpp_tf_point
[2.305s] Invoked command in '/home/huang/ros2/ROS2/coordinate_transformations/build/cpp_tf_broadcaster' returned '0': CMAKE_PREFIX_PATH=${CMAKE_PREFIX_PATH}:/opt/ros/humble /usr/bin/cmake --build /home/huang/ros2/ROS2/coordinate_transformations/build/cpp_tf_broadcaster -- -j20 -l20
[2.323s] Invoking command in '/home/huang/ros2/ROS2/coordinate_transformations/build/cpp_tf_broadcaster': CMAKE_PREFIX_PATH=${CMAKE_PREFIX_PATH}:/opt/ros/humble /usr/bin/cmake --install /home/huang/ros2/ROS2/coordinate_transformations/build/cpp_tf_broadcaster
[2.326s] -- Install configuration: ""
[2.326s] -- Up-to-date: /home/huang/ros2/ROS2/coordinate_transformations/install/cpp_tf_broadcaster/lib/cpp_tf_broadcaster/demo
[2.326s] -- Up-to-date: /home/huang/ros2/ROS2/coordinate_transformations/install/cpp_tf_broadcaster/lib/cpp_tf_broadcaster/cpp_static_tf_broadcaster
[2.327s] -- Up-to-date: /home/huang/ros2/ROS2/coordinate_transformations/install/cpp_tf_broadcaster/lib/cpp_tf_broadcaster/cpp_dynamic_tf_broadcaster
[2.327s] -- Installing: /home/huang/ros2/ROS2/coordinate_transformations/install/cpp_tf_broadcaster/lib/cpp_tf_broadcaster/cpp_tf_point
[2.328s] -- Set runtime path of "/home/huang/ros2/ROS2/coordinate_transformations/install/cpp_tf_broadcaster/lib/cpp_tf_broadcaster/cpp_tf_point" to ""
[2.328s] -- Up-to-date: /home/huang/ros2/ROS2/coordinate_transformations/install/cpp_tf_broadcaster/share/ament_index/resource_index/package_run_dependencies/cpp_tf_broadcaster
[2.328s] -- Up-to-date: /home/huang/ros2/ROS2/coordinate_transformations/install/cpp_tf_broadcaster/share/ament_index/resource_index/parent_prefix_path/cpp_tf_broadcaster
[2.328s] -- Up-to-date: /home/huang/ros2/ROS2/coordinate_transformations/install/cpp_tf_broadcaster/share/cpp_tf_broadcaster/environment/ament_prefix_path.sh
[2.328s] -- Up-to-date: /home/huang/ros2/ROS2/coordinate_transformations/install/cpp_tf_broadcaster/share/cpp_tf_broadcaster/environment/ament_prefix_path.dsv
[2.328s] -- Up-to-date: /home/huang/ros2/ROS2/coordinate_transformations/install/cpp_tf_broadcaster/share/cpp_tf_broadcaster/environment/path.sh
[2.328s] -- Up-to-date: /home/huang/ros2/ROS2/coordinate_transformations/install/cpp_tf_broadcaster/share/cpp_tf_broadcaster/environment/path.dsv
[2.328s] -- Up-to-date: /home/huang/ros2/ROS2/coordinate_transformations/install/cpp_tf_broadcaster/share/cpp_tf_broadcaster/local_setup.bash
[2.328s] -- Up-to-date: /home/huang/ros2/ROS2/coordinate_transformations/install/cpp_tf_broadcaster/share/cpp_tf_broadcaster/local_setup.sh
[2.328s] -- Up-to-date: /home/huang/ros2/ROS2/coordinate_transformations/install/cpp_tf_broadcaster/share/cpp_tf_broadcaster/local_setup.zsh
[2.328s] -- Up-to-date: /home/huang/ros2/ROS2/coordinate_transformations/install/cpp_tf_broadcaster/share/cpp_tf_broadcaster/local_setup.dsv
[2.328s] -- Installing: /home/huang/ros2/ROS2/coordinate_transformations/install/cpp_tf_broadcaster/share/cpp_tf_broadcaster/package.dsv
[2.329s] -- Up-to-date: /home/huang/ros2/ROS2/coordinate_transformations/install/cpp_tf_broadcaster/share/ament_index/resource_index/packages/cpp_tf_broadcaster
[2.329s] -- Up-to-date: /home/huang/ros2/ROS2/coordinate_transformations/install/cpp_tf_broadcaster/share/cpp_tf_broadcaster/cmake/cpp_tf_broadcasterConfig.cmake
[2.329s] -- Up-to-date: /home/huang/ros2/ROS2/coordinate_transformations/install/cpp_tf_broadcaster/share/cpp_tf_broadcaster/cmake/cpp_tf_broadcasterConfig-version.cmake
[2.329s] -- Up-to-date: /home/huang/ros2/ROS2/coordinate_transformations/install/cpp_tf_broadcaster/share/cpp_tf_broadcaster/package.xml
[2.330s] Invoked command in '/home/huang/ros2/ROS2/coordinate_transformations/build/cpp_tf_broadcaster' returned '0': CMAKE_PREFIX_PATH=${CMAKE_PREFIX_PATH}:/opt/ros/humble /usr/bin/cmake --install /home/huang/ros2/ROS2/coordinate_transformations/build/cpp_tf_broadcaster
