-- Found ament_cmake: 1.3.8 (/opt/ros/humble/share/ament_cmake/cmake)
-- Found rclcpp: 16.0.8 (/opt/ros/humble/share/rclcpp/cmake)
-- Found rosidl_generator_c: 3.1.5 (/opt/ros/humble/share/rosidl_generator_c/cmake)
-- Found rosidl_adapter: 3.1.5 (/opt/ros/humble/share/rosidl_adapter/cmake)
-- Found rosidl_generator_cpp: 3.1.5 (/opt/ros/humble/share/rosidl_generator_cpp/cmake)
-- Using all available rosidl_typesupport_c: rosidl_typesupport_fastrtps_c;rosidl_typesupport_introspection_c
-- Using all available rosidl_typesupport_cpp: rosidl_typesupport_fastrtps_cpp;rosidl_typesupport_introspection_cpp
-- Found rmw_implementation_cmake: 6.1.1 (/opt/ros/humble/share/rmw_implementation_cmake/cmake)
-- Found rmw_fastrtps_cpp: 6.2.6 (/opt/ros/humble/share/rmw_fastrtps_cpp/cmake)
-- Using RMW implementation 'rmw_fastrtps_cpp' as default
-- Found base_interface_demo: 0.0.0 (/home/ros/ROS2/communication_mechanism/install/base_interface_demo/share/base_interface_demo/cmake)
-- Found ament_lint_auto: 0.12.10 (/opt/ros/humble/share/ament_lint_auto/cmake)
-- Added test 'cppcheck' to perform static code analysis on C / C++ code
-- Configured cppcheck include dirs: $<BUILD_INTERFACE:/home/ros/ROS2/communication_mechanism/src/cpp_server/include>
-- Configured cppcheck exclude dirs and/or files: 
-- Added test 'lint_cmake' to check CMake code style
-- Added test 'uncrustify' to check C / C++ code style
-- Configured uncrustify additional arguments: 
-- Added test 'xmllint' to check XML markup files
-- Configuring done
-- Generating done
-- Build files have been written to: /home/ros/ROS2/communication_mechanism/build/cpp_server
[35m[1mConsolidate compiler generated dependencies of target cpp_server_client[0m
[35m[1mConsolidate compiler generated dependencies of target cpp_server_server[0m
[ 50%] [32mBuilding CXX object CMakeFiles/cpp_server_client.dir/src/cpp_server_client.cpp.o[0m
[ 50%] [32mBuilding CXX object CMakeFiles/cpp_server_server.dir/src/cpp_server_server.cpp.o[0m
[01m[K/home/ros/ROS2/communication_mechanism/src/cpp_server/src/cpp_server_client.cpp:[m[K In function ‘[01m[Kbool is_num(const char*)[m[K’:
[01m[K/home/ros/ROS2/communication_mechanism/src/cpp_server/src/cpp_server_client.cpp:45:1:[m[K [01;35m[Kwarning: [m[Kno return statement in function returning non-void [[01;35m[K]8;;https://gcc.gnu.org/onlinedocs/gcc/Warning-Options.html#index-Wreturn-type-Wreturn-type]8;;[m[K]
   45 | [01;35m[K}[m[K
      | [01;35m[K^[m[K
[01m[K/home/ros/ROS2/communication_mechanism/src/cpp_server/src/cpp_server_client.cpp:42:25:[m[K [01;35m[Kwarning: [m[Kunused parameter ‘[01m[Kstr[m[K’ [[01;35m[K]8;;https://gcc.gnu.org/onlinedocs/gcc/Warning-Options.html#index-Wunused-parameter-Wunused-parameter]8;;[m[K]
   42 | bool is_num([01;35m[Kconst char* str[m[K)
      |             [01;35m[K~~~~~~~~~~~~^~~[m[K
[ 75%] [32m[1mLinking CXX executable cpp_server_server[0m
[100%] [32m[1mLinking CXX executable cpp_server_client[0m
[100%] Built target cpp_server_client
[100%] Built target cpp_server_server
-- Install configuration: ""
-- Installing: /home/ros/ROS2/communication_mechanism/install/cpp_server/lib/cpp_server/cpp_server_server
-- Set runtime path of "/home/ros/ROS2/communication_mechanism/install/cpp_server/lib/cpp_server/cpp_server_server" to ""
-- Installing: /home/ros/ROS2/communication_mechanism/install/cpp_server/lib/cpp_server/cpp_server_client
-- Set runtime path of "/home/ros/ROS2/communication_mechanism/install/cpp_server/lib/cpp_server/cpp_server_client" to ""
-- Up-to-date: /home/ros/ROS2/communication_mechanism/install/cpp_server/share/ament_index/resource_index/package_run_dependencies/cpp_server
-- Installing: /home/ros/ROS2/communication_mechanism/install/cpp_server/share/ament_index/resource_index/parent_prefix_path/cpp_server
-- Up-to-date: /home/ros/ROS2/communication_mechanism/install/cpp_server/share/cpp_server/environment/ament_prefix_path.sh
-- Installing: /home/ros/ROS2/communication_mechanism/install/cpp_server/share/cpp_server/environment/ament_prefix_path.dsv
-- Up-to-date: /home/ros/ROS2/communication_mechanism/install/cpp_server/share/cpp_server/environment/path.sh
-- Installing: /home/ros/ROS2/communication_mechanism/install/cpp_server/share/cpp_server/environment/path.dsv
-- Up-to-date: /home/ros/ROS2/communication_mechanism/install/cpp_server/share/cpp_server/local_setup.bash
-- Up-to-date: /home/ros/ROS2/communication_mechanism/install/cpp_server/share/cpp_server/local_setup.sh
-- Up-to-date: /home/ros/ROS2/communication_mechanism/install/cpp_server/share/cpp_server/local_setup.zsh
-- Installing: /home/ros/ROS2/communication_mechanism/install/cpp_server/share/cpp_server/local_setup.dsv
-- Installing: /home/ros/ROS2/communication_mechanism/install/cpp_server/share/cpp_server/package.dsv
-- Up-to-date: /home/ros/ROS2/communication_mechanism/install/cpp_server/share/ament_index/resource_index/packages/cpp_server
-- Up-to-date: /home/ros/ROS2/communication_mechanism/install/cpp_server/share/cpp_server/cmake/cpp_serverConfig.cmake
-- Up-to-date: /home/ros/ROS2/communication_mechanism/install/cpp_server/share/cpp_server/cmake/cpp_serverConfig-version.cmake
-- Up-to-date: /home/ros/ROS2/communication_mechanism/install/cpp_server/share/cpp_server/package.xml
