[0.115s] Invoking command in '/home/ros/ROS2/communication_mechanism/build/cpp_server': CMAKE_PREFIX_PATH=/home/ros/ROS2/communication_mechanism/install/base_interface_demo:/home/ros/ROS2/communication_mechanism/install/cpp_topic:/home/ros/ROS2/communication_mechanism/install/cpp_server:/home/ros/ROS2/communication_mechanism/install/cpp_action:/opt/ros/humble WSLENV=ELECTRON_RUN_AS_NODE/w:WT_SESSION:WT_PROFILE_ID: /usr/bin/cmake --build /home/ros/ROS2/communication_mechanism/build/cpp_server -- -j20 -l20
[0.130s] -- Found ament_cmake: 1.3.8 (/opt/ros/humble/share/ament_cmake/cmake)
[0.209s] -- Found rclcpp: 16.0.8 (/opt/ros/humble/share/rclcpp/cmake)
[0.348s] -- Found rosidl_generator_c: 3.1.5 (/opt/ros/humble/share/rosidl_generator_c/cmake)
[0.350s] -- Found rosidl_adapter: 3.1.5 (/opt/ros/humble/share/rosidl_adapter/cmake)
[0.353s] -- Found rosidl_generator_cpp: 3.1.5 (/opt/ros/humble/share/rosidl_generator_cpp/cmake)
[0.359s] -- Using all available rosidl_typesupport_c: rosidl_typesupport_fastrtps_c;rosidl_typesupport_introspection_c
[0.369s] -- Using all available rosidl_typesupport_cpp: rosidl_typesupport_fastrtps_cpp;rosidl_typesupport_introspection_cpp
[0.405s] -- Found rmw_implementation_cmake: 6.1.1 (/opt/ros/humble/share/rmw_implementation_cmake/cmake)
[0.405s] -- Found rmw_fastrtps_cpp: 6.2.6 (/opt/ros/humble/share/rmw_fastrtps_cpp/cmake)
[4.717s] -- Using RMW implementation 'rmw_fastrtps_cpp' as default
[4.809s] -- Found base_interface_demo: 0.0.0 (/home/ros/ROS2/communication_mechanism/install/base_interface_demo/share/base_interface_demo/cmake)
[4.887s] -- Found ament_lint_auto: 0.12.10 (/opt/ros/humble/share/ament_lint_auto/cmake)
[4.929s] -- Added test 'cppcheck' to perform static code analysis on C / C++ code
[4.929s] -- Configured cppcheck include dirs: $<BUILD_INTERFACE:/home/ros/ROS2/communication_mechanism/src/cpp_server/include>
[4.929s] -- Configured cppcheck exclude dirs and/or files: 
[4.929s] -- Added test 'lint_cmake' to check CMake code style
[4.930s] -- Added test 'uncrustify' to check C / C++ code style
[4.930s] -- Configured uncrustify additional arguments: 
[4.930s] -- Added test 'xmllint' to check XML markup files
[4.931s] -- Configuring done
[4.941s] -- Generating done
[4.942s] -- Build files have been written to: /home/ros/ROS2/communication_mechanism/build/cpp_server
[4.957s] [35m[1mConsolidate compiler generated dependencies of target cpp_server_client[0m
[4.957s] [35m[1mConsolidate compiler generated dependencies of target cpp_server_server[0m
[4.966s] [ 50%] [32mBuilding CXX object CMakeFiles/cpp_server_client.dir/src/cpp_server_client.cpp.o[0m
[4.966s] [ 50%] [32mBuilding CXX object CMakeFiles/cpp_server_server.dir/src/cpp_server_server.cpp.o[0m
[6.489s] [01m[K/home/ros/ROS2/communication_mechanism/src/cpp_server/src/cpp_server_client.cpp:[m[K In function ‘[01m[Kbool is_num(const char*)[m[K’:
[6.489s] [01m[K/home/ros/ROS2/communication_mechanism/src/cpp_server/src/cpp_server_client.cpp:45:1:[m[K [01;35m[Kwarning: [m[Kno return statement in function returning non-void [[01;35m[K]8;;https://gcc.gnu.org/onlinedocs/gcc/Warning-Options.html#index-Wreturn-type-Wreturn-type]8;;[m[K]
[6.489s]    45 | [01;35m[K}[m[K
[6.489s]       | [01;35m[K^[m[K
[6.489s] [01m[K/home/ros/ROS2/communication_mechanism/src/cpp_server/src/cpp_server_client.cpp:42:25:[m[K [01;35m[Kwarning: [m[Kunused parameter ‘[01m[Kstr[m[K’ [[01;35m[K]8;;https://gcc.gnu.org/onlinedocs/gcc/Warning-Options.html#index-Wunused-parameter-Wunused-parameter]8;;[m[K]
[6.489s]    42 | bool is_num([01;35m[Kconst char* str[m[K)
[6.490s]       |             [01;35m[K~~~~~~~~~~~~^~~[m[K
[7.244s] [ 75%] [32m[1mLinking CXX executable cpp_server_server[0m
[7.246s] [100%] [32m[1mLinking CXX executable cpp_server_client[0m
[7.457s] [100%] Built target cpp_server_client
[7.458s] [100%] Built target cpp_server_server
[7.468s] Invoked command in '/home/ros/ROS2/communication_mechanism/build/cpp_server' returned '0': CMAKE_PREFIX_PATH=/home/ros/ROS2/communication_mechanism/install/base_interface_demo:/home/ros/ROS2/communication_mechanism/install/cpp_topic:/home/ros/ROS2/communication_mechanism/install/cpp_server:/home/ros/ROS2/communication_mechanism/install/cpp_action:/opt/ros/humble WSLENV=ELECTRON_RUN_AS_NODE/w:WT_SESSION:WT_PROFILE_ID: /usr/bin/cmake --build /home/ros/ROS2/communication_mechanism/build/cpp_server -- -j20 -l20
[7.485s] Invoking command in '/home/ros/ROS2/communication_mechanism/build/cpp_server': CMAKE_PREFIX_PATH=/home/ros/ROS2/communication_mechanism/install/base_interface_demo:/home/ros/ROS2/communication_mechanism/install/cpp_topic:/home/ros/ROS2/communication_mechanism/install/cpp_server:/home/ros/ROS2/communication_mechanism/install/cpp_action:/opt/ros/humble WSLENV=ELECTRON_RUN_AS_NODE/w:WT_SESSION:WT_PROFILE_ID: /usr/bin/cmake --install /home/ros/ROS2/communication_mechanism/build/cpp_server
[7.491s] -- Install configuration: ""
[7.492s] -- Installing: /home/ros/ROS2/communication_mechanism/install/cpp_server/lib/cpp_server/cpp_server_server
[7.493s] -- Set runtime path of "/home/ros/ROS2/communication_mechanism/install/cpp_server/lib/cpp_server/cpp_server_server" to ""
[7.494s] -- Installing: /home/ros/ROS2/communication_mechanism/install/cpp_server/lib/cpp_server/cpp_server_client
[7.494s] -- Set runtime path of "/home/ros/ROS2/communication_mechanism/install/cpp_server/lib/cpp_server/cpp_server_client" to ""
[7.495s] -- Up-to-date: /home/ros/ROS2/communication_mechanism/install/cpp_server/share/ament_index/resource_index/package_run_dependencies/cpp_server
[7.495s] -- Installing: /home/ros/ROS2/communication_mechanism/install/cpp_server/share/ament_index/resource_index/parent_prefix_path/cpp_server
[7.495s] -- Up-to-date: /home/ros/ROS2/communication_mechanism/install/cpp_server/share/cpp_server/environment/ament_prefix_path.sh
[7.495s] -- Installing: /home/ros/ROS2/communication_mechanism/install/cpp_server/share/cpp_server/environment/ament_prefix_path.dsv
[7.495s] -- Up-to-date: /home/ros/ROS2/communication_mechanism/install/cpp_server/share/cpp_server/environment/path.sh
[7.495s] -- Installing: /home/ros/ROS2/communication_mechanism/install/cpp_server/share/cpp_server/environment/path.dsv
[7.496s] -- Up-to-date: /home/ros/ROS2/communication_mechanism/install/cpp_server/share/cpp_server/local_setup.bash
[7.496s] -- Up-to-date: /home/ros/ROS2/communication_mechanism/install/cpp_server/share/cpp_server/local_setup.sh
[7.496s] -- Up-to-date: /home/ros/ROS2/communication_mechanism/install/cpp_server/share/cpp_server/local_setup.zsh
[7.496s] -- Installing: /home/ros/ROS2/communication_mechanism/install/cpp_server/share/cpp_server/local_setup.dsv
[7.496s] -- Installing: /home/ros/ROS2/communication_mechanism/install/cpp_server/share/cpp_server/package.dsv
[7.496s] -- Up-to-date: /home/ros/ROS2/communication_mechanism/install/cpp_server/share/ament_index/resource_index/packages/cpp_server
[7.496s] -- Up-to-date: /home/ros/ROS2/communication_mechanism/install/cpp_server/share/cpp_server/cmake/cpp_serverConfig.cmake
[7.496s] -- Up-to-date: /home/ros/ROS2/communication_mechanism/install/cpp_server/share/cpp_server/cmake/cpp_serverConfig-version.cmake
[7.496s] -- Up-to-date: /home/ros/ROS2/communication_mechanism/install/cpp_server/share/cpp_server/package.xml
[7.497s] Invoked command in '/home/ros/ROS2/communication_mechanism/build/cpp_server' returned '0': CMAKE_PREFIX_PATH=/home/ros/ROS2/communication_mechanism/install/base_interface_demo:/home/ros/ROS2/communication_mechanism/install/cpp_topic:/home/ros/ROS2/communication_mechanism/install/cpp_server:/home/ros/ROS2/communication_mechanism/install/cpp_action:/opt/ros/humble WSLENV=ELECTRON_RUN_AS_NODE/w:WT_SESSION:WT_PROFILE_ID: /usr/bin/cmake --install /home/ros/ROS2/communication_mechanism/build/cpp_server
