-- The C compiler identification is GNU 11.4.0
-- The CXX compiler identification is GNU 11.4.0
-- Detecting C compiler ABI info
-- Detecting C compiler ABI info - done
-- Check for working C compiler: /usr/bin/cc - skipped
-- Detecting C compile features
-- Detecting C compile features - done
-- Detecting CXX compiler ABI info
-- Detecting CXX compiler ABI info - done
-- Check for working CXX compiler: /usr/bin/c++ - skipped
-- Detecting CXX compile features
-- Detecting CXX compile features - done
-- Found ament_cmake: 1.3.10 (/opt/ros/humble/share/ament_cmake/cmake)
-- Found Python3: /usr/bin/python3 (found version "3.10.12") found components: Interpreter 
-- Found rclcpp: 16.0.10 (/opt/ros/humble/share/rclcpp/cmake)
-- Found rosidl_generator_c: 3.1.5 (/opt/ros/humble/share/rosidl_generator_c/cmake)
-- Found rosidl_adapter: 3.1.5 (/opt/ros/humble/share/rosidl_adapter/cmake)
-- Found rosidl_generator_cpp: 3.1.5 (/opt/ros/humble/share/rosidl_generator_cpp/cmake)
-- Using all available rosidl_typesupport_c: rosidl_typesupport_fastrtps_c;rosidl_typesupport_introspection_c
-- Using all available rosidl_typesupport_cpp: rosidl_typesupport_fastrtps_cpp;rosidl_typesupport_introspection_cpp
-- Found rmw_implementation_cmake: 6.1.2 (/opt/ros/humble/share/rmw_implementation_cmake/cmake)
-- Found rmw_fastrtps_cpp: 6.2.7 (/opt/ros/humble/share/rmw_fastrtps_cpp/cmake)
-- Found OpenSSL: /usr/lib/x86_64-linux-gnu/libcrypto.so (found version "3.0.2")  
-- Found FastRTPS: /opt/ros/humble/include  
-- Using RMW implementation 'rmw_fastrtps_cpp' as default
-- Looking for pthread.h
-- Looking for pthread.h - found
-- Performing Test CMAKE_HAVE_LIBC_PTHREAD
-- Performing Test CMAKE_HAVE_LIBC_PTHREAD - Success
-- Found Threads: TRUE  
-- Found ament_lint_auto: 0.12.11 (/opt/ros/humble/share/ament_lint_auto/cmake)
-- Added test 'cppcheck' to perform static code analysis on C / C++ code
-- Configured cppcheck include dirs: $<BUILD_INTERFACE:/home/huang/ros2/ROS2/communication_mechanism/src/cpp_time/include>
-- Configured cppcheck exclude dirs and/or files: 
-- Added test 'lint_cmake' to check CMake code style
-- Added test 'uncrustify' to check C / C++ code style
-- Configured uncrustify additional arguments: 
-- Added test 'xmllint' to check XML markup files
-- Configuring done
-- Generating done
-- Build files have been written to: /home/huang/ros2/ROS2/communication_mechanism/build/cpp_time
[ 12%] [32mBuilding CXX object CMakeFiles/demo_time_rate.dir/src/demo_time_rate.cpp.o[0m
[ 25%] [32mBuilding CXX object CMakeFiles/demo_time_time.dir/src/demo_time_time.cpp.o[0m
[ 50%] [32mBuilding CXX object CMakeFiles/demo_time_operation.dir/src/demo_time_operation.cpp.o[0m
[ 50%] [32mBuilding CXX object CMakeFiles/demo_time_duration.dir/src/demo_time_duration.cpp.o[0m
[ 62%] [32m[1mLinking CXX executable demo_time_duration[0m
[ 75%] [32m[1mLinking CXX executable demo_time_rate[0m
[ 87%] [32m[1mLinking CXX executable demo_time_operation[0m
[100%] [32m[1mLinking CXX executable demo_time_time[0m
[100%] Built target demo_time_duration
[100%] Built target demo_time_rate
[100%] Built target demo_time_operation
[100%] Built target demo_time_time
-- Install configuration: ""
-- Installing: /home/huang/ros2/ROS2/communication_mechanism/install/cpp_time/lib/cpp_time/demo_time_rate
-- Set runtime path of "/home/huang/ros2/ROS2/communication_mechanism/install/cpp_time/lib/cpp_time/demo_time_rate" to ""
-- Installing: /home/huang/ros2/ROS2/communication_mechanism/install/cpp_time/lib/cpp_time/demo_time_time
-- Set runtime path of "/home/huang/ros2/ROS2/communication_mechanism/install/cpp_time/lib/cpp_time/demo_time_time" to ""
-- Installing: /home/huang/ros2/ROS2/communication_mechanism/install/cpp_time/lib/cpp_time/demo_time_duration
-- Set runtime path of "/home/huang/ros2/ROS2/communication_mechanism/install/cpp_time/lib/cpp_time/demo_time_duration" to ""
-- Installing: /home/huang/ros2/ROS2/communication_mechanism/install/cpp_time/lib/cpp_time/demo_time_operation
-- Set runtime path of "/home/huang/ros2/ROS2/communication_mechanism/install/cpp_time/lib/cpp_time/demo_time_operation" to ""
-- Installing: /home/huang/ros2/ROS2/communication_mechanism/install/cpp_time/share/ament_index/resource_index/package_run_dependencies/cpp_time
-- Installing: /home/huang/ros2/ROS2/communication_mechanism/install/cpp_time/share/ament_index/resource_index/parent_prefix_path/cpp_time
-- Installing: /home/huang/ros2/ROS2/communication_mechanism/install/cpp_time/share/cpp_time/environment/ament_prefix_path.sh
-- Installing: /home/huang/ros2/ROS2/communication_mechanism/install/cpp_time/share/cpp_time/environment/ament_prefix_path.dsv
-- Installing: /home/huang/ros2/ROS2/communication_mechanism/install/cpp_time/share/cpp_time/environment/path.sh
-- Installing: /home/huang/ros2/ROS2/communication_mechanism/install/cpp_time/share/cpp_time/environment/path.dsv
-- Installing: /home/huang/ros2/ROS2/communication_mechanism/install/cpp_time/share/cpp_time/local_setup.bash
-- Installing: /home/huang/ros2/ROS2/communication_mechanism/install/cpp_time/share/cpp_time/local_setup.sh
-- Installing: /home/huang/ros2/ROS2/communication_mechanism/install/cpp_time/share/cpp_time/local_setup.zsh
-- Installing: /home/huang/ros2/ROS2/communication_mechanism/install/cpp_time/share/cpp_time/local_setup.dsv
-- Installing: /home/huang/ros2/ROS2/communication_mechanism/install/cpp_time/share/cpp_time/package.dsv
-- Installing: /home/huang/ros2/ROS2/communication_mechanism/install/cpp_time/share/ament_index/resource_index/packages/cpp_time
-- Installing: /home/huang/ros2/ROS2/communication_mechanism/install/cpp_time/share/cpp_time/cmake/cpp_timeConfig.cmake
-- Installing: /home/huang/ros2/ROS2/communication_mechanism/install/cpp_time/share/cpp_time/cmake/cpp_timeConfig-version.cmake
-- Installing: /home/huang/ros2/ROS2/communication_mechanism/install/cpp_time/share/cpp_time/package.xml
