[0.008s] Invoking command in '/home/ros/ROS2/turtle/build/exercise': CMAKE_PREFIX_PATH=${CMAKE_PREFIX_PATH}:/opt/ros/humble /usr/bin/cmake --build /home/ros/ROS2/turtle/build/exercise -- -j20 -l20
[0.020s] -- Found ament_cmake: 1.3.8 (/opt/ros/humble/share/ament_cmake/cmake)
[0.085s] -- Found rclcpp: 16.0.8 (/opt/ros/humble/share/rclcpp/cmake)
[0.304s] -- Found rosidl_generator_c: 3.1.5 (/opt/ros/humble/share/rosidl_generator_c/cmake)
[0.305s] -- Found rosidl_adapter: 3.1.5 (/opt/ros/humble/share/rosidl_adapter/cmake)
[0.308s] -- Found rosidl_generator_cpp: 3.1.5 (/opt/ros/humble/share/rosidl_generator_cpp/cmake)
[0.314s] -- Using all available rosidl_typesupport_c: rosidl_typesupport_fastrtps_c;rosidl_typesupport_introspection_c
[0.323s] -- Using all available rosidl_typesupport_cpp: rosidl_typesupport_fastrtps_cpp;rosidl_typesupport_introspection_cpp
[0.354s] -- Found rmw_implementation_cmake: 6.1.1 (/opt/ros/humble/share/rmw_implementation_cmake/cmake)
[0.355s] -- Found rmw_fastrtps_cpp: 6.2.6 (/opt/ros/humble/share/rmw_fastrtps_cpp/cmake)
[8.911s] -- Using RMW implementation 'rmw_fastrtps_cpp' as default
[8.995s] -- Found turtlesim: 1.4.2 (/opt/ros/humble/share/turtlesim/cmake)
[9.065s] -- Found base_interface_demo: 0.0.0 (/home/ros/ROS2/communication_mechanism/install/base_interface_demo/share/base_interface_demo/cmake)
[9.093s] -- Found geometry_msgs: 4.2.3 (/opt/ros/humble/share/geometry_msgs/cmake)
[9.116s] -- Found rclcpp_action: 16.0.8 (/opt/ros/humble/share/rclcpp_action/cmake)
[9.132s] -- Found ament_lint_auto: 0.12.10 (/opt/ros/humble/share/ament_lint_auto/cmake)
[9.172s] -- Added test 'cppcheck' to perform static code analysis on C / C++ code
[9.172s] -- Configured cppcheck include dirs: $<BUILD_INTERFACE:/home/ros/ROS2/turtle/src/exercise/include>
[9.172s] -- Configured cppcheck exclude dirs and/or files: 
[9.172s] -- Added test 'flake8' to check Python code syntax and style conventions
[9.172s] -- Added test 'lint_cmake' to check CMake code style
[9.173s] -- Added test 'pep257' to check Python code against some of the docstring style conventions in PEP 257
[9.173s] -- Added test 'uncrustify' to check C / C++ code style
[9.173s] -- Configured uncrustify additional arguments: 
[9.173s] -- Added test 'xmllint' to check XML markup files
[9.173s] -- Configuring done
[9.180s] -- Generating done
[9.181s] -- Build files have been written to: /home/ros/ROS2/turtle/build/exercise
[9.195s] [35m[1mConsolidate compiler generated dependencies of target exe_pub_sub[0m
[9.204s] [100%] Built target exe_pub_sub
[9.209s] Invoked command in '/home/ros/ROS2/turtle/build/exercise' returned '0': CMAKE_PREFIX_PATH=${CMAKE_PREFIX_PATH}:/opt/ros/humble /usr/bin/cmake --build /home/ros/ROS2/turtle/build/exercise -- -j20 -l20
[9.227s] Invoking command in '/home/ros/ROS2/turtle/build/exercise': CMAKE_PREFIX_PATH=${CMAKE_PREFIX_PATH}:/opt/ros/humble /usr/bin/cmake --install /home/ros/ROS2/turtle/build/exercise
[9.230s] -- Install configuration: ""
[9.230s] -- Up-to-date: /home/ros/ROS2/turtle/install/exercise/lib/exercise/exe_pub_sub
[9.230s] -- Installing: /home/ros/ROS2/turtle/install/exercise/share/exercise/launch
[9.230s] -- Installing: /home/ros/ROS2/turtle/install/exercise/share/exercise/launch/exe_pub_sub.launch.py
[9.231s] -- Up-to-date: /home/ros/ROS2/turtle/install/exercise/share/ament_index/resource_index/package_run_dependencies/exercise
[9.231s] -- Up-to-date: /home/ros/ROS2/turtle/install/exercise/share/ament_index/resource_index/parent_prefix_path/exercise
[9.231s] -- Up-to-date: /home/ros/ROS2/turtle/install/exercise/share/exercise/environment/ament_prefix_path.sh
[9.231s] -- Installing: /home/ros/ROS2/turtle/install/exercise/share/exercise/environment/ament_prefix_path.dsv
[9.231s] -- Up-to-date: /home/ros/ROS2/turtle/install/exercise/share/exercise/environment/path.sh
[9.231s] -- Installing: /home/ros/ROS2/turtle/install/exercise/share/exercise/environment/path.dsv
[9.231s] -- Up-to-date: /home/ros/ROS2/turtle/install/exercise/share/exercise/local_setup.bash
[9.231s] -- Up-to-date: /home/ros/ROS2/turtle/install/exercise/share/exercise/local_setup.sh
[9.231s] -- Up-to-date: /home/ros/ROS2/turtle/install/exercise/share/exercise/local_setup.zsh
[9.231s] -- Installing: /home/ros/ROS2/turtle/install/exercise/share/exercise/local_setup.dsv
[9.231s] -- Installing: /home/ros/ROS2/turtle/install/exercise/share/exercise/package.dsv
[9.231s] -- Up-to-date: /home/ros/ROS2/turtle/install/exercise/share/ament_index/resource_index/packages/exercise
[9.231s] -- Up-to-date: /home/ros/ROS2/turtle/install/exercise/share/exercise/cmake/exerciseConfig.cmake
[9.231s] -- Up-to-date: /home/ros/ROS2/turtle/install/exercise/share/exercise/cmake/exerciseConfig-version.cmake
[9.232s] -- Up-to-date: /home/ros/ROS2/turtle/install/exercise/share/exercise/package.xml
[9.232s] Invoked command in '/home/ros/ROS2/turtle/build/exercise' returned '0': CMAKE_PREFIX_PATH=${CMAKE_PREFIX_PATH}:/opt/ros/humble /usr/bin/cmake --install /home/ros/ROS2/turtle/build/exercise
