[ 50%] [32mBuilding CXX object CMakeFiles/demo_param.dir/src/demo_param.cpp.o[0m
[100%] [32m[1mLinking CXX executable demo_param[0m
[100%] Built target demo_param
-- Install configuration: ""
-- Installing: /home/ros/ROS2/communication_mechanism/install/cpp_param/lib/cpp_param/demo_param
-- Set runtime path of "/home/ros/ROS2/communication_mechanism/install/cpp_param/lib/cpp_param/demo_param" to ""
-- Installing: /home/ros/ROS2/communication_mechanism/install/cpp_param/share/ament_index/resource_index/package_run_dependencies/cpp_param
-- Installing: /home/ros/ROS2/communication_mechanism/install/cpp_param/share/ament_index/resource_index/parent_prefix_path/cpp_param
-- Installing: /home/ros/ROS2/communication_mechanism/install/cpp_param/share/cpp_param/environment/ament_prefix_path.sh
-- Installing: /home/ros/ROS2/communication_mechanism/install/cpp_param/share/cpp_param/environment/ament_prefix_path.dsv
-- Installing: /home/ros/ROS2/communication_mechanism/install/cpp_param/share/cpp_param/environment/path.sh
-- Installing: /home/ros/ROS2/communication_mechanism/install/cpp_param/share/cpp_param/environment/path.dsv
-- Installing: /home/ros/ROS2/communication_mechanism/install/cpp_param/share/cpp_param/local_setup.bash
-- Installing: /home/ros/ROS2/communication_mechanism/install/cpp_param/share/cpp_param/local_setup.sh
-- Installing: /home/ros/ROS2/communication_mechanism/install/cpp_param/share/cpp_param/local_setup.zsh
-- Installing: /home/ros/ROS2/communication_mechanism/install/cpp_param/share/cpp_param/local_setup.dsv
-- Up-to-date: /home/ros/ROS2/communication_mechanism/install/cpp_param/share/cpp_param/package.dsv
-- Installing: /home/ros/ROS2/communication_mechanism/install/cpp_param/share/ament_index/resource_index/packages/cpp_param
-- Installing: /home/ros/ROS2/communication_mechanism/install/cpp_param/share/cpp_param/cmake/cpp_paramConfig.cmake
-- Installing: /home/ros/ROS2/communication_mechanism/install/cpp_param/share/cpp_param/cmake/cpp_paramConfig-version.cmake
-- Installing: /home/ros/ROS2/communication_mechanism/install/cpp_param/share/cpp_param/package.xml
