[0.011s] Invoking command in '/home/huang/ros2/ROS2/communication_mechanism/build/cpp_time': CMAKE_PREFIX_PATH=${CMAKE_PREFIX_PATH}:/opt/ros/humble /usr/bin/cmake --build /home/huang/ros2/ROS2/communication_mechanism/build/cpp_time -- -j20 -l20
[0.026s] [35m[1mConsolidate compiler generated dependencies of target demo_time_rate[0m
[0.028s] [35m[1mConsolidate compiler generated dependencies of target demo_time_operation[0m
[0.028s] [35m[1mConsolidate compiler generated dependencies of target demo_time_duration[0m
[0.029s] [35m[1mConsolidate compiler generated dependencies of target demo_time_time[0m
[0.038s] [ 25%] Built target demo_time_rate
[0.040s] [ 50%] Built target demo_time_time
[0.041s] [ 75%] Built target demo_time_duration
[0.041s] [100%] Built target demo_time_operation
[0.047s] Invoked command in '/home/huang/ros2/ROS2/communication_mechanism/build/cpp_time' returned '0': CMAKE_PREFIX_PATH=${CMAKE_PREFIX_PATH}:/opt/ros/humble /usr/bin/cmake --build /home/huang/ros2/ROS2/communication_mechanism/build/cpp_time -- -j20 -l20
[0.066s] Invoking command in '/home/huang/ros2/ROS2/communication_mechanism/build/cpp_time': CMAKE_PREFIX_PATH=${CMAKE_PREFIX_PATH}:/opt/ros/humble /usr/bin/cmake --install /home/huang/ros2/ROS2/communication_mechanism/build/cpp_time
[0.069s] -- Install configuration: ""
[0.069s] -- Up-to-date: /home/huang/ros2/ROS2/communication_mechanism/install/cpp_time/lib/cpp_time/demo_time_rate
[0.069s] -- Up-to-date: /home/huang/ros2/ROS2/communication_mechanism/install/cpp_time/lib/cpp_time/demo_time_time
[0.069s] -- Up-to-date: /home/huang/ros2/ROS2/communication_mechanism/install/cpp_time/lib/cpp_time/demo_time_duration
[0.070s] -- Up-to-date: /home/huang/ros2/ROS2/communication_mechanism/install/cpp_time/lib/cpp_time/demo_time_operation
[0.070s] -- Up-to-date: /home/huang/ros2/ROS2/communication_mechanism/install/cpp_time/share/ament_index/resource_index/package_run_dependencies/cpp_time
[0.070s] -- Up-to-date: /home/huang/ros2/ROS2/communication_mechanism/install/cpp_time/share/ament_index/resource_index/parent_prefix_path/cpp_time
[0.070s] -- Up-to-date: /home/huang/ros2/ROS2/communication_mechanism/install/cpp_time/share/cpp_time/environment/ament_prefix_path.sh
[0.070s] -- Up-to-date: /home/huang/ros2/ROS2/communication_mechanism/install/cpp_time/share/cpp_time/environment/ament_prefix_path.dsv
[0.070s] -- Up-to-date: /home/huang/ros2/ROS2/communication_mechanism/install/cpp_time/share/cpp_time/environment/path.sh
[0.070s] -- Up-to-date: /home/huang/ros2/ROS2/communication_mechanism/install/cpp_time/share/cpp_time/environment/path.dsv
[0.070s] -- Up-to-date: /home/huang/ros2/ROS2/communication_mechanism/install/cpp_time/share/cpp_time/local_setup.bash
[0.070s] -- Up-to-date: /home/huang/ros2/ROS2/communication_mechanism/install/cpp_time/share/cpp_time/local_setup.sh
[0.071s] -- Up-to-date: /home/huang/ros2/ROS2/communication_mechanism/install/cpp_time/share/cpp_time/local_setup.zsh
[0.071s] -- Up-to-date: /home/huang/ros2/ROS2/communication_mechanism/install/cpp_time/share/cpp_time/local_setup.dsv
[0.071s] -- Installing: /home/huang/ros2/ROS2/communication_mechanism/install/cpp_time/share/cpp_time/package.dsv
[0.071s] -- Up-to-date: /home/huang/ros2/ROS2/communication_mechanism/install/cpp_time/share/ament_index/resource_index/packages/cpp_time
[0.071s] -- Up-to-date: /home/huang/ros2/ROS2/communication_mechanism/install/cpp_time/share/cpp_time/cmake/cpp_timeConfig.cmake
[0.071s] -- Up-to-date: /home/huang/ros2/ROS2/communication_mechanism/install/cpp_time/share/cpp_time/cmake/cpp_timeConfig-version.cmake
[0.071s] -- Up-to-date: /home/huang/ros2/ROS2/communication_mechanism/install/cpp_time/share/cpp_time/package.xml
[0.072s] Invoked command in '/home/huang/ros2/ROS2/communication_mechanism/build/cpp_time' returned '0': CMAKE_PREFIX_PATH=${CMAKE_PREFIX_PATH}:/opt/ros/humble /usr/bin/cmake --install /home/huang/ros2/ROS2/communication_mechanism/build/cpp_time
