[0.008s] Invoking command in '/home/huang/ros2/ROS2/tools/build/cpp_launch': CMAKE_PREFIX_PATH=${CMAKE_PREFIX_PATH}:/opt/ros/humble /usr/bin/cmake /home/huang/ros2/ROS2/tools/src/cpp_launch -DCMAKE_INSTALL_PREFIX=/home/huang/ros2/ROS2/tools/install/cpp_launch
[0.043s] -- The C compiler identification is GNU 11.4.0
[0.132s] -- The CXX compiler identification is GNU 11.4.0
[0.182s] -- Detecting C compiler ABI info
[0.221s] -- Detecting C compiler ABI info - done
[0.224s] -- Check for working C compiler: /usr/bin/cc - skipped
[0.224s] -- Detecting C compile features
[0.224s] -- Detecting C compile features - done
[0.226s] -- Detecting CXX compiler ABI info
[0.270s] -- Detecting CXX compiler ABI info - done
[0.273s] -- Check for working CXX compiler: /usr/bin/c++ - skipped
[0.273s] -- Detecting CXX compile features
[0.274s] -- Detecting CXX compile features - done
[0.274s] -- Found ament_cmake: 1.3.10 (/opt/ros/humble/share/ament_cmake/cmake)
[0.344s] -- Found Python3: /usr/bin/python3 (found version "3.10.12") found components: Interpreter 
[0.384s] -- Found rclcpp: 16.0.10 (/opt/ros/humble/share/rclcpp/cmake)
[0.424s] -- Found rosidl_generator_c: 3.1.5 (/opt/ros/humble/share/rosidl_generator_c/cmake)
[0.427s] -- Found rosidl_adapter: 3.1.5 (/opt/ros/humble/share/rosidl_adapter/cmake)
[0.430s] -- Found rosidl_generator_cpp: 3.1.5 (/opt/ros/humble/share/rosidl_generator_cpp/cmake)
[0.436s] -- Using all available rosidl_typesupport_c: rosidl_typesupport_fastrtps_c;rosidl_typesupport_introspection_c
[0.443s] -- Using all available rosidl_typesupport_cpp: rosidl_typesupport_fastrtps_cpp;rosidl_typesupport_introspection_cpp
[0.463s] -- Found rmw_implementation_cmake: 6.1.2 (/opt/ros/humble/share/rmw_implementation_cmake/cmake)
[0.464s] -- Found rmw_fastrtps_cpp: 6.2.7 (/opt/ros/humble/share/rmw_fastrtps_cpp/cmake)
[0.606s] -- Found OpenSSL: /usr/lib/x86_64-linux-gnu/libcrypto.so (found version "3.0.2")  
[0.739s] -- Found FastRTPS: /opt/ros/humble/include  
[0.997s] -- Using RMW implementation 'rmw_fastrtps_cpp' as default
[1.001s] -- Looking for pthread.h
[1.041s] -- Looking for pthread.h - found
[1.042s] -- Performing Test CMAKE_HAVE_LIBC_PTHREAD
[1.081s] -- Performing Test CMAKE_HAVE_LIBC_PTHREAD - Success
[1.081s] -- Found Threads: TRUE  
[1.105s] -- Found ament_lint_auto: 0.12.11 (/opt/ros/humble/share/ament_lint_auto/cmake)
[1.142s] -- Added test 'flake8' to check Python code syntax and style conventions
[1.142s] -- Added test 'lint_cmake' to check CMake code style
[1.143s] -- Added test 'pep257' to check Python code against some of the docstring style conventions in PEP 257
[1.143s] -- Added test 'xmllint' to check XML markup files
[1.144s] -- Configuring done
[1.147s] -- Generating done
[1.147s] -- Build files have been written to: /home/huang/ros2/ROS2/tools/build/cpp_launch
[1.152s] Invoked command in '/home/huang/ros2/ROS2/tools/build/cpp_launch' returned '0': CMAKE_PREFIX_PATH=${CMAKE_PREFIX_PATH}:/opt/ros/humble /usr/bin/cmake /home/huang/ros2/ROS2/tools/src/cpp_launch -DCMAKE_INSTALL_PREFIX=/home/huang/ros2/ROS2/tools/install/cpp_launch
[1.153s] Invoking command in '/home/huang/ros2/ROS2/tools/build/cpp_launch': CMAKE_PREFIX_PATH=${CMAKE_PREFIX_PATH}:/opt/ros/humble /usr/bin/cmake --build /home/huang/ros2/ROS2/tools/build/cpp_launch -- -j20 -l20
[1.169s] Invoked command in '/home/huang/ros2/ROS2/tools/build/cpp_launch' returned '0': CMAKE_PREFIX_PATH=${CMAKE_PREFIX_PATH}:/opt/ros/humble /usr/bin/cmake --build /home/huang/ros2/ROS2/tools/build/cpp_launch -- -j20 -l20
[1.182s] Invoking command in '/home/huang/ros2/ROS2/tools/build/cpp_launch': CMAKE_PREFIX_PATH=${CMAKE_PREFIX_PATH}:/opt/ros/humble /usr/bin/cmake --install /home/huang/ros2/ROS2/tools/build/cpp_launch
[1.184s] -- Install configuration: ""
[1.184s] -- Installing: /home/huang/ros2/ROS2/tools/install/cpp_launch/share/cpp_launch/launch
[1.184s] -- Installing: /home/huang/ros2/ROS2/tools/install/cpp_launch/share/cpp_launch/launch/xml
[1.184s] -- Installing: /home/huang/ros2/ROS2/tools/install/cpp_launch/share/cpp_launch/launch/xml/xml_4_group_launch.xml
[1.185s] -- Installing: /home/huang/ros2/ROS2/tools/install/cpp_launch/share/cpp_launch/launch/xml/xml_1_node.launch.xml
[1.185s] -- Installing: /home/huang/ros2/ROS2/tools/install/cpp_launch/share/cpp_launch/launch/xml/xml_5_include_launch.xml
[1.185s] -- Installing: /home/huang/ros2/ROS2/tools/install/cpp_launch/share/cpp_launch/launch/xml/xml_2_cmd_launch.xml
[1.185s] -- Installing: /home/huang/ros2/ROS2/tools/install/cpp_launch/share/cpp_launch/launch/xml/xml_3_args_launch.xml
[1.185s] -- Installing: /home/huang/ros2/ROS2/tools/install/cpp_launch/share/cpp_launch/launch/xml/demo_1.launch.xml
[1.185s] -- Installing: /home/huang/ros2/ROS2/tools/install/cpp_launch/share/cpp_launch/launch/yaml
[1.185s] -- Installing: /home/huang/ros2/ROS2/tools/install/cpp_launch/share/cpp_launch/launch/yaml/demo_1.launch.yaml
[1.185s] -- Installing: /home/huang/ros2/ROS2/tools/install/cpp_launch/share/cpp_launch/launch/yaml/yaml_5_include_launch.yaml
[1.185s] -- Installing: /home/huang/ros2/ROS2/tools/install/cpp_launch/share/cpp_launch/launch/yaml/yaml_2_cmd_launch.yaml
[1.185s] -- Installing: /home/huang/ros2/ROS2/tools/install/cpp_launch/share/cpp_launch/launch/yaml/yaml_3_args_launch.yaml
[1.185s] -- Installing: /home/huang/ros2/ROS2/tools/install/cpp_launch/share/cpp_launch/launch/yaml/yaml_4_group_launch.yaml
[1.186s] -- Installing: /home/huang/ros2/ROS2/tools/install/cpp_launch/share/cpp_launch/launch/py
[1.186s] -- Installing: /home/huang/ros2/ROS2/tools/install/cpp_launch/share/cpp_launch/launch/py/py_3_args_launch.py
[1.186s] -- Installing: /home/huang/ros2/ROS2/tools/install/cpp_launch/share/cpp_launch/launch/py/py_4_include_launch.py
[1.186s] -- Installing: /home/huang/ros2/ROS2/tools/install/cpp_launch/share/cpp_launch/launch/py/py_5_group.launch.py
[1.186s] -- Installing: /home/huang/ros2/ROS2/tools/install/cpp_launch/share/cpp_launch/launch/py/demo_1.launch.py
[1.186s] -- Installing: /home/huang/ros2/ROS2/tools/install/cpp_launch/share/cpp_launch/launch/py/py_1_node_launch.py
[1.186s] -- Installing: /home/huang/ros2/ROS2/tools/install/cpp_launch/share/cpp_launch/launch/py/py_6_event_launch.py
[1.186s] -- Installing: /home/huang/ros2/ROS2/tools/install/cpp_launch/share/cpp_launch/launch/py/py_2_cmd_launch.py
[1.186s] -- Installing: /home/huang/ros2/ROS2/tools/install/cpp_launch/share/cpp_launch/config
[1.186s] -- Installing: /home/huang/ros2/ROS2/tools/install/cpp_launch/share/cpp_launch/config/turtlesim.yaml
[1.186s] -- Installing: /home/huang/ros2/ROS2/tools/install/cpp_launch/share/cpp_launch/config/turtlesim_xml.yaml
[1.186s] -- Installing: /home/huang/ros2/ROS2/tools/install/cpp_launch/share/ament_index/resource_index/package_run_dependencies/cpp_launch
[1.187s] -- Installing: /home/huang/ros2/ROS2/tools/install/cpp_launch/share/ament_index/resource_index/parent_prefix_path/cpp_launch
[1.187s] -- Installing: /home/huang/ros2/ROS2/tools/install/cpp_launch/share/cpp_launch/environment/ament_prefix_path.sh
[1.187s] -- Installing: /home/huang/ros2/ROS2/tools/install/cpp_launch/share/cpp_launch/environment/ament_prefix_path.dsv
[1.187s] -- Installing: /home/huang/ros2/ROS2/tools/install/cpp_launch/share/cpp_launch/environment/path.sh
[1.187s] -- Installing: /home/huang/ros2/ROS2/tools/install/cpp_launch/share/cpp_launch/environment/path.dsv
[1.187s] -- Installing: /home/huang/ros2/ROS2/tools/install/cpp_launch/share/cpp_launch/local_setup.bash
[1.187s] -- Installing: /home/huang/ros2/ROS2/tools/install/cpp_launch/share/cpp_launch/local_setup.sh
[1.187s] -- Installing: /home/huang/ros2/ROS2/tools/install/cpp_launch/share/cpp_launch/local_setup.zsh
[1.187s] -- Installing: /home/huang/ros2/ROS2/tools/install/cpp_launch/share/cpp_launch/local_setup.dsv
[1.187s] -- Installing: /home/huang/ros2/ROS2/tools/install/cpp_launch/share/cpp_launch/package.dsv
[1.187s] -- Installing: /home/huang/ros2/ROS2/tools/install/cpp_launch/share/ament_index/resource_index/packages/cpp_launch
[1.187s] -- Installing: /home/huang/ros2/ROS2/tools/install/cpp_launch/share/cpp_launch/cmake/cpp_launchConfig.cmake
[1.188s] -- Installing: /home/huang/ros2/ROS2/tools/install/cpp_launch/share/cpp_launch/cmake/cpp_launchConfig-version.cmake
[1.188s] -- Installing: /home/huang/ros2/ROS2/tools/install/cpp_launch/share/cpp_launch/package.xml
[1.188s] Invoked command in '/home/huang/ros2/ROS2/tools/build/cpp_launch' returned '0': CMAKE_PREFIX_PATH=${CMAKE_PREFIX_PATH}:/opt/ros/humble /usr/bin/cmake --install /home/huang/ros2/ROS2/tools/build/cpp_launch
