[0.013s] Invoking command in '/home/ros/ROS2/turtle/build/exercise': CMAKE_PREFIX_PATH=/opt/ros/humble /usr/bin/cmake /home/ros/ROS2/turtle/src/exercise -DCMAKE_INSTALL_PREFIX=/home/ros/ROS2/turtle/install/exercise
[0.339s] -- The C compiler identification is GNU 11.4.0
[1.181s] -- The CXX compiler identification is GNU 11.4.0
[1.703s] -- Detecting C compiler ABI info
[1.921s] -- Detecting C compiler ABI info - done
[1.926s] -- Check for working C compiler: /usr/bin/cc - skipped
[1.926s] -- Detecting C compile features
[1.927s] -- Detecting C compile features - done
[1.930s] -- Detecting CXX compiler ABI info
[2.127s] -- Detecting CXX compiler ABI info - done
[2.132s] -- Check for working CXX compiler: /usr/bin/c++ - skipped
[2.132s] -- Detecting CXX compile features
[2.132s] -- Detecting CXX compile features - done
[2.139s] -- Found ament_cmake: 1.3.8 (/opt/ros/humble/share/ament_cmake/cmake)
[2.235s] -- Found Python3: /usr/bin/python3 (found version "3.10.12") found components: Interpreter 
[2.308s] -- Found rclcpp: 16.0.8 (/opt/ros/humble/share/rclcpp/cmake)
[2.547s] -- Found rosidl_generator_c: 3.1.5 (/opt/ros/humble/share/rosidl_generator_c/cmake)
[2.552s] -- Found rosidl_adapter: 3.1.5 (/opt/ros/humble/share/rosidl_adapter/cmake)
[2.563s] -- Found rosidl_generator_cpp: 3.1.5 (/opt/ros/humble/share/rosidl_generator_cpp/cmake)
[2.579s] -- Using all available rosidl_typesupport_c: rosidl_typesupport_fastrtps_c;rosidl_typesupport_introspection_c
[2.598s] -- Using all available rosidl_typesupport_cpp: rosidl_typesupport_fastrtps_cpp;rosidl_typesupport_introspection_cpp
[2.659s] -- Found rmw_implementation_cmake: 6.1.1 (/opt/ros/humble/share/rmw_implementation_cmake/cmake)
[2.663s] -- Found rmw_fastrtps_cpp: 6.2.6 (/opt/ros/humble/share/rmw_fastrtps_cpp/cmake)
[4.866s] -- Found OpenSSL: /usr/lib/x86_64-linux-gnu/libcrypto.so (found version "3.0.2")  
[7.376s] -- Found FastRTPS: /opt/ros/humble/include  
[11.583s] -- Using RMW implementation 'rmw_fastrtps_cpp' as default
[11.595s] -- Looking for pthread.h
[11.788s] -- Looking for pthread.h - found
[11.788s] -- Performing Test CMAKE_HAVE_LIBC_PTHREAD
[11.987s] -- Performing Test CMAKE_HAVE_LIBC_PTHREAD - Success
[11.988s] -- Found Threads: TRUE  
[12.103s] -- Found turtlesim: 1.4.2 (/opt/ros/humble/share/turtlesim/cmake)
[14.239s] [31mCMake Error at CMakeLists.txt:12 (find_package):
[14.239s]   By not providing "Findbase_interface_demo.cmake" in CMAKE_MODULE_PATH this
[14.239s]   project has asked CMake to find a package configuration file provided by
[14.239s]   "base_interface_demo", but CMake did not find one.
[14.239s] 
[14.239s]   Could not find a package configuration file provided by
[14.240s]   "base_interface_demo" with any of the following names:
[14.240s] 
[14.240s]     base_interface_demoConfig.cmake
[14.240s]     base_interface_demo-config.cmake
[14.240s] 
[14.240s]   Add the installation prefix of "base_interface_demo" to CMAKE_PREFIX_PATH
[14.240s]   or set "base_interface_demo_DIR" to a directory containing one of the above
[14.240s]   files.  If "base_interface_demo" provides a separate development package or
[14.240s]   SDK, be sure it has been installed.
[14.240s] 
[14.240s] [0m
[14.240s] -- Configuring incomplete, errors occurred!
[14.240s] See also "/home/ros/ROS2/turtle/build/exercise/CMakeFiles/CMakeOutput.log".
[14.248s] Invoked command in '/home/ros/ROS2/turtle/build/exercise' returned '1': CMAKE_PREFIX_PATH=/opt/ros/humble /usr/bin/cmake /home/ros/ROS2/turtle/src/exercise -DCMAKE_INSTALL_PREFIX=/home/ros/ROS2/turtle/install/exercise
