[0.006s] Invoking command in '/home/huang/ros2/ROS2/coordinate_transformations/build/cpp_tf_turtle': CMAKE_PREFIX_PATH=/opt/ros/humble /usr/bin/cmake --build /home/huang/ros2/ROS2/coordinate_transformations/build/cpp_tf_turtle -- -j20 -l20
[0.022s] [35m[1mConsolidate compiler generated dependencies of target exer_tf_broadcaster[0m
[0.027s] [ 33%] Built target exer_spawn
[0.027s] [ 66%] Built target exer_tf_listener
[0.029s] [ 83%] [32mBuilding CXX object CMakeFiles/exer_tf_broadcaster.dir/src/exer_tf_broadcaster.cpp.o[0m
[1.427s] In file included from [01m[K/usr/include/x86_64-linux-gnu/c++/11/bits/c++allocator.h:33[m[K,
[1.427s]                  from [01m[K/usr/include/c++/11/bits/allocator.h:46[m[K,
[1.427s]                  from [01m[K/usr/include/c++/11/memory:64[m[K,
[1.427s]                  from [01m[K/opt/ros/humble/include/rclcpp/rclcpp/rclcpp.hpp:153[m[K,
[1.427s]                  from [01m[K/home/huang/ros2/ROS2/coordinate_transformations/src/cpp_tf_turtle/src/exer_tf_broadcaster.cpp:6[m[K:
[1.427s] /usr/include/c++/11/ext/new_allocator.h: In instantiation of ‘[01m[Kvoid __gnu_cxx::new_allocator<_Tp>::construct(_Up*, _Args&& ...) [with _Up = tf2_ros::TransformBroadcaster; _Args = {}; _Tp = tf2_ros::TransformBroadcaster][m[K’:
[1.427s] [01m[K/usr/include/c++/11/bits/alloc_traits.h:516:17:[m[K   required from ‘[01m[Kstatic void std::allocator_traits<std::allocator<_Tp1> >::construct(std::allocator_traits<std::allocator<_Tp1> >::allocator_type&, _Up*, _Args&& ...) [with _Up = tf2_ros::TransformBroadcaster; _Args = {}; _Tp = tf2_ros::TransformBroadcaster; std::allocator_traits<std::allocator<_Tp1> >::allocator_type = std::allocator<tf2_ros::TransformBroadcaster>][m[K’
[1.427s] [01m[K/usr/include/c++/11/bits/shared_ptr_base.h:519:39:[m[K   required from ‘[01m[Kstd::_Sp_counted_ptr_inplace<_Tp, _Alloc, _Lp>::_Sp_counted_ptr_inplace(_Alloc, _Args&& ...) [with _Args = {}; _Tp = tf2_ros::TransformBroadcaster; _Alloc = std::allocator<tf2_ros::TransformBroadcaster>; __gnu_cxx::_Lock_policy _Lp = __gnu_cxx::_S_atomic][m[K’
[1.427s] [01m[K/usr/include/c++/11/bits/shared_ptr_base.h:650:16:[m[K   required from ‘[01m[Kstd::__shared_count<_Lp>::__shared_count(_Tp*&, std::_Sp_alloc_shared_tag<_Alloc>, _Args&& ...) [with _Tp = tf2_ros::TransformBroadcaster; _Alloc = std::allocator<tf2_ros::TransformBroadcaster>; _Args = {}; __gnu_cxx::_Lock_policy _Lp = __gnu_cxx::_S_atomic][m[K’
[1.427s] [01m[K/usr/include/c++/11/bits/shared_ptr_base.h:1342:14:[m[K   required from ‘[01m[Kstd::__shared_ptr<_Tp, _Lp>::__shared_ptr(std::_Sp_alloc_shared_tag<_Tp>, _Args&& ...) [with _Alloc = std::allocator<tf2_ros::TransformBroadcaster>; _Args = {}; _Tp = tf2_ros::TransformBroadcaster; __gnu_cxx::_Lock_policy _Lp = __gnu_cxx::_S_atomic][m[K’
[1.427s] [01m[K/usr/include/c++/11/bits/shared_ptr.h:409:59:[m[K   required from ‘[01m[Kstd::shared_ptr<_Tp>::shared_ptr(std::_Sp_alloc_shared_tag<_Tp>, _Args&& ...) [with _Alloc = std::allocator<tf2_ros::TransformBroadcaster>; _Args = {}; _Tp = tf2_ros::TransformBroadcaster][m[K’
[1.427s] [01m[K/usr/include/c++/11/bits/shared_ptr.h:862:14:[m[K   required from ‘[01m[Kstd::shared_ptr<_Tp> std::allocate_shared(const _Alloc&, _Args&& ...) [with _Tp = tf2_ros::TransformBroadcaster; _Alloc = std::allocator<tf2_ros::TransformBroadcaster>; _Args = {}][m[K’
[1.427s] [01m[K/usr/include/c++/11/bits/shared_ptr.h:878:39:[m[K   required from ‘[01m[Kstd::shared_ptr<_Tp> std::make_shared(_Args&& ...) [with _Tp = tf2_ros::TransformBroadcaster; _Args = {}][m[K’
[1.427s] [01m[K/home/huang/ros2/ROS2/coordinate_transformations/src/cpp_tf_turtle/src/exer_tf_broadcaster.cpp:24:85:[m[K   required from here
[1.427s] [01m[K/usr/include/c++/11/ext/new_allocator.h:162:11:[m[K [01;31m[Kerror: [m[Kno matching function for call to ‘[01m[Ktf2_ros::TransformBroadcaster::TransformBroadcaster()[m[K’
[1.427s]   162 |         { [01;31m[K::new((void *)__p) _Up(std::forward<_Args>(__args)...)[m[K; }
[1.427s]       |           [01;31m[K^~~~~~~~~~~~~~~~~~~~~~~~~~~~~~~~~~~~~~~~~~~~~~~~~~~~~~[m[K
[1.427s] In file included from [01m[K/home/huang/ros2/ROS2/coordinate_transformations/src/cpp_tf_turtle/src/exer_tf_broadcaster.cpp:10[m[K:
[1.427s] [01m[K/opt/ros/humble/include/tf2_ros/tf2_ros/transform_broadcaster.h:58:3:[m[K [01;36m[Knote: [m[Kcandidate: ‘[01m[Ktemplate<class NodeT, class AllocatorT> tf2_ros::TransformBroadcaster::TransformBroadcaster(NodeT&&, const rclcpp::QoS&, const rclcpp::PublisherOptionsWithAllocator<AllocatorT>&)[m[K’
[1.427s]    58 |   [01;36m[KTransformBroadcaster[m[K(
[1.427s]       |   [01;36m[K^~~~~~~~~~~~~~~~~~~~[m[K
[1.427s] [01m[K/opt/ros/humble/include/tf2_ros/tf2_ros/transform_broadcaster.h:58:3:[m[K [01;36m[Knote: [m[K  template argument deduction/substitution failed:
[1.427s] In file included from [01m[K/usr/include/x86_64-linux-gnu/c++/11/bits/c++allocator.h:33[m[K,
[1.427s]                  from [01m[K/usr/include/c++/11/bits/allocator.h:46[m[K,
[1.427s]                  from [01m[K/usr/include/c++/11/memory:64[m[K,
[1.427s]                  from [01m[K/opt/ros/humble/include/rclcpp/rclcpp/rclcpp.hpp:153[m[K,
[1.427s]                  from [01m[K/home/huang/ros2/ROS2/coordinate_transformations/src/cpp_tf_turtle/src/exer_tf_broadcaster.cpp:6[m[K:
[1.427s] [01m[K/usr/include/c++/11/ext/new_allocator.h:162:11:[m[K [01;36m[Knote: [m[K  candidate expects 3 arguments, 0 provided
[1.427s]   162 |         { [01;36m[K::new((void *)__p) _Up(std::forward<_Args>(__args)...)[m[K; }
[1.427s]       |           [01;36m[K^~~~~~~~~~~~~~~~~~~~~~~~~~~~~~~~~~~~~~~~~~~~~~~~~~~~~~[m[K
[1.427s] In file included from [01m[K/home/huang/ros2/ROS2/coordinate_transformations/src/cpp_tf_turtle/src/exer_tf_broadcaster.cpp:10[m[K:
[1.427s] [01m[K/opt/ros/humble/include/tf2_ros/tf2_ros/transform_broadcaster.h:53:7:[m[K [01;36m[Knote: [m[Kcandidate: ‘[01m[Ktf2_ros::TransformBroadcaster::TransformBroadcaster(const tf2_ros::TransformBroadcaster&)[m[K’
[1.427s]    53 | class [01;36m[KTransformBroadcaster[m[K
[1.427s]       |       [01;36m[K^~~~~~~~~~~~~~~~~~~~[m[K
[1.427s] [01m[K/opt/ros/humble/include/tf2_ros/tf2_ros/transform_broadcaster.h:53:7:[m[K [01;36m[Knote: [m[K  candidate expects 1 argument, 0 provided
[1.427s] [01m[K/opt/ros/humble/include/tf2_ros/tf2_ros/transform_broadcaster.h:53:7:[m[K [01;36m[Knote: [m[Kcandidate: ‘[01m[Ktf2_ros::TransformBroadcaster::TransformBroadcaster(tf2_ros::TransformBroadcaster&&)[m[K’
[1.427s] [01m[K/opt/ros/humble/include/tf2_ros/tf2_ros/transform_broadcaster.h:53:7:[m[K [01;36m[Knote: [m[K  candidate expects 1 argument, 0 provided
[2.333s] gmake[2]: *** [CMakeFiles/exer_tf_broadcaster.dir/build.make:76: CMakeFiles/exer_tf_broadcaster.dir/src/exer_tf_broadcaster.cpp.o] Error 1
[2.333s] gmake[1]: *** [CMakeFiles/Makefile2:167: CMakeFiles/exer_tf_broadcaster.dir/all] Error 2
[2.333s] gmake: *** [Makefile:146: all] Error 2
[2.334s] Invoked command in '/home/huang/ros2/ROS2/coordinate_transformations/build/cpp_tf_turtle' returned '2': CMAKE_PREFIX_PATH=/opt/ros/humble /usr/bin/cmake --build /home/huang/ros2/ROS2/coordinate_transformations/build/cpp_tf_turtle -- -j20 -l20
