[0.005s] Invoking command in '/home/huang/ros2/ROS2/coordinate_transformations/build/cpp_tf_listener': CMAKE_PREFIX_PATH=${CMAKE_PREFIX_PATH}:/opt/ros/humble /usr/bin/cmake --build /home/huang/ros2/ROS2/coordinate_transformations/build/cpp_tf_listener -- -j20 -l20
[0.014s] [33mCMake Warning (dev) at CMakeLists.txt:39:
[0.014s]   Syntax Warning in cmake code at column 11
[0.014s] 
[0.014s]   Argument not separated from preceding token by whitespace.
[0.014s] This warning is for project developers.  Use -Wno-dev to suppress it.
[0.014s] [0m
[0.014s] [33mCMake Warning (dev) at CMakeLists.txt:46:
[0.014s]   Syntax Warning in cmake code at column 11
[0.015s] 
[0.015s]   Argument not separated from preceding token by whitespace.
[0.015s] This warning is for project developers.  Use -Wno-dev to suppress it.
[0.015s] [0m
[0.016s] -- Found ament_cmake: 1.3.10 (/opt/ros/humble/share/ament_cmake/cmake)
[0.075s] -- Found rclcpp: 16.0.10 (/opt/ros/humble/share/rclcpp/cmake)
[0.122s] -- Found rosidl_generator_c: 3.1.5 (/opt/ros/humble/share/rosidl_generator_c/cmake)
[0.123s] -- Found rosidl_adapter: 3.1.5 (/opt/ros/humble/share/rosidl_adapter/cmake)
[0.126s] -- Found rosidl_generator_cpp: 3.1.5 (/opt/ros/humble/share/rosidl_generator_cpp/cmake)
[0.131s] -- Using all available rosidl_typesupport_c: rosidl_typesupport_fastrtps_c;rosidl_typesupport_introspection_c
[0.136s] -- Using all available rosidl_typesupport_cpp: rosidl_typesupport_fastrtps_cpp;rosidl_typesupport_introspection_cpp
[0.152s] -- Found rmw_implementation_cmake: 6.1.2 (/opt/ros/humble/share/rmw_implementation_cmake/cmake)
[0.152s] -- Found rmw_fastrtps_cpp: 6.2.7 (/opt/ros/humble/share/rmw_fastrtps_cpp/cmake)
[1.436s] -- Using RMW implementation 'rmw_fastrtps_cpp' as default
[1.459s] -- Found tf2: 0.25.8 (/opt/ros/humble/share/tf2/cmake)
[1.466s] -- Found tf2_ros: 0.25.8 (/opt/ros/humble/share/tf2_ros/cmake)
[1.503s] [31mCMake Error at /opt/ros/humble/share/ament_cmake_target_dependencies/cmake/ament_target_dependencies.cmake:77 (message):
[1.503s]   ament_target_dependencies() the passed package name 'sss' was not found
[1.503s]   before
[1.503s] Call Stack (most recent call first):
[1.503s]   CMakeLists.txt:37 (ament_target_dependencies)
[1.503s] 
[1.503s] [0m
[1.503s] -- Configuring incomplete, errors occurred!
[1.503s] See also "/home/huang/ros2/ROS2/coordinate_transformations/build/cpp_tf_listener/CMakeFiles/CMakeOutput.log".
[1.506s] gmake: *** [Makefile:308: cmake_check_build_system] Error 1
[1.507s] Invoked command in '/home/huang/ros2/ROS2/coordinate_transformations/build/cpp_tf_listener' returned '2': CMAKE_PREFIX_PATH=${CMAKE_PREFIX_PATH}:/opt/ros/humble /usr/bin/cmake --build /home/huang/ros2/ROS2/coordinate_transformations/build/cpp_tf_listener -- -j20 -l20
