[0.006s] Invoking command in '/home/ros/ROS2/turtle/build/demo_topic': CMAKE_PREFIX_PATH=/opt/ros/humble /usr/bin/cmake /home/ros/ROS2/turtle/src/demo_topic -DCMAKE_INSTALL_PREFIX=/home/ros/ROS2/turtle/install/demo_topic
[0.019s] -- Found ament_cmake: 1.3.8 (/opt/ros/humble/share/ament_cmake/cmake)
[0.091s] -- Found rclcpp: 16.0.8 (/opt/ros/humble/share/rclcpp/cmake)
[0.277s] -- Found rosidl_generator_c: 3.1.5 (/opt/ros/humble/share/rosidl_generator_c/cmake)
[0.279s] -- Found rosidl_adapter: 3.1.5 (/opt/ros/humble/share/rosidl_adapter/cmake)
[0.283s] -- Found rosidl_generator_cpp: 3.1.5 (/opt/ros/humble/share/rosidl_generator_cpp/cmake)
[0.290s] -- Using all available rosidl_typesupport_c: rosidl_typesupport_fastrtps_c;rosidl_typesupport_introspection_c
[0.299s] -- Using all available rosidl_typesupport_cpp: rosidl_typesupport_fastrtps_cpp;rosidl_typesupport_introspection_cpp
[0.336s] -- Found rmw_implementation_cmake: 6.1.1 (/opt/ros/humble/share/rmw_implementation_cmake/cmake)
[0.337s] -- Found rmw_fastrtps_cpp: 6.2.6 (/opt/ros/humble/share/rmw_fastrtps_cpp/cmake)
[7.770s] -- Using RMW implementation 'rmw_fastrtps_cpp' as default
[7.857s] -- Found turtlesim: 1.4.2 (/opt/ros/humble/share/turtlesim/cmake)
[7.927s] -- Found ament_lint_auto: 0.12.10 (/opt/ros/humble/share/ament_lint_auto/cmake)
[7.983s] -- Added test 'cppcheck' to perform static code analysis on C / C++ code
[7.983s] -- Configured cppcheck include dirs: $<BUILD_INTERFACE:/home/ros/ROS2/turtle/src/demo_topic/include>
[7.984s] -- Configured cppcheck exclude dirs and/or files: 
[7.984s] -- Added test 'lint_cmake' to check CMake code style
[7.985s] -- Added test 'uncrustify' to check C / C++ code style
[7.985s] -- Configured uncrustify additional arguments: 
[7.986s] -- Added test 'xmllint' to check XML markup files
[7.987s] -- Configuring done
[7.996s] -- Generating done
[7.997s] -- Build files have been written to: /home/ros/ROS2/turtle/build/demo_topic
[8.002s] Invoked command in '/home/ros/ROS2/turtle/build/demo_topic' returned '0': CMAKE_PREFIX_PATH=/opt/ros/humble /usr/bin/cmake /home/ros/ROS2/turtle/src/demo_topic -DCMAKE_INSTALL_PREFIX=/home/ros/ROS2/turtle/install/demo_topic
[8.004s] Invoking command in '/home/ros/ROS2/turtle/build/demo_topic': CMAKE_PREFIX_PATH=/opt/ros/humble /usr/bin/cmake --build /home/ros/ROS2/turtle/build/demo_topic -- -j20 -l20
[8.029s] [ 50%] [32mBuilding CXX object CMakeFiles/pose_topic.dir/src/pose_topic.cpp.o[0m
[9.403s] In file included from [01m[K/opt/ros/humble/include/rclcpp/rclcpp/logging.hpp:24[m[K,
[9.403s]                  from [01m[K/opt/ros/humble/include/rclcpp/rclcpp/client.hpp:40[m[K,
[9.403s]                  from [01m[K/opt/ros/humble/include/rclcpp/rclcpp/callback_group.hpp:24[m[K,
[9.403s]                  from [01m[K/opt/ros/humble/include/rclcpp/rclcpp/any_executable.hpp:20[m[K,
[9.403s]                  from [01m[K/opt/ros/humble/include/rclcpp/rclcpp/memory_strategy.hpp:25[m[K,
[9.403s]                  from [01m[K/opt/ros/humble/include/rclcpp/rclcpp/memory_strategies.hpp:18[m[K,
[9.403s]                  from [01m[K/opt/ros/humble/include/rclcpp/rclcpp/executor_options.hpp:20[m[K,
[9.403s]                  from [01m[K/opt/ros/humble/include/rclcpp/rclcpp/executor.hpp:37[m[K,
[9.403s]                  from [01m[K/opt/ros/humble/include/rclcpp/rclcpp/executors/multi_threaded_executor.hpp:25[m[K,
[9.403s]                  from [01m[K/opt/ros/humble/include/rclcpp/rclcpp/executors.hpp:21[m[K,
[9.403s]                  from [01m[K/opt/ros/humble/include/rclcpp/rclcpp/rclcpp.hpp:155[m[K,
[9.403s]                  from [01m[K/home/ros/ROS2/turtle/src/demo_topic/src/pose_topic.cpp:1[m[K:
[9.403s] [01m[K/home/ros/ROS2/turtle/src/demo_topic/src/pose_topic.cpp:[m[K In member function ‘[01m[Kvoid Pose_topic::CallbackGroup(const Pose&)[m[K’:
[9.403s] [01m[K/home/ros/ROS2/turtle/src/demo_topic/src/pose_topic.cpp:21:36:[m[K [01;35m[Kwarning: [m[Ktoo many arguments for format [[01;35m[K]8;;https://gcc.gnu.org/onlinedocs/gcc/Warning-Options.html#index-Wformat-extra-args-Wformat-extra-args]8;;[m[K]
[9.403s]    21 |     RCLCPP_INFO(this->get_logger(),[01;35m[K"theta:"[m[K,msg.theta);
[9.403s]       |                                    [01;35m[K^~~~~~~~[m[K
[12.974s] [100%] [32m[1mLinking CXX executable pose_topic[0m
[13.349s] [100%] Built target pose_topic
[13.356s] Invoked command in '/home/ros/ROS2/turtle/build/demo_topic' returned '0': CMAKE_PREFIX_PATH=/opt/ros/humble /usr/bin/cmake --build /home/ros/ROS2/turtle/build/demo_topic -- -j20 -l20
[13.374s] Invoking command in '/home/ros/ROS2/turtle/build/demo_topic': CMAKE_PREFIX_PATH=/opt/ros/humble /usr/bin/cmake --install /home/ros/ROS2/turtle/build/demo_topic
[13.378s] -- Install configuration: ""
[13.379s] -- Installing: /home/ros/ROS2/turtle/install/demo_topic/lib/demo_topic/pose_topic
[13.381s] -- Set runtime path of "/home/ros/ROS2/turtle/install/demo_topic/lib/demo_topic/pose_topic" to ""
[13.381s] -- Installing: /home/ros/ROS2/turtle/install/demo_topic/share/ament_index/resource_index/package_run_dependencies/demo_topic
[13.381s] -- Installing: /home/ros/ROS2/turtle/install/demo_topic/share/ament_index/resource_index/parent_prefix_path/demo_topic
[13.382s] -- Installing: /home/ros/ROS2/turtle/install/demo_topic/share/demo_topic/environment/ament_prefix_path.sh
[13.382s] -- Installing: /home/ros/ROS2/turtle/install/demo_topic/share/demo_topic/environment/ament_prefix_path.dsv
[13.382s] -- Installing: /home/ros/ROS2/turtle/install/demo_topic/share/demo_topic/environment/path.sh
[13.382s] -- Installing: /home/ros/ROS2/turtle/install/demo_topic/share/demo_topic/environment/path.dsv
[13.382s] -- Installing: /home/ros/ROS2/turtle/install/demo_topic/share/demo_topic/local_setup.bash
[13.382s] -- Installing: /home/ros/ROS2/turtle/install/demo_topic/share/demo_topic/local_setup.sh
[13.383s] -- Installing: /home/ros/ROS2/turtle/install/demo_topic/share/demo_topic/local_setup.zsh
[13.383s] -- Installing: /home/ros/ROS2/turtle/install/demo_topic/share/demo_topic/local_setup.dsv
[13.383s] -- Installing: /home/ros/ROS2/turtle/install/demo_topic/share/demo_topic/package.dsv
[13.383s] -- Installing: /home/ros/ROS2/turtle/install/demo_topic/share/ament_index/resource_index/packages/demo_topic
[13.383s] -- Installing: /home/ros/ROS2/turtle/install/demo_topic/share/demo_topic/cmake/demo_topicConfig.cmake
[13.383s] -- Installing: /home/ros/ROS2/turtle/install/demo_topic/share/demo_topic/cmake/demo_topicConfig-version.cmake
[13.383s] -- Installing: /home/ros/ROS2/turtle/install/demo_topic/share/demo_topic/package.xml
[13.384s] Invoked command in '/home/ros/ROS2/turtle/build/demo_topic' returned '0': CMAKE_PREFIX_PATH=/opt/ros/humble /usr/bin/cmake --install /home/ros/ROS2/turtle/build/demo_topic
