[0.061s] DEBUG:colcon:Command line arguments: ['/usr/bin/colcon', 'build']
[0.061s] DEBUG:colcon:Parsed command line arguments: Namespace(log_base=None, log_level=None, verb_name='build', build_base='build', install_base='install', merge_install=False, symlink_install=False, test_result_base=None, continue_on_error=False, executor='parallel', parallel_workers=20, event_handlers=None, ignore_user_meta=False, metas=['./colcon.meta'], base_paths=['.'], packages_ignore=None, packages_ignore_regex=None, paths=None, packages_up_to=None, packages_up_to_regex=None, packages_above=None, packages_above_and_dependencies=None, packages_above_depth=None, packages_select_by_dep=None, packages_skip_by_dep=None, packages_skip_up_to=None, packages_select_build_failed=False, packages_skip_build_finished=False, packages_select_test_failures=False, packages_skip_test_passed=False, packages_select=None, packages_skip=None, packages_select_regex=None, packages_skip_regex=None, packages_start=None, packages_end=None, allow_overriding=[], cmake_args=None, cmake_target=None, cmake_target_skip_unavailable=False, cmake_clean_cache=False, cmake_clean_first=False, cmake_force_configure=False, ament_cmake_args=None, catkin_cmake_args=None, catkin_skip_building_tests=False, verb_parser=<colcon_defaults.argument_parser.defaults.DefaultArgumentsDecorator object at 0x7f97fbca32b0>, verb_extension=<colcon_core.verb.build.BuildVerb object at 0x7f97fbc50bb0>, main=<bound method BuildVerb.main of <colcon_core.verb.build.BuildVerb object at 0x7f97fbc50bb0>>)
[0.120s] Level 1:colcon.colcon_core.package_discovery:discover_packages(colcon_meta) check parameters
[0.120s] Level 1:colcon.colcon_core.package_discovery:discover_packages(recursive) check parameters
[0.120s] Level 1:colcon.colcon_core.package_discovery:discover_packages(ignore) check parameters
[0.120s] Level 1:colcon.colcon_core.package_discovery:discover_packages(path) check parameters
[0.120s] Level 1:colcon.colcon_core.package_discovery:discover_packages(colcon_meta) discover
[0.120s] Level 1:colcon.colcon_core.package_discovery:discover_packages(recursive) discover
[0.120s] INFO:colcon.colcon_core.package_discovery:Crawling recursively for packages in '/home/huang/ros2/ROS2/tools'
[0.120s] Level 1:colcon.colcon_core.package_identification:_identify(.) by extensions ['ignore', 'ignore_ament_install']
[0.120s] Level 1:colcon.colcon_core.package_identification:_identify(.) by extension 'ignore'
[0.120s] Level 1:colcon.colcon_core.package_identification:_identify(.) by extension 'ignore_ament_install'
[0.120s] Level 1:colcon.colcon_core.package_identification:_identify(.) by extensions ['colcon_pkg']
[0.120s] Level 1:colcon.colcon_core.package_identification:_identify(.) by extension 'colcon_pkg'
[0.120s] Level 1:colcon.colcon_core.package_identification:_identify(.) by extensions ['colcon_meta']
[0.120s] Level 1:colcon.colcon_core.package_identification:_identify(.) by extension 'colcon_meta'
[0.120s] Level 1:colcon.colcon_core.package_identification:_identify(.) by extensions ['ros']
[0.120s] Level 1:colcon.colcon_core.package_identification:_identify(.) by extension 'ros'
[0.125s] Level 1:colcon.colcon_core.package_identification:_identify(.) by extensions ['cmake', 'python']
[0.125s] Level 1:colcon.colcon_core.package_identification:_identify(.) by extension 'cmake'
[0.125s] Level 1:colcon.colcon_core.package_identification:_identify(.) by extension 'python'
[0.125s] Level 1:colcon.colcon_core.package_identification:_identify(.) by extensions ['python_setup_py']
[0.125s] Level 1:colcon.colcon_core.package_identification:_identify(.) by extension 'python_setup_py'
[0.125s] Level 1:colcon.colcon_core.package_identification:_identify(build) by extensions ['ignore', 'ignore_ament_install']
[0.125s] Level 1:colcon.colcon_core.package_identification:_identify(build) by extension 'ignore'
[0.125s] Level 1:colcon.colcon_core.package_identification:_identify(build) ignored
[0.125s] Level 1:colcon.colcon_core.package_identification:_identify(install) by extensions ['ignore', 'ignore_ament_install']
[0.125s] Level 1:colcon.colcon_core.package_identification:_identify(install) by extension 'ignore'
[0.125s] Level 1:colcon.colcon_core.package_identification:_identify(install) ignored
[0.125s] Level 1:colcon.colcon_core.package_identification:_identify(log) by extensions ['ignore', 'ignore_ament_install']
[0.125s] Level 1:colcon.colcon_core.package_identification:_identify(log) by extension 'ignore'
[0.125s] Level 1:colcon.colcon_core.package_identification:_identify(log) ignored
[0.126s] Level 1:colcon.colcon_core.package_identification:_identify(my_bag) by extensions ['ignore', 'ignore_ament_install']
[0.126s] Level 1:colcon.colcon_core.package_identification:_identify(my_bag) by extension 'ignore'
[0.126s] Level 1:colcon.colcon_core.package_identification:_identify(my_bag) by extension 'ignore_ament_install'
[0.126s] Level 1:colcon.colcon_core.package_identification:_identify(my_bag) by extensions ['colcon_pkg']
[0.126s] Level 1:colcon.colcon_core.package_identification:_identify(my_bag) by extension 'colcon_pkg'
[0.126s] Level 1:colcon.colcon_core.package_identification:_identify(my_bag) by extensions ['colcon_meta']
[0.126s] Level 1:colcon.colcon_core.package_identification:_identify(my_bag) by extension 'colcon_meta'
[0.126s] Level 1:colcon.colcon_core.package_identification:_identify(my_bag) by extensions ['ros']
[0.126s] Level 1:colcon.colcon_core.package_identification:_identify(my_bag) by extension 'ros'
[0.126s] Level 1:colcon.colcon_core.package_identification:_identify(my_bag) by extensions ['cmake', 'python']
[0.126s] Level 1:colcon.colcon_core.package_identification:_identify(my_bag) by extension 'cmake'
[0.126s] Level 1:colcon.colcon_core.package_identification:_identify(my_bag) by extension 'python'
[0.126s] Level 1:colcon.colcon_core.package_identification:_identify(my_bag) by extensions ['python_setup_py']
[0.126s] Level 1:colcon.colcon_core.package_identification:_identify(my_bag) by extension 'python_setup_py'
[0.126s] Level 1:colcon.colcon_core.package_identification:_identify(src) by extensions ['ignore', 'ignore_ament_install']
[0.126s] Level 1:colcon.colcon_core.package_identification:_identify(src) by extension 'ignore'
[0.126s] Level 1:colcon.colcon_core.package_identification:_identify(src) by extension 'ignore_ament_install'
[0.126s] Level 1:colcon.colcon_core.package_identification:_identify(src) by extensions ['colcon_pkg']
[0.126s] Level 1:colcon.colcon_core.package_identification:_identify(src) by extension 'colcon_pkg'
[0.126s] Level 1:colcon.colcon_core.package_identification:_identify(src) by extensions ['colcon_meta']
[0.126s] Level 1:colcon.colcon_core.package_identification:_identify(src) by extension 'colcon_meta'
[0.126s] Level 1:colcon.colcon_core.package_identification:_identify(src) by extensions ['ros']
[0.126s] Level 1:colcon.colcon_core.package_identification:_identify(src) by extension 'ros'
[0.126s] Level 1:colcon.colcon_core.package_identification:_identify(src) by extensions ['cmake', 'python']
[0.126s] Level 1:colcon.colcon_core.package_identification:_identify(src) by extension 'cmake'
[0.126s] Level 1:colcon.colcon_core.package_identification:_identify(src) by extension 'python'
[0.126s] Level 1:colcon.colcon_core.package_identification:_identify(src) by extensions ['python_setup_py']
[0.126s] Level 1:colcon.colcon_core.package_identification:_identify(src) by extension 'python_setup_py'
[0.126s] Level 1:colcon.colcon_core.package_identification:_identify(src/cpp_launch) by extensions ['ignore', 'ignore_ament_install']
[0.126s] Level 1:colcon.colcon_core.package_identification:_identify(src/cpp_launch) by extension 'ignore'
[0.126s] Level 1:colcon.colcon_core.package_identification:_identify(src/cpp_launch) by extension 'ignore_ament_install'
[0.126s] Level 1:colcon.colcon_core.package_identification:_identify(src/cpp_launch) by extensions ['colcon_pkg']
[0.126s] Level 1:colcon.colcon_core.package_identification:_identify(src/cpp_launch) by extension 'colcon_pkg'
[0.126s] Level 1:colcon.colcon_core.package_identification:_identify(src/cpp_launch) by extensions ['colcon_meta']
[0.126s] Level 1:colcon.colcon_core.package_identification:_identify(src/cpp_launch) by extension 'colcon_meta'
[0.126s] Level 1:colcon.colcon_core.package_identification:_identify(src/cpp_launch) by extensions ['ros']
[0.126s] Level 1:colcon.colcon_core.package_identification:_identify(src/cpp_launch) by extension 'ros'
[0.127s] DEBUG:colcon.colcon_core.package_identification:Package 'src/cpp_launch' with type 'ros.ament_cmake' and name 'cpp_launch'
[0.127s] Level 1:colcon.colcon_core.package_identification:_identify(src/cpp_rosbag) by extensions ['ignore', 'ignore_ament_install']
[0.128s] Level 1:colcon.colcon_core.package_identification:_identify(src/cpp_rosbag) by extension 'ignore'
[0.128s] Level 1:colcon.colcon_core.package_identification:_identify(src/cpp_rosbag) by extension 'ignore_ament_install'
[0.128s] Level 1:colcon.colcon_core.package_identification:_identify(src/cpp_rosbag) by extensions ['colcon_pkg']
[0.128s] Level 1:colcon.colcon_core.package_identification:_identify(src/cpp_rosbag) by extension 'colcon_pkg'
[0.128s] Level 1:colcon.colcon_core.package_identification:_identify(src/cpp_rosbag) by extensions ['colcon_meta']
[0.128s] Level 1:colcon.colcon_core.package_identification:_identify(src/cpp_rosbag) by extension 'colcon_meta'
[0.128s] Level 1:colcon.colcon_core.package_identification:_identify(src/cpp_rosbag) by extensions ['ros']
[0.128s] Level 1:colcon.colcon_core.package_identification:_identify(src/cpp_rosbag) by extension 'ros'
[0.128s] DEBUG:colcon.colcon_core.package_identification:Package 'src/cpp_rosbag' with type 'ros.ament_cmake' and name 'cpp_rosbag'
[0.128s] Level 1:colcon.colcon_core.package_discovery:discover_packages(recursive) using defaults
[0.128s] Level 1:colcon.colcon_core.package_discovery:discover_packages(ignore) discover
[0.128s] Level 1:colcon.colcon_core.package_discovery:discover_packages(ignore) using defaults
[0.128s] Level 1:colcon.colcon_core.package_discovery:discover_packages(path) discover
[0.128s] Level 1:colcon.colcon_core.package_discovery:discover_packages(path) using defaults
[0.138s] Level 1:colcon.colcon_core.package_discovery:discover_packages(prefix_path) check parameters
[0.138s] Level 1:colcon.colcon_core.package_discovery:discover_packages(prefix_path) discover
[0.138s] DEBUG:colcon.colcon_installed_package_information.package_discovery:Found 6 installed packages in /home/huang/ros2/ROS2/communication_mechanism/install
[0.139s] DEBUG:colcon.colcon_installed_package_information.package_discovery:Found 270 installed packages in /opt/ros/humble
[0.140s] Level 1:colcon.colcon_core.package_discovery:discover_packages(prefix_path) using defaults
[0.162s] Level 5:colcon.colcon_core.verb:set package 'cpp_launch' build argument 'cmake_args' from command line to 'None'
[0.162s] Level 5:colcon.colcon_core.verb:set package 'cpp_launch' build argument 'cmake_target' from command line to 'None'
[0.162s] Level 5:colcon.colcon_core.verb:set package 'cpp_launch' build argument 'cmake_target_skip_unavailable' from command line to 'False'
[0.162s] Level 5:colcon.colcon_core.verb:set package 'cpp_launch' build argument 'cmake_clean_cache' from command line to 'False'
[0.162s] Level 5:colcon.colcon_core.verb:set package 'cpp_launch' build argument 'cmake_clean_first' from command line to 'False'
[0.162s] Level 5:colcon.colcon_core.verb:set package 'cpp_launch' build argument 'cmake_force_configure' from command line to 'False'
[0.163s] Level 5:colcon.colcon_core.verb:set package 'cpp_launch' build argument 'ament_cmake_args' from command line to 'None'
[0.163s] Level 5:colcon.colcon_core.verb:set package 'cpp_launch' build argument 'catkin_cmake_args' from command line to 'None'
[0.163s] Level 5:colcon.colcon_core.verb:set package 'cpp_launch' build argument 'catkin_skip_building_tests' from command line to 'False'
[0.163s] DEBUG:colcon.colcon_core.verb:Building package 'cpp_launch' with the following arguments: {'ament_cmake_args': None, 'build_base': '/home/huang/ros2/ROS2/tools/build/cpp_launch', 'catkin_cmake_args': None, 'catkin_skip_building_tests': False, 'cmake_args': None, 'cmake_clean_cache': False, 'cmake_clean_first': False, 'cmake_force_configure': False, 'cmake_target': None, 'cmake_target_skip_unavailable': False, 'install_base': '/home/huang/ros2/ROS2/tools/install/cpp_launch', 'merge_install': False, 'path': '/home/huang/ros2/ROS2/tools/src/cpp_launch', 'symlink_install': False, 'test_result_base': None}
[0.163s] Level 5:colcon.colcon_core.verb:set package 'cpp_rosbag' build argument 'cmake_args' from command line to 'None'
[0.163s] Level 5:colcon.colcon_core.verb:set package 'cpp_rosbag' build argument 'cmake_target' from command line to 'None'
[0.163s] Level 5:colcon.colcon_core.verb:set package 'cpp_rosbag' build argument 'cmake_target_skip_unavailable' from command line to 'False'
[0.163s] Level 5:colcon.colcon_core.verb:set package 'cpp_rosbag' build argument 'cmake_clean_cache' from command line to 'False'
[0.163s] Level 5:colcon.colcon_core.verb:set package 'cpp_rosbag' build argument 'cmake_clean_first' from command line to 'False'
[0.163s] Level 5:colcon.colcon_core.verb:set package 'cpp_rosbag' build argument 'cmake_force_configure' from command line to 'False'
[0.163s] Level 5:colcon.colcon_core.verb:set package 'cpp_rosbag' build argument 'ament_cmake_args' from command line to 'None'
[0.163s] Level 5:colcon.colcon_core.verb:set package 'cpp_rosbag' build argument 'catkin_cmake_args' from command line to 'None'
[0.163s] Level 5:colcon.colcon_core.verb:set package 'cpp_rosbag' build argument 'catkin_skip_building_tests' from command line to 'False'
[0.163s] DEBUG:colcon.colcon_core.verb:Building package 'cpp_rosbag' with the following arguments: {'ament_cmake_args': None, 'build_base': '/home/huang/ros2/ROS2/tools/build/cpp_rosbag', 'catkin_cmake_args': None, 'catkin_skip_building_tests': False, 'cmake_args': None, 'cmake_clean_cache': False, 'cmake_clean_first': False, 'cmake_force_configure': False, 'cmake_target': None, 'cmake_target_skip_unavailable': False, 'install_base': '/home/huang/ros2/ROS2/tools/install/cpp_rosbag', 'merge_install': False, 'path': '/home/huang/ros2/ROS2/tools/src/cpp_rosbag', 'symlink_install': False, 'test_result_base': None}
[0.163s] INFO:colcon.colcon_core.executor:Executing jobs using 'parallel' executor
[0.164s] DEBUG:colcon.colcon_parallel_executor.executor.parallel:run_until_complete
[0.164s] INFO:colcon.colcon_ros.task.ament_cmake.build:Building ROS package in '/home/huang/ros2/ROS2/tools/src/cpp_launch' with build type 'ament_cmake'
[0.164s] INFO:colcon.colcon_cmake.task.cmake.build:Building CMake package in '/home/huang/ros2/ROS2/tools/src/cpp_launch'
[0.165s] INFO:colcon.colcon_core.plugin_system:Skipping extension 'colcon_core.shell.bat': Not used on non-Windows systems
[0.165s] INFO:colcon.colcon_core.shell:Skip shell extension 'powershell' for command environment: Not usable outside of PowerShell
[0.165s] DEBUG:colcon.colcon_core.shell:Skip shell extension 'dsv' for command environment
[0.167s] INFO:colcon.colcon_ros.task.ament_cmake.build:Building ROS package in '/home/huang/ros2/ROS2/tools/src/cpp_rosbag' with build type 'ament_cmake'
[0.167s] INFO:colcon.colcon_cmake.task.cmake.build:Building CMake package in '/home/huang/ros2/ROS2/tools/src/cpp_rosbag'
[0.167s] INFO:colcon.colcon_core.shell:Skip shell extension 'powershell' for command environment: Not usable outside of PowerShell
[0.167s] DEBUG:colcon.colcon_core.shell:Skip shell extension 'dsv' for command environment
[0.172s] DEBUG:colcon.colcon_core.event_handler.log_command:Invoking command in '/home/huang/ros2/ROS2/tools/build/cpp_launch': CMAKE_PREFIX_PATH=${CMAKE_PREFIX_PATH}:/opt/ros/humble /usr/bin/cmake /home/huang/ros2/ROS2/tools/src/cpp_launch -DCMAKE_INSTALL_PREFIX=/home/huang/ros2/ROS2/tools/install/cpp_launch
[0.174s] DEBUG:colcon.colcon_core.event_handler.log_command:Invoking command in '/home/huang/ros2/ROS2/tools/build/cpp_rosbag': CMAKE_PREFIX_PATH=${CMAKE_PREFIX_PATH}:/opt/ros/humble /usr/bin/cmake /home/huang/ros2/ROS2/tools/src/cpp_rosbag -DCMAKE_INSTALL_PREFIX=/home/huang/ros2/ROS2/tools/install/cpp_rosbag
[1.316s] DEBUG:colcon.colcon_core.event_handler.log_command:Invoked command in '/home/huang/ros2/ROS2/tools/build/cpp_launch' returned '0': CMAKE_PREFIX_PATH=${CMAKE_PREFIX_PATH}:/opt/ros/humble /usr/bin/cmake /home/huang/ros2/ROS2/tools/src/cpp_launch -DCMAKE_INSTALL_PREFIX=/home/huang/ros2/ROS2/tools/install/cpp_launch
[1.317s] DEBUG:colcon.colcon_core.event_handler.log_command:Invoking command in '/home/huang/ros2/ROS2/tools/build/cpp_launch': CMAKE_PREFIX_PATH=${CMAKE_PREFIX_PATH}:/opt/ros/humble /usr/bin/cmake --build /home/huang/ros2/ROS2/tools/build/cpp_launch -- -j20 -l20
[1.333s] DEBUG:colcon.colcon_core.event_handler.log_command:Invoked command in '/home/huang/ros2/ROS2/tools/build/cpp_launch' returned '0': CMAKE_PREFIX_PATH=${CMAKE_PREFIX_PATH}:/opt/ros/humble /usr/bin/cmake --build /home/huang/ros2/ROS2/tools/build/cpp_launch -- -j20 -l20
[1.346s] DEBUG:colcon.colcon_core.event_handler.log_command:Invoking command in '/home/huang/ros2/ROS2/tools/build/cpp_launch': CMAKE_PREFIX_PATH=${CMAKE_PREFIX_PATH}:/opt/ros/humble /usr/bin/cmake --install /home/huang/ros2/ROS2/tools/build/cpp_launch
[1.352s] Level 1:colcon.colcon_core.environment:create_environment_scripts_only(cpp_launch)
[1.352s] DEBUG:colcon.colcon_core.event_handler.log_command:Invoked command in '/home/huang/ros2/ROS2/tools/build/cpp_launch' returned '0': CMAKE_PREFIX_PATH=${CMAKE_PREFIX_PATH}:/opt/ros/humble /usr/bin/cmake --install /home/huang/ros2/ROS2/tools/build/cpp_launch
[1.354s] Level 1:colcon.colcon_core.environment:checking '/home/huang/ros2/ROS2/tools/install/cpp_launch' for CMake module files
[1.354s] Level 1:colcon.colcon_core.environment:checking '/home/huang/ros2/ROS2/tools/install/cpp_launch' for CMake config files
[1.354s] Level 1:colcon.colcon_core.shell:create_environment_hook('cpp_launch', 'cmake_prefix_path')
[1.354s] INFO:colcon.colcon_core.shell:Creating environment hook '/home/huang/ros2/ROS2/tools/install/cpp_launch/share/cpp_launch/hook/cmake_prefix_path.ps1'
[1.354s] INFO:colcon.colcon_core.shell:Creating environment descriptor '/home/huang/ros2/ROS2/tools/install/cpp_launch/share/cpp_launch/hook/cmake_prefix_path.dsv'
[1.354s] INFO:colcon.colcon_core.shell:Creating environment hook '/home/huang/ros2/ROS2/tools/install/cpp_launch/share/cpp_launch/hook/cmake_prefix_path.sh'
[1.355s] Level 1:colcon.colcon_core.environment:checking '/home/huang/ros2/ROS2/tools/install/cpp_launch/bin'
[1.355s] Level 1:colcon.colcon_core.environment:checking '/home/huang/ros2/ROS2/tools/install/cpp_launch/lib/pkgconfig/cpp_launch.pc'
[1.355s] Level 1:colcon.colcon_core.environment:checking '/home/huang/ros2/ROS2/tools/install/cpp_launch/lib/python3.10/site-packages'
[1.355s] Level 1:colcon.colcon_core.environment:checking '/home/huang/ros2/ROS2/tools/install/cpp_launch/bin'
[1.355s] INFO:colcon.colcon_core.shell:Creating package script '/home/huang/ros2/ROS2/tools/install/cpp_launch/share/cpp_launch/package.ps1'
[1.355s] INFO:colcon.colcon_core.shell:Creating package descriptor '/home/huang/ros2/ROS2/tools/install/cpp_launch/share/cpp_launch/package.dsv'
[1.356s] INFO:colcon.colcon_core.shell:Creating package script '/home/huang/ros2/ROS2/tools/install/cpp_launch/share/cpp_launch/package.sh'
[1.356s] INFO:colcon.colcon_core.shell:Creating package script '/home/huang/ros2/ROS2/tools/install/cpp_launch/share/cpp_launch/package.bash'
[1.356s] INFO:colcon.colcon_core.shell:Creating package script '/home/huang/ros2/ROS2/tools/install/cpp_launch/share/cpp_launch/package.zsh'
[1.356s] Level 1:colcon.colcon_core.environment:create_file_with_runtime_dependencies(/home/huang/ros2/ROS2/tools/install/cpp_launch/share/colcon-core/packages/cpp_launch)
[1.365s] Level 1:colcon.colcon_core.environment:create_environment_scripts_only(cpp_launch)
[1.365s] Level 1:colcon.colcon_core.environment:checking '/home/huang/ros2/ROS2/tools/install/cpp_launch' for CMake module files
[1.366s] Level 1:colcon.colcon_core.environment:checking '/home/huang/ros2/ROS2/tools/install/cpp_launch' for CMake config files
[1.366s] Level 1:colcon.colcon_core.shell:create_environment_hook('cpp_launch', 'cmake_prefix_path')
[1.366s] INFO:colcon.colcon_core.shell:Creating environment hook '/home/huang/ros2/ROS2/tools/install/cpp_launch/share/cpp_launch/hook/cmake_prefix_path.ps1'
[1.366s] INFO:colcon.colcon_core.shell:Creating environment descriptor '/home/huang/ros2/ROS2/tools/install/cpp_launch/share/cpp_launch/hook/cmake_prefix_path.dsv'
[1.366s] INFO:colcon.colcon_core.shell:Creating environment hook '/home/huang/ros2/ROS2/tools/install/cpp_launch/share/cpp_launch/hook/cmake_prefix_path.sh'
[1.366s] Level 1:colcon.colcon_core.environment:checking '/home/huang/ros2/ROS2/tools/install/cpp_launch/bin'
[1.366s] Level 1:colcon.colcon_core.environment:checking '/home/huang/ros2/ROS2/tools/install/cpp_launch/lib/pkgconfig/cpp_launch.pc'
[1.366s] Level 1:colcon.colcon_core.environment:checking '/home/huang/ros2/ROS2/tools/install/cpp_launch/lib/python3.10/site-packages'
[1.366s] Level 1:colcon.colcon_core.environment:checking '/home/huang/ros2/ROS2/tools/install/cpp_launch/bin'
[1.367s] INFO:colcon.colcon_core.shell:Creating package script '/home/huang/ros2/ROS2/tools/install/cpp_launch/share/cpp_launch/package.ps1'
[1.367s] INFO:colcon.colcon_core.shell:Creating package descriptor '/home/huang/ros2/ROS2/tools/install/cpp_launch/share/cpp_launch/package.dsv'
[1.367s] INFO:colcon.colcon_core.shell:Creating package script '/home/huang/ros2/ROS2/tools/install/cpp_launch/share/cpp_launch/package.sh'
[1.367s] INFO:colcon.colcon_core.shell:Creating package script '/home/huang/ros2/ROS2/tools/install/cpp_launch/share/cpp_launch/package.bash'
[1.367s] INFO:colcon.colcon_core.shell:Creating package script '/home/huang/ros2/ROS2/tools/install/cpp_launch/share/cpp_launch/package.zsh'
[1.367s] Level 1:colcon.colcon_core.environment:create_file_with_runtime_dependencies(/home/huang/ros2/ROS2/tools/install/cpp_launch/share/colcon-core/packages/cpp_launch)
[1.585s] DEBUG:colcon.colcon_core.event_handler.log_command:Invoked command in '/home/huang/ros2/ROS2/tools/build/cpp_rosbag' returned '0': CMAKE_PREFIX_PATH=${CMAKE_PREFIX_PATH}:/opt/ros/humble /usr/bin/cmake /home/huang/ros2/ROS2/tools/src/cpp_rosbag -DCMAKE_INSTALL_PREFIX=/home/huang/ros2/ROS2/tools/install/cpp_rosbag
[1.586s] DEBUG:colcon.colcon_core.event_handler.log_command:Invoking command in '/home/huang/ros2/ROS2/tools/build/cpp_rosbag': CMAKE_PREFIX_PATH=${CMAKE_PREFIX_PATH}:/opt/ros/humble /usr/bin/cmake --build /home/huang/ros2/ROS2/tools/build/cpp_rosbag -- -j20 -l20
[5.970s] DEBUG:colcon.colcon_core.event_handler.log_command:Invoked command in '/home/huang/ros2/ROS2/tools/build/cpp_rosbag' returned '0': CMAKE_PREFIX_PATH=${CMAKE_PREFIX_PATH}:/opt/ros/humble /usr/bin/cmake --build /home/huang/ros2/ROS2/tools/build/cpp_rosbag -- -j20 -l20
[5.983s] DEBUG:colcon.colcon_core.event_handler.log_command:Invoking command in '/home/huang/ros2/ROS2/tools/build/cpp_rosbag': CMAKE_PREFIX_PATH=${CMAKE_PREFIX_PATH}:/opt/ros/humble /usr/bin/cmake --install /home/huang/ros2/ROS2/tools/build/cpp_rosbag
[5.990s] Level 1:colcon.colcon_core.environment:create_environment_scripts_only(cpp_rosbag)
[5.990s] Level 1:colcon.colcon_core.environment:checking '/home/huang/ros2/ROS2/tools/install/cpp_rosbag' for CMake module files
[5.990s] DEBUG:colcon.colcon_core.event_handler.log_command:Invoked command in '/home/huang/ros2/ROS2/tools/build/cpp_rosbag' returned '0': CMAKE_PREFIX_PATH=${CMAKE_PREFIX_PATH}:/opt/ros/humble /usr/bin/cmake --install /home/huang/ros2/ROS2/tools/build/cpp_rosbag
[5.991s] Level 1:colcon.colcon_core.environment:checking '/home/huang/ros2/ROS2/tools/install/cpp_rosbag' for CMake config files
[5.991s] Level 1:colcon.colcon_core.shell:create_environment_hook('cpp_rosbag', 'cmake_prefix_path')
[5.991s] INFO:colcon.colcon_core.shell:Creating environment hook '/home/huang/ros2/ROS2/tools/install/cpp_rosbag/share/cpp_rosbag/hook/cmake_prefix_path.ps1'
[5.991s] INFO:colcon.colcon_core.shell:Creating environment descriptor '/home/huang/ros2/ROS2/tools/install/cpp_rosbag/share/cpp_rosbag/hook/cmake_prefix_path.dsv'
[5.991s] INFO:colcon.colcon_core.shell:Creating environment hook '/home/huang/ros2/ROS2/tools/install/cpp_rosbag/share/cpp_rosbag/hook/cmake_prefix_path.sh'
[5.992s] Level 1:colcon.colcon_core.environment:checking '/home/huang/ros2/ROS2/tools/install/cpp_rosbag/lib'
[5.992s] Level 1:colcon.colcon_core.environment:checking '/home/huang/ros2/ROS2/tools/install/cpp_rosbag/bin'
[5.992s] Level 1:colcon.colcon_core.environment:checking '/home/huang/ros2/ROS2/tools/install/cpp_rosbag/lib/pkgconfig/cpp_rosbag.pc'
[5.992s] Level 1:colcon.colcon_core.environment:checking '/home/huang/ros2/ROS2/tools/install/cpp_rosbag/lib/python3.10/site-packages'
[5.992s] Level 1:colcon.colcon_core.environment:checking '/home/huang/ros2/ROS2/tools/install/cpp_rosbag/bin'
[5.992s] INFO:colcon.colcon_core.shell:Creating package script '/home/huang/ros2/ROS2/tools/install/cpp_rosbag/share/cpp_rosbag/package.ps1'
[5.992s] INFO:colcon.colcon_core.shell:Creating package descriptor '/home/huang/ros2/ROS2/tools/install/cpp_rosbag/share/cpp_rosbag/package.dsv'
[5.992s] INFO:colcon.colcon_core.shell:Creating package script '/home/huang/ros2/ROS2/tools/install/cpp_rosbag/share/cpp_rosbag/package.sh'
[5.993s] INFO:colcon.colcon_core.shell:Creating package script '/home/huang/ros2/ROS2/tools/install/cpp_rosbag/share/cpp_rosbag/package.bash'
[5.993s] INFO:colcon.colcon_core.shell:Creating package script '/home/huang/ros2/ROS2/tools/install/cpp_rosbag/share/cpp_rosbag/package.zsh'
[5.993s] Level 1:colcon.colcon_core.environment:create_file_with_runtime_dependencies(/home/huang/ros2/ROS2/tools/install/cpp_rosbag/share/colcon-core/packages/cpp_rosbag)
[6.005s] Level 1:colcon.colcon_core.environment:create_environment_scripts_only(cpp_rosbag)
[6.005s] Level 1:colcon.colcon_core.environment:checking '/home/huang/ros2/ROS2/tools/install/cpp_rosbag' for CMake module files
[6.005s] Level 1:colcon.colcon_core.environment:checking '/home/huang/ros2/ROS2/tools/install/cpp_rosbag' for CMake config files
[6.006s] Level 1:colcon.colcon_core.shell:create_environment_hook('cpp_rosbag', 'cmake_prefix_path')
[6.006s] INFO:colcon.colcon_core.shell:Creating environment hook '/home/huang/ros2/ROS2/tools/install/cpp_rosbag/share/cpp_rosbag/hook/cmake_prefix_path.ps1'
[6.006s] INFO:colcon.colcon_core.shell:Creating environment descriptor '/home/huang/ros2/ROS2/tools/install/cpp_rosbag/share/cpp_rosbag/hook/cmake_prefix_path.dsv'
[6.006s] INFO:colcon.colcon_core.shell:Creating environment hook '/home/huang/ros2/ROS2/tools/install/cpp_rosbag/share/cpp_rosbag/hook/cmake_prefix_path.sh'
[6.006s] Level 1:colcon.colcon_core.environment:checking '/home/huang/ros2/ROS2/tools/install/cpp_rosbag/lib'
[6.006s] Level 1:colcon.colcon_core.environment:checking '/home/huang/ros2/ROS2/tools/install/cpp_rosbag/bin'
[6.006s] Level 1:colcon.colcon_core.environment:checking '/home/huang/ros2/ROS2/tools/install/cpp_rosbag/lib/pkgconfig/cpp_rosbag.pc'
[6.006s] Level 1:colcon.colcon_core.environment:checking '/home/huang/ros2/ROS2/tools/install/cpp_rosbag/lib/python3.10/site-packages'
[6.006s] Level 1:colcon.colcon_core.environment:checking '/home/huang/ros2/ROS2/tools/install/cpp_rosbag/bin'
[6.007s] INFO:colcon.colcon_core.shell:Creating package script '/home/huang/ros2/ROS2/tools/install/cpp_rosbag/share/cpp_rosbag/package.ps1'
[6.007s] INFO:colcon.colcon_core.shell:Creating package descriptor '/home/huang/ros2/ROS2/tools/install/cpp_rosbag/share/cpp_rosbag/package.dsv'
[6.007s] INFO:colcon.colcon_core.shell:Creating package script '/home/huang/ros2/ROS2/tools/install/cpp_rosbag/share/cpp_rosbag/package.sh'
[6.007s] INFO:colcon.colcon_core.shell:Creating package script '/home/huang/ros2/ROS2/tools/install/cpp_rosbag/share/cpp_rosbag/package.bash'
[6.007s] INFO:colcon.colcon_core.shell:Creating package script '/home/huang/ros2/ROS2/tools/install/cpp_rosbag/share/cpp_rosbag/package.zsh'
[6.007s] Level 1:colcon.colcon_core.environment:create_file_with_runtime_dependencies(/home/huang/ros2/ROS2/tools/install/cpp_rosbag/share/colcon-core/packages/cpp_rosbag)
[6.008s] DEBUG:colcon.colcon_parallel_executor.executor.parallel:closing loop
[6.008s] DEBUG:colcon.colcon_parallel_executor.executor.parallel:loop closed
[6.008s] DEBUG:colcon.colcon_parallel_executor.executor.parallel:run_until_complete finished with '0'
[6.008s] DEBUG:colcon.colcon_core.event_reactor:joining thread
[6.026s] INFO:colcon.colcon_core.plugin_system:Skipping extension 'colcon_notification.desktop_notification.notify_send': Could not find 'notify-send'
[6.026s] INFO:colcon.colcon_core.plugin_system:Skipping extension 'colcon_notification.desktop_notification.terminal_notifier': Not used on non-Darwin systems
[6.026s] INFO:colcon.colcon_core.plugin_system:Skipping extension 'colcon_notification.desktop_notification.win32': Not used on non-Windows systems
[6.026s] INFO:colcon.colcon_notification.desktop_notification:Sending desktop notification using 'notify2'
[6.027s] DEBUG:colcon.colcon_notification.desktop_notification.notify2:Failed to initialize notify2: org.freedesktop.DBus.Error.ServiceUnknown: The name org.freedesktop.Notifications was not provided by any .service files
[6.027s] DEBUG:colcon.colcon_core.event_reactor:joined thread
[6.027s] INFO:colcon.colcon_core.shell:Creating prefix script '/home/huang/ros2/ROS2/tools/install/local_setup.ps1'
[6.028s] INFO:colcon.colcon_core.shell:Creating prefix util module '/home/huang/ros2/ROS2/tools/install/_local_setup_util_ps1.py'
[6.028s] INFO:colcon.colcon_core.shell:Creating prefix chain script '/home/huang/ros2/ROS2/tools/install/setup.ps1'
[6.029s] INFO:colcon.colcon_core.shell:Creating prefix script '/home/huang/ros2/ROS2/tools/install/local_setup.sh'
[6.029s] INFO:colcon.colcon_core.shell:Creating prefix util module '/home/huang/ros2/ROS2/tools/install/_local_setup_util_sh.py'
[6.029s] INFO:colcon.colcon_core.shell:Creating prefix chain script '/home/huang/ros2/ROS2/tools/install/setup.sh'
[6.030s] INFO:colcon.colcon_core.shell:Creating prefix script '/home/huang/ros2/ROS2/tools/install/local_setup.bash'
[6.030s] INFO:colcon.colcon_core.shell:Creating prefix chain script '/home/huang/ros2/ROS2/tools/install/setup.bash'
[6.030s] INFO:colcon.colcon_core.shell:Creating prefix script '/home/huang/ros2/ROS2/tools/install/local_setup.zsh'
[6.030s] INFO:colcon.colcon_core.shell:Creating prefix chain script '/home/huang/ros2/ROS2/tools/install/setup.zsh'
