[0.018s] Invoking command in '/home/ros/ROS2/tools/build/cpp_rosbag': CMAKE_PREFIX_PATH=${CMAKE_PREFIX_PATH}:/opt/ros/humble /usr/bin/cmake --build /home/ros/ROS2/tools/build/cpp_rosbag -- -j20 -l20
[0.042s] [35m[1mConsolidate compiler generated dependencies of target bag_reader[0m
[0.046s] [ 33%] Built target demo
[0.049s] [ 66%] Built target bag_writer
[0.053s] [ 83%] [32mBuilding CXX object CMakeFiles/bag_reader.dir/src/bag_reader.cpp.o[0m
[2.321s] [100%] [32m[1mLinking CXX executable bag_reader[0m
[2.576s] [100%] Built target bag_reader
[2.583s] Invoked command in '/home/ros/ROS2/tools/build/cpp_rosbag' returned '0': CMAKE_PREFIX_PATH=${CMAKE_PREFIX_PATH}:/opt/ros/humble /usr/bin/cmake --build /home/ros/ROS2/tools/build/cpp_rosbag -- -j20 -l20
[2.611s] Invoking command in '/home/ros/ROS2/tools/build/cpp_rosbag': CMAKE_PREFIX_PATH=${CMAKE_PREFIX_PATH}:/opt/ros/humble /usr/bin/cmake --install /home/ros/ROS2/tools/build/cpp_rosbag
[2.615s] -- Install configuration: ""
[2.615s] -- Up-to-date: /home/ros/ROS2/tools/install/cpp_rosbag/lib/cpp_rosbag/demo
[2.615s] -- Up-to-date: /home/ros/ROS2/tools/install/cpp_rosbag/lib/cpp_rosbag/bag_writer
[2.615s] -- Installing: /home/ros/ROS2/tools/install/cpp_rosbag/lib/cpp_rosbag/bag_reader
[2.616s] -- Set runtime path of "/home/ros/ROS2/tools/install/cpp_rosbag/lib/cpp_rosbag/bag_reader" to ""
[2.616s] -- Up-to-date: /home/ros/ROS2/tools/install/cpp_rosbag/share/ament_index/resource_index/package_run_dependencies/cpp_rosbag
[2.616s] -- Up-to-date: /home/ros/ROS2/tools/install/cpp_rosbag/share/ament_index/resource_index/parent_prefix_path/cpp_rosbag
[2.616s] -- Up-to-date: /home/ros/ROS2/tools/install/cpp_rosbag/share/cpp_rosbag/environment/ament_prefix_path.sh
[2.617s] -- Up-to-date: /home/ros/ROS2/tools/install/cpp_rosbag/share/cpp_rosbag/environment/ament_prefix_path.dsv
[2.617s] -- Up-to-date: /home/ros/ROS2/tools/install/cpp_rosbag/share/cpp_rosbag/environment/path.sh
[2.617s] -- Up-to-date: /home/ros/ROS2/tools/install/cpp_rosbag/share/cpp_rosbag/environment/path.dsv
[2.617s] -- Up-to-date: /home/ros/ROS2/tools/install/cpp_rosbag/share/cpp_rosbag/local_setup.bash
[2.617s] -- Up-to-date: /home/ros/ROS2/tools/install/cpp_rosbag/share/cpp_rosbag/local_setup.sh
[2.617s] -- Up-to-date: /home/ros/ROS2/tools/install/cpp_rosbag/share/cpp_rosbag/local_setup.zsh
[2.617s] -- Up-to-date: /home/ros/ROS2/tools/install/cpp_rosbag/share/cpp_rosbag/local_setup.dsv
[2.617s] -- Installing: /home/ros/ROS2/tools/install/cpp_rosbag/share/cpp_rosbag/package.dsv
[2.617s] -- Up-to-date: /home/ros/ROS2/tools/install/cpp_rosbag/share/ament_index/resource_index/packages/cpp_rosbag
[2.617s] -- Up-to-date: /home/ros/ROS2/tools/install/cpp_rosbag/share/cpp_rosbag/cmake/cpp_rosbagConfig.cmake
[2.617s] -- Up-to-date: /home/ros/ROS2/tools/install/cpp_rosbag/share/cpp_rosbag/cmake/cpp_rosbagConfig-version.cmake
[2.617s] -- Up-to-date: /home/ros/ROS2/tools/install/cpp_rosbag/share/cpp_rosbag/package.xml
[2.619s] Invoked command in '/home/ros/ROS2/tools/build/cpp_rosbag' returned '0': CMAKE_PREFIX_PATH=${CMAKE_PREFIX_PATH}:/opt/ros/humble /usr/bin/cmake --install /home/ros/ROS2/tools/build/cpp_rosbag
