[0.007s] Invoking command in '/home/ros/ROS2/communication_mechanism/build/cpp_param': CMAKE_PREFIX_PATH=${CMAKE_PREFIX_PATH}:/opt/ros/humble /usr/bin/cmake --build /home/ros/ROS2/communication_mechanism/build/cpp_param -- -j20 -l20
[0.032s] [35m[1mConsolidate compiler generated dependencies of target demo_param_client[0m
[0.038s] [ 33%] Built target demo_param
[0.039s] [ 66%] Built target demo_param_server
[0.041s] [ 83%] [32mBuilding CXX object CMakeFiles/demo_param_client.dir/src/demo_param_client.cpp.o[0m
[1.923s] [100%] [32m[1mLinking CXX executable demo_param_client[0m
[2.146s] [100%] Built target demo_param_client
[2.152s] Invoked command in '/home/ros/ROS2/communication_mechanism/build/cpp_param' returned '0': CMAKE_PREFIX_PATH=${CMAKE_PREFIX_PATH}:/opt/ros/humble /usr/bin/cmake --build /home/ros/ROS2/communication_mechanism/build/cpp_param -- -j20 -l20
[2.176s] Invoking command in '/home/ros/ROS2/communication_mechanism/build/cpp_param': CMAKE_PREFIX_PATH=${CMAKE_PREFIX_PATH}:/opt/ros/humble /usr/bin/cmake --install /home/ros/ROS2/communication_mechanism/build/cpp_param
[2.179s] -- Install configuration: ""
[2.179s] -- Up-to-date: /home/ros/ROS2/communication_mechanism/install/cpp_param/lib/cpp_param/demo_param
[2.179s] -- Up-to-date: /home/ros/ROS2/communication_mechanism/install/cpp_param/lib/cpp_param/demo_param_server
[2.179s] -- Installing: /home/ros/ROS2/communication_mechanism/install/cpp_param/lib/cpp_param/demo_param_client
[2.180s] -- Set runtime path of "/home/ros/ROS2/communication_mechanism/install/cpp_param/lib/cpp_param/demo_param_client" to ""
[2.180s] -- Up-to-date: /home/ros/ROS2/communication_mechanism/install/cpp_param/share/ament_index/resource_index/package_run_dependencies/cpp_param
[2.180s] -- Up-to-date: /home/ros/ROS2/communication_mechanism/install/cpp_param/share/ament_index/resource_index/parent_prefix_path/cpp_param
[2.181s] -- Up-to-date: /home/ros/ROS2/communication_mechanism/install/cpp_param/share/cpp_param/environment/ament_prefix_path.sh
[2.181s] -- Up-to-date: /home/ros/ROS2/communication_mechanism/install/cpp_param/share/cpp_param/environment/ament_prefix_path.dsv
[2.181s] -- Up-to-date: /home/ros/ROS2/communication_mechanism/install/cpp_param/share/cpp_param/environment/path.sh
[2.181s] -- Up-to-date: /home/ros/ROS2/communication_mechanism/install/cpp_param/share/cpp_param/environment/path.dsv
[2.181s] -- Up-to-date: /home/ros/ROS2/communication_mechanism/install/cpp_param/share/cpp_param/local_setup.bash
[2.181s] -- Up-to-date: /home/ros/ROS2/communication_mechanism/install/cpp_param/share/cpp_param/local_setup.sh
[2.181s] -- Up-to-date: /home/ros/ROS2/communication_mechanism/install/cpp_param/share/cpp_param/local_setup.zsh
[2.181s] -- Up-to-date: /home/ros/ROS2/communication_mechanism/install/cpp_param/share/cpp_param/local_setup.dsv
[2.181s] -- Installing: /home/ros/ROS2/communication_mechanism/install/cpp_param/share/cpp_param/package.dsv
[2.181s] -- Up-to-date: /home/ros/ROS2/communication_mechanism/install/cpp_param/share/ament_index/resource_index/packages/cpp_param
[2.182s] -- Up-to-date: /home/ros/ROS2/communication_mechanism/install/cpp_param/share/cpp_param/cmake/cpp_paramConfig.cmake
[2.182s] -- Up-to-date: /home/ros/ROS2/communication_mechanism/install/cpp_param/share/cpp_param/cmake/cpp_paramConfig-version.cmake
[2.182s] -- Up-to-date: /home/ros/ROS2/communication_mechanism/install/cpp_param/share/cpp_param/package.xml
[2.183s] Invoked command in '/home/ros/ROS2/communication_mechanism/build/cpp_param' returned '0': CMAKE_PREFIX_PATH=${CMAKE_PREFIX_PATH}:/opt/ros/humble /usr/bin/cmake --install /home/ros/ROS2/communication_mechanism/build/cpp_param
