[0.284s] DEBUG:colcon:Command line arguments: ['/usr/bin/colcon', 'build', '--packages-select', 'exercise']
[0.284s] DEBUG:colcon:Parsed command line arguments: Namespace(log_base=None, log_level=None, verb_name='build', build_base='build', install_base='install', merge_install=False, symlink_install=False, test_result_base=None, continue_on_error=False, executor='parallel', parallel_workers=20, event_handlers=None, ignore_user_meta=False, metas=['./colcon.meta'], base_paths=['.'], packages_ignore=None, packages_ignore_regex=None, paths=None, packages_up_to=None, packages_up_to_regex=None, packages_above=None, packages_above_and_dependencies=None, packages_above_depth=None, packages_select_by_dep=None, packages_skip_by_dep=None, packages_skip_up_to=None, packages_select_build_failed=False, packages_skip_build_finished=False, packages_select_test_failures=False, packages_skip_test_passed=False, packages_select=['exercise'], packages_skip=None, packages_select_regex=None, packages_skip_regex=None, packages_start=None, packages_end=None, allow_overriding=[], cmake_args=None, cmake_target=None, cmake_target_skip_unavailable=False, cmake_clean_cache=False, cmake_clean_first=False, cmake_force_configure=False, ament_cmake_args=None, catkin_cmake_args=None, catkin_skip_building_tests=False, verb_parser=<colcon_defaults.argument_parser.defaults.DefaultArgumentsDecorator object at 0x7feca91d2f80>, verb_extension=<colcon_core.verb.build.BuildVerb object at 0x7feca93239a0>, main=<bound method BuildVerb.main of <colcon_core.verb.build.BuildVerb object at 0x7feca93239a0>>)
[0.447s] Level 1:colcon.colcon_core.package_discovery:discover_packages(colcon_meta) check parameters
[0.447s] Level 1:colcon.colcon_core.package_discovery:discover_packages(recursive) check parameters
[0.447s] Level 1:colcon.colcon_core.package_discovery:discover_packages(ignore) check parameters
[0.447s] Level 1:colcon.colcon_core.package_discovery:discover_packages(path) check parameters
[0.447s] Level 1:colcon.colcon_core.package_discovery:discover_packages(colcon_meta) discover
[0.447s] Level 1:colcon.colcon_core.package_discovery:discover_packages(recursive) discover
[0.447s] INFO:colcon.colcon_core.package_discovery:Crawling recursively for packages in '/home/ros/ROS2/turtle'
[0.447s] Level 1:colcon.colcon_core.package_identification:_identify(.) by extensions ['ignore', 'ignore_ament_install']
[0.447s] Level 1:colcon.colcon_core.package_identification:_identify(.) by extension 'ignore'
[0.447s] Level 1:colcon.colcon_core.package_identification:_identify(.) by extension 'ignore_ament_install'
[0.447s] Level 1:colcon.colcon_core.package_identification:_identify(.) by extensions ['colcon_pkg']
[0.447s] Level 1:colcon.colcon_core.package_identification:_identify(.) by extension 'colcon_pkg'
[0.447s] Level 1:colcon.colcon_core.package_identification:_identify(.) by extensions ['colcon_meta']
[0.448s] Level 1:colcon.colcon_core.package_identification:_identify(.) by extension 'colcon_meta'
[0.448s] Level 1:colcon.colcon_core.package_identification:_identify(.) by extensions ['ros']
[0.448s] Level 1:colcon.colcon_core.package_identification:_identify(.) by extension 'ros'
[0.457s] Level 1:colcon.colcon_core.package_identification:_identify(.) by extensions ['cmake', 'python']
[0.457s] Level 1:colcon.colcon_core.package_identification:_identify(.) by extension 'cmake'
[0.457s] Level 1:colcon.colcon_core.package_identification:_identify(.) by extension 'python'
[0.457s] Level 1:colcon.colcon_core.package_identification:_identify(.) by extensions ['python_setup_py']
[0.457s] Level 1:colcon.colcon_core.package_identification:_identify(.) by extension 'python_setup_py'
[0.457s] Level 1:colcon.colcon_core.package_identification:_identify(build) by extensions ['ignore', 'ignore_ament_install']
[0.457s] Level 1:colcon.colcon_core.package_identification:_identify(build) by extension 'ignore'
[0.457s] Level 1:colcon.colcon_core.package_identification:_identify(build) ignored
[0.457s] Level 1:colcon.colcon_core.package_identification:_identify(install) by extensions ['ignore', 'ignore_ament_install']
[0.457s] Level 1:colcon.colcon_core.package_identification:_identify(install) by extension 'ignore'
[0.457s] Level 1:colcon.colcon_core.package_identification:_identify(install) ignored
[0.457s] Level 1:colcon.colcon_core.package_identification:_identify(log) by extensions ['ignore', 'ignore_ament_install']
[0.457s] Level 1:colcon.colcon_core.package_identification:_identify(log) by extension 'ignore'
[0.457s] Level 1:colcon.colcon_core.package_identification:_identify(log) ignored
[0.457s] Level 1:colcon.colcon_core.package_identification:_identify(src) by extensions ['ignore', 'ignore_ament_install']
[0.457s] Level 1:colcon.colcon_core.package_identification:_identify(src) by extension 'ignore'
[0.457s] Level 1:colcon.colcon_core.package_identification:_identify(src) by extension 'ignore_ament_install'
[0.457s] Level 1:colcon.colcon_core.package_identification:_identify(src) by extensions ['colcon_pkg']
[0.458s] Level 1:colcon.colcon_core.package_identification:_identify(src) by extension 'colcon_pkg'
[0.458s] Level 1:colcon.colcon_core.package_identification:_identify(src) by extensions ['colcon_meta']
[0.458s] Level 1:colcon.colcon_core.package_identification:_identify(src) by extension 'colcon_meta'
[0.458s] Level 1:colcon.colcon_core.package_identification:_identify(src) by extensions ['ros']
[0.458s] Level 1:colcon.colcon_core.package_identification:_identify(src) by extension 'ros'
[0.458s] Level 1:colcon.colcon_core.package_identification:_identify(src) by extensions ['cmake', 'python']
[0.458s] Level 1:colcon.colcon_core.package_identification:_identify(src) by extension 'cmake'
[0.458s] Level 1:colcon.colcon_core.package_identification:_identify(src) by extension 'python'
[0.458s] Level 1:colcon.colcon_core.package_identification:_identify(src) by extensions ['python_setup_py']
[0.458s] Level 1:colcon.colcon_core.package_identification:_identify(src) by extension 'python_setup_py'
[0.458s] Level 1:colcon.colcon_core.package_identification:_identify(src/demo_topic) by extensions ['ignore', 'ignore_ament_install']
[0.458s] Level 1:colcon.colcon_core.package_identification:_identify(src/demo_topic) by extension 'ignore'
[0.458s] Level 1:colcon.colcon_core.package_identification:_identify(src/demo_topic) by extension 'ignore_ament_install'
[0.458s] Level 1:colcon.colcon_core.package_identification:_identify(src/demo_topic) by extensions ['colcon_pkg']
[0.458s] Level 1:colcon.colcon_core.package_identification:_identify(src/demo_topic) by extension 'colcon_pkg'
[0.458s] Level 1:colcon.colcon_core.package_identification:_identify(src/demo_topic) by extensions ['colcon_meta']
[0.458s] Level 1:colcon.colcon_core.package_identification:_identify(src/demo_topic) by extension 'colcon_meta'
[0.458s] Level 1:colcon.colcon_core.package_identification:_identify(src/demo_topic) by extensions ['ros']
[0.458s] Level 1:colcon.colcon_core.package_identification:_identify(src/demo_topic) by extension 'ros'
[0.461s] DEBUG:colcon.colcon_core.package_identification:Package 'src/demo_topic' with type 'ros.ament_cmake' and name 'demo_topic'
[0.461s] Level 1:colcon.colcon_core.package_identification:_identify(src/exercise) by extensions ['ignore', 'ignore_ament_install']
[0.461s] Level 1:colcon.colcon_core.package_identification:_identify(src/exercise) by extension 'ignore'
[0.461s] Level 1:colcon.colcon_core.package_identification:_identify(src/exercise) by extension 'ignore_ament_install'
[0.461s] Level 1:colcon.colcon_core.package_identification:_identify(src/exercise) by extensions ['colcon_pkg']
[0.461s] Level 1:colcon.colcon_core.package_identification:_identify(src/exercise) by extension 'colcon_pkg'
[0.461s] Level 1:colcon.colcon_core.package_identification:_identify(src/exercise) by extensions ['colcon_meta']
[0.461s] Level 1:colcon.colcon_core.package_identification:_identify(src/exercise) by extension 'colcon_meta'
[0.461s] Level 1:colcon.colcon_core.package_identification:_identify(src/exercise) by extensions ['ros']
[0.461s] Level 1:colcon.colcon_core.package_identification:_identify(src/exercise) by extension 'ros'
[0.462s] DEBUG:colcon.colcon_core.package_identification:Package 'src/exercise' with type 'ros.ament_cmake' and name 'exercise'
[0.462s] Level 1:colcon.colcon_core.package_discovery:discover_packages(recursive) using defaults
[0.462s] Level 1:colcon.colcon_core.package_discovery:discover_packages(ignore) discover
[0.462s] Level 1:colcon.colcon_core.package_discovery:discover_packages(ignore) using defaults
[0.462s] Level 1:colcon.colcon_core.package_discovery:discover_packages(path) discover
[0.462s] Level 1:colcon.colcon_core.package_discovery:discover_packages(path) using defaults
[0.481s] INFO:colcon.colcon_core.package_selection:Skipping not selected package 'demo_topic' in 'src/demo_topic'
[0.481s] Level 1:colcon.colcon_core.package_discovery:discover_packages(prefix_path) check parameters
[0.481s] Level 1:colcon.colcon_core.package_discovery:discover_packages(prefix_path) discover
[0.484s] DEBUG:colcon.colcon_installed_package_information.package_discovery:Found 270 installed packages in /opt/ros/humble
[0.485s] Level 1:colcon.colcon_core.package_discovery:discover_packages(prefix_path) using defaults
[0.518s] Level 5:colcon.colcon_core.verb:set package 'exercise' build argument 'cmake_args' from command line to 'None'
[0.518s] Level 5:colcon.colcon_core.verb:set package 'exercise' build argument 'cmake_target' from command line to 'None'
[0.518s] Level 5:colcon.colcon_core.verb:set package 'exercise' build argument 'cmake_target_skip_unavailable' from command line to 'False'
[0.518s] Level 5:colcon.colcon_core.verb:set package 'exercise' build argument 'cmake_clean_cache' from command line to 'False'
[0.518s] Level 5:colcon.colcon_core.verb:set package 'exercise' build argument 'cmake_clean_first' from command line to 'False'
[0.518s] Level 5:colcon.colcon_core.verb:set package 'exercise' build argument 'cmake_force_configure' from command line to 'False'
[0.518s] Level 5:colcon.colcon_core.verb:set package 'exercise' build argument 'ament_cmake_args' from command line to 'None'
[0.518s] Level 5:colcon.colcon_core.verb:set package 'exercise' build argument 'catkin_cmake_args' from command line to 'None'
[0.518s] Level 5:colcon.colcon_core.verb:set package 'exercise' build argument 'catkin_skip_building_tests' from command line to 'False'
[0.518s] DEBUG:colcon.colcon_core.verb:Building package 'exercise' with the following arguments: {'ament_cmake_args': None, 'build_base': '/home/ros/ROS2/turtle/build/exercise', 'catkin_cmake_args': None, 'catkin_skip_building_tests': False, 'cmake_args': None, 'cmake_clean_cache': False, 'cmake_clean_first': False, 'cmake_force_configure': False, 'cmake_target': None, 'cmake_target_skip_unavailable': False, 'install_base': '/home/ros/ROS2/turtle/install/exercise', 'merge_install': False, 'path': '/home/ros/ROS2/turtle/src/exercise', 'symlink_install': False, 'test_result_base': None}
[0.519s] INFO:colcon.colcon_core.executor:Executing jobs using 'parallel' executor
[0.519s] DEBUG:colcon.colcon_parallel_executor.executor.parallel:run_until_complete
[0.520s] INFO:colcon.colcon_ros.task.ament_cmake.build:Building ROS package in '/home/ros/ROS2/turtle/src/exercise' with build type 'ament_cmake'
[0.520s] INFO:colcon.colcon_cmake.task.cmake.build:Building CMake package in '/home/ros/ROS2/turtle/src/exercise'
[0.523s] INFO:colcon.colcon_core.plugin_system:Skipping extension 'colcon_core.shell.bat': Not used on non-Windows systems
[0.523s] INFO:colcon.colcon_core.shell:Skip shell extension 'powershell' for command environment: Not usable outside of PowerShell
[0.524s] DEBUG:colcon.colcon_core.shell:Skip shell extension 'dsv' for command environment
[0.530s] DEBUG:colcon.colcon_core.event_handler.log_command:Invoking command in '/home/ros/ROS2/turtle/build/exercise': CMAKE_PREFIX_PATH=/opt/ros/humble /usr/bin/cmake --build /home/ros/ROS2/turtle/build/exercise -- -j20 -l20
[11.289s] DEBUG:colcon.colcon_core.event_handler.log_command:Invoked command in '/home/ros/ROS2/turtle/build/exercise' returned '0': CMAKE_PREFIX_PATH=/opt/ros/humble /usr/bin/cmake --build /home/ros/ROS2/turtle/build/exercise -- -j20 -l20
[11.308s] DEBUG:colcon.colcon_core.event_handler.log_command:Invoking command in '/home/ros/ROS2/turtle/build/exercise': CMAKE_PREFIX_PATH=/opt/ros/humble /usr/bin/cmake --install /home/ros/ROS2/turtle/build/exercise
[11.315s] Level 1:colcon.colcon_core.environment:create_environment_scripts_only(exercise)
[11.315s] DEBUG:colcon.colcon_core.event_handler.log_command:Invoked command in '/home/ros/ROS2/turtle/build/exercise' returned '0': CMAKE_PREFIX_PATH=/opt/ros/humble /usr/bin/cmake --install /home/ros/ROS2/turtle/build/exercise
[11.320s] Level 1:colcon.colcon_core.environment:checking '/home/ros/ROS2/turtle/install/exercise' for CMake module files
[11.320s] Level 1:colcon.colcon_core.environment:checking '/home/ros/ROS2/turtle/install/exercise' for CMake config files
[11.320s] Level 1:colcon.colcon_core.shell:create_environment_hook('exercise', 'cmake_prefix_path')
[11.320s] INFO:colcon.colcon_core.shell:Creating environment hook '/home/ros/ROS2/turtle/install/exercise/share/exercise/hook/cmake_prefix_path.ps1'
[11.321s] INFO:colcon.colcon_core.shell:Creating environment descriptor '/home/ros/ROS2/turtle/install/exercise/share/exercise/hook/cmake_prefix_path.dsv'
[11.322s] INFO:colcon.colcon_core.shell:Creating environment hook '/home/ros/ROS2/turtle/install/exercise/share/exercise/hook/cmake_prefix_path.sh'
[11.322s] Level 1:colcon.colcon_core.environment:checking '/home/ros/ROS2/turtle/install/exercise/lib'
[11.323s] Level 1:colcon.colcon_core.environment:checking '/home/ros/ROS2/turtle/install/exercise/bin'
[11.323s] Level 1:colcon.colcon_core.environment:checking '/home/ros/ROS2/turtle/install/exercise/lib/pkgconfig/exercise.pc'
[11.323s] Level 1:colcon.colcon_core.environment:checking '/home/ros/ROS2/turtle/install/exercise/lib/python3.10/site-packages'
[11.323s] Level 1:colcon.colcon_core.environment:checking '/home/ros/ROS2/turtle/install/exercise/bin'
[11.323s] INFO:colcon.colcon_core.shell:Creating package script '/home/ros/ROS2/turtle/install/exercise/share/exercise/package.ps1'
[11.324s] INFO:colcon.colcon_core.shell:Creating package descriptor '/home/ros/ROS2/turtle/install/exercise/share/exercise/package.dsv'
[11.324s] INFO:colcon.colcon_core.shell:Creating package script '/home/ros/ROS2/turtle/install/exercise/share/exercise/package.sh'
[11.325s] INFO:colcon.colcon_core.shell:Creating package script '/home/ros/ROS2/turtle/install/exercise/share/exercise/package.bash'
[11.325s] INFO:colcon.colcon_core.shell:Creating package script '/home/ros/ROS2/turtle/install/exercise/share/exercise/package.zsh'
[11.326s] Level 1:colcon.colcon_core.environment:create_file_with_runtime_dependencies(/home/ros/ROS2/turtle/install/exercise/share/colcon-core/packages/exercise)
[11.343s] Level 1:colcon.colcon_core.environment:create_environment_scripts_only(exercise)
[11.343s] Level 1:colcon.colcon_core.environment:checking '/home/ros/ROS2/turtle/install/exercise' for CMake module files
[11.343s] Level 1:colcon.colcon_core.environment:checking '/home/ros/ROS2/turtle/install/exercise' for CMake config files
[11.344s] Level 1:colcon.colcon_core.shell:create_environment_hook('exercise', 'cmake_prefix_path')
[11.344s] INFO:colcon.colcon_core.shell:Creating environment hook '/home/ros/ROS2/turtle/install/exercise/share/exercise/hook/cmake_prefix_path.ps1'
[11.344s] INFO:colcon.colcon_core.shell:Creating environment descriptor '/home/ros/ROS2/turtle/install/exercise/share/exercise/hook/cmake_prefix_path.dsv'
[11.345s] INFO:colcon.colcon_core.shell:Creating environment hook '/home/ros/ROS2/turtle/install/exercise/share/exercise/hook/cmake_prefix_path.sh'
[11.345s] Level 1:colcon.colcon_core.environment:checking '/home/ros/ROS2/turtle/install/exercise/lib'
[11.345s] Level 1:colcon.colcon_core.environment:checking '/home/ros/ROS2/turtle/install/exercise/bin'
[11.345s] Level 1:colcon.colcon_core.environment:checking '/home/ros/ROS2/turtle/install/exercise/lib/pkgconfig/exercise.pc'
[11.346s] Level 1:colcon.colcon_core.environment:checking '/home/ros/ROS2/turtle/install/exercise/lib/python3.10/site-packages'
[11.346s] Level 1:colcon.colcon_core.environment:checking '/home/ros/ROS2/turtle/install/exercise/bin'
[11.346s] INFO:colcon.colcon_core.shell:Creating package script '/home/ros/ROS2/turtle/install/exercise/share/exercise/package.ps1'
[11.347s] INFO:colcon.colcon_core.shell:Creating package descriptor '/home/ros/ROS2/turtle/install/exercise/share/exercise/package.dsv'
[11.347s] INFO:colcon.colcon_core.shell:Creating package script '/home/ros/ROS2/turtle/install/exercise/share/exercise/package.sh'
[11.347s] INFO:colcon.colcon_core.shell:Creating package script '/home/ros/ROS2/turtle/install/exercise/share/exercise/package.bash'
[11.348s] INFO:colcon.colcon_core.shell:Creating package script '/home/ros/ROS2/turtle/install/exercise/share/exercise/package.zsh'
[11.348s] Level 1:colcon.colcon_core.environment:create_file_with_runtime_dependencies(/home/ros/ROS2/turtle/install/exercise/share/colcon-core/packages/exercise)
[11.348s] DEBUG:colcon.colcon_parallel_executor.executor.parallel:closing loop
[11.349s] DEBUG:colcon.colcon_parallel_executor.executor.parallel:loop closed
[11.349s] DEBUG:colcon.colcon_parallel_executor.executor.parallel:run_until_complete finished with '0'
[11.349s] DEBUG:colcon.colcon_core.event_reactor:joining thread
[11.428s] INFO:colcon.colcon_core.plugin_system:Skipping extension 'colcon_notification.desktop_notification.notify_send': Could not find 'notify-send'
[11.428s] INFO:colcon.colcon_core.plugin_system:Skipping extension 'colcon_notification.desktop_notification.terminal_notifier': Not used on non-Darwin systems
[11.429s] INFO:colcon.colcon_core.plugin_system:Skipping extension 'colcon_notification.desktop_notification.win32': Not used on non-Windows systems
[11.429s] INFO:colcon.colcon_notification.desktop_notification:Sending desktop notification using 'notify2'
[11.429s] DEBUG:colcon.colcon_notification.desktop_notification.notify2:Failed to initialize notify2: org.freedesktop.DBus.Error.FileNotFound: Failed to connect to socket /run/user/1000/bus: No such file or directory
[11.429s] DEBUG:colcon.colcon_core.event_reactor:joined thread
[11.430s] INFO:colcon.colcon_core.shell:Creating prefix script '/home/ros/ROS2/turtle/install/local_setup.ps1'
[11.431s] INFO:colcon.colcon_core.shell:Creating prefix util module '/home/ros/ROS2/turtle/install/_local_setup_util_ps1.py'
[11.432s] INFO:colcon.colcon_core.shell:Creating prefix chain script '/home/ros/ROS2/turtle/install/setup.ps1'
[11.433s] INFO:colcon.colcon_core.shell:Creating prefix script '/home/ros/ROS2/turtle/install/local_setup.sh'
[11.434s] INFO:colcon.colcon_core.shell:Creating prefix util module '/home/ros/ROS2/turtle/install/_local_setup_util_sh.py'
[11.434s] INFO:colcon.colcon_core.shell:Creating prefix chain script '/home/ros/ROS2/turtle/install/setup.sh'
[11.435s] INFO:colcon.colcon_core.shell:Creating prefix script '/home/ros/ROS2/turtle/install/local_setup.bash'
[11.435s] INFO:colcon.colcon_core.shell:Creating prefix chain script '/home/ros/ROS2/turtle/install/setup.bash'
[11.436s] INFO:colcon.colcon_core.shell:Creating prefix script '/home/ros/ROS2/turtle/install/local_setup.zsh'
[11.436s] INFO:colcon.colcon_core.shell:Creating prefix chain script '/home/ros/ROS2/turtle/install/setup.zsh'
