[0.007s] Invoking command in '/home/huang/ros2/ROS2/tools/build/cpp_rosbag': CMAKE_PREFIX_PATH=${CMAKE_PREFIX_PATH}:/opt/ros/humble /usr/bin/cmake /home/huang/ros2/ROS2/tools/src/cpp_rosbag -DCMAKE_INSTALL_PREFIX=/home/huang/ros2/ROS2/tools/install/cpp_rosbag
[0.040s] -- The C compiler identification is GNU 11.4.0
[0.129s] -- The CXX compiler identification is GNU 11.4.0
[0.180s] -- Detecting C compiler ABI info
[0.218s] -- Detecting C compiler ABI info - done
[0.221s] -- Check for working C compiler: /usr/bin/cc - skipped
[0.221s] -- Detecting C compile features
[0.222s] -- Detecting C compile features - done
[0.223s] -- Detecting CXX compiler ABI info
[0.267s] -- Detecting CXX compiler ABI info - done
[0.270s] -- Check for working CXX compiler: /usr/bin/c++ - skipped
[0.270s] -- Detecting CXX compile features
[0.271s] -- Detecting CXX compile features - done
[0.272s] -- Found ament_cmake: 1.3.10 (/opt/ros/humble/share/ament_cmake/cmake)
[0.341s] -- Found Python3: /usr/bin/python3 (found version "3.10.12") found components: Interpreter 
[0.381s] -- Found rclcpp: 16.0.10 (/opt/ros/humble/share/rclcpp/cmake)
[0.421s] -- Found rosidl_generator_c: 3.1.5 (/opt/ros/humble/share/rosidl_generator_c/cmake)
[0.424s] -- Found rosidl_adapter: 3.1.5 (/opt/ros/humble/share/rosidl_adapter/cmake)
[0.427s] -- Found rosidl_generator_cpp: 3.1.5 (/opt/ros/humble/share/rosidl_generator_cpp/cmake)
[0.433s] -- Using all available rosidl_typesupport_c: rosidl_typesupport_fastrtps_c;rosidl_typesupport_introspection_c
[0.440s] -- Using all available rosidl_typesupport_cpp: rosidl_typesupport_fastrtps_cpp;rosidl_typesupport_introspection_cpp
[0.460s] -- Found rmw_implementation_cmake: 6.1.2 (/opt/ros/humble/share/rmw_implementation_cmake/cmake)
[0.462s] -- Found rmw_fastrtps_cpp: 6.2.7 (/opt/ros/humble/share/rmw_fastrtps_cpp/cmake)
[0.603s] -- Found OpenSSL: /usr/lib/x86_64-linux-gnu/libcrypto.so (found version "3.0.2")  
[0.736s] -- Found FastRTPS: /opt/ros/humble/include  
[0.994s] -- Using RMW implementation 'rmw_fastrtps_cpp' as default
[0.998s] -- Looking for pthread.h
[1.039s] -- Looking for pthread.h - found
[1.039s] -- Performing Test CMAKE_HAVE_LIBC_PTHREAD
[1.078s] -- Performing Test CMAKE_HAVE_LIBC_PTHREAD - Success
[1.078s] -- Found Threads: TRUE  
[1.102s] -- Found rosbag2_cpp: 0.15.12 (/opt/ros/humble/share/rosbag2_cpp/cmake)
[1.357s] -- Found geometry_msgs: 4.2.4 (/opt/ros/humble/share/geometry_msgs/cmake)
[1.366s] -- Found ament_lint_auto: 0.12.11 (/opt/ros/humble/share/ament_lint_auto/cmake)
[1.402s] -- Added test 'cppcheck' to perform static code analysis on C / C++ code
[1.402s] -- Configured cppcheck include dirs: $<BUILD_INTERFACE:/home/huang/ros2/ROS2/tools/src/cpp_rosbag/include>
[1.402s] -- Configured cppcheck exclude dirs and/or files: 
[1.402s] -- Added test 'lint_cmake' to check CMake code style
[1.403s] -- Added test 'uncrustify' to check C / C++ code style
[1.403s] -- Configured uncrustify additional arguments: 
[1.403s] -- Added test 'xmllint' to check XML markup files
[1.404s] -- Configuring done
[1.411s] -- Generating done
[1.412s] -- Build files have been written to: /home/huang/ros2/ROS2/tools/build/cpp_rosbag
[1.418s] Invoked command in '/home/huang/ros2/ROS2/tools/build/cpp_rosbag' returned '0': CMAKE_PREFIX_PATH=${CMAKE_PREFIX_PATH}:/opt/ros/humble /usr/bin/cmake /home/huang/ros2/ROS2/tools/src/cpp_rosbag -DCMAKE_INSTALL_PREFIX=/home/huang/ros2/ROS2/tools/install/cpp_rosbag
[1.418s] Invoking command in '/home/huang/ros2/ROS2/tools/build/cpp_rosbag': CMAKE_PREFIX_PATH=${CMAKE_PREFIX_PATH}:/opt/ros/humble /usr/bin/cmake --build /home/huang/ros2/ROS2/tools/build/cpp_rosbag -- -j20 -l20
[1.439s] [ 33%] [32mBuilding CXX object CMakeFiles/demo.dir/src/demo.cpp.o[0m
[1.439s] [ 33%] [32mBuilding CXX object CMakeFiles/bag_writer.dir/src/bag_writer.cpp.o[0m
[1.439s] [ 50%] [32mBuilding CXX object CMakeFiles/bag_reader.dir/src/bag_reader.cpp.o[0m
[1.453s] [ 66%] [32m[1mLinking CXX executable demo[0m
[1.499s] [ 66%] Built target demo
[2.998s] [ 83%] [32m[1mLinking CXX executable bag_reader[0m
[3.069s] [ 83%] Built target bag_reader
[5.601s] [100%] [32m[1mLinking CXX executable bag_writer[0m
[5.792s] [100%] Built target bag_writer
[5.803s] Invoked command in '/home/huang/ros2/ROS2/tools/build/cpp_rosbag' returned '0': CMAKE_PREFIX_PATH=${CMAKE_PREFIX_PATH}:/opt/ros/humble /usr/bin/cmake --build /home/huang/ros2/ROS2/tools/build/cpp_rosbag -- -j20 -l20
[5.816s] Invoking command in '/home/huang/ros2/ROS2/tools/build/cpp_rosbag': CMAKE_PREFIX_PATH=${CMAKE_PREFIX_PATH}:/opt/ros/humble /usr/bin/cmake --install /home/huang/ros2/ROS2/tools/build/cpp_rosbag
[5.819s] -- Install configuration: ""
[5.819s] -- Installing: /home/huang/ros2/ROS2/tools/install/cpp_rosbag/lib/cpp_rosbag/demo
[5.819s] -- Set runtime path of "/home/huang/ros2/ROS2/tools/install/cpp_rosbag/lib/cpp_rosbag/demo" to ""
[5.819s] -- Installing: /home/huang/ros2/ROS2/tools/install/cpp_rosbag/lib/cpp_rosbag/bag_writer
[5.821s] -- Set runtime path of "/home/huang/ros2/ROS2/tools/install/cpp_rosbag/lib/cpp_rosbag/bag_writer" to ""
[5.821s] -- Installing: /home/huang/ros2/ROS2/tools/install/cpp_rosbag/lib/cpp_rosbag/bag_reader
[5.821s] -- Set runtime path of "/home/huang/ros2/ROS2/tools/install/cpp_rosbag/lib/cpp_rosbag/bag_reader" to ""
[5.821s] -- Installing: /home/huang/ros2/ROS2/tools/install/cpp_rosbag/share/ament_index/resource_index/package_run_dependencies/cpp_rosbag
[5.821s] -- Installing: /home/huang/ros2/ROS2/tools/install/cpp_rosbag/share/ament_index/resource_index/parent_prefix_path/cpp_rosbag
[5.821s] -- Installing: /home/huang/ros2/ROS2/tools/install/cpp_rosbag/share/cpp_rosbag/environment/ament_prefix_path.sh
[5.821s] -- Installing: /home/huang/ros2/ROS2/tools/install/cpp_rosbag/share/cpp_rosbag/environment/ament_prefix_path.dsv
[5.821s] -- Installing: /home/huang/ros2/ROS2/tools/install/cpp_rosbag/share/cpp_rosbag/environment/path.sh
[5.821s] -- Installing: /home/huang/ros2/ROS2/tools/install/cpp_rosbag/share/cpp_rosbag/environment/path.dsv
[5.822s] -- Installing: /home/huang/ros2/ROS2/tools/install/cpp_rosbag/share/cpp_rosbag/local_setup.bash
[5.822s] -- Installing: /home/huang/ros2/ROS2/tools/install/cpp_rosbag/share/cpp_rosbag/local_setup.sh
[5.822s] -- Installing: /home/huang/ros2/ROS2/tools/install/cpp_rosbag/share/cpp_rosbag/local_setup.zsh
[5.822s] -- Installing: /home/huang/ros2/ROS2/tools/install/cpp_rosbag/share/cpp_rosbag/local_setup.dsv
[5.822s] -- Installing: /home/huang/ros2/ROS2/tools/install/cpp_rosbag/share/cpp_rosbag/package.dsv
[5.822s] -- Installing: /home/huang/ros2/ROS2/tools/install/cpp_rosbag/share/ament_index/resource_index/packages/cpp_rosbag
[5.822s] -- Installing: /home/huang/ros2/ROS2/tools/install/cpp_rosbag/share/cpp_rosbag/cmake/cpp_rosbagConfig.cmake
[5.822s] -- Installing: /home/huang/ros2/ROS2/tools/install/cpp_rosbag/share/cpp_rosbag/cmake/cpp_rosbagConfig-version.cmake
[5.822s] -- Installing: /home/huang/ros2/ROS2/tools/install/cpp_rosbag/share/cpp_rosbag/package.xml
[5.823s] Invoked command in '/home/huang/ros2/ROS2/tools/build/cpp_rosbag' returned '0': CMAKE_PREFIX_PATH=${CMAKE_PREFIX_PATH}:/opt/ros/humble /usr/bin/cmake --install /home/huang/ros2/ROS2/tools/build/cpp_rosbag
