[0.008s] Invoking command in '/home/ros/ROS2/turtle/build/demo_topic': CMAKE_PREFIX_PATH=/opt/ros/humble /usr/bin/cmake --build /home/ros/ROS2/turtle/build/demo_topic -- -j20 -l20
[0.031s] [35m[1mConsolidate compiler generated dependencies of target pose_topic[0m
[0.041s] [ 50%] [32mBuilding CXX object CMakeFiles/pose_topic.dir/src/pose_topic.cpp.o[0m
[5.285s] [100%] [32m[1mLinking CXX executable pose_topic[0m
[5.704s] [100%] Built target pose_topic
[5.715s] Invoked command in '/home/ros/ROS2/turtle/build/demo_topic' returned '0': CMAKE_PREFIX_PATH=/opt/ros/humble /usr/bin/cmake --build /home/ros/ROS2/turtle/build/demo_topic -- -j20 -l20
[5.738s] Invoking command in '/home/ros/ROS2/turtle/build/demo_topic': CMAKE_PREFIX_PATH=/opt/ros/humble /usr/bin/cmake --install /home/ros/ROS2/turtle/build/demo_topic
[5.742s] -- Install configuration: ""
[5.742s] -- Installing: /home/ros/ROS2/turtle/install/demo_topic/lib/demo_topic/pose_topic
[5.745s] -- Set runtime path of "/home/ros/ROS2/turtle/install/demo_topic/lib/demo_topic/pose_topic" to ""
[5.745s] -- Up-to-date: /home/ros/ROS2/turtle/install/demo_topic/share/ament_index/resource_index/package_run_dependencies/demo_topic
[5.745s] -- Up-to-date: /home/ros/ROS2/turtle/install/demo_topic/share/ament_index/resource_index/parent_prefix_path/demo_topic
[5.745s] -- Up-to-date: /home/ros/ROS2/turtle/install/demo_topic/share/demo_topic/environment/ament_prefix_path.sh
[5.745s] -- Up-to-date: /home/ros/ROS2/turtle/install/demo_topic/share/demo_topic/environment/ament_prefix_path.dsv
[5.745s] -- Up-to-date: /home/ros/ROS2/turtle/install/demo_topic/share/demo_topic/environment/path.sh
[5.745s] -- Up-to-date: /home/ros/ROS2/turtle/install/demo_topic/share/demo_topic/environment/path.dsv
[5.745s] -- Up-to-date: /home/ros/ROS2/turtle/install/demo_topic/share/demo_topic/local_setup.bash
[5.745s] -- Up-to-date: /home/ros/ROS2/turtle/install/demo_topic/share/demo_topic/local_setup.sh
[5.745s] -- Up-to-date: /home/ros/ROS2/turtle/install/demo_topic/share/demo_topic/local_setup.zsh
[5.745s] -- Up-to-date: /home/ros/ROS2/turtle/install/demo_topic/share/demo_topic/local_setup.dsv
[5.746s] -- Installing: /home/ros/ROS2/turtle/install/demo_topic/share/demo_topic/package.dsv
[5.746s] -- Up-to-date: /home/ros/ROS2/turtle/install/demo_topic/share/ament_index/resource_index/packages/demo_topic
[5.746s] -- Up-to-date: /home/ros/ROS2/turtle/install/demo_topic/share/demo_topic/cmake/demo_topicConfig.cmake
[5.746s] -- Up-to-date: /home/ros/ROS2/turtle/install/demo_topic/share/demo_topic/cmake/demo_topicConfig-version.cmake
[5.746s] -- Up-to-date: /home/ros/ROS2/turtle/install/demo_topic/share/demo_topic/package.xml
[5.747s] Invoked command in '/home/ros/ROS2/turtle/build/demo_topic' returned '0': CMAKE_PREFIX_PATH=/opt/ros/humble /usr/bin/cmake --install /home/ros/ROS2/turtle/build/demo_topic
