[0.012s] Invoking command in '/home/huang/ros2/ROS2/communication_mechanism/build/cpp_param': CMAKE_PREFIX_PATH=${CMAKE_PREFIX_PATH}:/home/huang/ros2/ROS2/geometry_tutorials/install/turtle_tf2_py:/opt/ros/humble /usr/bin/cmake --build /home/huang/ros2/ROS2/communication_mechanism/build/cpp_param -- -j20 -l20
[0.051s] [ 33%] Built target demo_param
[0.053s] [ 66%] Built target demo_param_client
[0.053s] [100%] Built target demo_param_server
[0.059s] Invoked command in '/home/huang/ros2/ROS2/communication_mechanism/build/cpp_param' returned '0': CMAKE_PREFIX_PATH=${CMAKE_PREFIX_PATH}:/home/huang/ros2/ROS2/geometry_tutorials/install/turtle_tf2_py:/opt/ros/humble /usr/bin/cmake --build /home/huang/ros2/ROS2/communication_mechanism/build/cpp_param -- -j20 -l20
[0.079s] Invoking command in '/home/huang/ros2/ROS2/communication_mechanism/build/cpp_param': CMAKE_PREFIX_PATH=${CMAKE_PREFIX_PATH}:/home/huang/ros2/ROS2/geometry_tutorials/install/turtle_tf2_py:/opt/ros/humble /usr/bin/cmake --install /home/huang/ros2/ROS2/communication_mechanism/build/cpp_param
[0.081s] -- Install configuration: ""
[0.082s] -- Up-to-date: /home/huang/ros2/ROS2/communication_mechanism/install/cpp_param/lib/cpp_param/demo_param
[0.083s] -- Up-to-date: /home/huang/ros2/ROS2/communication_mechanism/install/cpp_param/lib/cpp_param/demo_param_server
[0.083s] -- Up-to-date: /home/huang/ros2/ROS2/communication_mechanism/install/cpp_param/lib/cpp_param/demo_param_client
[0.083s] -- Up-to-date: /home/huang/ros2/ROS2/communication_mechanism/install/cpp_param/share/ament_index/resource_index/package_run_dependencies/cpp_param
[0.083s] -- Up-to-date: /home/huang/ros2/ROS2/communication_mechanism/install/cpp_param/share/ament_index/resource_index/parent_prefix_path/cpp_param
[0.084s] -- Up-to-date: /home/huang/ros2/ROS2/communication_mechanism/install/cpp_param/share/cpp_param/environment/ament_prefix_path.sh
[0.084s] -- Up-to-date: /home/huang/ros2/ROS2/communication_mechanism/install/cpp_param/share/cpp_param/environment/ament_prefix_path.dsv
[0.084s] -- Up-to-date: /home/huang/ros2/ROS2/communication_mechanism/install/cpp_param/share/cpp_param/environment/path.sh
[0.084s] -- Up-to-date: /home/huang/ros2/ROS2/communication_mechanism/install/cpp_param/share/cpp_param/environment/path.dsv
[0.084s] -- Up-to-date: /home/huang/ros2/ROS2/communication_mechanism/install/cpp_param/share/cpp_param/local_setup.bash
[0.084s] -- Up-to-date: /home/huang/ros2/ROS2/communication_mechanism/install/cpp_param/share/cpp_param/local_setup.sh
[0.084s] -- Up-to-date: /home/huang/ros2/ROS2/communication_mechanism/install/cpp_param/share/cpp_param/local_setup.zsh
[0.084s] -- Up-to-date: /home/huang/ros2/ROS2/communication_mechanism/install/cpp_param/share/cpp_param/local_setup.dsv
[0.084s] -- Installing: /home/huang/ros2/ROS2/communication_mechanism/install/cpp_param/share/cpp_param/package.dsv
[0.084s] -- Up-to-date: /home/huang/ros2/ROS2/communication_mechanism/install/cpp_param/share/ament_index/resource_index/packages/cpp_param
[0.085s] -- Up-to-date: /home/huang/ros2/ROS2/communication_mechanism/install/cpp_param/share/cpp_param/cmake/cpp_paramConfig.cmake
[0.085s] -- Up-to-date: /home/huang/ros2/ROS2/communication_mechanism/install/cpp_param/share/cpp_param/cmake/cpp_paramConfig-version.cmake
[0.085s] -- Up-to-date: /home/huang/ros2/ROS2/communication_mechanism/install/cpp_param/share/cpp_param/package.xml
[0.088s] Invoked command in '/home/huang/ros2/ROS2/communication_mechanism/build/cpp_param' returned '0': CMAKE_PREFIX_PATH=${CMAKE_PREFIX_PATH}:/home/huang/ros2/ROS2/geometry_tutorials/install/turtle_tf2_py:/opt/ros/humble /usr/bin/cmake --install /home/huang/ros2/ROS2/communication_mechanism/build/cpp_param
