[0.008s] Invoking command in '/home/ros/ROS2/tools/build/cpp_launch': CMAKE_PREFIX_PATH=${CMAKE_PREFIX_PATH}:/opt/ros/humble /usr/bin/cmake --build /home/ros/ROS2/tools/build/cpp_launch -- -j20 -l20
[0.032s] -- Found ament_cmake: 1.3.8 (/opt/ros/humble/share/ament_cmake/cmake)
[0.110s] -- Found rclcpp: 16.0.8 (/opt/ros/humble/share/rclcpp/cmake)
[0.328s] -- Found rosidl_generator_c: 3.1.5 (/opt/ros/humble/share/rosidl_generator_c/cmake)
[0.330s] -- Found rosidl_adapter: 3.1.5 (/opt/ros/humble/share/rosidl_adapter/cmake)
[0.335s] -- Found rosidl_generator_cpp: 3.1.5 (/opt/ros/humble/share/rosidl_generator_cpp/cmake)
[0.343s] -- Using all available rosidl_typesupport_c: rosidl_typesupport_fastrtps_c;rosidl_typesupport_introspection_c
[0.353s] -- Using all available rosidl_typesupport_cpp: rosidl_typesupport_fastrtps_cpp;rosidl_typesupport_introspection_cpp
[0.388s] -- Found rmw_implementation_cmake: 6.1.1 (/opt/ros/humble/share/rmw_implementation_cmake/cmake)
[0.389s] -- Found rmw_fastrtps_cpp: 6.2.6 (/opt/ros/humble/share/rmw_fastrtps_cpp/cmake)
[8.519s] -- Using RMW implementation 'rmw_fastrtps_cpp' as default
[8.611s] -- Found ament_lint_auto: 0.12.10 (/opt/ros/humble/share/ament_lint_auto/cmake)
[8.653s] -- Added test 'flake8' to check Python code syntax and style conventions
[8.654s] -- Added test 'lint_cmake' to check CMake code style
[8.654s] -- Added test 'pep257' to check Python code against some of the docstring style conventions in PEP 257
[8.655s] -- Added test 'xmllint' to check XML markup files
[8.656s] -- Configuring done
[8.663s] -- Generating done
[8.665s] -- Build files have been written to: /home/ros/ROS2/tools/build/cpp_launch
[8.679s] Invoked command in '/home/ros/ROS2/tools/build/cpp_launch' returned '0': CMAKE_PREFIX_PATH=${CMAKE_PREFIX_PATH}:/opt/ros/humble /usr/bin/cmake --build /home/ros/ROS2/tools/build/cpp_launch -- -j20 -l20
[8.697s] Invoking command in '/home/ros/ROS2/tools/build/cpp_launch': CMAKE_PREFIX_PATH=${CMAKE_PREFIX_PATH}:/opt/ros/humble /usr/bin/cmake --install /home/ros/ROS2/tools/build/cpp_launch
[8.701s] -- Install configuration: ""
[8.701s] -- Up-to-date: /home/ros/ROS2/tools/install/cpp_launch/share/cpp_launch
[8.701s] -- Installing: /home/ros/ROS2/tools/install/cpp_launch/share/cpp_launch/yaml
[8.701s] -- Installing: /home/ros/ROS2/tools/install/cpp_launch/share/cpp_launch/yaml/demo_1.launch.yaml
[8.701s] -- Installing: /home/ros/ROS2/tools/install/cpp_launch/share/cpp_launch/xml
[8.702s] -- Installing: /home/ros/ROS2/tools/install/cpp_launch/share/cpp_launch/xml/demo_1.launch.xml
[8.702s] -- Installing: /home/ros/ROS2/tools/install/cpp_launch/share/cpp_launch/py
[8.702s] -- Installing: /home/ros/ROS2/tools/install/cpp_launch/share/cpp_launch/py/py_node_launch.py
[8.702s] -- Installing: /home/ros/ROS2/tools/install/cpp_launch/share/cpp_launch/py/demo_1.launch.py
[8.702s] -- Installing: /home/ros/ROS2/tools/install/cpp_launch/share/ament_index/resource_index/package_run_dependencies/cpp_launch
[8.703s] -- Installing: /home/ros/ROS2/tools/install/cpp_launch/share/ament_index/resource_index/parent_prefix_path/cpp_launch
[8.703s] -- Up-to-date: /home/ros/ROS2/tools/install/cpp_launch/share/cpp_launch/environment/ament_prefix_path.sh
[8.703s] -- Installing: /home/ros/ROS2/tools/install/cpp_launch/share/cpp_launch/environment/ament_prefix_path.dsv
[8.703s] -- Up-to-date: /home/ros/ROS2/tools/install/cpp_launch/share/cpp_launch/environment/path.sh
[8.703s] -- Installing: /home/ros/ROS2/tools/install/cpp_launch/share/cpp_launch/environment/path.dsv
[8.703s] -- Up-to-date: /home/ros/ROS2/tools/install/cpp_launch/share/cpp_launch/local_setup.bash
[8.703s] -- Up-to-date: /home/ros/ROS2/tools/install/cpp_launch/share/cpp_launch/local_setup.sh
[8.703s] -- Up-to-date: /home/ros/ROS2/tools/install/cpp_launch/share/cpp_launch/local_setup.zsh
[8.703s] -- Installing: /home/ros/ROS2/tools/install/cpp_launch/share/cpp_launch/local_setup.dsv
[8.703s] -- Installing: /home/ros/ROS2/tools/install/cpp_launch/share/cpp_launch/package.dsv
[8.703s] -- Up-to-date: /home/ros/ROS2/tools/install/cpp_launch/share/ament_index/resource_index/packages/cpp_launch
[8.703s] -- Up-to-date: /home/ros/ROS2/tools/install/cpp_launch/share/cpp_launch/cmake/cpp_launchConfig.cmake
[8.703s] -- Up-to-date: /home/ros/ROS2/tools/install/cpp_launch/share/cpp_launch/cmake/cpp_launchConfig-version.cmake
[8.704s] -- Installing: /home/ros/ROS2/tools/install/cpp_launch/share/cpp_launch/package.xml
[8.705s] Invoked command in '/home/ros/ROS2/tools/build/cpp_launch' returned '0': CMAKE_PREFIX_PATH=${CMAKE_PREFIX_PATH}:/opt/ros/humble /usr/bin/cmake --install /home/ros/ROS2/tools/build/cpp_launch
