[0.062s] DEBUG:colcon:Command line arguments: ['/usr/bin/colcon', 'build']
[0.062s] DEBUG:colcon:Parsed command line arguments: Namespace(log_base=None, log_level=None, verb_name='build', build_base='build', install_base='install', merge_install=False, symlink_install=False, test_result_base=None, continue_on_error=False, executor='parallel', parallel_workers=20, event_handlers=None, ignore_user_meta=False, metas=['./colcon.meta'], base_paths=['.'], packages_ignore=None, packages_ignore_regex=None, paths=None, packages_up_to=None, packages_up_to_regex=None, packages_above=None, packages_above_and_dependencies=None, packages_above_depth=None, packages_select_by_dep=None, packages_skip_by_dep=None, packages_skip_up_to=None, packages_select_build_failed=False, packages_skip_build_finished=False, packages_select_test_failures=False, packages_skip_test_passed=False, packages_select=None, packages_skip=None, packages_select_regex=None, packages_skip_regex=None, packages_start=None, packages_end=None, allow_overriding=[], cmake_args=None, cmake_target=None, cmake_target_skip_unavailable=False, cmake_clean_cache=False, cmake_clean_first=False, cmake_force_configure=False, ament_cmake_args=None, catkin_cmake_args=None, catkin_skip_building_tests=False, verb_parser=<colcon_defaults.argument_parser.defaults.DefaultArgumentsDecorator object at 0x7faef2c472b0>, verb_extension=<colcon_core.verb.build.BuildVerb object at 0x7faef2e68bb0>, main=<bound method BuildVerb.main of <colcon_core.verb.build.BuildVerb object at 0x7faef2e68bb0>>)
[0.121s] Level 1:colcon.colcon_core.package_discovery:discover_packages(colcon_meta) check parameters
[0.121s] Level 1:colcon.colcon_core.package_discovery:discover_packages(recursive) check parameters
[0.121s] Level 1:colcon.colcon_core.package_discovery:discover_packages(ignore) check parameters
[0.121s] Level 1:colcon.colcon_core.package_discovery:discover_packages(path) check parameters
[0.121s] Level 1:colcon.colcon_core.package_discovery:discover_packages(colcon_meta) discover
[0.121s] Level 1:colcon.colcon_core.package_discovery:discover_packages(recursive) discover
[0.121s] INFO:colcon.colcon_core.package_discovery:Crawling recursively for packages in '/home/huang/ros2/ROS2/communication_mechanism'
[0.121s] Level 1:colcon.colcon_core.package_identification:_identify(.) by extensions ['ignore', 'ignore_ament_install']
[0.121s] Level 1:colcon.colcon_core.package_identification:_identify(.) by extension 'ignore'
[0.121s] Level 1:colcon.colcon_core.package_identification:_identify(.) by extension 'ignore_ament_install'
[0.121s] Level 1:colcon.colcon_core.package_identification:_identify(.) by extensions ['colcon_pkg']
[0.121s] Level 1:colcon.colcon_core.package_identification:_identify(.) by extension 'colcon_pkg'
[0.121s] Level 1:colcon.colcon_core.package_identification:_identify(.) by extensions ['colcon_meta']
[0.121s] Level 1:colcon.colcon_core.package_identification:_identify(.) by extension 'colcon_meta'
[0.121s] Level 1:colcon.colcon_core.package_identification:_identify(.) by extensions ['ros']
[0.121s] Level 1:colcon.colcon_core.package_identification:_identify(.) by extension 'ros'
[0.127s] Level 1:colcon.colcon_core.package_identification:_identify(.) by extensions ['cmake', 'python']
[0.127s] Level 1:colcon.colcon_core.package_identification:_identify(.) by extension 'cmake'
[0.127s] Level 1:colcon.colcon_core.package_identification:_identify(.) by extension 'python'
[0.127s] Level 1:colcon.colcon_core.package_identification:_identify(.) by extensions ['python_setup_py']
[0.127s] Level 1:colcon.colcon_core.package_identification:_identify(.) by extension 'python_setup_py'
[0.127s] Level 1:colcon.colcon_core.package_identification:_identify(build) by extensions ['ignore', 'ignore_ament_install']
[0.127s] Level 1:colcon.colcon_core.package_identification:_identify(build) by extension 'ignore'
[0.127s] Level 1:colcon.colcon_core.package_identification:_identify(build) ignored
[0.127s] Level 1:colcon.colcon_core.package_identification:_identify(install) by extensions ['ignore', 'ignore_ament_install']
[0.127s] Level 1:colcon.colcon_core.package_identification:_identify(install) by extension 'ignore'
[0.127s] Level 1:colcon.colcon_core.package_identification:_identify(install) ignored
[0.127s] Level 1:colcon.colcon_core.package_identification:_identify(log) by extensions ['ignore', 'ignore_ament_install']
[0.127s] Level 1:colcon.colcon_core.package_identification:_identify(log) by extension 'ignore'
[0.127s] Level 1:colcon.colcon_core.package_identification:_identify(log) ignored
[0.127s] Level 1:colcon.colcon_core.package_identification:_identify(src) by extensions ['ignore', 'ignore_ament_install']
[0.127s] Level 1:colcon.colcon_core.package_identification:_identify(src) by extension 'ignore'
[0.127s] Level 1:colcon.colcon_core.package_identification:_identify(src) by extension 'ignore_ament_install'
[0.127s] Level 1:colcon.colcon_core.package_identification:_identify(src) by extensions ['colcon_pkg']
[0.127s] Level 1:colcon.colcon_core.package_identification:_identify(src) by extension 'colcon_pkg'
[0.127s] Level 1:colcon.colcon_core.package_identification:_identify(src) by extensions ['colcon_meta']
[0.127s] Level 1:colcon.colcon_core.package_identification:_identify(src) by extension 'colcon_meta'
[0.127s] Level 1:colcon.colcon_core.package_identification:_identify(src) by extensions ['ros']
[0.127s] Level 1:colcon.colcon_core.package_identification:_identify(src) by extension 'ros'
[0.127s] Level 1:colcon.colcon_core.package_identification:_identify(src) by extensions ['cmake', 'python']
[0.127s] Level 1:colcon.colcon_core.package_identification:_identify(src) by extension 'cmake'
[0.127s] Level 1:colcon.colcon_core.package_identification:_identify(src) by extension 'python'
[0.127s] Level 1:colcon.colcon_core.package_identification:_identify(src) by extensions ['python_setup_py']
[0.127s] Level 1:colcon.colcon_core.package_identification:_identify(src) by extension 'python_setup_py'
[0.128s] Level 1:colcon.colcon_core.package_identification:_identify(src/base_interface_demo) by extensions ['ignore', 'ignore_ament_install']
[0.128s] Level 1:colcon.colcon_core.package_identification:_identify(src/base_interface_demo) by extension 'ignore'
[0.128s] Level 1:colcon.colcon_core.package_identification:_identify(src/base_interface_demo) by extension 'ignore_ament_install'
[0.128s] Level 1:colcon.colcon_core.package_identification:_identify(src/base_interface_demo) by extensions ['colcon_pkg']
[0.128s] Level 1:colcon.colcon_core.package_identification:_identify(src/base_interface_demo) by extension 'colcon_pkg'
[0.128s] Level 1:colcon.colcon_core.package_identification:_identify(src/base_interface_demo) by extensions ['colcon_meta']
[0.128s] Level 1:colcon.colcon_core.package_identification:_identify(src/base_interface_demo) by extension 'colcon_meta'
[0.128s] Level 1:colcon.colcon_core.package_identification:_identify(src/base_interface_demo) by extensions ['ros']
[0.128s] Level 1:colcon.colcon_core.package_identification:_identify(src/base_interface_demo) by extension 'ros'
[0.129s] DEBUG:colcon.colcon_core.package_identification:Package 'src/base_interface_demo' with type 'ros.ament_cmake' and name 'base_interface_demo'
[0.129s] Level 1:colcon.colcon_core.package_identification:_identify(src/cpp_action) by extensions ['ignore', 'ignore_ament_install']
[0.129s] Level 1:colcon.colcon_core.package_identification:_identify(src/cpp_action) by extension 'ignore'
[0.129s] Level 1:colcon.colcon_core.package_identification:_identify(src/cpp_action) by extension 'ignore_ament_install'
[0.129s] Level 1:colcon.colcon_core.package_identification:_identify(src/cpp_action) by extensions ['colcon_pkg']
[0.129s] Level 1:colcon.colcon_core.package_identification:_identify(src/cpp_action) by extension 'colcon_pkg'
[0.129s] Level 1:colcon.colcon_core.package_identification:_identify(src/cpp_action) by extensions ['colcon_meta']
[0.129s] Level 1:colcon.colcon_core.package_identification:_identify(src/cpp_action) by extension 'colcon_meta'
[0.129s] Level 1:colcon.colcon_core.package_identification:_identify(src/cpp_action) by extensions ['ros']
[0.129s] Level 1:colcon.colcon_core.package_identification:_identify(src/cpp_action) by extension 'ros'
[0.129s] DEBUG:colcon.colcon_core.package_identification:Package 'src/cpp_action' with type 'ros.ament_cmake' and name 'cpp_action'
[0.129s] Level 1:colcon.colcon_core.package_identification:_identify(src/cpp_param) by extensions ['ignore', 'ignore_ament_install']
[0.130s] Level 1:colcon.colcon_core.package_identification:_identify(src/cpp_param) by extension 'ignore'
[0.130s] Level 1:colcon.colcon_core.package_identification:_identify(src/cpp_param) by extension 'ignore_ament_install'
[0.130s] Level 1:colcon.colcon_core.package_identification:_identify(src/cpp_param) by extensions ['colcon_pkg']
[0.130s] Level 1:colcon.colcon_core.package_identification:_identify(src/cpp_param) by extension 'colcon_pkg'
[0.130s] Level 1:colcon.colcon_core.package_identification:_identify(src/cpp_param) by extensions ['colcon_meta']
[0.130s] Level 1:colcon.colcon_core.package_identification:_identify(src/cpp_param) by extension 'colcon_meta'
[0.130s] Level 1:colcon.colcon_core.package_identification:_identify(src/cpp_param) by extensions ['ros']
[0.130s] Level 1:colcon.colcon_core.package_identification:_identify(src/cpp_param) by extension 'ros'
[0.130s] DEBUG:colcon.colcon_core.package_identification:Package 'src/cpp_param' with type 'ros.ament_cmake' and name 'cpp_param'
[0.130s] Level 1:colcon.colcon_core.package_identification:_identify(src/cpp_server) by extensions ['ignore', 'ignore_ament_install']
[0.130s] Level 1:colcon.colcon_core.package_identification:_identify(src/cpp_server) by extension 'ignore'
[0.130s] Level 1:colcon.colcon_core.package_identification:_identify(src/cpp_server) by extension 'ignore_ament_install'
[0.130s] Level 1:colcon.colcon_core.package_identification:_identify(src/cpp_server) by extensions ['colcon_pkg']
[0.130s] Level 1:colcon.colcon_core.package_identification:_identify(src/cpp_server) by extension 'colcon_pkg'
[0.130s] Level 1:colcon.colcon_core.package_identification:_identify(src/cpp_server) by extensions ['colcon_meta']
[0.130s] Level 1:colcon.colcon_core.package_identification:_identify(src/cpp_server) by extension 'colcon_meta'
[0.130s] Level 1:colcon.colcon_core.package_identification:_identify(src/cpp_server) by extensions ['ros']
[0.130s] Level 1:colcon.colcon_core.package_identification:_identify(src/cpp_server) by extension 'ros'
[0.131s] DEBUG:colcon.colcon_core.package_identification:Package 'src/cpp_server' with type 'ros.ament_cmake' and name 'cpp_server'
[0.131s] Level 1:colcon.colcon_core.package_identification:_identify(src/cpp_time) by extensions ['ignore', 'ignore_ament_install']
[0.131s] Level 1:colcon.colcon_core.package_identification:_identify(src/cpp_time) by extension 'ignore'
[0.131s] Level 1:colcon.colcon_core.package_identification:_identify(src/cpp_time) by extension 'ignore_ament_install'
[0.131s] Level 1:colcon.colcon_core.package_identification:_identify(src/cpp_time) by extensions ['colcon_pkg']
[0.131s] Level 1:colcon.colcon_core.package_identification:_identify(src/cpp_time) by extension 'colcon_pkg'
[0.131s] Level 1:colcon.colcon_core.package_identification:_identify(src/cpp_time) by extensions ['colcon_meta']
[0.131s] Level 1:colcon.colcon_core.package_identification:_identify(src/cpp_time) by extension 'colcon_meta'
[0.131s] Level 1:colcon.colcon_core.package_identification:_identify(src/cpp_time) by extensions ['ros']
[0.131s] Level 1:colcon.colcon_core.package_identification:_identify(src/cpp_time) by extension 'ros'
[0.131s] DEBUG:colcon.colcon_core.package_identification:Package 'src/cpp_time' with type 'ros.ament_cmake' and name 'cpp_time'
[0.131s] Level 1:colcon.colcon_core.package_identification:_identify(src/cpp_topic) by extensions ['ignore', 'ignore_ament_install']
[0.131s] Level 1:colcon.colcon_core.package_identification:_identify(src/cpp_topic) by extension 'ignore'
[0.131s] Level 1:colcon.colcon_core.package_identification:_identify(src/cpp_topic) by extension 'ignore_ament_install'
[0.131s] Level 1:colcon.colcon_core.package_identification:_identify(src/cpp_topic) by extensions ['colcon_pkg']
[0.131s] Level 1:colcon.colcon_core.package_identification:_identify(src/cpp_topic) by extension 'colcon_pkg'
[0.131s] Level 1:colcon.colcon_core.package_identification:_identify(src/cpp_topic) by extensions ['colcon_meta']
[0.131s] Level 1:colcon.colcon_core.package_identification:_identify(src/cpp_topic) by extension 'colcon_meta'
[0.131s] Level 1:colcon.colcon_core.package_identification:_identify(src/cpp_topic) by extensions ['ros']
[0.131s] Level 1:colcon.colcon_core.package_identification:_identify(src/cpp_topic) by extension 'ros'
[0.131s] DEBUG:colcon.colcon_core.package_identification:Package 'src/cpp_topic' with type 'ros.ament_cmake' and name 'cpp_topic'
[0.132s] Level 1:colcon.colcon_core.package_discovery:discover_packages(recursive) using defaults
[0.132s] Level 1:colcon.colcon_core.package_discovery:discover_packages(ignore) discover
[0.132s] Level 1:colcon.colcon_core.package_discovery:discover_packages(ignore) using defaults
[0.132s] Level 1:colcon.colcon_core.package_discovery:discover_packages(path) discover
[0.132s] Level 1:colcon.colcon_core.package_discovery:discover_packages(path) using defaults
[0.142s] Level 1:colcon.colcon_core.package_discovery:discover_packages(prefix_path) check parameters
[0.142s] Level 1:colcon.colcon_core.package_discovery:discover_packages(prefix_path) discover
[0.143s] DEBUG:colcon.colcon_installed_package_information.package_discovery:Found 3 installed packages in /home/huang/ros2/ROS2/communication_mechanism/install
[0.143s] DEBUG:colcon.colcon_installed_package_information.package_discovery:Found 270 installed packages in /opt/ros/humble
[0.144s] Level 1:colcon.colcon_core.package_discovery:discover_packages(prefix_path) using defaults
[0.165s] Level 5:colcon.colcon_core.verb:set package 'base_interface_demo' build argument 'cmake_args' from command line to 'None'
[0.165s] Level 5:colcon.colcon_core.verb:set package 'base_interface_demo' build argument 'cmake_target' from command line to 'None'
[0.165s] Level 5:colcon.colcon_core.verb:set package 'base_interface_demo' build argument 'cmake_target_skip_unavailable' from command line to 'False'
[0.165s] Level 5:colcon.colcon_core.verb:set package 'base_interface_demo' build argument 'cmake_clean_cache' from command line to 'False'
[0.165s] Level 5:colcon.colcon_core.verb:set package 'base_interface_demo' build argument 'cmake_clean_first' from command line to 'False'
[0.165s] Level 5:colcon.colcon_core.verb:set package 'base_interface_demo' build argument 'cmake_force_configure' from command line to 'False'
[0.165s] Level 5:colcon.colcon_core.verb:set package 'base_interface_demo' build argument 'ament_cmake_args' from command line to 'None'
[0.165s] Level 5:colcon.colcon_core.verb:set package 'base_interface_demo' build argument 'catkin_cmake_args' from command line to 'None'
[0.165s] Level 5:colcon.colcon_core.verb:set package 'base_interface_demo' build argument 'catkin_skip_building_tests' from command line to 'False'
[0.165s] DEBUG:colcon.colcon_core.verb:Building package 'base_interface_demo' with the following arguments: {'ament_cmake_args': None, 'build_base': '/home/huang/ros2/ROS2/communication_mechanism/build/base_interface_demo', 'catkin_cmake_args': None, 'catkin_skip_building_tests': False, 'cmake_args': None, 'cmake_clean_cache': False, 'cmake_clean_first': False, 'cmake_force_configure': False, 'cmake_target': None, 'cmake_target_skip_unavailable': False, 'install_base': '/home/huang/ros2/ROS2/communication_mechanism/install/base_interface_demo', 'merge_install': False, 'path': '/home/huang/ros2/ROS2/communication_mechanism/src/base_interface_demo', 'symlink_install': False, 'test_result_base': None}
[0.165s] Level 5:colcon.colcon_core.verb:set package 'cpp_param' build argument 'cmake_args' from command line to 'None'
[0.166s] Level 5:colcon.colcon_core.verb:set package 'cpp_param' build argument 'cmake_target' from command line to 'None'
[0.166s] Level 5:colcon.colcon_core.verb:set package 'cpp_param' build argument 'cmake_target_skip_unavailable' from command line to 'False'
[0.166s] Level 5:colcon.colcon_core.verb:set package 'cpp_param' build argument 'cmake_clean_cache' from command line to 'False'
[0.166s] Level 5:colcon.colcon_core.verb:set package 'cpp_param' build argument 'cmake_clean_first' from command line to 'False'
[0.166s] Level 5:colcon.colcon_core.verb:set package 'cpp_param' build argument 'cmake_force_configure' from command line to 'False'
[0.166s] Level 5:colcon.colcon_core.verb:set package 'cpp_param' build argument 'ament_cmake_args' from command line to 'None'
[0.166s] Level 5:colcon.colcon_core.verb:set package 'cpp_param' build argument 'catkin_cmake_args' from command line to 'None'
[0.166s] Level 5:colcon.colcon_core.verb:set package 'cpp_param' build argument 'catkin_skip_building_tests' from command line to 'False'
[0.166s] DEBUG:colcon.colcon_core.verb:Building package 'cpp_param' with the following arguments: {'ament_cmake_args': None, 'build_base': '/home/huang/ros2/ROS2/communication_mechanism/build/cpp_param', 'catkin_cmake_args': None, 'catkin_skip_building_tests': False, 'cmake_args': None, 'cmake_clean_cache': False, 'cmake_clean_first': False, 'cmake_force_configure': False, 'cmake_target': None, 'cmake_target_skip_unavailable': False, 'install_base': '/home/huang/ros2/ROS2/communication_mechanism/install/cpp_param', 'merge_install': False, 'path': '/home/huang/ros2/ROS2/communication_mechanism/src/cpp_param', 'symlink_install': False, 'test_result_base': None}
[0.166s] Level 5:colcon.colcon_core.verb:set package 'cpp_time' build argument 'cmake_args' from command line to 'None'
[0.166s] Level 5:colcon.colcon_core.verb:set package 'cpp_time' build argument 'cmake_target' from command line to 'None'
[0.166s] Level 5:colcon.colcon_core.verb:set package 'cpp_time' build argument 'cmake_target_skip_unavailable' from command line to 'False'
[0.166s] Level 5:colcon.colcon_core.verb:set package 'cpp_time' build argument 'cmake_clean_cache' from command line to 'False'
[0.166s] Level 5:colcon.colcon_core.verb:set package 'cpp_time' build argument 'cmake_clean_first' from command line to 'False'
[0.166s] Level 5:colcon.colcon_core.verb:set package 'cpp_time' build argument 'cmake_force_configure' from command line to 'False'
[0.166s] Level 5:colcon.colcon_core.verb:set package 'cpp_time' build argument 'ament_cmake_args' from command line to 'None'
[0.166s] Level 5:colcon.colcon_core.verb:set package 'cpp_time' build argument 'catkin_cmake_args' from command line to 'None'
[0.166s] Level 5:colcon.colcon_core.verb:set package 'cpp_time' build argument 'catkin_skip_building_tests' from command line to 'False'
[0.166s] DEBUG:colcon.colcon_core.verb:Building package 'cpp_time' with the following arguments: {'ament_cmake_args': None, 'build_base': '/home/huang/ros2/ROS2/communication_mechanism/build/cpp_time', 'catkin_cmake_args': None, 'catkin_skip_building_tests': False, 'cmake_args': None, 'cmake_clean_cache': False, 'cmake_clean_first': False, 'cmake_force_configure': False, 'cmake_target': None, 'cmake_target_skip_unavailable': False, 'install_base': '/home/huang/ros2/ROS2/communication_mechanism/install/cpp_time', 'merge_install': False, 'path': '/home/huang/ros2/ROS2/communication_mechanism/src/cpp_time', 'symlink_install': False, 'test_result_base': None}
[0.166s] Level 5:colcon.colcon_core.verb:set package 'cpp_action' build argument 'cmake_args' from command line to 'None'
[0.166s] Level 5:colcon.colcon_core.verb:set package 'cpp_action' build argument 'cmake_target' from command line to 'None'
[0.166s] Level 5:colcon.colcon_core.verb:set package 'cpp_action' build argument 'cmake_target_skip_unavailable' from command line to 'False'
[0.166s] Level 5:colcon.colcon_core.verb:set package 'cpp_action' build argument 'cmake_clean_cache' from command line to 'False'
[0.166s] Level 5:colcon.colcon_core.verb:set package 'cpp_action' build argument 'cmake_clean_first' from command line to 'False'
[0.166s] Level 5:colcon.colcon_core.verb:set package 'cpp_action' build argument 'cmake_force_configure' from command line to 'False'
[0.166s] Level 5:colcon.colcon_core.verb:set package 'cpp_action' build argument 'ament_cmake_args' from command line to 'None'
[0.166s] Level 5:colcon.colcon_core.verb:set package 'cpp_action' build argument 'catkin_cmake_args' from command line to 'None'
[0.166s] Level 5:colcon.colcon_core.verb:set package 'cpp_action' build argument 'catkin_skip_building_tests' from command line to 'False'
[0.166s] DEBUG:colcon.colcon_core.verb:Building package 'cpp_action' with the following arguments: {'ament_cmake_args': None, 'build_base': '/home/huang/ros2/ROS2/communication_mechanism/build/cpp_action', 'catkin_cmake_args': None, 'catkin_skip_building_tests': False, 'cmake_args': None, 'cmake_clean_cache': False, 'cmake_clean_first': False, 'cmake_force_configure': False, 'cmake_target': None, 'cmake_target_skip_unavailable': False, 'install_base': '/home/huang/ros2/ROS2/communication_mechanism/install/cpp_action', 'merge_install': False, 'path': '/home/huang/ros2/ROS2/communication_mechanism/src/cpp_action', 'symlink_install': False, 'test_result_base': None}
[0.166s] Level 5:colcon.colcon_core.verb:set package 'cpp_server' build argument 'cmake_args' from command line to 'None'
[0.166s] Level 5:colcon.colcon_core.verb:set package 'cpp_server' build argument 'cmake_target' from command line to 'None'
[0.166s] Level 5:colcon.colcon_core.verb:set package 'cpp_server' build argument 'cmake_target_skip_unavailable' from command line to 'False'
[0.166s] Level 5:colcon.colcon_core.verb:set package 'cpp_server' build argument 'cmake_clean_cache' from command line to 'False'
[0.166s] Level 5:colcon.colcon_core.verb:set package 'cpp_server' build argument 'cmake_clean_first' from command line to 'False'
[0.166s] Level 5:colcon.colcon_core.verb:set package 'cpp_server' build argument 'cmake_force_configure' from command line to 'False'
[0.166s] Level 5:colcon.colcon_core.verb:set package 'cpp_server' build argument 'ament_cmake_args' from command line to 'None'
[0.166s] Level 5:colcon.colcon_core.verb:set package 'cpp_server' build argument 'catkin_cmake_args' from command line to 'None'
[0.166s] Level 5:colcon.colcon_core.verb:set package 'cpp_server' build argument 'catkin_skip_building_tests' from command line to 'False'
[0.166s] DEBUG:colcon.colcon_core.verb:Building package 'cpp_server' with the following arguments: {'ament_cmake_args': None, 'build_base': '/home/huang/ros2/ROS2/communication_mechanism/build/cpp_server', 'catkin_cmake_args': None, 'catkin_skip_building_tests': False, 'cmake_args': None, 'cmake_clean_cache': False, 'cmake_clean_first': False, 'cmake_force_configure': False, 'cmake_target': None, 'cmake_target_skip_unavailable': False, 'install_base': '/home/huang/ros2/ROS2/communication_mechanism/install/cpp_server', 'merge_install': False, 'path': '/home/huang/ros2/ROS2/communication_mechanism/src/cpp_server', 'symlink_install': False, 'test_result_base': None}
[0.167s] Level 5:colcon.colcon_core.verb:set package 'cpp_topic' build argument 'cmake_args' from command line to 'None'
[0.167s] Level 5:colcon.colcon_core.verb:set package 'cpp_topic' build argument 'cmake_target' from command line to 'None'
[0.167s] Level 5:colcon.colcon_core.verb:set package 'cpp_topic' build argument 'cmake_target_skip_unavailable' from command line to 'False'
[0.167s] Level 5:colcon.colcon_core.verb:set package 'cpp_topic' build argument 'cmake_clean_cache' from command line to 'False'
[0.167s] Level 5:colcon.colcon_core.verb:set package 'cpp_topic' build argument 'cmake_clean_first' from command line to 'False'
[0.167s] Level 5:colcon.colcon_core.verb:set package 'cpp_topic' build argument 'cmake_force_configure' from command line to 'False'
[0.167s] Level 5:colcon.colcon_core.verb:set package 'cpp_topic' build argument 'ament_cmake_args' from command line to 'None'
[0.167s] Level 5:colcon.colcon_core.verb:set package 'cpp_topic' build argument 'catkin_cmake_args' from command line to 'None'
[0.167s] Level 5:colcon.colcon_core.verb:set package 'cpp_topic' build argument 'catkin_skip_building_tests' from command line to 'False'
[0.167s] DEBUG:colcon.colcon_core.verb:Building package 'cpp_topic' with the following arguments: {'ament_cmake_args': None, 'build_base': '/home/huang/ros2/ROS2/communication_mechanism/build/cpp_topic', 'catkin_cmake_args': None, 'catkin_skip_building_tests': False, 'cmake_args': None, 'cmake_clean_cache': False, 'cmake_clean_first': False, 'cmake_force_configure': False, 'cmake_target': None, 'cmake_target_skip_unavailable': False, 'install_base': '/home/huang/ros2/ROS2/communication_mechanism/install/cpp_topic', 'merge_install': False, 'path': '/home/huang/ros2/ROS2/communication_mechanism/src/cpp_topic', 'symlink_install': False, 'test_result_base': None}
[0.167s] INFO:colcon.colcon_core.executor:Executing jobs using 'parallel' executor
[0.167s] DEBUG:colcon.colcon_parallel_executor.executor.parallel:run_until_complete
[0.168s] INFO:colcon.colcon_ros.task.ament_cmake.build:Building ROS package in '/home/huang/ros2/ROS2/communication_mechanism/src/base_interface_demo' with build type 'ament_cmake'
[0.168s] INFO:colcon.colcon_cmake.task.cmake.build:Building CMake package in '/home/huang/ros2/ROS2/communication_mechanism/src/base_interface_demo'
[0.169s] INFO:colcon.colcon_core.plugin_system:Skipping extension 'colcon_core.shell.bat': Not used on non-Windows systems
[0.169s] INFO:colcon.colcon_core.shell:Skip shell extension 'powershell' for command environment: Not usable outside of PowerShell
[0.169s] DEBUG:colcon.colcon_core.shell:Skip shell extension 'dsv' for command environment
[0.171s] INFO:colcon.colcon_ros.task.ament_cmake.build:Building ROS package in '/home/huang/ros2/ROS2/communication_mechanism/src/cpp_param' with build type 'ament_cmake'
[0.171s] INFO:colcon.colcon_cmake.task.cmake.build:Building CMake package in '/home/huang/ros2/ROS2/communication_mechanism/src/cpp_param'
[0.171s] INFO:colcon.colcon_core.shell:Skip shell extension 'powershell' for command environment: Not usable outside of PowerShell
[0.171s] DEBUG:colcon.colcon_core.shell:Skip shell extension 'dsv' for command environment
[0.173s] INFO:colcon.colcon_ros.task.ament_cmake.build:Building ROS package in '/home/huang/ros2/ROS2/communication_mechanism/src/cpp_time' with build type 'ament_cmake'
[0.173s] INFO:colcon.colcon_cmake.task.cmake.build:Building CMake package in '/home/huang/ros2/ROS2/communication_mechanism/src/cpp_time'
[0.173s] INFO:colcon.colcon_core.shell:Skip shell extension 'powershell' for command environment: Not usable outside of PowerShell
[0.173s] DEBUG:colcon.colcon_core.shell:Skip shell extension 'dsv' for command environment
[0.177s] DEBUG:colcon.colcon_core.event_handler.log_command:Invoking command in '/home/huang/ros2/ROS2/communication_mechanism/build/base_interface_demo': CMAKE_PREFIX_PATH=${CMAKE_PREFIX_PATH}:/opt/ros/humble /usr/bin/cmake --build /home/huang/ros2/ROS2/communication_mechanism/build/base_interface_demo -- -j20 -l20
[0.181s] DEBUG:colcon.colcon_core.event_handler.log_command:Invoking command in '/home/huang/ros2/ROS2/communication_mechanism/build/cpp_param': CMAKE_PREFIX_PATH=${CMAKE_PREFIX_PATH}:/opt/ros/humble /usr/bin/cmake --build /home/huang/ros2/ROS2/communication_mechanism/build/cpp_param -- -j20 -l20
[0.184s] DEBUG:colcon.colcon_core.event_handler.log_command:Invoking command in '/home/huang/ros2/ROS2/communication_mechanism/build/cpp_time': CMAKE_PREFIX_PATH=${CMAKE_PREFIX_PATH}:/opt/ros/humble /usr/bin/cmake --build /home/huang/ros2/ROS2/communication_mechanism/build/cpp_time -- -j20 -l20
[0.219s] DEBUG:colcon.colcon_core.event_handler.log_command:Invoked command in '/home/huang/ros2/ROS2/communication_mechanism/build/cpp_time' returned '0': CMAKE_PREFIX_PATH=${CMAKE_PREFIX_PATH}:/opt/ros/humble /usr/bin/cmake --build /home/huang/ros2/ROS2/communication_mechanism/build/cpp_time -- -j20 -l20
[0.239s] DEBUG:colcon.colcon_core.event_handler.log_command:Invoking command in '/home/huang/ros2/ROS2/communication_mechanism/build/cpp_time': CMAKE_PREFIX_PATH=${CMAKE_PREFIX_PATH}:/opt/ros/humble /usr/bin/cmake --install /home/huang/ros2/ROS2/communication_mechanism/build/cpp_time
[0.244s] Level 1:colcon.colcon_core.environment:create_environment_scripts_only(cpp_time)
[0.244s] DEBUG:colcon.colcon_core.event_handler.log_command:Invoked command in '/home/huang/ros2/ROS2/communication_mechanism/build/cpp_time' returned '0': CMAKE_PREFIX_PATH=${CMAKE_PREFIX_PATH}:/opt/ros/humble /usr/bin/cmake --install /home/huang/ros2/ROS2/communication_mechanism/build/cpp_time
[0.246s] Level 1:colcon.colcon_core.environment:checking '/home/huang/ros2/ROS2/communication_mechanism/install/cpp_time' for CMake module files
[0.246s] Level 1:colcon.colcon_core.environment:checking '/home/huang/ros2/ROS2/communication_mechanism/install/cpp_time' for CMake config files
[0.247s] Level 1:colcon.colcon_core.shell:create_environment_hook('cpp_time', 'cmake_prefix_path')
[0.247s] INFO:colcon.colcon_core.shell:Creating environment hook '/home/huang/ros2/ROS2/communication_mechanism/install/cpp_time/share/cpp_time/hook/cmake_prefix_path.ps1'
[0.247s] INFO:colcon.colcon_core.shell:Creating environment descriptor '/home/huang/ros2/ROS2/communication_mechanism/install/cpp_time/share/cpp_time/hook/cmake_prefix_path.dsv'
[0.247s] INFO:colcon.colcon_core.shell:Creating environment hook '/home/huang/ros2/ROS2/communication_mechanism/install/cpp_time/share/cpp_time/hook/cmake_prefix_path.sh'
[0.248s] Level 1:colcon.colcon_core.environment:checking '/home/huang/ros2/ROS2/communication_mechanism/install/cpp_time/lib'
[0.248s] Level 1:colcon.colcon_core.environment:checking '/home/huang/ros2/ROS2/communication_mechanism/install/cpp_time/bin'
[0.248s] Level 1:colcon.colcon_core.environment:checking '/home/huang/ros2/ROS2/communication_mechanism/install/cpp_time/lib/pkgconfig/cpp_time.pc'
[0.248s] Level 1:colcon.colcon_core.environment:checking '/home/huang/ros2/ROS2/communication_mechanism/install/cpp_time/lib/python3.10/site-packages'
[0.248s] Level 1:colcon.colcon_core.environment:checking '/home/huang/ros2/ROS2/communication_mechanism/install/cpp_time/bin'
[0.248s] INFO:colcon.colcon_core.shell:Creating package script '/home/huang/ros2/ROS2/communication_mechanism/install/cpp_time/share/cpp_time/package.ps1'
[0.248s] INFO:colcon.colcon_core.shell:Creating package descriptor '/home/huang/ros2/ROS2/communication_mechanism/install/cpp_time/share/cpp_time/package.dsv'
[0.249s] INFO:colcon.colcon_core.shell:Creating package script '/home/huang/ros2/ROS2/communication_mechanism/install/cpp_time/share/cpp_time/package.sh'
[0.249s] INFO:colcon.colcon_core.shell:Creating package script '/home/huang/ros2/ROS2/communication_mechanism/install/cpp_time/share/cpp_time/package.bash'
[0.250s] INFO:colcon.colcon_core.shell:Creating package script '/home/huang/ros2/ROS2/communication_mechanism/install/cpp_time/share/cpp_time/package.zsh'
[0.251s] Level 1:colcon.colcon_core.environment:create_file_with_runtime_dependencies(/home/huang/ros2/ROS2/communication_mechanism/install/cpp_time/share/colcon-core/packages/cpp_time)
[0.267s] Level 1:colcon.colcon_core.environment:create_environment_scripts_only(cpp_time)
[0.267s] Level 1:colcon.colcon_core.environment:checking '/home/huang/ros2/ROS2/communication_mechanism/install/cpp_time' for CMake module files
[0.268s] Level 1:colcon.colcon_core.environment:checking '/home/huang/ros2/ROS2/communication_mechanism/install/cpp_time' for CMake config files
[0.268s] Level 1:colcon.colcon_core.shell:create_environment_hook('cpp_time', 'cmake_prefix_path')
[0.268s] INFO:colcon.colcon_core.shell:Creating environment hook '/home/huang/ros2/ROS2/communication_mechanism/install/cpp_time/share/cpp_time/hook/cmake_prefix_path.ps1'
[0.268s] INFO:colcon.colcon_core.shell:Creating environment descriptor '/home/huang/ros2/ROS2/communication_mechanism/install/cpp_time/share/cpp_time/hook/cmake_prefix_path.dsv'
[0.269s] INFO:colcon.colcon_core.shell:Creating environment hook '/home/huang/ros2/ROS2/communication_mechanism/install/cpp_time/share/cpp_time/hook/cmake_prefix_path.sh'
[0.269s] Level 1:colcon.colcon_core.environment:checking '/home/huang/ros2/ROS2/communication_mechanism/install/cpp_time/lib'
[0.269s] Level 1:colcon.colcon_core.environment:checking '/home/huang/ros2/ROS2/communication_mechanism/install/cpp_time/bin'
[0.269s] Level 1:colcon.colcon_core.environment:checking '/home/huang/ros2/ROS2/communication_mechanism/install/cpp_time/lib/pkgconfig/cpp_time.pc'
[0.269s] Level 1:colcon.colcon_core.environment:checking '/home/huang/ros2/ROS2/communication_mechanism/install/cpp_time/lib/python3.10/site-packages'
[0.269s] Level 1:colcon.colcon_core.environment:checking '/home/huang/ros2/ROS2/communication_mechanism/install/cpp_time/bin'
[0.269s] INFO:colcon.colcon_core.shell:Creating package script '/home/huang/ros2/ROS2/communication_mechanism/install/cpp_time/share/cpp_time/package.ps1'
[0.270s] INFO:colcon.colcon_core.shell:Creating package descriptor '/home/huang/ros2/ROS2/communication_mechanism/install/cpp_time/share/cpp_time/package.dsv'
[0.270s] INFO:colcon.colcon_core.shell:Creating package script '/home/huang/ros2/ROS2/communication_mechanism/install/cpp_time/share/cpp_time/package.sh'
[0.270s] INFO:colcon.colcon_core.shell:Creating package script '/home/huang/ros2/ROS2/communication_mechanism/install/cpp_time/share/cpp_time/package.bash'
[0.270s] INFO:colcon.colcon_core.shell:Creating package script '/home/huang/ros2/ROS2/communication_mechanism/install/cpp_time/share/cpp_time/package.zsh'
[0.270s] Level 1:colcon.colcon_core.environment:create_file_with_runtime_dependencies(/home/huang/ros2/ROS2/communication_mechanism/install/cpp_time/share/colcon-core/packages/cpp_time)
[0.285s] DEBUG:colcon.colcon_core.event_handler.log_command:Invoked command in '/home/huang/ros2/ROS2/communication_mechanism/build/cpp_param' returned '0': CMAKE_PREFIX_PATH=${CMAKE_PREFIX_PATH}:/opt/ros/humble /usr/bin/cmake --build /home/huang/ros2/ROS2/communication_mechanism/build/cpp_param -- -j20 -l20
[0.298s] DEBUG:colcon.colcon_core.event_handler.log_command:Invoking command in '/home/huang/ros2/ROS2/communication_mechanism/build/cpp_param': CMAKE_PREFIX_PATH=${CMAKE_PREFIX_PATH}:/opt/ros/humble /usr/bin/cmake --install /home/huang/ros2/ROS2/communication_mechanism/build/cpp_param
[0.303s] Level 1:colcon.colcon_core.environment:create_environment_scripts_only(cpp_param)
[0.303s] Level 1:colcon.colcon_core.environment:checking '/home/huang/ros2/ROS2/communication_mechanism/install/cpp_param' for CMake module files
[0.304s] DEBUG:colcon.colcon_core.event_handler.log_command:Invoked command in '/home/huang/ros2/ROS2/communication_mechanism/build/cpp_param' returned '0': CMAKE_PREFIX_PATH=${CMAKE_PREFIX_PATH}:/opt/ros/humble /usr/bin/cmake --install /home/huang/ros2/ROS2/communication_mechanism/build/cpp_param
[0.304s] Level 1:colcon.colcon_core.environment:checking '/home/huang/ros2/ROS2/communication_mechanism/install/cpp_param' for CMake config files
[0.304s] Level 1:colcon.colcon_core.shell:create_environment_hook('cpp_param', 'cmake_prefix_path')
[0.304s] INFO:colcon.colcon_core.shell:Creating environment hook '/home/huang/ros2/ROS2/communication_mechanism/install/cpp_param/share/cpp_param/hook/cmake_prefix_path.ps1'
[0.304s] INFO:colcon.colcon_core.shell:Creating environment descriptor '/home/huang/ros2/ROS2/communication_mechanism/install/cpp_param/share/cpp_param/hook/cmake_prefix_path.dsv'
[0.304s] INFO:colcon.colcon_core.shell:Creating environment hook '/home/huang/ros2/ROS2/communication_mechanism/install/cpp_param/share/cpp_param/hook/cmake_prefix_path.sh'
[0.304s] Level 1:colcon.colcon_core.environment:checking '/home/huang/ros2/ROS2/communication_mechanism/install/cpp_param/lib'
[0.305s] Level 1:colcon.colcon_core.environment:checking '/home/huang/ros2/ROS2/communication_mechanism/install/cpp_param/bin'
[0.305s] Level 1:colcon.colcon_core.environment:checking '/home/huang/ros2/ROS2/communication_mechanism/install/cpp_param/lib/pkgconfig/cpp_param.pc'
[0.305s] Level 1:colcon.colcon_core.environment:checking '/home/huang/ros2/ROS2/communication_mechanism/install/cpp_param/lib/python3.10/site-packages'
[0.305s] Level 1:colcon.colcon_core.environment:checking '/home/huang/ros2/ROS2/communication_mechanism/install/cpp_param/bin'
[0.305s] INFO:colcon.colcon_core.shell:Creating package script '/home/huang/ros2/ROS2/communication_mechanism/install/cpp_param/share/cpp_param/package.ps1'
[0.305s] INFO:colcon.colcon_core.shell:Creating package descriptor '/home/huang/ros2/ROS2/communication_mechanism/install/cpp_param/share/cpp_param/package.dsv'
[0.305s] INFO:colcon.colcon_core.shell:Creating package script '/home/huang/ros2/ROS2/communication_mechanism/install/cpp_param/share/cpp_param/package.sh'
[0.305s] INFO:colcon.colcon_core.shell:Creating package script '/home/huang/ros2/ROS2/communication_mechanism/install/cpp_param/share/cpp_param/package.bash'
[0.305s] INFO:colcon.colcon_core.shell:Creating package script '/home/huang/ros2/ROS2/communication_mechanism/install/cpp_param/share/cpp_param/package.zsh'
[0.306s] Level 1:colcon.colcon_core.environment:create_file_with_runtime_dependencies(/home/huang/ros2/ROS2/communication_mechanism/install/cpp_param/share/colcon-core/packages/cpp_param)
[0.317s] Level 1:colcon.colcon_core.environment:create_environment_scripts_only(cpp_param)
[0.318s] Level 1:colcon.colcon_core.environment:checking '/home/huang/ros2/ROS2/communication_mechanism/install/cpp_param' for CMake module files
[0.318s] Level 1:colcon.colcon_core.environment:checking '/home/huang/ros2/ROS2/communication_mechanism/install/cpp_param' for CMake config files
[0.318s] Level 1:colcon.colcon_core.shell:create_environment_hook('cpp_param', 'cmake_prefix_path')
[0.318s] INFO:colcon.colcon_core.shell:Creating environment hook '/home/huang/ros2/ROS2/communication_mechanism/install/cpp_param/share/cpp_param/hook/cmake_prefix_path.ps1'
[0.318s] INFO:colcon.colcon_core.shell:Creating environment descriptor '/home/huang/ros2/ROS2/communication_mechanism/install/cpp_param/share/cpp_param/hook/cmake_prefix_path.dsv'
[0.318s] INFO:colcon.colcon_core.shell:Creating environment hook '/home/huang/ros2/ROS2/communication_mechanism/install/cpp_param/share/cpp_param/hook/cmake_prefix_path.sh'
[0.319s] Level 1:colcon.colcon_core.environment:checking '/home/huang/ros2/ROS2/communication_mechanism/install/cpp_param/lib'
[0.319s] Level 1:colcon.colcon_core.environment:checking '/home/huang/ros2/ROS2/communication_mechanism/install/cpp_param/bin'
[0.319s] Level 1:colcon.colcon_core.environment:checking '/home/huang/ros2/ROS2/communication_mechanism/install/cpp_param/lib/pkgconfig/cpp_param.pc'
[0.319s] Level 1:colcon.colcon_core.environment:checking '/home/huang/ros2/ROS2/communication_mechanism/install/cpp_param/lib/python3.10/site-packages'
[0.319s] Level 1:colcon.colcon_core.environment:checking '/home/huang/ros2/ROS2/communication_mechanism/install/cpp_param/bin'
[0.319s] INFO:colcon.colcon_core.shell:Creating package script '/home/huang/ros2/ROS2/communication_mechanism/install/cpp_param/share/cpp_param/package.ps1'
[0.319s] INFO:colcon.colcon_core.shell:Creating package descriptor '/home/huang/ros2/ROS2/communication_mechanism/install/cpp_param/share/cpp_param/package.dsv'
[0.319s] INFO:colcon.colcon_core.shell:Creating package script '/home/huang/ros2/ROS2/communication_mechanism/install/cpp_param/share/cpp_param/package.sh'
[0.319s] INFO:colcon.colcon_core.shell:Creating package script '/home/huang/ros2/ROS2/communication_mechanism/install/cpp_param/share/cpp_param/package.bash'
[0.320s] INFO:colcon.colcon_core.shell:Creating package script '/home/huang/ros2/ROS2/communication_mechanism/install/cpp_param/share/cpp_param/package.zsh'
[0.320s] Level 1:colcon.colcon_core.environment:create_file_with_runtime_dependencies(/home/huang/ros2/ROS2/communication_mechanism/install/cpp_param/share/colcon-core/packages/cpp_param)
[0.329s] DEBUG:colcon.colcon_core.event_handler.log_command:Invoked command in '/home/huang/ros2/ROS2/communication_mechanism/build/base_interface_demo' returned '0': CMAKE_PREFIX_PATH=${CMAKE_PREFIX_PATH}:/opt/ros/humble /usr/bin/cmake --build /home/huang/ros2/ROS2/communication_mechanism/build/base_interface_demo -- -j20 -l20
[0.365s] DEBUG:colcon.colcon_core.event_handler.log_command:Invoking command in '/home/huang/ros2/ROS2/communication_mechanism/build/base_interface_demo': CMAKE_PREFIX_PATH=${CMAKE_PREFIX_PATH}:/opt/ros/humble /usr/bin/cmake --install /home/huang/ros2/ROS2/communication_mechanism/build/base_interface_demo
[0.392s] Level 1:colcon.colcon_core.environment:create_environment_scripts_only(base_interface_demo)
[0.392s] DEBUG:colcon.colcon_core.event_handler.log_command:Invoked command in '/home/huang/ros2/ROS2/communication_mechanism/build/base_interface_demo' returned '0': CMAKE_PREFIX_PATH=${CMAKE_PREFIX_PATH}:/opt/ros/humble /usr/bin/cmake --install /home/huang/ros2/ROS2/communication_mechanism/build/base_interface_demo
[0.393s] Level 1:colcon.colcon_core.environment:checking '/home/huang/ros2/ROS2/communication_mechanism/install/base_interface_demo' for CMake module files
[0.393s] Level 1:colcon.colcon_core.environment:checking '/home/huang/ros2/ROS2/communication_mechanism/install/base_interface_demo' for CMake config files
[0.393s] Level 1:colcon.colcon_core.shell:create_environment_hook('base_interface_demo', 'cmake_prefix_path')
[0.393s] INFO:colcon.colcon_core.shell:Creating environment hook '/home/huang/ros2/ROS2/communication_mechanism/install/base_interface_demo/share/base_interface_demo/hook/cmake_prefix_path.ps1'
[0.393s] INFO:colcon.colcon_core.shell:Creating environment descriptor '/home/huang/ros2/ROS2/communication_mechanism/install/base_interface_demo/share/base_interface_demo/hook/cmake_prefix_path.dsv'
[0.394s] INFO:colcon.colcon_core.shell:Creating environment hook '/home/huang/ros2/ROS2/communication_mechanism/install/base_interface_demo/share/base_interface_demo/hook/cmake_prefix_path.sh'
[0.394s] Level 1:colcon.colcon_core.environment:checking '/home/huang/ros2/ROS2/communication_mechanism/install/base_interface_demo/lib'
[0.394s] Level 1:colcon.colcon_core.shell:create_environment_hook('base_interface_demo', 'ld_library_path_lib')
[0.394s] INFO:colcon.colcon_core.shell:Creating environment hook '/home/huang/ros2/ROS2/communication_mechanism/install/base_interface_demo/share/base_interface_demo/hook/ld_library_path_lib.ps1'
[0.394s] INFO:colcon.colcon_core.shell:Creating environment descriptor '/home/huang/ros2/ROS2/communication_mechanism/install/base_interface_demo/share/base_interface_demo/hook/ld_library_path_lib.dsv'
[0.394s] INFO:colcon.colcon_core.shell:Creating environment hook '/home/huang/ros2/ROS2/communication_mechanism/install/base_interface_demo/share/base_interface_demo/hook/ld_library_path_lib.sh'
[0.394s] Level 1:colcon.colcon_core.environment:checking '/home/huang/ros2/ROS2/communication_mechanism/install/base_interface_demo/bin'
[0.394s] Level 1:colcon.colcon_core.environment:checking '/home/huang/ros2/ROS2/communication_mechanism/install/base_interface_demo/lib/pkgconfig/base_interface_demo.pc'
[0.394s] Level 1:colcon.colcon_core.environment:checking '/home/huang/ros2/ROS2/communication_mechanism/install/base_interface_demo/lib/python3.10/site-packages'
[0.394s] Level 1:colcon.colcon_core.environment:checking '/home/huang/ros2/ROS2/communication_mechanism/install/base_interface_demo/bin'
[0.395s] INFO:colcon.colcon_core.shell:Creating package script '/home/huang/ros2/ROS2/communication_mechanism/install/base_interface_demo/share/base_interface_demo/package.ps1'
[0.395s] INFO:colcon.colcon_core.shell:Creating package descriptor '/home/huang/ros2/ROS2/communication_mechanism/install/base_interface_demo/share/base_interface_demo/package.dsv'
[0.395s] INFO:colcon.colcon_core.shell:Creating package script '/home/huang/ros2/ROS2/communication_mechanism/install/base_interface_demo/share/base_interface_demo/package.sh'
[0.395s] INFO:colcon.colcon_core.shell:Creating package script '/home/huang/ros2/ROS2/communication_mechanism/install/base_interface_demo/share/base_interface_demo/package.bash'
[0.395s] INFO:colcon.colcon_core.shell:Creating package script '/home/huang/ros2/ROS2/communication_mechanism/install/base_interface_demo/share/base_interface_demo/package.zsh'
[0.395s] Level 1:colcon.colcon_core.environment:create_file_with_runtime_dependencies(/home/huang/ros2/ROS2/communication_mechanism/install/base_interface_demo/share/colcon-core/packages/base_interface_demo)
[0.432s] Level 1:colcon.colcon_core.environment:create_environment_scripts_only(base_interface_demo)
[0.432s] Level 1:colcon.colcon_core.environment:checking '/home/huang/ros2/ROS2/communication_mechanism/install/base_interface_demo' for CMake module files
[0.432s] Level 1:colcon.colcon_core.environment:checking '/home/huang/ros2/ROS2/communication_mechanism/install/base_interface_demo' for CMake config files
[0.432s] Level 1:colcon.colcon_core.shell:create_environment_hook('base_interface_demo', 'cmake_prefix_path')
[0.432s] INFO:colcon.colcon_core.shell:Creating environment hook '/home/huang/ros2/ROS2/communication_mechanism/install/base_interface_demo/share/base_interface_demo/hook/cmake_prefix_path.ps1'
[0.433s] INFO:colcon.colcon_core.shell:Creating environment descriptor '/home/huang/ros2/ROS2/communication_mechanism/install/base_interface_demo/share/base_interface_demo/hook/cmake_prefix_path.dsv'
[0.433s] INFO:colcon.colcon_core.shell:Creating environment hook '/home/huang/ros2/ROS2/communication_mechanism/install/base_interface_demo/share/base_interface_demo/hook/cmake_prefix_path.sh'
[0.433s] Level 1:colcon.colcon_core.environment:checking '/home/huang/ros2/ROS2/communication_mechanism/install/base_interface_demo/lib'
[0.433s] Level 1:colcon.colcon_core.shell:create_environment_hook('base_interface_demo', 'ld_library_path_lib')
[0.433s] INFO:colcon.colcon_core.shell:Creating environment hook '/home/huang/ros2/ROS2/communication_mechanism/install/base_interface_demo/share/base_interface_demo/hook/ld_library_path_lib.ps1'
[0.433s] INFO:colcon.colcon_core.shell:Creating environment descriptor '/home/huang/ros2/ROS2/communication_mechanism/install/base_interface_demo/share/base_interface_demo/hook/ld_library_path_lib.dsv'
[0.433s] INFO:colcon.colcon_core.shell:Creating environment hook '/home/huang/ros2/ROS2/communication_mechanism/install/base_interface_demo/share/base_interface_demo/hook/ld_library_path_lib.sh'
[0.434s] Level 1:colcon.colcon_core.environment:checking '/home/huang/ros2/ROS2/communication_mechanism/install/base_interface_demo/bin'
[0.434s] Level 1:colcon.colcon_core.environment:checking '/home/huang/ros2/ROS2/communication_mechanism/install/base_interface_demo/lib/pkgconfig/base_interface_demo.pc'
[0.434s] Level 1:colcon.colcon_core.environment:checking '/home/huang/ros2/ROS2/communication_mechanism/install/base_interface_demo/lib/python3.10/site-packages'
[0.434s] Level 1:colcon.colcon_core.environment:checking '/home/huang/ros2/ROS2/communication_mechanism/install/base_interface_demo/bin'
[0.434s] INFO:colcon.colcon_core.shell:Creating package script '/home/huang/ros2/ROS2/communication_mechanism/install/base_interface_demo/share/base_interface_demo/package.ps1'
[0.434s] INFO:colcon.colcon_core.shell:Creating package descriptor '/home/huang/ros2/ROS2/communication_mechanism/install/base_interface_demo/share/base_interface_demo/package.dsv'
[0.434s] INFO:colcon.colcon_core.shell:Creating package script '/home/huang/ros2/ROS2/communication_mechanism/install/base_interface_demo/share/base_interface_demo/package.sh'
[0.434s] INFO:colcon.colcon_core.shell:Creating package script '/home/huang/ros2/ROS2/communication_mechanism/install/base_interface_demo/share/base_interface_demo/package.bash'
[0.435s] INFO:colcon.colcon_core.shell:Creating package script '/home/huang/ros2/ROS2/communication_mechanism/install/base_interface_demo/share/base_interface_demo/package.zsh'
[0.435s] Level 1:colcon.colcon_core.environment:create_file_with_runtime_dependencies(/home/huang/ros2/ROS2/communication_mechanism/install/base_interface_demo/share/colcon-core/packages/base_interface_demo)
[0.435s] INFO:colcon.colcon_ros.task.ament_cmake.build:Building ROS package in '/home/huang/ros2/ROS2/communication_mechanism/src/cpp_action' with build type 'ament_cmake'
[0.435s] INFO:colcon.colcon_cmake.task.cmake.build:Building CMake package in '/home/huang/ros2/ROS2/communication_mechanism/src/cpp_action'
[0.435s] INFO:colcon.colcon_core.shell:Skip shell extension 'powershell' for command environment: Not usable outside of PowerShell
[0.435s] DEBUG:colcon.colcon_core.shell:Skip shell extension 'dsv' for command environment
[0.438s] INFO:colcon.colcon_ros.task.ament_cmake.build:Building ROS package in '/home/huang/ros2/ROS2/communication_mechanism/src/cpp_server' with build type 'ament_cmake'
[0.438s] INFO:colcon.colcon_cmake.task.cmake.build:Building CMake package in '/home/huang/ros2/ROS2/communication_mechanism/src/cpp_server'
[0.438s] INFO:colcon.colcon_core.shell:Skip shell extension 'powershell' for command environment: Not usable outside of PowerShell
[0.438s] DEBUG:colcon.colcon_core.shell:Skip shell extension 'dsv' for command environment
[0.439s] INFO:colcon.colcon_ros.task.ament_cmake.build:Building ROS package in '/home/huang/ros2/ROS2/communication_mechanism/src/cpp_topic' with build type 'ament_cmake'
[0.439s] INFO:colcon.colcon_cmake.task.cmake.build:Building CMake package in '/home/huang/ros2/ROS2/communication_mechanism/src/cpp_topic'
[0.440s] INFO:colcon.colcon_core.shell:Skip shell extension 'powershell' for command environment: Not usable outside of PowerShell
[0.440s] DEBUG:colcon.colcon_core.shell:Skip shell extension 'dsv' for command environment
[0.456s] DEBUG:colcon.colcon_core.event_handler.log_command:Invoking command in '/home/huang/ros2/ROS2/communication_mechanism/build/cpp_server': CMAKE_PREFIX_PATH=/home/huang/ros2/ROS2/communication_mechanism/install/base_interface_demo:/home/huang/ros2/ROS2/communication_mechanism/install/cpp_time:/opt/ros/humble /usr/bin/cmake --build /home/huang/ros2/ROS2/communication_mechanism/build/cpp_server -- -j20 -l20
[0.458s] DEBUG:colcon.colcon_core.event_handler.log_command:Invoking command in '/home/huang/ros2/ROS2/communication_mechanism/build/cpp_topic': CMAKE_PREFIX_PATH=/home/huang/ros2/ROS2/communication_mechanism/install/base_interface_demo:/home/huang/ros2/ROS2/communication_mechanism/install/cpp_time:/opt/ros/humble /usr/bin/cmake --build /home/huang/ros2/ROS2/communication_mechanism/build/cpp_topic -- -j20 -l20
[0.460s] DEBUG:colcon.colcon_core.event_handler.log_command:Invoking command in '/home/huang/ros2/ROS2/communication_mechanism/build/cpp_action': CMAKE_PREFIX_PATH=/home/huang/ros2/ROS2/communication_mechanism/install/base_interface_demo:/home/huang/ros2/ROS2/communication_mechanism/install/cpp_time:/opt/ros/humble /usr/bin/cmake --build /home/huang/ros2/ROS2/communication_mechanism/build/cpp_action -- -j20 -l20
[3.122s] DEBUG:colcon.colcon_core.event_handler.log_command:Invoked command in '/home/huang/ros2/ROS2/communication_mechanism/build/cpp_server' returned '0': CMAKE_PREFIX_PATH=/home/huang/ros2/ROS2/communication_mechanism/install/base_interface_demo:/home/huang/ros2/ROS2/communication_mechanism/install/cpp_time:/opt/ros/humble /usr/bin/cmake --build /home/huang/ros2/ROS2/communication_mechanism/build/cpp_server -- -j20 -l20
[3.144s] DEBUG:colcon.colcon_core.event_handler.log_command:Invoking command in '/home/huang/ros2/ROS2/communication_mechanism/build/cpp_server': CMAKE_PREFIX_PATH=/home/huang/ros2/ROS2/communication_mechanism/install/base_interface_demo:/home/huang/ros2/ROS2/communication_mechanism/install/cpp_time:/opt/ros/humble /usr/bin/cmake --install /home/huang/ros2/ROS2/communication_mechanism/build/cpp_server
[3.152s] Level 1:colcon.colcon_core.environment:create_environment_scripts_only(cpp_server)
[3.153s] Level 1:colcon.colcon_core.environment:checking '/home/huang/ros2/ROS2/communication_mechanism/install/cpp_server' for CMake module files
[3.153s] DEBUG:colcon.colcon_core.event_handler.log_command:Invoked command in '/home/huang/ros2/ROS2/communication_mechanism/build/cpp_server' returned '0': CMAKE_PREFIX_PATH=/home/huang/ros2/ROS2/communication_mechanism/install/base_interface_demo:/home/huang/ros2/ROS2/communication_mechanism/install/cpp_time:/opt/ros/humble /usr/bin/cmake --install /home/huang/ros2/ROS2/communication_mechanism/build/cpp_server
[3.153s] Level 1:colcon.colcon_core.environment:checking '/home/huang/ros2/ROS2/communication_mechanism/install/cpp_server' for CMake config files
[3.154s] Level 1:colcon.colcon_core.shell:create_environment_hook('cpp_server', 'cmake_prefix_path')
[3.154s] INFO:colcon.colcon_core.shell:Creating environment hook '/home/huang/ros2/ROS2/communication_mechanism/install/cpp_server/share/cpp_server/hook/cmake_prefix_path.ps1'
[3.154s] INFO:colcon.colcon_core.shell:Creating environment descriptor '/home/huang/ros2/ROS2/communication_mechanism/install/cpp_server/share/cpp_server/hook/cmake_prefix_path.dsv'
[3.154s] INFO:colcon.colcon_core.shell:Creating environment hook '/home/huang/ros2/ROS2/communication_mechanism/install/cpp_server/share/cpp_server/hook/cmake_prefix_path.sh'
[3.154s] Level 1:colcon.colcon_core.environment:checking '/home/huang/ros2/ROS2/communication_mechanism/install/cpp_server/lib'
[3.154s] Level 1:colcon.colcon_core.environment:checking '/home/huang/ros2/ROS2/communication_mechanism/install/cpp_server/bin'
[3.154s] Level 1:colcon.colcon_core.environment:checking '/home/huang/ros2/ROS2/communication_mechanism/install/cpp_server/lib/pkgconfig/cpp_server.pc'
[3.154s] Level 1:colcon.colcon_core.environment:checking '/home/huang/ros2/ROS2/communication_mechanism/install/cpp_server/lib/python3.10/site-packages'
[3.155s] Level 1:colcon.colcon_core.environment:checking '/home/huang/ros2/ROS2/communication_mechanism/install/cpp_server/bin'
[3.155s] INFO:colcon.colcon_core.shell:Creating package script '/home/huang/ros2/ROS2/communication_mechanism/install/cpp_server/share/cpp_server/package.ps1'
[3.155s] INFO:colcon.colcon_core.shell:Creating package descriptor '/home/huang/ros2/ROS2/communication_mechanism/install/cpp_server/share/cpp_server/package.dsv'
[3.155s] INFO:colcon.colcon_core.shell:Creating package script '/home/huang/ros2/ROS2/communication_mechanism/install/cpp_server/share/cpp_server/package.sh'
[3.155s] INFO:colcon.colcon_core.shell:Creating package script '/home/huang/ros2/ROS2/communication_mechanism/install/cpp_server/share/cpp_server/package.bash'
[3.155s] INFO:colcon.colcon_core.shell:Creating package script '/home/huang/ros2/ROS2/communication_mechanism/install/cpp_server/share/cpp_server/package.zsh'
[3.155s] Level 1:colcon.colcon_core.environment:create_file_with_runtime_dependencies(/home/huang/ros2/ROS2/communication_mechanism/install/cpp_server/share/colcon-core/packages/cpp_server)
[3.174s] Level 1:colcon.colcon_core.environment:create_environment_scripts_only(cpp_server)
[3.174s] Level 1:colcon.colcon_core.environment:checking '/home/huang/ros2/ROS2/communication_mechanism/install/cpp_server' for CMake module files
[3.174s] Level 1:colcon.colcon_core.environment:checking '/home/huang/ros2/ROS2/communication_mechanism/install/cpp_server' for CMake config files
[3.175s] Level 1:colcon.colcon_core.shell:create_environment_hook('cpp_server', 'cmake_prefix_path')
[3.175s] INFO:colcon.colcon_core.shell:Creating environment hook '/home/huang/ros2/ROS2/communication_mechanism/install/cpp_server/share/cpp_server/hook/cmake_prefix_path.ps1'
[3.175s] INFO:colcon.colcon_core.shell:Creating environment descriptor '/home/huang/ros2/ROS2/communication_mechanism/install/cpp_server/share/cpp_server/hook/cmake_prefix_path.dsv'
[3.175s] INFO:colcon.colcon_core.shell:Creating environment hook '/home/huang/ros2/ROS2/communication_mechanism/install/cpp_server/share/cpp_server/hook/cmake_prefix_path.sh'
[3.176s] Level 1:colcon.colcon_core.environment:checking '/home/huang/ros2/ROS2/communication_mechanism/install/cpp_server/lib'
[3.176s] Level 1:colcon.colcon_core.environment:checking '/home/huang/ros2/ROS2/communication_mechanism/install/cpp_server/bin'
[3.176s] Level 1:colcon.colcon_core.environment:checking '/home/huang/ros2/ROS2/communication_mechanism/install/cpp_server/lib/pkgconfig/cpp_server.pc'
[3.176s] Level 1:colcon.colcon_core.environment:checking '/home/huang/ros2/ROS2/communication_mechanism/install/cpp_server/lib/python3.10/site-packages'
[3.176s] Level 1:colcon.colcon_core.environment:checking '/home/huang/ros2/ROS2/communication_mechanism/install/cpp_server/bin'
[3.176s] INFO:colcon.colcon_core.shell:Creating package script '/home/huang/ros2/ROS2/communication_mechanism/install/cpp_server/share/cpp_server/package.ps1'
[3.177s] INFO:colcon.colcon_core.shell:Creating package descriptor '/home/huang/ros2/ROS2/communication_mechanism/install/cpp_server/share/cpp_server/package.dsv'
[3.177s] INFO:colcon.colcon_core.shell:Creating package script '/home/huang/ros2/ROS2/communication_mechanism/install/cpp_server/share/cpp_server/package.sh'
[3.177s] INFO:colcon.colcon_core.shell:Creating package script '/home/huang/ros2/ROS2/communication_mechanism/install/cpp_server/share/cpp_server/package.bash'
[3.177s] INFO:colcon.colcon_core.shell:Creating package script '/home/huang/ros2/ROS2/communication_mechanism/install/cpp_server/share/cpp_server/package.zsh'
[3.177s] Level 1:colcon.colcon_core.environment:create_file_with_runtime_dependencies(/home/huang/ros2/ROS2/communication_mechanism/install/cpp_server/share/colcon-core/packages/cpp_server)
[3.460s] DEBUG:colcon.colcon_core.event_handler.log_command:Invoked command in '/home/huang/ros2/ROS2/communication_mechanism/build/cpp_action' returned '0': CMAKE_PREFIX_PATH=/home/huang/ros2/ROS2/communication_mechanism/install/base_interface_demo:/home/huang/ros2/ROS2/communication_mechanism/install/cpp_time:/opt/ros/humble /usr/bin/cmake --build /home/huang/ros2/ROS2/communication_mechanism/build/cpp_action -- -j20 -l20
[3.475s] DEBUG:colcon.colcon_core.event_handler.log_command:Invoking command in '/home/huang/ros2/ROS2/communication_mechanism/build/cpp_action': CMAKE_PREFIX_PATH=/home/huang/ros2/ROS2/communication_mechanism/install/base_interface_demo:/home/huang/ros2/ROS2/communication_mechanism/install/cpp_time:/opt/ros/humble /usr/bin/cmake --install /home/huang/ros2/ROS2/communication_mechanism/build/cpp_action
[3.481s] Level 1:colcon.colcon_core.environment:create_environment_scripts_only(cpp_action)
[3.482s] Level 1:colcon.colcon_core.environment:checking '/home/huang/ros2/ROS2/communication_mechanism/install/cpp_action' for CMake module files
[3.482s] DEBUG:colcon.colcon_core.event_handler.log_command:Invoked command in '/home/huang/ros2/ROS2/communication_mechanism/build/cpp_action' returned '0': CMAKE_PREFIX_PATH=/home/huang/ros2/ROS2/communication_mechanism/install/base_interface_demo:/home/huang/ros2/ROS2/communication_mechanism/install/cpp_time:/opt/ros/humble /usr/bin/cmake --install /home/huang/ros2/ROS2/communication_mechanism/build/cpp_action
[3.482s] Level 1:colcon.colcon_core.environment:checking '/home/huang/ros2/ROS2/communication_mechanism/install/cpp_action' for CMake config files
[3.482s] Level 1:colcon.colcon_core.shell:create_environment_hook('cpp_action', 'cmake_prefix_path')
[3.482s] INFO:colcon.colcon_core.shell:Creating environment hook '/home/huang/ros2/ROS2/communication_mechanism/install/cpp_action/share/cpp_action/hook/cmake_prefix_path.ps1'
[3.483s] INFO:colcon.colcon_core.shell:Creating environment descriptor '/home/huang/ros2/ROS2/communication_mechanism/install/cpp_action/share/cpp_action/hook/cmake_prefix_path.dsv'
[3.483s] INFO:colcon.colcon_core.shell:Creating environment hook '/home/huang/ros2/ROS2/communication_mechanism/install/cpp_action/share/cpp_action/hook/cmake_prefix_path.sh'
[3.483s] Level 1:colcon.colcon_core.environment:checking '/home/huang/ros2/ROS2/communication_mechanism/install/cpp_action/lib'
[3.483s] Level 1:colcon.colcon_core.environment:checking '/home/huang/ros2/ROS2/communication_mechanism/install/cpp_action/bin'
[3.483s] Level 1:colcon.colcon_core.environment:checking '/home/huang/ros2/ROS2/communication_mechanism/install/cpp_action/lib/pkgconfig/cpp_action.pc'
[3.483s] Level 1:colcon.colcon_core.environment:checking '/home/huang/ros2/ROS2/communication_mechanism/install/cpp_action/lib/python3.10/site-packages'
[3.483s] Level 1:colcon.colcon_core.environment:checking '/home/huang/ros2/ROS2/communication_mechanism/install/cpp_action/bin'
[3.484s] INFO:colcon.colcon_core.shell:Creating package script '/home/huang/ros2/ROS2/communication_mechanism/install/cpp_action/share/cpp_action/package.ps1'
[3.484s] INFO:colcon.colcon_core.shell:Creating package descriptor '/home/huang/ros2/ROS2/communication_mechanism/install/cpp_action/share/cpp_action/package.dsv'
[3.484s] INFO:colcon.colcon_core.shell:Creating package script '/home/huang/ros2/ROS2/communication_mechanism/install/cpp_action/share/cpp_action/package.sh'
[3.484s] INFO:colcon.colcon_core.shell:Creating package script '/home/huang/ros2/ROS2/communication_mechanism/install/cpp_action/share/cpp_action/package.bash'
[3.484s] INFO:colcon.colcon_core.shell:Creating package script '/home/huang/ros2/ROS2/communication_mechanism/install/cpp_action/share/cpp_action/package.zsh'
[3.484s] Level 1:colcon.colcon_core.environment:create_file_with_runtime_dependencies(/home/huang/ros2/ROS2/communication_mechanism/install/cpp_action/share/colcon-core/packages/cpp_action)
[3.499s] Level 1:colcon.colcon_core.environment:create_environment_scripts_only(cpp_action)
[3.499s] Level 1:colcon.colcon_core.environment:checking '/home/huang/ros2/ROS2/communication_mechanism/install/cpp_action' for CMake module files
[3.499s] Level 1:colcon.colcon_core.environment:checking '/home/huang/ros2/ROS2/communication_mechanism/install/cpp_action' for CMake config files
[3.500s] Level 1:colcon.colcon_core.shell:create_environment_hook('cpp_action', 'cmake_prefix_path')
[3.500s] INFO:colcon.colcon_core.shell:Creating environment hook '/home/huang/ros2/ROS2/communication_mechanism/install/cpp_action/share/cpp_action/hook/cmake_prefix_path.ps1'
[3.500s] INFO:colcon.colcon_core.shell:Creating environment descriptor '/home/huang/ros2/ROS2/communication_mechanism/install/cpp_action/share/cpp_action/hook/cmake_prefix_path.dsv'
[3.500s] INFO:colcon.colcon_core.shell:Creating environment hook '/home/huang/ros2/ROS2/communication_mechanism/install/cpp_action/share/cpp_action/hook/cmake_prefix_path.sh'
[3.500s] Level 1:colcon.colcon_core.environment:checking '/home/huang/ros2/ROS2/communication_mechanism/install/cpp_action/lib'
[3.500s] Level 1:colcon.colcon_core.environment:checking '/home/huang/ros2/ROS2/communication_mechanism/install/cpp_action/bin'
[3.500s] Level 1:colcon.colcon_core.environment:checking '/home/huang/ros2/ROS2/communication_mechanism/install/cpp_action/lib/pkgconfig/cpp_action.pc'
[3.501s] Level 1:colcon.colcon_core.environment:checking '/home/huang/ros2/ROS2/communication_mechanism/install/cpp_action/lib/python3.10/site-packages'
[3.501s] Level 1:colcon.colcon_core.environment:checking '/home/huang/ros2/ROS2/communication_mechanism/install/cpp_action/bin'
[3.501s] INFO:colcon.colcon_core.shell:Creating package script '/home/huang/ros2/ROS2/communication_mechanism/install/cpp_action/share/cpp_action/package.ps1'
[3.501s] INFO:colcon.colcon_core.shell:Creating package descriptor '/home/huang/ros2/ROS2/communication_mechanism/install/cpp_action/share/cpp_action/package.dsv'
[3.501s] INFO:colcon.colcon_core.shell:Creating package script '/home/huang/ros2/ROS2/communication_mechanism/install/cpp_action/share/cpp_action/package.sh'
[3.501s] INFO:colcon.colcon_core.shell:Creating package script '/home/huang/ros2/ROS2/communication_mechanism/install/cpp_action/share/cpp_action/package.bash'
[3.502s] INFO:colcon.colcon_core.shell:Creating package script '/home/huang/ros2/ROS2/communication_mechanism/install/cpp_action/share/cpp_action/package.zsh'
[3.502s] Level 1:colcon.colcon_core.environment:create_file_with_runtime_dependencies(/home/huang/ros2/ROS2/communication_mechanism/install/cpp_action/share/colcon-core/packages/cpp_action)
[5.628s] DEBUG:colcon.colcon_core.event_handler.log_command:Invoked command in '/home/huang/ros2/ROS2/communication_mechanism/build/cpp_topic' returned '0': CMAKE_PREFIX_PATH=/home/huang/ros2/ROS2/communication_mechanism/install/base_interface_demo:/home/huang/ros2/ROS2/communication_mechanism/install/cpp_time:/opt/ros/humble /usr/bin/cmake --build /home/huang/ros2/ROS2/communication_mechanism/build/cpp_topic -- -j20 -l20
[5.641s] DEBUG:colcon.colcon_core.event_handler.log_command:Invoking command in '/home/huang/ros2/ROS2/communication_mechanism/build/cpp_topic': CMAKE_PREFIX_PATH=/home/huang/ros2/ROS2/communication_mechanism/install/base_interface_demo:/home/huang/ros2/ROS2/communication_mechanism/install/cpp_time:/opt/ros/humble /usr/bin/cmake --install /home/huang/ros2/ROS2/communication_mechanism/build/cpp_topic
[5.650s] Level 1:colcon.colcon_core.environment:create_environment_scripts_only(cpp_topic)
[5.650s] Level 1:colcon.colcon_core.environment:checking '/home/huang/ros2/ROS2/communication_mechanism/install/cpp_topic' for CMake module files
[5.650s] DEBUG:colcon.colcon_core.event_handler.log_command:Invoked command in '/home/huang/ros2/ROS2/communication_mechanism/build/cpp_topic' returned '0': CMAKE_PREFIX_PATH=/home/huang/ros2/ROS2/communication_mechanism/install/base_interface_demo:/home/huang/ros2/ROS2/communication_mechanism/install/cpp_time:/opt/ros/humble /usr/bin/cmake --install /home/huang/ros2/ROS2/communication_mechanism/build/cpp_topic
[5.651s] Level 1:colcon.colcon_core.environment:checking '/home/huang/ros2/ROS2/communication_mechanism/install/cpp_topic' for CMake config files
[5.651s] Level 1:colcon.colcon_core.shell:create_environment_hook('cpp_topic', 'cmake_prefix_path')
[5.651s] INFO:colcon.colcon_core.shell:Creating environment hook '/home/huang/ros2/ROS2/communication_mechanism/install/cpp_topic/share/cpp_topic/hook/cmake_prefix_path.ps1'
[5.651s] INFO:colcon.colcon_core.shell:Creating environment descriptor '/home/huang/ros2/ROS2/communication_mechanism/install/cpp_topic/share/cpp_topic/hook/cmake_prefix_path.dsv'
[5.651s] INFO:colcon.colcon_core.shell:Creating environment hook '/home/huang/ros2/ROS2/communication_mechanism/install/cpp_topic/share/cpp_topic/hook/cmake_prefix_path.sh'
[5.651s] Level 1:colcon.colcon_core.environment:checking '/home/huang/ros2/ROS2/communication_mechanism/install/cpp_topic/lib'
[5.651s] Level 1:colcon.colcon_core.environment:checking '/home/huang/ros2/ROS2/communication_mechanism/install/cpp_topic/bin'
[5.651s] Level 1:colcon.colcon_core.environment:checking '/home/huang/ros2/ROS2/communication_mechanism/install/cpp_topic/lib/pkgconfig/cpp_topic.pc'
[5.651s] Level 1:colcon.colcon_core.environment:checking '/home/huang/ros2/ROS2/communication_mechanism/install/cpp_topic/lib/python3.10/site-packages'
[5.652s] Level 1:colcon.colcon_core.environment:checking '/home/huang/ros2/ROS2/communication_mechanism/install/cpp_topic/bin'
[5.652s] INFO:colcon.colcon_core.shell:Creating package script '/home/huang/ros2/ROS2/communication_mechanism/install/cpp_topic/share/cpp_topic/package.ps1'
[5.652s] INFO:colcon.colcon_core.shell:Creating package descriptor '/home/huang/ros2/ROS2/communication_mechanism/install/cpp_topic/share/cpp_topic/package.dsv'
[5.652s] INFO:colcon.colcon_core.shell:Creating package script '/home/huang/ros2/ROS2/communication_mechanism/install/cpp_topic/share/cpp_topic/package.sh'
[5.652s] INFO:colcon.colcon_core.shell:Creating package script '/home/huang/ros2/ROS2/communication_mechanism/install/cpp_topic/share/cpp_topic/package.bash'
[5.652s] INFO:colcon.colcon_core.shell:Creating package script '/home/huang/ros2/ROS2/communication_mechanism/install/cpp_topic/share/cpp_topic/package.zsh'
[5.652s] Level 1:colcon.colcon_core.environment:create_file_with_runtime_dependencies(/home/huang/ros2/ROS2/communication_mechanism/install/cpp_topic/share/colcon-core/packages/cpp_topic)
[5.665s] Level 1:colcon.colcon_core.environment:create_environment_scripts_only(cpp_topic)
[5.666s] Level 1:colcon.colcon_core.environment:checking '/home/huang/ros2/ROS2/communication_mechanism/install/cpp_topic' for CMake module files
[5.666s] Level 1:colcon.colcon_core.environment:checking '/home/huang/ros2/ROS2/communication_mechanism/install/cpp_topic' for CMake config files
[5.666s] Level 1:colcon.colcon_core.shell:create_environment_hook('cpp_topic', 'cmake_prefix_path')
[5.666s] INFO:colcon.colcon_core.shell:Creating environment hook '/home/huang/ros2/ROS2/communication_mechanism/install/cpp_topic/share/cpp_topic/hook/cmake_prefix_path.ps1'
[5.666s] INFO:colcon.colcon_core.shell:Creating environment descriptor '/home/huang/ros2/ROS2/communication_mechanism/install/cpp_topic/share/cpp_topic/hook/cmake_prefix_path.dsv'
[5.666s] INFO:colcon.colcon_core.shell:Creating environment hook '/home/huang/ros2/ROS2/communication_mechanism/install/cpp_topic/share/cpp_topic/hook/cmake_prefix_path.sh'
[5.667s] Level 1:colcon.colcon_core.environment:checking '/home/huang/ros2/ROS2/communication_mechanism/install/cpp_topic/lib'
[5.667s] Level 1:colcon.colcon_core.environment:checking '/home/huang/ros2/ROS2/communication_mechanism/install/cpp_topic/bin'
[5.667s] Level 1:colcon.colcon_core.environment:checking '/home/huang/ros2/ROS2/communication_mechanism/install/cpp_topic/lib/pkgconfig/cpp_topic.pc'
[5.667s] Level 1:colcon.colcon_core.environment:checking '/home/huang/ros2/ROS2/communication_mechanism/install/cpp_topic/lib/python3.10/site-packages'
[5.667s] Level 1:colcon.colcon_core.environment:checking '/home/huang/ros2/ROS2/communication_mechanism/install/cpp_topic/bin'
[5.667s] INFO:colcon.colcon_core.shell:Creating package script '/home/huang/ros2/ROS2/communication_mechanism/install/cpp_topic/share/cpp_topic/package.ps1'
[5.667s] INFO:colcon.colcon_core.shell:Creating package descriptor '/home/huang/ros2/ROS2/communication_mechanism/install/cpp_topic/share/cpp_topic/package.dsv'
[5.668s] INFO:colcon.colcon_core.shell:Creating package script '/home/huang/ros2/ROS2/communication_mechanism/install/cpp_topic/share/cpp_topic/package.sh'
[5.668s] INFO:colcon.colcon_core.shell:Creating package script '/home/huang/ros2/ROS2/communication_mechanism/install/cpp_topic/share/cpp_topic/package.bash'
[5.668s] INFO:colcon.colcon_core.shell:Creating package script '/home/huang/ros2/ROS2/communication_mechanism/install/cpp_topic/share/cpp_topic/package.zsh'
[5.668s] Level 1:colcon.colcon_core.environment:create_file_with_runtime_dependencies(/home/huang/ros2/ROS2/communication_mechanism/install/cpp_topic/share/colcon-core/packages/cpp_topic)
[5.668s] DEBUG:colcon.colcon_parallel_executor.executor.parallel:closing loop
[5.668s] DEBUG:colcon.colcon_parallel_executor.executor.parallel:loop closed
[5.668s] DEBUG:colcon.colcon_parallel_executor.executor.parallel:run_until_complete finished with '0'
[5.668s] DEBUG:colcon.colcon_core.event_reactor:joining thread
[5.677s] INFO:colcon.colcon_core.plugin_system:Skipping extension 'colcon_notification.desktop_notification.notify_send': Could not find 'notify-send'
[5.677s] INFO:colcon.colcon_core.plugin_system:Skipping extension 'colcon_notification.desktop_notification.terminal_notifier': Not used on non-Darwin systems
[5.677s] INFO:colcon.colcon_core.plugin_system:Skipping extension 'colcon_notification.desktop_notification.win32': Not used on non-Windows systems
[5.677s] INFO:colcon.colcon_notification.desktop_notification:Sending desktop notification using 'notify2'
[5.678s] DEBUG:colcon.colcon_notification.desktop_notification.notify2:Failed to initialize notify2: org.freedesktop.DBus.Error.ServiceUnknown: The name org.freedesktop.Notifications was not provided by any .service files
[5.678s] DEBUG:colcon.colcon_core.event_reactor:joined thread
[5.678s] INFO:colcon.colcon_core.shell:Creating prefix script '/home/huang/ros2/ROS2/communication_mechanism/install/local_setup.ps1'
[5.679s] INFO:colcon.colcon_core.shell:Creating prefix util module '/home/huang/ros2/ROS2/communication_mechanism/install/_local_setup_util_ps1.py'
[5.679s] INFO:colcon.colcon_core.shell:Creating prefix chain script '/home/huang/ros2/ROS2/communication_mechanism/install/setup.ps1'
[5.680s] INFO:colcon.colcon_core.shell:Creating prefix script '/home/huang/ros2/ROS2/communication_mechanism/install/local_setup.sh'
[5.680s] INFO:colcon.colcon_core.shell:Creating prefix util module '/home/huang/ros2/ROS2/communication_mechanism/install/_local_setup_util_sh.py'
[5.680s] INFO:colcon.colcon_core.shell:Creating prefix chain script '/home/huang/ros2/ROS2/communication_mechanism/install/setup.sh'
[5.680s] INFO:colcon.colcon_core.shell:Creating prefix script '/home/huang/ros2/ROS2/communication_mechanism/install/local_setup.bash'
[5.681s] INFO:colcon.colcon_core.shell:Creating prefix chain script '/home/huang/ros2/ROS2/communication_mechanism/install/setup.bash'
[5.681s] INFO:colcon.colcon_core.shell:Creating prefix script '/home/huang/ros2/ROS2/communication_mechanism/install/local_setup.zsh'
[5.681s] INFO:colcon.colcon_core.shell:Creating prefix chain script '/home/huang/ros2/ROS2/communication_mechanism/install/setup.zsh'
