[0.006s] Invoking command in '/home/huang/ros2/ROS2/coordinate_transformations/build/cpp_tf_listener': CMAKE_PREFIX_PATH=${CMAKE_PREFIX_PATH}:/opt/ros/humble /usr/bin/cmake --build /home/huang/ros2/ROS2/coordinate_transformations/build/cpp_tf_listener -- -j20 -l20
[0.024s] [35m[1mConsolidate compiler generated dependencies of target cpp_tf_listener_point[0m
[0.026s] [ 33%] Built target demo
[0.029s] [ 66%] Built target cpp_tf_listener_coordinates
[0.031s] [ 83%] [32mBuilding CXX object CMakeFiles/cpp_tf_listener_point.dir/src/cpp_tf_listener_point.cpp.o[0m
[2.749s] In file included from [01m[K/opt/ros/humble/include/message_filters/message_filters/simple_filter.h:43[m[K,
[2.749s]                  from [01m[K/opt/ros/humble/include/tf2_ros/tf2_ros/message_filter.h:52[m[K,
[2.749s]                  from [01m[K/home/huang/ros2/ROS2/coordinate_transformations/src/cpp_tf_listener/src/cpp_tf_listener_point.cpp:8[m[K:
[2.749s] /opt/ros/humble/include/message_filters/message_filters/signal1.h: In instantiation of ‘[01m[Kvoid message_filters::CallbackHelper1T<P, M>::call(const message_filters::MessageEvent<const M>&, bool) [with P = const message_filters::MessageEvent<const geometry_msgs::msg::PointStamped_<std::allocator<void> > >&; M = geometry_msgs::msg::Point_<std::allocator<void> >][m[K’:
[2.749s] [01m[K/opt/ros/humble/include/message_filters/message_filters/signal1.h:71:16:[m[K   required from here
[2.749s] [01m[K/opt/ros/humble/include/message_filters/message_filters/signal1.h:73:11:[m[K [01;31m[Kerror: [m[Kno matching function for call to ‘[01m[Kmessage_filters::MessageEvent<const geometry_msgs::msg::PointStamped_<std::allocator<void> > >::MessageEvent(const message_filters::MessageEvent<const geometry_msgs::msg::Point_<std::allocator<void> > >&, bool)[m[K’
[2.749s]    73 |     Event [01;31m[Kmy_event[m[K(event, nonconst_force_copy || event.nonConstWillCopy());
[2.749s]       |           [01;31m[K^~~~~~~~[m[K
[2.749s] In file included from [01m[K/opt/ros/humble/include/message_filters/message_filters/signal1.h:42[m[K,
[2.749s]                  from [01m[K/opt/ros/humble/include/message_filters/message_filters/simple_filter.h:43[m[K,
[2.749s]                  from [01m[K/opt/ros/humble/include/tf2_ros/tf2_ros/message_filter.h:52[m[K,
[2.749s]                  from [01m[K/home/huang/ros2/ROS2/coordinate_transformations/src/cpp_tf_listener/src/cpp_tf_listener_point.cpp:8[m[K:
[2.749s] [01m[K/opt/ros/humble/include/message_filters/message_filters/message_event.h:128:3:[m[K [01;36m[Knote: [m[Kcandidate: ‘[01m[Kmessage_filters::MessageEvent<M>::MessageEvent(const ConstMessagePtr&, rclcpp::Time, bool, const CreateFunction&) [with M = const geometry_msgs::msg::PointStamped_<std::allocator<void> >; message_filters::MessageEvent<M>::ConstMessagePtr = std::shared_ptr<const geometry_msgs::msg::PointStamped_<std::allocator<void> > >; message_filters::MessageEvent<M>::CreateFunction = std::function<std::shared_ptr<geometry_msgs::msg::PointStamped_<std::allocator<void> > >()>][m[K’
[2.749s]   128 |   [01;36m[KMessageEvent[m[K(const ConstMessagePtr& message, rclcpp::Time receipt_time, bool nonconst_need_copy, const CreateFunction& create)
[2.749s]       |   [01;36m[K^~~~~~~~~~~~[m[K
[2.749s] [01m[K/opt/ros/humble/include/message_filters/message_filters/message_event.h:128:3:[m[K [01;36m[Knote: [m[K  candidate expects 4 arguments, 2 provided
[2.749s] [01m[K/opt/ros/humble/include/message_filters/message_filters/message_event.h:123:3:[m[K [01;36m[Knote: [m[Kcandidate: ‘[01m[Kmessage_filters::MessageEvent<M>::MessageEvent(const ConstMessagePtr&, rclcpp::Time) [with M = const geometry_msgs::msg::PointStamped_<std::allocator<void> >; message_filters::MessageEvent<M>::ConstMessagePtr = std::shared_ptr<const geometry_msgs::msg::PointStamped_<std::allocator<void> > >][m[K’
[2.749s]   123 |   [01;36m[KMessageEvent[m[K(const ConstMessagePtr& message, rclcpp::Time receipt_time)
[2.749s]       |   [01;36m[K^~~~~~~~~~~~[m[K
[2.749s] [01m[K/opt/ros/humble/include/message_filters/message_filters/message_event.h:123:39:[m[K [01;36m[Knote: [m[K  no known conversion for argument 1 from ‘[01m[Kconst message_filters::MessageEvent<const geometry_msgs::msg::Point_<std::allocator<void> > >[m[K’ to ‘[01m[Kconst ConstMessagePtr&[m[K’ {aka ‘[01m[Kconst std::shared_ptr<const geometry_msgs::msg::PointStamped_<std::allocator<void> > >&[m[K’}
[2.749s]   123 |   MessageEvent([01;36m[Kconst ConstMessagePtr& message[m[K, rclcpp::Time receipt_time)
[2.749s]       |                [01;36m[K~~~~~~~~~~~~~~~~~~~~~~~^~~~~~~[m[K
[2.750s] [01m[K/opt/ros/humble/include/message_filters/message_filters/message_event.h:118:3:[m[K [01;36m[Knote: [m[Kcandidate: ‘[01m[Kmessage_filters::MessageEvent<M>::MessageEvent(const ConstMessagePtr&) [with M = const geometry_msgs::msg::PointStamped_<std::allocator<void> >; message_filters::MessageEvent<M>::ConstMessagePtr = std::shared_ptr<const geometry_msgs::msg::PointStamped_<std::allocator<void> > >][m[K’
[2.750s]   118 |   [01;36m[KMessageEvent[m[K(const ConstMessagePtr& message)
[2.750s]       |   [01;36m[K^~~~~~~~~~~~[m[K
[2.750s] [01m[K/opt/ros/humble/include/message_filters/message_filters/message_event.h:118:3:[m[K [01;36m[Knote: [m[K  candidate expects 1 argument, 2 provided
[2.750s] [01m[K/opt/ros/humble/include/message_filters/message_filters/message_event.h:110:3:[m[K [01;36m[Knote: [m[Kcandidate: ‘[01m[Kmessage_filters::MessageEvent<M>::MessageEvent(const message_filters::MessageEvent<const void>&, const CreateFunction&) [with M = const geometry_msgs::msg::PointStamped_<std::allocator<void> >; message_filters::MessageEvent<M>::CreateFunction = std::function<std::shared_ptr<geometry_msgs::msg::PointStamped_<std::allocator<void> > >()>][m[K’
[2.750s]   110 |   [01;36m[KMessageEvent[m[K(const MessageEvent<void const>& rhs, const CreateFunction& create)
[2.750s]       |   [01;36m[K^~~~~~~~~~~~[m[K
[2.750s] [01m[K/opt/ros/humble/include/message_filters/message_filters/message_event.h:110:48:[m[K [01;36m[Knote: [m[K  no known conversion for argument 1 from ‘[01m[Kconst message_filters::MessageEvent<const geometry_msgs::msg::Point_<std::allocator<void> > >[m[K’ to ‘[01m[Kconst message_filters::MessageEvent<const void>&[m[K’
[2.750s]   110 |   MessageEvent([01;36m[Kconst MessageEvent<void const>& rhs[m[K, const CreateFunction& create)
[2.750s]       |                [01;36m[K~~~~~~~~~~~~~~~~~~~~~~~~~~~~~~~~^~~[m[K
[2.750s] [01m[K/opt/ros/humble/include/message_filters/message_filters/message_event.h:104:3:[m[K [01;36m[Knote: [m[Kcandidate: ‘[01m[Kmessage_filters::MessageEvent<M>::MessageEvent(const message_filters::MessageEvent<typename std::add_const<M>::type>&, bool) [with M = const geometry_msgs::msg::PointStamped_<std::allocator<void> >; typename std::add_const<M>::type = const geometry_msgs::msg::PointStamped_<std::allocator<void> >][m[K’
[2.750s]   104 |   [01;36m[KMessageEvent[m[K(const MessageEvent<ConstMessage>& rhs, bool nonconst_need_copy)
[2.750s]       |   [01;36m[K^~~~~~~~~~~~[m[K
[2.750s] [01m[K/opt/ros/humble/include/message_filters/message_filters/message_event.h:104:50:[m[K [01;36m[Knote: [m[K  no known conversion for argument 1 from ‘[01m[Kconst message_filters::MessageEvent<const geometry_msgs::msg::Point_<std::allocator<void> > >[m[K’ to ‘[01m[Kconst message_filters::MessageEvent<const geometry_msgs::msg::PointStamped_<std::allocator<void> > >&[m[K’
[2.750s]   104 |   MessageEvent([01;36m[Kconst MessageEvent<ConstMessage>& rhs[m[K, bool nonconst_need_copy)
[2.750s]       |                [01;36m[K~~~~~~~~~~~~~~~~~~~~~~~~~~~~~~~~~~^~~[m[K
[2.750s] [01m[K/opt/ros/humble/include/message_filters/message_filters/message_event.h:98:3:[m[K [01;36m[Knote: [m[Kcandidate: ‘[01m[Kmessage_filters::MessageEvent<M>::MessageEvent(const message_filters::MessageEvent<typename std::remove_const<_Tp>::type>&, bool) [with M = const geometry_msgs::msg::PointStamped_<std::allocator<void> >; typename std::remove_const<_Tp>::type = geometry_msgs::msg::PointStamped_<std::allocator<void> >][m[K’
[2.750s]    98 |   [01;36m[KMessageEvent[m[K(const MessageEvent<Message>& rhs, bool nonconst_need_copy)
[2.750s]       |   [01;36m[K^~~~~~~~~~~~[m[K
[2.750s] [01m[K/opt/ros/humble/include/message_filters/message_filters/message_event.h:98:45:[m[K [01;36m[Knote: [m[K  no known conversion for argument 1 from ‘[01m[Kconst message_filters::MessageEvent<const geometry_msgs::msg::Point_<std::allocator<void> > >[m[K’ to ‘[01m[Kconst message_filters::MessageEvent<geometry_msgs::msg::PointStamped_<std::allocator<void> > >&[m[K’
[2.750s]    98 |   MessageEvent([01;36m[Kconst MessageEvent<Message>& rhs[m[K, bool nonconst_need_copy)
[2.750s]       |                [01;36m[K~~~~~~~~~~~~~~~~~~~~~~~~~~~~~^~~[m[K
[2.750s] [01m[K/opt/ros/humble/include/message_filters/message_filters/message_event.h:93:3:[m[K [01;36m[Knote: [m[Kcandidate: ‘[01m[Kmessage_filters::MessageEvent<M>::MessageEvent(const message_filters::MessageEvent<typename std::add_const<M>::type>&) [with M = const geometry_msgs::msg::PointStamped_<std::allocator<void> >; typename std::add_const<M>::type = const geometry_msgs::msg::PointStamped_<std::allocator<void> >][m[K’
[2.750s]    93 |   [01;36m[KMessageEvent[m[K(const MessageEvent<ConstMessage>& rhs)
[2.750s]       |   [01;36m[K^~~~~~~~~~~~[m[K
[2.750s] [01m[K/opt/ros/humble/include/message_filters/message_filters/message_event.h:93:3:[m[K [01;36m[Knote: [m[K  candidate expects 1 argument, 2 provided
[2.750s] [01m[K/opt/ros/humble/include/message_filters/message_filters/message_event.h:88:3:[m[K [01;36m[Knote: [m[Kcandidate: ‘[01m[Kmessage_filters::MessageEvent<M>::MessageEvent(const message_filters::MessageEvent<typename std::remove_const<_Tp>::type>&) [with M = const geometry_msgs::msg::PointStamped_<std::allocator<void> >; typename std::remove_const<_Tp>::type = geometry_msgs::msg::PointStamped_<std::allocator<void> >][m[K’
[2.750s]    88 |   [01;36m[KMessageEvent[m[K(const MessageEvent<Message>& rhs)
[2.750s]       |   [01;36m[K^~~~~~~~~~~~[m[K
[2.750s] [01m[K/opt/ros/humble/include/message_filters/message_filters/message_event.h:88:3:[m[K [01;36m[Knote: [m[K  candidate expects 1 argument, 2 provided
[2.750s] [01m[K/opt/ros/humble/include/message_filters/message_filters/message_event.h:84:3:[m[K [01;36m[Knote: [m[Kcandidate: ‘[01m[Kmessage_filters::MessageEvent<M>::MessageEvent() [with M = const geometry_msgs::msg::PointStamped_<std::allocator<void> >][m[K’
[2.750s]    84 |   [01;36m[KMessageEvent[m[K()
[2.750s]       |   [01;36m[K^~~~~~~~~~~~[m[K
[2.750s] [01m[K/opt/ros/humble/include/message_filters/message_filters/message_event.h:84:3:[m[K [01;36m[Knote: [m[K  candidate expects 0 arguments, 2 provided
[3.251s] gmake[2]: *** [CMakeFiles/cpp_tf_listener_point.dir/build.make:76: CMakeFiles/cpp_tf_listener_point.dir/src/cpp_tf_listener_point.cpp.o] Error 1
[3.251s] gmake[1]: *** [CMakeFiles/Makefile2:193: CMakeFiles/cpp_tf_listener_point.dir/all] Error 2
[3.251s] gmake: *** [Makefile:146: all] Error 2
[3.253s] Invoked command in '/home/huang/ros2/ROS2/coordinate_transformations/build/cpp_tf_listener' returned '2': CMAKE_PREFIX_PATH=${CMAKE_PREFIX_PATH}:/opt/ros/humble /usr/bin/cmake --build /home/huang/ros2/ROS2/coordinate_transformations/build/cpp_tf_listener -- -j20 -l20
