[0.007s] Invoking command in '/home/ros/ROS2/turtle/build/exercise': CMAKE_PREFIX_PATH=/opt/ros/humble /usr/bin/cmake /home/ros/ROS2/turtle/src/exercise -DCMAKE_INSTALL_PREFIX=/home/ros/ROS2/turtle/install/exercise
[0.013s] -- Found ament_cmake: 1.3.8 (/opt/ros/humble/share/ament_cmake/cmake)
[0.086s] -- Found rclcpp: 16.0.8 (/opt/ros/humble/share/rclcpp/cmake)
[0.301s] -- Found rosidl_generator_c: 3.1.5 (/opt/ros/humble/share/rosidl_generator_c/cmake)
[0.302s] -- Found rosidl_adapter: 3.1.5 (/opt/ros/humble/share/rosidl_adapter/cmake)
[0.305s] -- Found rosidl_generator_cpp: 3.1.5 (/opt/ros/humble/share/rosidl_generator_cpp/cmake)
[0.312s] -- Using all available rosidl_typesupport_c: rosidl_typesupport_fastrtps_c;rosidl_typesupport_introspection_c
[0.321s] -- Using all available rosidl_typesupport_cpp: rosidl_typesupport_fastrtps_cpp;rosidl_typesupport_introspection_cpp
[0.354s] -- Found rmw_implementation_cmake: 6.1.1 (/opt/ros/humble/share/rmw_implementation_cmake/cmake)
[0.355s] -- Found rmw_fastrtps_cpp: 6.2.6 (/opt/ros/humble/share/rmw_fastrtps_cpp/cmake)
[8.886s] -- Using RMW implementation 'rmw_fastrtps_cpp' as default
[8.980s] -- Found turtlesim: 1.4.2 (/opt/ros/humble/share/turtlesim/cmake)
[11.089s] [31mCMake Error at CMakeLists.txt:60 (find_package):
[11.089s]   By not providing "Findbase_interface_demo.cmake" in CMAKE_MODULE_PATH this
[11.089s]   project has asked CMake to find a package configuration file provided by
[11.089s]   "base_interface_demo", but CMake did not find one.
[11.089s] 
[11.089s]   Could not find a package configuration file provided by
[11.089s]   "base_interface_demo" with any of the following names:
[11.089s] 
[11.089s]     base_interface_demoConfig.cmake
[11.089s]     base_interface_demo-config.cmake
[11.089s] 
[11.089s]   Add the installation prefix of "base_interface_demo" to CMAKE_PREFIX_PATH
[11.089s]   or set "base_interface_demo_DIR" to a directory containing one of the above
[11.089s]   files.  If "base_interface_demo" provides a separate development package or
[11.089s]   SDK, be sure it has been installed.
[11.089s] 
[11.089s] [0m
[11.089s] -- Configuring incomplete, errors occurred!
[11.089s] See also "/home/ros/ROS2/turtle/build/exercise/CMakeFiles/CMakeOutput.log".
[11.094s] Invoked command in '/home/ros/ROS2/turtle/build/exercise' returned '1': CMAKE_PREFIX_PATH=/opt/ros/humble /usr/bin/cmake /home/ros/ROS2/turtle/src/exercise -DCMAKE_INSTALL_PREFIX=/home/ros/ROS2/turtle/install/exercise
