[0.220s] DEBUG:colcon:Command line arguments: ['/usr/bin/colcon', 'build', '--packages-select', 'cpp_launch']
[0.220s] DEBUG:colcon:Parsed command line arguments: Namespace(log_base=None, log_level=None, verb_name='build', build_base='build', install_base='install', merge_install=False, symlink_install=False, test_result_base=None, continue_on_error=False, executor='parallel', parallel_workers=20, event_handlers=None, ignore_user_meta=False, metas=['./colcon.meta'], base_paths=['.'], packages_ignore=None, packages_ignore_regex=None, paths=None, packages_up_to=None, packages_up_to_regex=None, packages_above=None, packages_above_and_dependencies=None, packages_above_depth=None, packages_select_by_dep=None, packages_skip_by_dep=None, packages_skip_up_to=None, packages_select_build_failed=False, packages_skip_build_finished=False, packages_select_test_failures=False, packages_skip_test_passed=False, packages_select=['cpp_launch'], packages_skip=None, packages_select_regex=None, packages_skip_regex=None, packages_start=None, packages_end=None, allow_overriding=[], cmake_args=None, cmake_target=None, cmake_target_skip_unavailable=False, cmake_clean_cache=False, cmake_clean_first=False, cmake_force_configure=False, ament_cmake_args=None, catkin_cmake_args=None, catkin_skip_building_tests=False, verb_parser=<colcon_defaults.argument_parser.defaults.DefaultArgumentsDecorator object at 0x7fa7378df7f0>, verb_extension=<colcon_core.verb.build.BuildVerb object at 0x7fa737a302e0>, main=<bound method BuildVerb.main of <colcon_core.verb.build.BuildVerb object at 0x7fa737a302e0>>)
[0.304s] Level 1:colcon.colcon_core.package_discovery:discover_packages(colcon_meta) check parameters
[0.304s] Level 1:colcon.colcon_core.package_discovery:discover_packages(recursive) check parameters
[0.304s] Level 1:colcon.colcon_core.package_discovery:discover_packages(ignore) check parameters
[0.304s] Level 1:colcon.colcon_core.package_discovery:discover_packages(path) check parameters
[0.304s] Level 1:colcon.colcon_core.package_discovery:discover_packages(colcon_meta) discover
[0.304s] Level 1:colcon.colcon_core.package_discovery:discover_packages(recursive) discover
[0.304s] INFO:colcon.colcon_core.package_discovery:Crawling recursively for packages in '/home/ros/ROS2/tools'
[0.304s] Level 1:colcon.colcon_core.package_identification:_identify(.) by extensions ['ignore', 'ignore_ament_install']
[0.305s] Level 1:colcon.colcon_core.package_identification:_identify(.) by extension 'ignore'
[0.305s] Level 1:colcon.colcon_core.package_identification:_identify(.) by extension 'ignore_ament_install'
[0.305s] Level 1:colcon.colcon_core.package_identification:_identify(.) by extensions ['colcon_pkg']
[0.305s] Level 1:colcon.colcon_core.package_identification:_identify(.) by extension 'colcon_pkg'
[0.305s] Level 1:colcon.colcon_core.package_identification:_identify(.) by extensions ['colcon_meta']
[0.305s] Level 1:colcon.colcon_core.package_identification:_identify(.) by extension 'colcon_meta'
[0.305s] Level 1:colcon.colcon_core.package_identification:_identify(.) by extensions ['ros']
[0.305s] Level 1:colcon.colcon_core.package_identification:_identify(.) by extension 'ros'
[0.313s] Level 1:colcon.colcon_core.package_identification:_identify(.) by extensions ['cmake', 'python']
[0.313s] Level 1:colcon.colcon_core.package_identification:_identify(.) by extension 'cmake'
[0.313s] Level 1:colcon.colcon_core.package_identification:_identify(.) by extension 'python'
[0.313s] Level 1:colcon.colcon_core.package_identification:_identify(.) by extensions ['python_setup_py']
[0.313s] Level 1:colcon.colcon_core.package_identification:_identify(.) by extension 'python_setup_py'
[0.313s] Level 1:colcon.colcon_core.package_identification:_identify(build) by extensions ['ignore', 'ignore_ament_install']
[0.314s] Level 1:colcon.colcon_core.package_identification:_identify(build) by extension 'ignore'
[0.314s] Level 1:colcon.colcon_core.package_identification:_identify(build) ignored
[0.314s] Level 1:colcon.colcon_core.package_identification:_identify(install) by extensions ['ignore', 'ignore_ament_install']
[0.314s] Level 1:colcon.colcon_core.package_identification:_identify(install) by extension 'ignore'
[0.314s] Level 1:colcon.colcon_core.package_identification:_identify(install) ignored
[0.314s] Level 1:colcon.colcon_core.package_identification:_identify(log) by extensions ['ignore', 'ignore_ament_install']
[0.314s] Level 1:colcon.colcon_core.package_identification:_identify(log) by extension 'ignore'
[0.314s] Level 1:colcon.colcon_core.package_identification:_identify(log) ignored
[0.314s] Level 1:colcon.colcon_core.package_identification:_identify(src) by extensions ['ignore', 'ignore_ament_install']
[0.314s] Level 1:colcon.colcon_core.package_identification:_identify(src) by extension 'ignore'
[0.314s] Level 1:colcon.colcon_core.package_identification:_identify(src) by extension 'ignore_ament_install'
[0.314s] Level 1:colcon.colcon_core.package_identification:_identify(src) by extensions ['colcon_pkg']
[0.314s] Level 1:colcon.colcon_core.package_identification:_identify(src) by extension 'colcon_pkg'
[0.314s] Level 1:colcon.colcon_core.package_identification:_identify(src) by extensions ['colcon_meta']
[0.314s] Level 1:colcon.colcon_core.package_identification:_identify(src) by extension 'colcon_meta'
[0.314s] Level 1:colcon.colcon_core.package_identification:_identify(src) by extensions ['ros']
[0.314s] Level 1:colcon.colcon_core.package_identification:_identify(src) by extension 'ros'
[0.314s] Level 1:colcon.colcon_core.package_identification:_identify(src) by extensions ['cmake', 'python']
[0.314s] Level 1:colcon.colcon_core.package_identification:_identify(src) by extension 'cmake'
[0.314s] Level 1:colcon.colcon_core.package_identification:_identify(src) by extension 'python'
[0.314s] Level 1:colcon.colcon_core.package_identification:_identify(src) by extensions ['python_setup_py']
[0.314s] Level 1:colcon.colcon_core.package_identification:_identify(src) by extension 'python_setup_py'
[0.314s] Level 1:colcon.colcon_core.package_identification:_identify(src/cpp_launch) by extensions ['ignore', 'ignore_ament_install']
[0.314s] Level 1:colcon.colcon_core.package_identification:_identify(src/cpp_launch) by extension 'ignore'
[0.314s] Level 1:colcon.colcon_core.package_identification:_identify(src/cpp_launch) by extension 'ignore_ament_install'
[0.314s] Level 1:colcon.colcon_core.package_identification:_identify(src/cpp_launch) by extensions ['colcon_pkg']
[0.314s] Level 1:colcon.colcon_core.package_identification:_identify(src/cpp_launch) by extension 'colcon_pkg'
[0.315s] Level 1:colcon.colcon_core.package_identification:_identify(src/cpp_launch) by extensions ['colcon_meta']
[0.315s] Level 1:colcon.colcon_core.package_identification:_identify(src/cpp_launch) by extension 'colcon_meta'
[0.315s] Level 1:colcon.colcon_core.package_identification:_identify(src/cpp_launch) by extensions ['ros']
[0.315s] Level 1:colcon.colcon_core.package_identification:_identify(src/cpp_launch) by extension 'ros'
[0.316s] DEBUG:colcon.colcon_core.package_identification:Package 'src/cpp_launch' with type 'ros.ament_cmake' and name 'cpp_launch'
[0.316s] Level 1:colcon.colcon_core.package_discovery:discover_packages(recursive) using defaults
[0.316s] Level 1:colcon.colcon_core.package_discovery:discover_packages(ignore) discover
[0.316s] Level 1:colcon.colcon_core.package_discovery:discover_packages(ignore) using defaults
[0.316s] Level 1:colcon.colcon_core.package_discovery:discover_packages(path) discover
[0.316s] Level 1:colcon.colcon_core.package_discovery:discover_packages(path) using defaults
[0.331s] Level 1:colcon.colcon_core.package_discovery:discover_packages(prefix_path) check parameters
[0.332s] Level 1:colcon.colcon_core.package_discovery:discover_packages(prefix_path) discover
[0.333s] DEBUG:colcon.colcon_installed_package_information.package_discovery:Found 1 installed packages in /home/ros/ROS2/tools/install
[0.333s] DEBUG:colcon.colcon_installed_package_information.package_discovery:Found 315 installed packages in /opt/ros/humble
[0.336s] Level 1:colcon.colcon_core.package_discovery:discover_packages(prefix_path) using defaults
[0.366s] Level 5:colcon.colcon_core.verb:set package 'cpp_launch' build argument 'cmake_args' from command line to 'None'
[0.367s] Level 5:colcon.colcon_core.verb:set package 'cpp_launch' build argument 'cmake_target' from command line to 'None'
[0.367s] Level 5:colcon.colcon_core.verb:set package 'cpp_launch' build argument 'cmake_target_skip_unavailable' from command line to 'False'
[0.367s] Level 5:colcon.colcon_core.verb:set package 'cpp_launch' build argument 'cmake_clean_cache' from command line to 'False'
[0.367s] Level 5:colcon.colcon_core.verb:set package 'cpp_launch' build argument 'cmake_clean_first' from command line to 'False'
[0.367s] Level 5:colcon.colcon_core.verb:set package 'cpp_launch' build argument 'cmake_force_configure' from command line to 'False'
[0.367s] Level 5:colcon.colcon_core.verb:set package 'cpp_launch' build argument 'ament_cmake_args' from command line to 'None'
[0.367s] Level 5:colcon.colcon_core.verb:set package 'cpp_launch' build argument 'catkin_cmake_args' from command line to 'None'
[0.367s] Level 5:colcon.colcon_core.verb:set package 'cpp_launch' build argument 'catkin_skip_building_tests' from command line to 'False'
[0.367s] DEBUG:colcon.colcon_core.verb:Building package 'cpp_launch' with the following arguments: {'ament_cmake_args': None, 'build_base': '/home/ros/ROS2/tools/build/cpp_launch', 'catkin_cmake_args': None, 'catkin_skip_building_tests': False, 'cmake_args': None, 'cmake_clean_cache': False, 'cmake_clean_first': False, 'cmake_force_configure': False, 'cmake_target': None, 'cmake_target_skip_unavailable': False, 'install_base': '/home/ros/ROS2/tools/install/cpp_launch', 'merge_install': False, 'path': '/home/ros/ROS2/tools/src/cpp_launch', 'symlink_install': False, 'test_result_base': None}
[0.367s] INFO:colcon.colcon_core.executor:Executing jobs using 'parallel' executor
[0.368s] DEBUG:colcon.colcon_parallel_executor.executor.parallel:run_until_complete
[0.368s] INFO:colcon.colcon_ros.task.ament_cmake.build:Building ROS package in '/home/ros/ROS2/tools/src/cpp_launch' with build type 'ament_cmake'
[0.368s] INFO:colcon.colcon_cmake.task.cmake.build:Building CMake package in '/home/ros/ROS2/tools/src/cpp_launch'
[0.370s] INFO:colcon.colcon_core.plugin_system:Skipping extension 'colcon_core.shell.bat': Not used on non-Windows systems
[0.370s] INFO:colcon.colcon_core.shell:Skip shell extension 'powershell' for command environment: Not usable outside of PowerShell
[0.370s] DEBUG:colcon.colcon_core.shell:Skip shell extension 'dsv' for command environment
[0.376s] DEBUG:colcon.colcon_core.event_handler.log_command:Invoking command in '/home/ros/ROS2/tools/build/cpp_launch': CMAKE_PREFIX_PATH=${CMAKE_PREFIX_PATH}:/opt/ros/humble /usr/bin/cmake --build /home/ros/ROS2/tools/build/cpp_launch -- -j20 -l20
[0.400s] DEBUG:colcon.colcon_core.event_handler.log_command:Invoked command in '/home/ros/ROS2/tools/build/cpp_launch' returned '0': CMAKE_PREFIX_PATH=${CMAKE_PREFIX_PATH}:/opt/ros/humble /usr/bin/cmake --build /home/ros/ROS2/tools/build/cpp_launch -- -j20 -l20
[0.417s] DEBUG:colcon.colcon_core.event_handler.log_command:Invoking command in '/home/ros/ROS2/tools/build/cpp_launch': CMAKE_PREFIX_PATH=${CMAKE_PREFIX_PATH}:/opt/ros/humble /usr/bin/cmake --install /home/ros/ROS2/tools/build/cpp_launch
[0.426s] Level 1:colcon.colcon_core.environment:create_environment_scripts_only(cpp_launch)
[0.426s] DEBUG:colcon.colcon_core.event_handler.log_command:Invoked command in '/home/ros/ROS2/tools/build/cpp_launch' returned '0': CMAKE_PREFIX_PATH=${CMAKE_PREFIX_PATH}:/opt/ros/humble /usr/bin/cmake --install /home/ros/ROS2/tools/build/cpp_launch
[0.427s] Level 1:colcon.colcon_core.environment:checking '/home/ros/ROS2/tools/install/cpp_launch' for CMake module files
[0.428s] Level 1:colcon.colcon_core.environment:checking '/home/ros/ROS2/tools/install/cpp_launch' for CMake config files
[0.428s] Level 1:colcon.colcon_core.shell:create_environment_hook('cpp_launch', 'cmake_prefix_path')
[0.428s] INFO:colcon.colcon_core.shell:Creating environment hook '/home/ros/ROS2/tools/install/cpp_launch/share/cpp_launch/hook/cmake_prefix_path.ps1'
[0.429s] INFO:colcon.colcon_core.shell:Creating environment descriptor '/home/ros/ROS2/tools/install/cpp_launch/share/cpp_launch/hook/cmake_prefix_path.dsv'
[0.429s] INFO:colcon.colcon_core.shell:Creating environment hook '/home/ros/ROS2/tools/install/cpp_launch/share/cpp_launch/hook/cmake_prefix_path.sh'
[0.429s] Level 1:colcon.colcon_core.environment:checking '/home/ros/ROS2/tools/install/cpp_launch/bin'
[0.430s] Level 1:colcon.colcon_core.environment:checking '/home/ros/ROS2/tools/install/cpp_launch/lib/pkgconfig/cpp_launch.pc'
[0.430s] Level 1:colcon.colcon_core.environment:checking '/home/ros/ROS2/tools/install/cpp_launch/lib/python3.10/site-packages'
[0.430s] Level 1:colcon.colcon_core.environment:checking '/home/ros/ROS2/tools/install/cpp_launch/bin'
[0.430s] INFO:colcon.colcon_core.shell:Creating package script '/home/ros/ROS2/tools/install/cpp_launch/share/cpp_launch/package.ps1'
[0.431s] INFO:colcon.colcon_core.shell:Creating package descriptor '/home/ros/ROS2/tools/install/cpp_launch/share/cpp_launch/package.dsv'
[0.431s] INFO:colcon.colcon_core.shell:Creating package script '/home/ros/ROS2/tools/install/cpp_launch/share/cpp_launch/package.sh'
[0.431s] INFO:colcon.colcon_core.shell:Creating package script '/home/ros/ROS2/tools/install/cpp_launch/share/cpp_launch/package.bash'
[0.432s] INFO:colcon.colcon_core.shell:Creating package script '/home/ros/ROS2/tools/install/cpp_launch/share/cpp_launch/package.zsh'
[0.432s] Level 1:colcon.colcon_core.environment:create_file_with_runtime_dependencies(/home/ros/ROS2/tools/install/cpp_launch/share/colcon-core/packages/cpp_launch)
[0.445s] Level 1:colcon.colcon_core.environment:create_environment_scripts_only(cpp_launch)
[0.445s] Level 1:colcon.colcon_core.environment:checking '/home/ros/ROS2/tools/install/cpp_launch' for CMake module files
[0.445s] Level 1:colcon.colcon_core.environment:checking '/home/ros/ROS2/tools/install/cpp_launch' for CMake config files
[0.445s] Level 1:colcon.colcon_core.shell:create_environment_hook('cpp_launch', 'cmake_prefix_path')
[0.446s] INFO:colcon.colcon_core.shell:Creating environment hook '/home/ros/ROS2/tools/install/cpp_launch/share/cpp_launch/hook/cmake_prefix_path.ps1'
[0.446s] INFO:colcon.colcon_core.shell:Creating environment descriptor '/home/ros/ROS2/tools/install/cpp_launch/share/cpp_launch/hook/cmake_prefix_path.dsv'
[0.446s] INFO:colcon.colcon_core.shell:Creating environment hook '/home/ros/ROS2/tools/install/cpp_launch/share/cpp_launch/hook/cmake_prefix_path.sh'
[0.446s] Level 1:colcon.colcon_core.environment:checking '/home/ros/ROS2/tools/install/cpp_launch/bin'
[0.446s] Level 1:colcon.colcon_core.environment:checking '/home/ros/ROS2/tools/install/cpp_launch/lib/pkgconfig/cpp_launch.pc'
[0.447s] Level 1:colcon.colcon_core.environment:checking '/home/ros/ROS2/tools/install/cpp_launch/lib/python3.10/site-packages'
[0.447s] Level 1:colcon.colcon_core.environment:checking '/home/ros/ROS2/tools/install/cpp_launch/bin'
[0.447s] INFO:colcon.colcon_core.shell:Creating package script '/home/ros/ROS2/tools/install/cpp_launch/share/cpp_launch/package.ps1'
[0.447s] INFO:colcon.colcon_core.shell:Creating package descriptor '/home/ros/ROS2/tools/install/cpp_launch/share/cpp_launch/package.dsv'
[0.448s] INFO:colcon.colcon_core.shell:Creating package script '/home/ros/ROS2/tools/install/cpp_launch/share/cpp_launch/package.sh'
[0.448s] INFO:colcon.colcon_core.shell:Creating package script '/home/ros/ROS2/tools/install/cpp_launch/share/cpp_launch/package.bash'
[0.448s] INFO:colcon.colcon_core.shell:Creating package script '/home/ros/ROS2/tools/install/cpp_launch/share/cpp_launch/package.zsh'
[0.448s] Level 1:colcon.colcon_core.environment:create_file_with_runtime_dependencies(/home/ros/ROS2/tools/install/cpp_launch/share/colcon-core/packages/cpp_launch)
[0.449s] DEBUG:colcon.colcon_parallel_executor.executor.parallel:closing loop
[0.449s] DEBUG:colcon.colcon_parallel_executor.executor.parallel:loop closed
[0.449s] DEBUG:colcon.colcon_parallel_executor.executor.parallel:run_until_complete finished with '0'
[0.449s] DEBUG:colcon.colcon_core.event_reactor:joining thread
[0.518s] INFO:colcon.colcon_core.plugin_system:Skipping extension 'colcon_notification.desktop_notification.notify_send': Could not find 'notify-send'
[0.518s] INFO:colcon.colcon_core.plugin_system:Skipping extension 'colcon_notification.desktop_notification.terminal_notifier': Not used on non-Darwin systems
[0.518s] INFO:colcon.colcon_core.plugin_system:Skipping extension 'colcon_notification.desktop_notification.win32': Not used on non-Windows systems
[0.518s] INFO:colcon.colcon_notification.desktop_notification:Sending desktop notification using 'notify2'
[0.518s] DEBUG:colcon.colcon_notification.desktop_notification.notify2:Failed to initialize notify2: org.freedesktop.DBus.Error.FileNotFound: Failed to connect to socket /run/user/1000/bus: No such file or directory
[0.518s] DEBUG:colcon.colcon_core.event_reactor:joined thread
[0.519s] INFO:colcon.colcon_core.shell:Creating prefix script '/home/ros/ROS2/tools/install/local_setup.ps1'
[0.519s] INFO:colcon.colcon_core.shell:Creating prefix util module '/home/ros/ROS2/tools/install/_local_setup_util_ps1.py'
[0.520s] INFO:colcon.colcon_core.shell:Creating prefix chain script '/home/ros/ROS2/tools/install/setup.ps1'
[0.520s] INFO:colcon.colcon_core.shell:Creating prefix script '/home/ros/ROS2/tools/install/local_setup.sh'
[0.521s] INFO:colcon.colcon_core.shell:Creating prefix util module '/home/ros/ROS2/tools/install/_local_setup_util_sh.py'
[0.521s] INFO:colcon.colcon_core.shell:Creating prefix chain script '/home/ros/ROS2/tools/install/setup.sh'
[0.522s] INFO:colcon.colcon_core.shell:Creating prefix script '/home/ros/ROS2/tools/install/local_setup.bash'
[0.522s] INFO:colcon.colcon_core.shell:Creating prefix chain script '/home/ros/ROS2/tools/install/setup.bash'
[0.523s] INFO:colcon.colcon_core.shell:Creating prefix script '/home/ros/ROS2/tools/install/local_setup.zsh'
[0.523s] INFO:colcon.colcon_core.shell:Creating prefix chain script '/home/ros/ROS2/tools/install/setup.zsh'
