[0.006s] Invoking command in '/home/huang/ros2/ROS2/coordinate_transformations/build/cpp_tf_listener': CMAKE_PREFIX_PATH=${CMAKE_PREFIX_PATH}:/opt/ros/humble /usr/bin/cmake --build /home/huang/ros2/ROS2/coordinate_transformations/build/cpp_tf_listener -- -j20 -l20
[0.018s] -- Found ament_cmake: 1.3.10 (/opt/ros/humble/share/ament_cmake/cmake)
[0.088s] -- Found rclcpp: 16.0.10 (/opt/ros/humble/share/rclcpp/cmake)
[0.139s] -- Found rosidl_generator_c: 3.1.5 (/opt/ros/humble/share/rosidl_generator_c/cmake)
[0.141s] -- Found rosidl_adapter: 3.1.5 (/opt/ros/humble/share/rosidl_adapter/cmake)
[0.146s] -- Found rosidl_generator_cpp: 3.1.5 (/opt/ros/humble/share/rosidl_generator_cpp/cmake)
[0.152s] -- Using all available rosidl_typesupport_c: rosidl_typesupport_fastrtps_c;rosidl_typesupport_introspection_c
[0.161s] -- Using all available rosidl_typesupport_cpp: rosidl_typesupport_fastrtps_cpp;rosidl_typesupport_introspection_cpp
[0.183s] -- Found rmw_implementation_cmake: 6.1.2 (/opt/ros/humble/share/rmw_implementation_cmake/cmake)
[0.185s] -- Found rmw_fastrtps_cpp: 6.2.7 (/opt/ros/humble/share/rmw_fastrtps_cpp/cmake)
[1.491s] -- Using RMW implementation 'rmw_fastrtps_cpp' as default
[1.529s] -- Found tf2: 0.25.8 (/opt/ros/humble/share/tf2/cmake)
[1.541s] -- Found tf2_ros: 0.25.8 (/opt/ros/humble/share/tf2_ros/cmake)
[1.598s] -- Found tf2_geometry_msgs: 0.25.8 (/opt/ros/humble/share/tf2_geometry_msgs/cmake)
[1.614s] -- Found eigen3_cmake_module: 0.1.1 (/opt/ros/humble/share/eigen3_cmake_module/cmake)
[1.615s] -- Found Eigen3: TRUE (found version "3.4.0") 
[1.615s] -- Ensuring Eigen3 include directory is part of orocos-kdl CMake target
[1.910s] [31mCMake Error at CMakeLists.txt:15 (find_package):
[1.910s]   By not providing "Findmessage_filter.cmake" in CMAKE_MODULE_PATH this
[1.910s]   project has asked CMake to find a package configuration file provided by
[1.910s]   "message_filter", but CMake did not find one.
[1.910s] 
[1.911s]   Could not find a package configuration file provided by "message_filter"
[1.911s]   with any of the following names:
[1.911s] 
[1.911s]     message_filterConfig.cmake
[1.911s]     message_filter-config.cmake
[1.911s] 
[1.911s]   Add the installation prefix of "message_filter" to CMAKE_PREFIX_PATH or set
[1.911s]   "message_filter_DIR" to a directory containing one of the above files.  If
[1.911s]   "message_filter" provides a separate development package or SDK, be sure it
[1.911s]   has been installed.
[1.911s] 
[1.911s] [0m
[1.911s] -- Configuring incomplete, errors occurred!
[1.911s] See also "/home/huang/ros2/ROS2/coordinate_transformations/build/cpp_tf_listener/CMakeFiles/CMakeOutput.log".
[1.914s] gmake: *** [Makefile:349: cmake_check_build_system] Error 1
[1.915s] Invoked command in '/home/huang/ros2/ROS2/coordinate_transformations/build/cpp_tf_listener' returned '2': CMAKE_PREFIX_PATH=${CMAKE_PREFIX_PATH}:/opt/ros/humble /usr/bin/cmake --build /home/huang/ros2/ROS2/coordinate_transformations/build/cpp_tf_listener -- -j20 -l20
