[0.014s] Invoking command in '/home/ros/ROS2/tools/build/cpp_rosbag': CMAKE_PREFIX_PATH=/opt/ros/humble /usr/bin/cmake /home/ros/ROS2/tools/src/cpp_rosbag -DCMAKE_INSTALL_PREFIX=/home/ros/ROS2/tools/install/cpp_rosbag
[0.312s] -- The C compiler identification is GNU 11.4.0
[1.282s] -- The CXX compiler identification is GNU 11.4.0
[1.977s] -- Detecting C compiler ABI info
[2.204s] -- Detecting C compiler ABI info - done
[2.208s] -- Check for working C compiler: /usr/bin/cc - skipped
[2.209s] -- Detecting C compile features
[2.210s] -- Detecting C compile features - done
[2.213s] -- Detecting CXX compiler ABI info
[2.421s] -- Detecting CXX compiler ABI info - done
[2.425s] -- Check for working CXX compiler: /usr/bin/c++ - skipped
[2.425s] -- Detecting CXX compile features
[2.425s] -- Detecting CXX compile features - done
[2.436s] -- Found ament_cmake: 1.3.8 (/opt/ros/humble/share/ament_cmake/cmake)
[2.534s] -- Found Python3: /usr/bin/python3 (found version "3.10.12") found components: Interpreter 
[2.610s] -- Found rclcpp: 16.0.8 (/opt/ros/humble/share/rclcpp/cmake)
[2.859s] -- Found rosidl_generator_c: 3.1.5 (/opt/ros/humble/share/rosidl_generator_c/cmake)
[2.865s] -- Found rosidl_adapter: 3.1.5 (/opt/ros/humble/share/rosidl_adapter/cmake)
[2.875s] -- Found rosidl_generator_cpp: 3.1.5 (/opt/ros/humble/share/rosidl_generator_cpp/cmake)
[2.891s] -- Using all available rosidl_typesupport_c: rosidl_typesupport_fastrtps_c;rosidl_typesupport_introspection_c
[2.908s] -- Using all available rosidl_typesupport_cpp: rosidl_typesupport_fastrtps_cpp;rosidl_typesupport_introspection_cpp
[2.968s] -- Found rmw_implementation_cmake: 6.1.1 (/opt/ros/humble/share/rmw_implementation_cmake/cmake)
[2.971s] -- Found rmw_fastrtps_cpp: 6.2.6 (/opt/ros/humble/share/rmw_fastrtps_cpp/cmake)
[5.404s] -- Found OpenSSL: /usr/lib/x86_64-linux-gnu/libcrypto.so (found version "3.0.2")  
[8.136s] -- Found FastRTPS: /opt/ros/humble/include  
[13.139s] -- Using RMW implementation 'rmw_fastrtps_cpp' as default
[13.150s] -- Looking for pthread.h
[13.367s] -- Looking for pthread.h - found
[13.367s] -- Performing Test CMAKE_HAVE_LIBC_PTHREAD
[13.597s] -- Performing Test CMAKE_HAVE_LIBC_PTHREAD - Success
[13.598s] -- Found Threads: TRUE  
[13.717s] -- Found rosbag2_cpp: 0.15.9 (/opt/ros/humble/share/rosbag2_cpp/cmake)
[16.289s] -- Found geometry_msgs: 4.2.3 (/opt/ros/humble/share/geometry_msgs/cmake)
[16.330s] -- Found ament_lint_auto: 0.12.10 (/opt/ros/humble/share/ament_lint_auto/cmake)
[16.392s] -- Added test 'cppcheck' to perform static code analysis on C / C++ code
[16.392s] -- Configured cppcheck include dirs: $<BUILD_INTERFACE:/home/ros/ROS2/tools/src/cpp_rosbag/include>
[16.392s] -- Configured cppcheck exclude dirs and/or files: 
[16.393s] -- Added test 'lint_cmake' to check CMake code style
[16.394s] -- Added test 'uncrustify' to check C / C++ code style
[16.394s] -- Configured uncrustify additional arguments: 
[16.395s] -- Added test 'xmllint' to check XML markup files
[16.397s] -- Configuring done
[16.418s] -- Generating done
[16.420s] -- Build files have been written to: /home/ros/ROS2/tools/build/cpp_rosbag
[16.429s] Invoked command in '/home/ros/ROS2/tools/build/cpp_rosbag' returned '0': CMAKE_PREFIX_PATH=/opt/ros/humble /usr/bin/cmake /home/ros/ROS2/tools/src/cpp_rosbag -DCMAKE_INSTALL_PREFIX=/home/ros/ROS2/tools/install/cpp_rosbag
[16.430s] Invoking command in '/home/ros/ROS2/tools/build/cpp_rosbag': CMAKE_PREFIX_PATH=/opt/ros/humble /usr/bin/cmake --build /home/ros/ROS2/tools/build/cpp_rosbag -- -j20 -l20
[16.457s] [ 50%] [32mBuilding CXX object CMakeFiles/bag_writer.dir/src/bag_writer.cpp.o[0m
[16.457s] [ 50%] [32mBuilding CXX object CMakeFiles/bag_reader.dir/src/bag_reader.cpp.o[0m
[16.457s] [ 50%] [32mBuilding CXX object CMakeFiles/demo.dir/src/demo.cpp.o[0m
[16.488s] [ 66%] [32m[1mLinking CXX executable demo[0m
[16.763s] [ 66%] Built target demo
[18.398s] [ 83%] [32m[1mLinking CXX executable bag_reader[0m
[18.398s] [100%] [32m[1mLinking CXX executable bag_writer[0m
[18.599s] [100%] Built target bag_reader
[18.599s] [100%] Built target bag_writer
[18.607s] Invoked command in '/home/ros/ROS2/tools/build/cpp_rosbag' returned '0': CMAKE_PREFIX_PATH=/opt/ros/humble /usr/bin/cmake --build /home/ros/ROS2/tools/build/cpp_rosbag -- -j20 -l20
[18.634s] Invoking command in '/home/ros/ROS2/tools/build/cpp_rosbag': CMAKE_PREFIX_PATH=/opt/ros/humble /usr/bin/cmake --install /home/ros/ROS2/tools/build/cpp_rosbag
[18.637s] -- Install configuration: ""
[18.637s] -- Installing: /home/ros/ROS2/tools/install/cpp_rosbag/lib/cpp_rosbag/demo
[18.637s] -- Set runtime path of "/home/ros/ROS2/tools/install/cpp_rosbag/lib/cpp_rosbag/demo" to ""
[18.638s] -- Installing: /home/ros/ROS2/tools/install/cpp_rosbag/lib/cpp_rosbag/bag_writer
[18.638s] -- Set runtime path of "/home/ros/ROS2/tools/install/cpp_rosbag/lib/cpp_rosbag/bag_writer" to ""
[18.638s] -- Installing: /home/ros/ROS2/tools/install/cpp_rosbag/lib/cpp_rosbag/bag_reader
[18.638s] -- Set runtime path of "/home/ros/ROS2/tools/install/cpp_rosbag/lib/cpp_rosbag/bag_reader" to ""
[18.639s] -- Installing: /home/ros/ROS2/tools/install/cpp_rosbag/share/ament_index/resource_index/package_run_dependencies/cpp_rosbag
[18.639s] -- Installing: /home/ros/ROS2/tools/install/cpp_rosbag/share/ament_index/resource_index/parent_prefix_path/cpp_rosbag
[18.639s] -- Installing: /home/ros/ROS2/tools/install/cpp_rosbag/share/cpp_rosbag/environment/ament_prefix_path.sh
[18.639s] -- Installing: /home/ros/ROS2/tools/install/cpp_rosbag/share/cpp_rosbag/environment/ament_prefix_path.dsv
[18.640s] -- Installing: /home/ros/ROS2/tools/install/cpp_rosbag/share/cpp_rosbag/environment/path.sh
[18.640s] -- Installing: /home/ros/ROS2/tools/install/cpp_rosbag/share/cpp_rosbag/environment/path.dsv
[18.640s] -- Installing: /home/ros/ROS2/tools/install/cpp_rosbag/share/cpp_rosbag/local_setup.bash
[18.640s] -- Installing: /home/ros/ROS2/tools/install/cpp_rosbag/share/cpp_rosbag/local_setup.sh
[18.640s] -- Installing: /home/ros/ROS2/tools/install/cpp_rosbag/share/cpp_rosbag/local_setup.zsh
[18.640s] -- Installing: /home/ros/ROS2/tools/install/cpp_rosbag/share/cpp_rosbag/local_setup.dsv
[18.640s] -- Installing: /home/ros/ROS2/tools/install/cpp_rosbag/share/cpp_rosbag/package.dsv
[18.640s] -- Installing: /home/ros/ROS2/tools/install/cpp_rosbag/share/ament_index/resource_index/packages/cpp_rosbag
[18.640s] -- Installing: /home/ros/ROS2/tools/install/cpp_rosbag/share/cpp_rosbag/cmake/cpp_rosbagConfig.cmake
[18.641s] -- Installing: /home/ros/ROS2/tools/install/cpp_rosbag/share/cpp_rosbag/cmake/cpp_rosbagConfig-version.cmake
[18.641s] -- Installing: /home/ros/ROS2/tools/install/cpp_rosbag/share/cpp_rosbag/package.xml
[18.642s] Invoked command in '/home/ros/ROS2/tools/build/cpp_rosbag' returned '0': CMAKE_PREFIX_PATH=/opt/ros/humble /usr/bin/cmake --install /home/ros/ROS2/tools/build/cpp_rosbag
