[0.007s] Invoking command in '/home/huang/ros2/ROS2/coordinate_transformations/build/cpp_tf_broadcaster': CMAKE_PREFIX_PATH=/opt/ros/humble /usr/bin/cmake /home/huang/ros2/ROS2/coordinate_transformations/src/cpp_tf_broadcaster -DCMAKE_INSTALL_PREFIX=/home/huang/ros2/ROS2/coordinate_transformations/install/cpp_tf_broadcaster
[0.089s] -- The C compiler identification is GNU 11.4.0
[0.313s] -- The CXX compiler identification is GNU 11.4.0
[0.401s] -- Detecting C compiler ABI info
[0.453s] -- Detecting C compiler ABI info - done
[0.456s] -- Check for working C compiler: /usr/bin/cc - skipped
[0.456s] -- Detecting C compile features
[0.457s] -- Detecting C compile features - done
[0.459s] -- Detecting CXX compiler ABI info
[0.513s] -- Detecting CXX compiler ABI info - done
[0.517s] -- Check for working CXX compiler: /usr/bin/c++ - skipped
[0.517s] -- Detecting CXX compile features
[0.517s] -- Detecting CXX compile features - done
[0.521s] -- Found ament_cmake: 1.3.10 (/opt/ros/humble/share/ament_cmake/cmake)
[0.593s] -- Found Python3: /usr/bin/python3 (found version "3.10.12") found components: Interpreter 
[0.645s] -- Found rclcpp: 16.0.10 (/opt/ros/humble/share/rclcpp/cmake)
[0.712s] -- Found rosidl_generator_c: 3.1.5 (/opt/ros/humble/share/rosidl_generator_c/cmake)
[0.714s] -- Found rosidl_adapter: 3.1.5 (/opt/ros/humble/share/rosidl_adapter/cmake)
[0.720s] -- Found rosidl_generator_cpp: 3.1.5 (/opt/ros/humble/share/rosidl_generator_cpp/cmake)
[0.729s] -- Using all available rosidl_typesupport_c: rosidl_typesupport_fastrtps_c;rosidl_typesupport_introspection_c
[0.739s] -- Using all available rosidl_typesupport_cpp: rosidl_typesupport_fastrtps_cpp;rosidl_typesupport_introspection_cpp
[0.769s] -- Found rmw_implementation_cmake: 6.1.2 (/opt/ros/humble/share/rmw_implementation_cmake/cmake)
[0.771s] -- Found rmw_fastrtps_cpp: 6.2.7 (/opt/ros/humble/share/rmw_fastrtps_cpp/cmake)
[1.117s] -- Found OpenSSL: /usr/lib/x86_64-linux-gnu/libcrypto.so (found version "3.0.2")  
[1.476s] -- Found FastRTPS: /opt/ros/humble/include  
[2.112s] -- Using RMW implementation 'rmw_fastrtps_cpp' as default
[2.127s] -- Looking for pthread.h
[2.172s] -- Looking for pthread.h - found
[2.172s] -- Performing Test CMAKE_HAVE_LIBC_PTHREAD
[2.215s] -- Performing Test CMAKE_HAVE_LIBC_PTHREAD - Success
[2.216s] -- Found Threads: TRUE  
[2.256s] -- Found tf2: 0.25.8 (/opt/ros/humble/share/tf2/cmake)
[2.271s] -- Found tf2_ros: 0.25.8 (/opt/ros/humble/share/tf2_ros/cmake)
[2.328s] -- Found turtlesim: 1.4.2 (/opt/ros/humble/share/turtlesim/cmake)
[2.338s] -- Found ament_lint_auto: 0.12.11 (/opt/ros/humble/share/ament_lint_auto/cmake)
[2.378s] -- Added test 'cppcheck' to perform static code analysis on C / C++ code
[2.378s] -- Configured cppcheck include dirs: $<BUILD_INTERFACE:/home/huang/ros2/ROS2/coordinate_transformations/src/cpp_tf_broadcaster/include>
[2.378s] -- Configured cppcheck exclude dirs and/or files: 
[2.379s] -- Added test 'lint_cmake' to check CMake code style
[2.379s] -- Added test 'uncrustify' to check C / C++ code style
[2.379s] -- Configured uncrustify additional arguments: 
[2.380s] -- Added test 'xmllint' to check XML markup files
[2.381s] -- Configuring done
[2.387s] -- Generating done
[2.387s] -- Build files have been written to: /home/huang/ros2/ROS2/coordinate_transformations/build/cpp_tf_broadcaster
[2.393s] Invoked command in '/home/huang/ros2/ROS2/coordinate_transformations/build/cpp_tf_broadcaster' returned '0': CMAKE_PREFIX_PATH=/opt/ros/humble /usr/bin/cmake /home/huang/ros2/ROS2/coordinate_transformations/src/cpp_tf_broadcaster -DCMAKE_INSTALL_PREFIX=/home/huang/ros2/ROS2/coordinate_transformations/install/cpp_tf_broadcaster
[2.394s] Invoking command in '/home/huang/ros2/ROS2/coordinate_transformations/build/cpp_tf_broadcaster': CMAKE_PREFIX_PATH=/opt/ros/humble /usr/bin/cmake --build /home/huang/ros2/ROS2/coordinate_transformations/build/cpp_tf_broadcaster -- -j20 -l20
[2.415s] [ 50%] [32mBuilding CXX object CMakeFiles/demo.dir/src/demo.cpp.o[0m
[2.434s] [100%] [32m[1mLinking CXX executable demo[0m
[2.535s] [100%] Built target demo
[2.540s] Invoked command in '/home/huang/ros2/ROS2/coordinate_transformations/build/cpp_tf_broadcaster' returned '0': CMAKE_PREFIX_PATH=/opt/ros/humble /usr/bin/cmake --build /home/huang/ros2/ROS2/coordinate_transformations/build/cpp_tf_broadcaster -- -j20 -l20
[2.555s] Invoking command in '/home/huang/ros2/ROS2/coordinate_transformations/build/cpp_tf_broadcaster': CMAKE_PREFIX_PATH=/opt/ros/humble /usr/bin/cmake --install /home/huang/ros2/ROS2/coordinate_transformations/build/cpp_tf_broadcaster
[2.558s] -- Install configuration: ""
[2.559s] -- Installing: /home/huang/ros2/ROS2/coordinate_transformations/install/cpp_tf_broadcaster/lib/cpp_tf_broadcaster/demo
[2.559s] -- Set runtime path of "/home/huang/ros2/ROS2/coordinate_transformations/install/cpp_tf_broadcaster/lib/cpp_tf_broadcaster/demo" to ""
[2.559s] -- Installing: /home/huang/ros2/ROS2/coordinate_transformations/install/cpp_tf_broadcaster/share/ament_index/resource_index/package_run_dependencies/cpp_tf_broadcaster
[2.559s] -- Installing: /home/huang/ros2/ROS2/coordinate_transformations/install/cpp_tf_broadcaster/share/ament_index/resource_index/parent_prefix_path/cpp_tf_broadcaster
[2.559s] -- Installing: /home/huang/ros2/ROS2/coordinate_transformations/install/cpp_tf_broadcaster/share/cpp_tf_broadcaster/environment/ament_prefix_path.sh
[2.559s] -- Installing: /home/huang/ros2/ROS2/coordinate_transformations/install/cpp_tf_broadcaster/share/cpp_tf_broadcaster/environment/ament_prefix_path.dsv
[2.559s] -- Installing: /home/huang/ros2/ROS2/coordinate_transformations/install/cpp_tf_broadcaster/share/cpp_tf_broadcaster/environment/path.sh
[2.559s] -- Installing: /home/huang/ros2/ROS2/coordinate_transformations/install/cpp_tf_broadcaster/share/cpp_tf_broadcaster/environment/path.dsv
[2.559s] -- Installing: /home/huang/ros2/ROS2/coordinate_transformations/install/cpp_tf_broadcaster/share/cpp_tf_broadcaster/local_setup.bash
[2.560s] -- Installing: /home/huang/ros2/ROS2/coordinate_transformations/install/cpp_tf_broadcaster/share/cpp_tf_broadcaster/local_setup.sh
[2.560s] -- Installing: /home/huang/ros2/ROS2/coordinate_transformations/install/cpp_tf_broadcaster/share/cpp_tf_broadcaster/local_setup.zsh
[2.560s] -- Installing: /home/huang/ros2/ROS2/coordinate_transformations/install/cpp_tf_broadcaster/share/cpp_tf_broadcaster/local_setup.dsv
[2.560s] -- Installing: /home/huang/ros2/ROS2/coordinate_transformations/install/cpp_tf_broadcaster/share/cpp_tf_broadcaster/package.dsv
[2.560s] -- Installing: /home/huang/ros2/ROS2/coordinate_transformations/install/cpp_tf_broadcaster/share/ament_index/resource_index/packages/cpp_tf_broadcaster
[2.560s] -- Installing: /home/huang/ros2/ROS2/coordinate_transformations/install/cpp_tf_broadcaster/share/cpp_tf_broadcaster/cmake/cpp_tf_broadcasterConfig.cmake
[2.560s] -- Installing: /home/huang/ros2/ROS2/coordinate_transformations/install/cpp_tf_broadcaster/share/cpp_tf_broadcaster/cmake/cpp_tf_broadcasterConfig-version.cmake
[2.560s] -- Installing: /home/huang/ros2/ROS2/coordinate_transformations/install/cpp_tf_broadcaster/share/cpp_tf_broadcaster/package.xml
[2.561s] Invoked command in '/home/huang/ros2/ROS2/coordinate_transformations/build/cpp_tf_broadcaster' returned '0': CMAKE_PREFIX_PATH=/opt/ros/humble /usr/bin/cmake --install /home/huang/ros2/ROS2/coordinate_transformations/build/cpp_tf_broadcaster
