-- Found ament_cmake: 1.3.10 (/opt/ros/humble/share/ament_cmake/cmake)
-- Found ament_lint_auto: 0.12.11 (/opt/ros/humble/share/ament_lint_auto/cmake)
-- Added test 'cppcheck' to perform static code analysis on C / C++ code
-- Configured cppcheck include dirs: $<BUILD_INTERFACE:/home/huang/ros2/ROS2/rviz2/src/cpp_urdf/include>
-- Configured cppcheck exclude dirs and/or files: 
-- Added test 'lint_cmake' to check CMake code style
-- Added test 'uncrustify' to check C / C++ code style
-- Configured uncrustify additional arguments: 
-- Added test 'xmllint' to check XML markup files
-- Configuring done
-- Generating done
-- Build files have been written to: /home/huang/ros2/ROS2/rviz2/src/build/cpp_urdf
[35m[1mConsolidate compiler generated dependencies of target demo[0m
[100%] Built target demo
-- Install configuration: ""
-- Up-to-date: /home/huang/ros2/ROS2/rviz2/src/install/cpp_urdf/lib/cpp_urdf/demo
-- Up-to-date: /home/huang/ros2/ROS2/rviz2/src/install/cpp_urdf/share/cpp_urdf/launch
-- Up-to-date: /home/huang/ros2/ROS2/rviz2/src/install/cpp_urdf/share/cpp_urdf/rviz
-- Up-to-date: /home/huang/ros2/ROS2/rviz2/src/install/cpp_urdf/share/cpp_urdf/meshes
-- Up-to-date: /home/huang/ros2/ROS2/rviz2/src/install/cpp_urdf/share/cpp_urdf/urdf
-- Up-to-date: /home/huang/ros2/ROS2/rviz2/src/install/cpp_urdf/share/cpp_urdf/urdf/xacro
-- Up-to-date: /home/huang/ros2/ROS2/rviz2/src/install/cpp_urdf/share/cpp_urdf/urdf/urdf
-- Installing: /home/huang/ros2/ROS2/rviz2/src/install/cpp_urdf/share/cpp_urdf/urdf/urdf/demo_1.urdf
-- Installing: /home/huang/ros2/ROS2/rviz2/src/install/cpp_urdf/share/ament_index/resource_index/package_run_dependencies/cpp_urdf
-- Up-to-date: /home/huang/ros2/ROS2/rviz2/src/install/cpp_urdf/share/ament_index/resource_index/parent_prefix_path/cpp_urdf
-- Up-to-date: /home/huang/ros2/ROS2/rviz2/src/install/cpp_urdf/share/cpp_urdf/environment/ament_prefix_path.sh
-- Installing: /home/huang/ros2/ROS2/rviz2/src/install/cpp_urdf/share/cpp_urdf/environment/ament_prefix_path.dsv
-- Up-to-date: /home/huang/ros2/ROS2/rviz2/src/install/cpp_urdf/share/cpp_urdf/environment/path.sh
-- Installing: /home/huang/ros2/ROS2/rviz2/src/install/cpp_urdf/share/cpp_urdf/environment/path.dsv
-- Up-to-date: /home/huang/ros2/ROS2/rviz2/src/install/cpp_urdf/share/cpp_urdf/local_setup.bash
-- Up-to-date: /home/huang/ros2/ROS2/rviz2/src/install/cpp_urdf/share/cpp_urdf/local_setup.sh
-- Up-to-date: /home/huang/ros2/ROS2/rviz2/src/install/cpp_urdf/share/cpp_urdf/local_setup.zsh
-- Installing: /home/huang/ros2/ROS2/rviz2/src/install/cpp_urdf/share/cpp_urdf/local_setup.dsv
-- Installing: /home/huang/ros2/ROS2/rviz2/src/install/cpp_urdf/share/cpp_urdf/package.dsv
-- Up-to-date: /home/huang/ros2/ROS2/rviz2/src/install/cpp_urdf/share/ament_index/resource_index/packages/cpp_urdf
-- Up-to-date: /home/huang/ros2/ROS2/rviz2/src/install/cpp_urdf/share/cpp_urdf/cmake/cpp_urdfConfig.cmake
-- Up-to-date: /home/huang/ros2/ROS2/rviz2/src/install/cpp_urdf/share/cpp_urdf/cmake/cpp_urdfConfig-version.cmake
-- Installing: /home/huang/ros2/ROS2/rviz2/src/install/cpp_urdf/share/cpp_urdf/package.xml
