[0.007s] Invoking command in '/home/huang/ros2/ROS2/rviz2/src/build/cpp_urdf': CMAKE_PREFIX_PATH=${CMAKE_PREFIX_PATH}:/opt/ros/humble /usr/bin/cmake --build /home/huang/ros2/ROS2/rviz2/src/build/cpp_urdf -- -j20 -l20
[0.015s] -- Found ament_cmake: 1.3.10 (/opt/ros/humble/share/ament_cmake/cmake)
[0.075s] -- Found ament_lint_auto: 0.12.11 (/opt/ros/humble/share/ament_lint_auto/cmake)
[0.108s] -- Added test 'cppcheck' to perform static code analysis on C / C++ code
[0.108s] -- Configured cppcheck include dirs: $<BUILD_INTERFACE:/home/huang/ros2/ROS2/rviz2/src/cpp_urdf/include>
[0.108s] -- Configured cppcheck exclude dirs and/or files: 
[0.109s] -- Added test 'lint_cmake' to check CMake code style
[0.109s] -- Added test 'uncrustify' to check C / C++ code style
[0.109s] -- Configured uncrustify additional arguments: 
[0.110s] -- Added test 'xmllint' to check XML markup files
[0.110s] -- Configuring done
[0.112s] -- Generating done
[0.112s] -- Build files have been written to: /home/huang/ros2/ROS2/rviz2/src/build/cpp_urdf
[0.123s] [35m[1mConsolidate compiler generated dependencies of target demo[0m
[0.129s] [100%] Built target demo
[0.137s] Invoked command in '/home/huang/ros2/ROS2/rviz2/src/build/cpp_urdf' returned '0': CMAKE_PREFIX_PATH=${CMAKE_PREFIX_PATH}:/opt/ros/humble /usr/bin/cmake --build /home/huang/ros2/ROS2/rviz2/src/build/cpp_urdf -- -j20 -l20
[0.152s] Invoking command in '/home/huang/ros2/ROS2/rviz2/src/build/cpp_urdf': CMAKE_PREFIX_PATH=${CMAKE_PREFIX_PATH}:/opt/ros/humble /usr/bin/cmake --install /home/huang/ros2/ROS2/rviz2/src/build/cpp_urdf
[0.154s] -- Install configuration: ""
[0.154s] -- Up-to-date: /home/huang/ros2/ROS2/rviz2/src/install/cpp_urdf/lib/cpp_urdf/demo
[0.155s] -- Up-to-date: /home/huang/ros2/ROS2/rviz2/src/install/cpp_urdf/share/cpp_urdf/launch
[0.155s] -- Up-to-date: /home/huang/ros2/ROS2/rviz2/src/install/cpp_urdf/share/cpp_urdf/rviz
[0.155s] -- Up-to-date: /home/huang/ros2/ROS2/rviz2/src/install/cpp_urdf/share/cpp_urdf/meshes
[0.155s] -- Up-to-date: /home/huang/ros2/ROS2/rviz2/src/install/cpp_urdf/share/cpp_urdf/urdf
[0.155s] -- Up-to-date: /home/huang/ros2/ROS2/rviz2/src/install/cpp_urdf/share/cpp_urdf/urdf/xacro
[0.155s] -- Up-to-date: /home/huang/ros2/ROS2/rviz2/src/install/cpp_urdf/share/cpp_urdf/urdf/urdf
[0.155s] -- Installing: /home/huang/ros2/ROS2/rviz2/src/install/cpp_urdf/share/cpp_urdf/urdf/urdf/demo_1.urdf
[0.155s] -- Installing: /home/huang/ros2/ROS2/rviz2/src/install/cpp_urdf/share/ament_index/resource_index/package_run_dependencies/cpp_urdf
[0.155s] -- Up-to-date: /home/huang/ros2/ROS2/rviz2/src/install/cpp_urdf/share/ament_index/resource_index/parent_prefix_path/cpp_urdf
[0.155s] -- Up-to-date: /home/huang/ros2/ROS2/rviz2/src/install/cpp_urdf/share/cpp_urdf/environment/ament_prefix_path.sh
[0.155s] -- Installing: /home/huang/ros2/ROS2/rviz2/src/install/cpp_urdf/share/cpp_urdf/environment/ament_prefix_path.dsv
[0.155s] -- Up-to-date: /home/huang/ros2/ROS2/rviz2/src/install/cpp_urdf/share/cpp_urdf/environment/path.sh
[0.155s] -- Installing: /home/huang/ros2/ROS2/rviz2/src/install/cpp_urdf/share/cpp_urdf/environment/path.dsv
[0.155s] -- Up-to-date: /home/huang/ros2/ROS2/rviz2/src/install/cpp_urdf/share/cpp_urdf/local_setup.bash
[0.155s] -- Up-to-date: /home/huang/ros2/ROS2/rviz2/src/install/cpp_urdf/share/cpp_urdf/local_setup.sh
[0.155s] -- Up-to-date: /home/huang/ros2/ROS2/rviz2/src/install/cpp_urdf/share/cpp_urdf/local_setup.zsh
[0.155s] -- Installing: /home/huang/ros2/ROS2/rviz2/src/install/cpp_urdf/share/cpp_urdf/local_setup.dsv
[0.155s] -- Installing: /home/huang/ros2/ROS2/rviz2/src/install/cpp_urdf/share/cpp_urdf/package.dsv
[0.155s] -- Up-to-date: /home/huang/ros2/ROS2/rviz2/src/install/cpp_urdf/share/ament_index/resource_index/packages/cpp_urdf
[0.155s] -- Up-to-date: /home/huang/ros2/ROS2/rviz2/src/install/cpp_urdf/share/cpp_urdf/cmake/cpp_urdfConfig.cmake
[0.155s] -- Up-to-date: /home/huang/ros2/ROS2/rviz2/src/install/cpp_urdf/share/cpp_urdf/cmake/cpp_urdfConfig-version.cmake
[0.155s] -- Installing: /home/huang/ros2/ROS2/rviz2/src/install/cpp_urdf/share/cpp_urdf/package.xml
[0.156s] Invoked command in '/home/huang/ros2/ROS2/rviz2/src/build/cpp_urdf' returned '0': CMAKE_PREFIX_PATH=${CMAKE_PREFIX_PATH}:/opt/ros/humble /usr/bin/cmake --install /home/huang/ros2/ROS2/rviz2/src/build/cpp_urdf
