[0.008s] Invoking command in '/home/ros/ROS2/turtle/build/exercise': CMAKE_PREFIX_PATH=${CMAKE_PREFIX_PATH}:/opt/ros/humble /usr/bin/cmake --build /home/ros/ROS2/turtle/build/exercise -- -j20 -l20
[0.022s] -- Found ament_cmake: 1.3.8 (/opt/ros/humble/share/ament_cmake/cmake)
[0.089s] -- Found rclcpp: 16.0.8 (/opt/ros/humble/share/rclcpp/cmake)
[0.279s] -- Found rosidl_generator_c: 3.1.5 (/opt/ros/humble/share/rosidl_generator_c/cmake)
[0.280s] -- Found rosidl_adapter: 3.1.5 (/opt/ros/humble/share/rosidl_adapter/cmake)
[0.283s] -- Found rosidl_generator_cpp: 3.1.5 (/opt/ros/humble/share/rosidl_generator_cpp/cmake)
[0.290s] -- Using all available rosidl_typesupport_c: rosidl_typesupport_fastrtps_c;rosidl_typesupport_introspection_c
[0.298s] -- Using all available rosidl_typesupport_cpp: rosidl_typesupport_fastrtps_cpp;rosidl_typesupport_introspection_cpp
[0.330s] -- Found rmw_implementation_cmake: 6.1.1 (/opt/ros/humble/share/rmw_implementation_cmake/cmake)
[0.332s] -- Found rmw_fastrtps_cpp: 6.2.6 (/opt/ros/humble/share/rmw_fastrtps_cpp/cmake)
[8.469s] -- Using RMW implementation 'rmw_fastrtps_cpp' as default
[8.561s] -- Found turtlesim: 1.4.2 (/opt/ros/humble/share/turtlesim/cmake)
[8.637s] -- Found base_interface_demo: 0.0.0 (/home/ros/ROS2/communication_mechanism/install/base_interface_demo/share/base_interface_demo/cmake)
[8.666s] -- Found geometry_msgs: 4.2.3 (/opt/ros/humble/share/geometry_msgs/cmake)
[8.691s] -- Found rclcpp_action: 16.0.8 (/opt/ros/humble/share/rclcpp_action/cmake)
[8.710s] -- Found ament_lint_auto: 0.12.10 (/opt/ros/humble/share/ament_lint_auto/cmake)
[8.751s] -- Added test 'cppcheck' to perform static code analysis on C / C++ code
[8.751s] -- Configured cppcheck include dirs: $<BUILD_INTERFACE:/home/ros/ROS2/turtle/src/exercise/include>
[8.751s] -- Configured cppcheck exclude dirs and/or files: 
[8.751s] -- Added test 'flake8' to check Python code syntax and style conventions
[8.751s] -- Added test 'lint_cmake' to check CMake code style
[8.752s] -- Added test 'pep257' to check Python code against some of the docstring style conventions in PEP 257
[8.752s] -- Added test 'uncrustify' to check C / C++ code style
[8.752s] -- Configured uncrustify additional arguments: 
[8.752s] -- Added test 'xmllint' to check XML markup files
[8.752s] -- Configuring done
[8.762s] -- Generating done
[8.763s] -- Build files have been written to: /home/ros/ROS2/turtle/build/exercise
[8.778s] [35m[1mConsolidate compiler generated dependencies of target exe_action[0m
[8.778s] [35m[1mConsolidate compiler generated dependencies of target exe_pub_sub[0m
[8.787s] [ 75%] Built target exe_pub_sub
[8.787s] [ 75%] [32m[1mLinking CXX executable exe_action[0m
[8.991s] [100%] Built target exe_action
[8.997s] Invoked command in '/home/ros/ROS2/turtle/build/exercise' returned '0': CMAKE_PREFIX_PATH=${CMAKE_PREFIX_PATH}:/opt/ros/humble /usr/bin/cmake --build /home/ros/ROS2/turtle/build/exercise -- -j20 -l20
[9.015s] Invoking command in '/home/ros/ROS2/turtle/build/exercise': CMAKE_PREFIX_PATH=${CMAKE_PREFIX_PATH}:/opt/ros/humble /usr/bin/cmake --install /home/ros/ROS2/turtle/build/exercise
[9.018s] -- Install configuration: ""
[9.018s] -- Up-to-date: /home/ros/ROS2/turtle/install/exercise/lib/exercise/exe_pub_sub
[9.018s] -- Installing: /home/ros/ROS2/turtle/install/exercise/lib/exercise/exe_action
[9.019s] -- Set runtime path of "/home/ros/ROS2/turtle/install/exercise/lib/exercise/exe_action" to ""
[9.019s] -- Up-to-date: /home/ros/ROS2/turtle/install/exercise/share/exercise/launch
[9.019s] -- Up-to-date: /home/ros/ROS2/turtle/install/exercise/share/exercise/launch/exe_pub_sub.launch.py
[9.019s] -- Up-to-date: /home/ros/ROS2/turtle/install/exercise/share/ament_index/resource_index/package_run_dependencies/exercise
[9.019s] -- Installing: /home/ros/ROS2/turtle/install/exercise/share/ament_index/resource_index/parent_prefix_path/exercise
[9.019s] -- Up-to-date: /home/ros/ROS2/turtle/install/exercise/share/exercise/environment/ament_prefix_path.sh
[9.019s] -- Installing: /home/ros/ROS2/turtle/install/exercise/share/exercise/environment/ament_prefix_path.dsv
[9.019s] -- Up-to-date: /home/ros/ROS2/turtle/install/exercise/share/exercise/environment/path.sh
[9.019s] -- Installing: /home/ros/ROS2/turtle/install/exercise/share/exercise/environment/path.dsv
[9.019s] -- Up-to-date: /home/ros/ROS2/turtle/install/exercise/share/exercise/local_setup.bash
[9.019s] -- Up-to-date: /home/ros/ROS2/turtle/install/exercise/share/exercise/local_setup.sh
[9.019s] -- Up-to-date: /home/ros/ROS2/turtle/install/exercise/share/exercise/local_setup.zsh
[9.019s] -- Installing: /home/ros/ROS2/turtle/install/exercise/share/exercise/local_setup.dsv
[9.019s] -- Installing: /home/ros/ROS2/turtle/install/exercise/share/exercise/package.dsv
[9.019s] -- Up-to-date: /home/ros/ROS2/turtle/install/exercise/share/ament_index/resource_index/packages/exercise
[9.019s] -- Up-to-date: /home/ros/ROS2/turtle/install/exercise/share/exercise/cmake/exerciseConfig.cmake
[9.019s] -- Up-to-date: /home/ros/ROS2/turtle/install/exercise/share/exercise/cmake/exerciseConfig-version.cmake
[9.019s] -- Up-to-date: /home/ros/ROS2/turtle/install/exercise/share/exercise/package.xml
[9.020s] Invoked command in '/home/ros/ROS2/turtle/build/exercise' returned '0': CMAKE_PREFIX_PATH=${CMAKE_PREFIX_PATH}:/opt/ros/humble /usr/bin/cmake --install /home/ros/ROS2/turtle/build/exercise
