[0.008s] Invoking command in '/home/huang/ros2/ROS2/coordinate_transformations/build/cpp_tf_turtle': CMAKE_PREFIX_PATH=${CMAKE_PREFIX_PATH}:/opt/ros/humble /usr/bin/cmake --build /home/huang/ros2/ROS2/coordinate_transformations/build/cpp_tf_turtle -- -j20 -l20
[0.045s] [35m[1mConsolidate compiler generated dependencies of target exer_tf_broadcaster[0m
[0.049s] [ 33%] [32mBuilding CXX object CMakeFiles/exer_tf_listener.dir/src/exer_tf_listener.cpp.o[0m
[0.049s] [ 50%] Built target exer_spawn
[0.052s] [ 66%] [32mBuilding CXX object CMakeFiles/exer_tf_broadcaster.dir/src/exer_tf_broadcaster.cpp.o[0m
[4.229s] [ 83%] [32m[1mLinking CXX executable exer_tf_broadcaster[0m
[4.300s] [100%] [32m[1mLinking CXX executable exer_tf_listener[0m
[4.502s] [100%] Built target exer_tf_broadcaster
[4.529s] [100%] Built target exer_tf_listener
[4.533s] Invoked command in '/home/huang/ros2/ROS2/coordinate_transformations/build/cpp_tf_turtle' returned '0': CMAKE_PREFIX_PATH=${CMAKE_PREFIX_PATH}:/opt/ros/humble /usr/bin/cmake --build /home/huang/ros2/ROS2/coordinate_transformations/build/cpp_tf_turtle -- -j20 -l20
[4.548s] Invoking command in '/home/huang/ros2/ROS2/coordinate_transformations/build/cpp_tf_turtle': CMAKE_PREFIX_PATH=${CMAKE_PREFIX_PATH}:/opt/ros/humble /usr/bin/cmake --install /home/huang/ros2/ROS2/coordinate_transformations/build/cpp_tf_turtle
[4.551s] -- Install configuration: ""
[4.552s] -- Up-to-date: /home/huang/ros2/ROS2/coordinate_transformations/install/cpp_tf_turtle/lib/cpp_tf_turtle/exer_spawn
[4.553s] -- Installing: /home/huang/ros2/ROS2/coordinate_transformations/install/cpp_tf_turtle/lib/cpp_tf_turtle/exer_tf_broadcaster
[4.554s] -- Set runtime path of "/home/huang/ros2/ROS2/coordinate_transformations/install/cpp_tf_turtle/lib/cpp_tf_turtle/exer_tf_broadcaster" to ""
[4.554s] -- Installing: /home/huang/ros2/ROS2/coordinate_transformations/install/cpp_tf_turtle/lib/cpp_tf_turtle/exer_tf_listener
[4.556s] -- Set runtime path of "/home/huang/ros2/ROS2/coordinate_transformations/install/cpp_tf_turtle/lib/cpp_tf_turtle/exer_tf_listener" to ""
[4.556s] -- Up-to-date: /home/huang/ros2/ROS2/coordinate_transformations/install/cpp_tf_turtle/share/cpp_tf_turtle/launch
[4.556s] -- Up-to-date: /home/huang/ros2/ROS2/coordinate_transformations/install/cpp_tf_turtle/share/cpp_tf_turtle/launch/exer.launch.py
[4.556s] -- Up-to-date: /home/huang/ros2/ROS2/coordinate_transformations/install/cpp_tf_turtle/share/ament_index/resource_index/package_run_dependencies/cpp_tf_turtle
[4.556s] -- Up-to-date: /home/huang/ros2/ROS2/coordinate_transformations/install/cpp_tf_turtle/share/ament_index/resource_index/parent_prefix_path/cpp_tf_turtle
[4.556s] -- Up-to-date: /home/huang/ros2/ROS2/coordinate_transformations/install/cpp_tf_turtle/share/cpp_tf_turtle/environment/ament_prefix_path.sh
[4.556s] -- Up-to-date: /home/huang/ros2/ROS2/coordinate_transformations/install/cpp_tf_turtle/share/cpp_tf_turtle/environment/ament_prefix_path.dsv
[4.557s] -- Up-to-date: /home/huang/ros2/ROS2/coordinate_transformations/install/cpp_tf_turtle/share/cpp_tf_turtle/environment/path.sh
[4.557s] -- Up-to-date: /home/huang/ros2/ROS2/coordinate_transformations/install/cpp_tf_turtle/share/cpp_tf_turtle/environment/path.dsv
[4.557s] -- Up-to-date: /home/huang/ros2/ROS2/coordinate_transformations/install/cpp_tf_turtle/share/cpp_tf_turtle/local_setup.bash
[4.557s] -- Up-to-date: /home/huang/ros2/ROS2/coordinate_transformations/install/cpp_tf_turtle/share/cpp_tf_turtle/local_setup.sh
[4.557s] -- Up-to-date: /home/huang/ros2/ROS2/coordinate_transformations/install/cpp_tf_turtle/share/cpp_tf_turtle/local_setup.zsh
[4.557s] -- Up-to-date: /home/huang/ros2/ROS2/coordinate_transformations/install/cpp_tf_turtle/share/cpp_tf_turtle/local_setup.dsv
[4.557s] -- Installing: /home/huang/ros2/ROS2/coordinate_transformations/install/cpp_tf_turtle/share/cpp_tf_turtle/package.dsv
[4.557s] -- Up-to-date: /home/huang/ros2/ROS2/coordinate_transformations/install/cpp_tf_turtle/share/ament_index/resource_index/packages/cpp_tf_turtle
[4.557s] -- Up-to-date: /home/huang/ros2/ROS2/coordinate_transformations/install/cpp_tf_turtle/share/cpp_tf_turtle/cmake/cpp_tf_turtleConfig.cmake
[4.557s] -- Up-to-date: /home/huang/ros2/ROS2/coordinate_transformations/install/cpp_tf_turtle/share/cpp_tf_turtle/cmake/cpp_tf_turtleConfig-version.cmake
[4.558s] -- Up-to-date: /home/huang/ros2/ROS2/coordinate_transformations/install/cpp_tf_turtle/share/cpp_tf_turtle/package.xml
[4.558s] Invoked command in '/home/huang/ros2/ROS2/coordinate_transformations/build/cpp_tf_turtle' returned '0': CMAKE_PREFIX_PATH=${CMAKE_PREFIX_PATH}:/opt/ros/humble /usr/bin/cmake --install /home/huang/ros2/ROS2/coordinate_transformations/build/cpp_tf_turtle
