[35m[1mConsolidate compiler generated dependencies of target cpp_tf_listener_coordinates[0m
[35m[1mConsolidate compiler generated dependencies of target cpp_tf_listener_point[0m
[ 33%] Built target demo
[ 50%] [32mBuilding CXX object CMakeFiles/cpp_tf_listener_point.dir/src/cpp_tf_listener_point.cpp.o[0m
[ 83%] Built target cpp_tf_listener_coordinates
In file included from [01m[K/home/huang/ros2/ROS2/coordinate_transformations/src/cpp_tf_listener/src/cpp_tf_listener_point.cpp:124[m[K:
[01m[K/opt/ros/humble/include/tf2_geometry_msgs/tf2_geometry_msgs/tf2_geometry_msgs.h:35:2:[m[K [01;35m[Kwarning: [m[K#warning This header is obsolete, please include tf2_geometry_msgs/tf2_geometry_msgs.hpp instead [[01;35m[K]8;;https://gcc.gnu.org/onlinedocs/gcc/Warning-Options.html#index-Wcpp-Wcpp]8;;[m[K]
   35 | #[01;35m[Kwarning[m[K This header is obsolete, please include tf2_geometry_msgs/tf2_geometry_msgs.hpp instead
      |  [01;35m[K^~~~~~~[m[K
[100%] [32m[1mLinking CXX executable cpp_tf_listener_point[0m
[100%] Built target cpp_tf_listener_point
-- Install configuration: ""
-- Up-to-date: /home/huang/ros2/ROS2/coordinate_transformations/install/cpp_tf_listener/lib/cpp_tf_listener/demo
-- Up-to-date: /home/huang/ros2/ROS2/coordinate_transformations/install/cpp_tf_listener/lib/cpp_tf_listener/cpp_tf_listener_coordinates
-- Installing: /home/huang/ros2/ROS2/coordinate_transformations/install/cpp_tf_listener/lib/cpp_tf_listener/cpp_tf_listener_point
-- Set runtime path of "/home/huang/ros2/ROS2/coordinate_transformations/install/cpp_tf_listener/lib/cpp_tf_listener/cpp_tf_listener_point" to ""
-- Up-to-date: /home/huang/ros2/ROS2/coordinate_transformations/install/cpp_tf_listener/share/ament_index/resource_index/package_run_dependencies/cpp_tf_listener
-- Up-to-date: /home/huang/ros2/ROS2/coordinate_transformations/install/cpp_tf_listener/share/ament_index/resource_index/parent_prefix_path/cpp_tf_listener
-- Up-to-date: /home/huang/ros2/ROS2/coordinate_transformations/install/cpp_tf_listener/share/cpp_tf_listener/environment/ament_prefix_path.sh
-- Up-to-date: /home/huang/ros2/ROS2/coordinate_transformations/install/cpp_tf_listener/share/cpp_tf_listener/environment/ament_prefix_path.dsv
-- Up-to-date: /home/huang/ros2/ROS2/coordinate_transformations/install/cpp_tf_listener/share/cpp_tf_listener/environment/path.sh
-- Up-to-date: /home/huang/ros2/ROS2/coordinate_transformations/install/cpp_tf_listener/share/cpp_tf_listener/environment/path.dsv
-- Up-to-date: /home/huang/ros2/ROS2/coordinate_transformations/install/cpp_tf_listener/share/cpp_tf_listener/local_setup.bash
-- Up-to-date: /home/huang/ros2/ROS2/coordinate_transformations/install/cpp_tf_listener/share/cpp_tf_listener/local_setup.sh
-- Up-to-date: /home/huang/ros2/ROS2/coordinate_transformations/install/cpp_tf_listener/share/cpp_tf_listener/local_setup.zsh
-- Up-to-date: /home/huang/ros2/ROS2/coordinate_transformations/install/cpp_tf_listener/share/cpp_tf_listener/local_setup.dsv
-- Installing: /home/huang/ros2/ROS2/coordinate_transformations/install/cpp_tf_listener/share/cpp_tf_listener/package.dsv
-- Up-to-date: /home/huang/ros2/ROS2/coordinate_transformations/install/cpp_tf_listener/share/ament_index/resource_index/packages/cpp_tf_listener
-- Up-to-date: /home/huang/ros2/ROS2/coordinate_transformations/install/cpp_tf_listener/share/cpp_tf_listener/cmake/cpp_tf_listenerConfig.cmake
-- Up-to-date: /home/huang/ros2/ROS2/coordinate_transformations/install/cpp_tf_listener/share/cpp_tf_listener/cmake/cpp_tf_listenerConfig-version.cmake
-- Up-to-date: /home/huang/ros2/ROS2/coordinate_transformations/install/cpp_tf_listener/share/cpp_tf_listener/package.xml
