[0.005s] Invoking command in '/home/huang/ros2/ROS2/coordinate_transformations/build/cpp_tf_listener': CMAKE_PREFIX_PATH=/opt/ros/humble /usr/bin/cmake --build /home/huang/ros2/ROS2/coordinate_transformations/build/cpp_tf_listener -- -j20 -l20
[0.021s] [35m[1mConsolidate compiler generated dependencies of target cpp_tf_listener_coordinates[0m
[0.021s] [35m[1mConsolidate compiler generated dependencies of target cpp_tf_listener_point[0m
[0.024s] [ 33%] Built target demo
[0.025s] [ 50%] [32mBuilding CXX object CMakeFiles/cpp_tf_listener_point.dir/src/cpp_tf_listener_point.cpp.o[0m
[0.028s] [ 83%] Built target cpp_tf_listener_coordinates
[0.113s] In file included from [01m[K/home/huang/ros2/ROS2/coordinate_transformations/src/cpp_tf_listener/src/cpp_tf_listener_point.cpp:124[m[K:
[0.113s] [01m[K/opt/ros/humble/include/tf2_geometry_msgs/tf2_geometry_msgs/tf2_geometry_msgs.h:35:2:[m[K [01;35m[Kwarning: [m[K#warning This header is obsolete, please include tf2_geometry_msgs/tf2_geometry_msgs.hpp instead [[01;35m[K]8;;https://gcc.gnu.org/onlinedocs/gcc/Warning-Options.html#index-Wcpp-Wcpp]8;;[m[K]
[0.113s]    35 | #[01;35m[Kwarning[m[K This header is obsolete, please include tf2_geometry_msgs/tf2_geometry_msgs.hpp instead
[0.113s]       |  [01;35m[K^~~~~~~[m[K
[6.154s] [100%] [32m[1mLinking CXX executable cpp_tf_listener_point[0m
[6.475s] [100%] Built target cpp_tf_listener_point
[6.484s] Invoked command in '/home/huang/ros2/ROS2/coordinate_transformations/build/cpp_tf_listener' returned '0': CMAKE_PREFIX_PATH=/opt/ros/humble /usr/bin/cmake --build /home/huang/ros2/ROS2/coordinate_transformations/build/cpp_tf_listener -- -j20 -l20
[6.499s] Invoking command in '/home/huang/ros2/ROS2/coordinate_transformations/build/cpp_tf_listener': CMAKE_PREFIX_PATH=/opt/ros/humble /usr/bin/cmake --install /home/huang/ros2/ROS2/coordinate_transformations/build/cpp_tf_listener
[6.501s] -- Install configuration: ""
[6.501s] -- Up-to-date: /home/huang/ros2/ROS2/coordinate_transformations/install/cpp_tf_listener/lib/cpp_tf_listener/demo
[6.501s] -- Up-to-date: /home/huang/ros2/ROS2/coordinate_transformations/install/cpp_tf_listener/lib/cpp_tf_listener/cpp_tf_listener_coordinates
[6.501s] -- Installing: /home/huang/ros2/ROS2/coordinate_transformations/install/cpp_tf_listener/lib/cpp_tf_listener/cpp_tf_listener_point
[6.504s] -- Set runtime path of "/home/huang/ros2/ROS2/coordinate_transformations/install/cpp_tf_listener/lib/cpp_tf_listener/cpp_tf_listener_point" to ""
[6.504s] -- Up-to-date: /home/huang/ros2/ROS2/coordinate_transformations/install/cpp_tf_listener/share/ament_index/resource_index/package_run_dependencies/cpp_tf_listener
[6.504s] -- Up-to-date: /home/huang/ros2/ROS2/coordinate_transformations/install/cpp_tf_listener/share/ament_index/resource_index/parent_prefix_path/cpp_tf_listener
[6.504s] -- Up-to-date: /home/huang/ros2/ROS2/coordinate_transformations/install/cpp_tf_listener/share/cpp_tf_listener/environment/ament_prefix_path.sh
[6.504s] -- Up-to-date: /home/huang/ros2/ROS2/coordinate_transformations/install/cpp_tf_listener/share/cpp_tf_listener/environment/ament_prefix_path.dsv
[6.504s] -- Up-to-date: /home/huang/ros2/ROS2/coordinate_transformations/install/cpp_tf_listener/share/cpp_tf_listener/environment/path.sh
[6.504s] -- Up-to-date: /home/huang/ros2/ROS2/coordinate_transformations/install/cpp_tf_listener/share/cpp_tf_listener/environment/path.dsv
[6.504s] -- Up-to-date: /home/huang/ros2/ROS2/coordinate_transformations/install/cpp_tf_listener/share/cpp_tf_listener/local_setup.bash
[6.505s] -- Up-to-date: /home/huang/ros2/ROS2/coordinate_transformations/install/cpp_tf_listener/share/cpp_tf_listener/local_setup.sh
[6.505s] -- Up-to-date: /home/huang/ros2/ROS2/coordinate_transformations/install/cpp_tf_listener/share/cpp_tf_listener/local_setup.zsh
[6.505s] -- Up-to-date: /home/huang/ros2/ROS2/coordinate_transformations/install/cpp_tf_listener/share/cpp_tf_listener/local_setup.dsv
[6.505s] -- Installing: /home/huang/ros2/ROS2/coordinate_transformations/install/cpp_tf_listener/share/cpp_tf_listener/package.dsv
[6.505s] -- Up-to-date: /home/huang/ros2/ROS2/coordinate_transformations/install/cpp_tf_listener/share/ament_index/resource_index/packages/cpp_tf_listener
[6.505s] -- Up-to-date: /home/huang/ros2/ROS2/coordinate_transformations/install/cpp_tf_listener/share/cpp_tf_listener/cmake/cpp_tf_listenerConfig.cmake
[6.505s] -- Up-to-date: /home/huang/ros2/ROS2/coordinate_transformations/install/cpp_tf_listener/share/cpp_tf_listener/cmake/cpp_tf_listenerConfig-version.cmake
[6.505s] -- Up-to-date: /home/huang/ros2/ROS2/coordinate_transformations/install/cpp_tf_listener/share/cpp_tf_listener/package.xml
[6.505s] Invoked command in '/home/huang/ros2/ROS2/coordinate_transformations/build/cpp_tf_listener' returned '0': CMAKE_PREFIX_PATH=/opt/ros/humble /usr/bin/cmake --install /home/huang/ros2/ROS2/coordinate_transformations/build/cpp_tf_listener
