[0.011s] Invoking command in '/home/ros/ROS2/turtle/build/demo_topic': CMAKE_PREFIX_PATH=${CMAKE_PREFIX_PATH}:/opt/ros/humble /usr/bin/cmake --build /home/ros/ROS2/turtle/build/demo_topic -- -j20 -l20
[0.044s] [100%] Built target pose_topic
[0.050s] Invoked command in '/home/ros/ROS2/turtle/build/demo_topic' returned '0': CMAKE_PREFIX_PATH=${CMAKE_PREFIX_PATH}:/opt/ros/humble /usr/bin/cmake --build /home/ros/ROS2/turtle/build/demo_topic -- -j20 -l20
[0.065s] Invoking command in '/home/ros/ROS2/turtle/build/demo_topic': CMAKE_PREFIX_PATH=${CMAKE_PREFIX_PATH}:/opt/ros/humble /usr/bin/cmake --install /home/ros/ROS2/turtle/build/demo_topic
[0.069s] -- Install configuration: ""
[0.069s] -- Up-to-date: /home/ros/ROS2/turtle/install/demo_topic/lib/demo_topic/pose_topic
[0.069s] -- Up-to-date: /home/ros/ROS2/turtle/install/demo_topic/share/ament_index/resource_index/package_run_dependencies/demo_topic
[0.070s] -- Up-to-date: /home/ros/ROS2/turtle/install/demo_topic/share/ament_index/resource_index/parent_prefix_path/demo_topic
[0.070s] -- Up-to-date: /home/ros/ROS2/turtle/install/demo_topic/share/demo_topic/environment/ament_prefix_path.sh
[0.070s] -- Up-to-date: /home/ros/ROS2/turtle/install/demo_topic/share/demo_topic/environment/ament_prefix_path.dsv
[0.070s] -- Up-to-date: /home/ros/ROS2/turtle/install/demo_topic/share/demo_topic/environment/path.sh
[0.070s] -- Up-to-date: /home/ros/ROS2/turtle/install/demo_topic/share/demo_topic/environment/path.dsv
[0.070s] -- Up-to-date: /home/ros/ROS2/turtle/install/demo_topic/share/demo_topic/local_setup.bash
[0.070s] -- Up-to-date: /home/ros/ROS2/turtle/install/demo_topic/share/demo_topic/local_setup.sh
[0.070s] -- Up-to-date: /home/ros/ROS2/turtle/install/demo_topic/share/demo_topic/local_setup.zsh
[0.070s] -- Up-to-date: /home/ros/ROS2/turtle/install/demo_topic/share/demo_topic/local_setup.dsv
[0.070s] -- Installing: /home/ros/ROS2/turtle/install/demo_topic/share/demo_topic/package.dsv
[0.071s] -- Up-to-date: /home/ros/ROS2/turtle/install/demo_topic/share/ament_index/resource_index/packages/demo_topic
[0.071s] -- Up-to-date: /home/ros/ROS2/turtle/install/demo_topic/share/demo_topic/cmake/demo_topicConfig.cmake
[0.071s] -- Up-to-date: /home/ros/ROS2/turtle/install/demo_topic/share/demo_topic/cmake/demo_topicConfig-version.cmake
[0.071s] -- Up-to-date: /home/ros/ROS2/turtle/install/demo_topic/share/demo_topic/package.xml
[0.076s] Invoked command in '/home/ros/ROS2/turtle/build/demo_topic' returned '0': CMAKE_PREFIX_PATH=${CMAKE_PREFIX_PATH}:/opt/ros/humble /usr/bin/cmake --install /home/ros/ROS2/turtle/build/demo_topic
