[0.007s] Invoking command in '/home/ros/ROS2/tools/build/cpp_launch': CMAKE_PREFIX_PATH=/opt/ros/humble /usr/bin/cmake --build /home/ros/ROS2/tools/build/cpp_launch -- -j20 -l20
[0.022s] -- Found ament_cmake: 1.3.8 (/opt/ros/humble/share/ament_cmake/cmake)
[0.099s] -- Found rclcpp: 16.0.8 (/opt/ros/humble/share/rclcpp/cmake)
[0.306s] -- Found rosidl_generator_c: 3.1.5 (/opt/ros/humble/share/rosidl_generator_c/cmake)
[0.307s] -- Found rosidl_adapter: 3.1.5 (/opt/ros/humble/share/rosidl_adapter/cmake)
[0.311s] -- Found rosidl_generator_cpp: 3.1.5 (/opt/ros/humble/share/rosidl_generator_cpp/cmake)
[0.318s] -- Using all available rosidl_typesupport_c: rosidl_typesupport_fastrtps_c;rosidl_typesupport_introspection_c
[0.328s] -- Using all available rosidl_typesupport_cpp: rosidl_typesupport_fastrtps_cpp;rosidl_typesupport_introspection_cpp
[0.362s] -- Found rmw_implementation_cmake: 6.1.1 (/opt/ros/humble/share/rmw_implementation_cmake/cmake)
[0.363s] -- Found rmw_fastrtps_cpp: 6.2.6 (/opt/ros/humble/share/rmw_fastrtps_cpp/cmake)
[8.718s] -- Using RMW implementation 'rmw_fastrtps_cpp' as default
[8.810s] -- Found ament_lint_auto: 0.12.10 (/opt/ros/humble/share/ament_lint_auto/cmake)
[8.852s] -- Added test 'lint_cmake' to check CMake code style
[8.852s] -- Added test 'xmllint' to check XML markup files
[8.853s] -- Configuring done
[8.855s] -- Generating done
[8.856s] -- Build files have been written to: /home/ros/ROS2/tools/build/cpp_launch
[8.872s] Invoked command in '/home/ros/ROS2/tools/build/cpp_launch' returned '0': CMAKE_PREFIX_PATH=/opt/ros/humble /usr/bin/cmake --build /home/ros/ROS2/tools/build/cpp_launch -- -j20 -l20
[8.887s] Invoking command in '/home/ros/ROS2/tools/build/cpp_launch': CMAKE_PREFIX_PATH=/opt/ros/humble /usr/bin/cmake --install /home/ros/ROS2/tools/build/cpp_launch
[8.890s] -- Install configuration: ""
[8.890s] -- Installing: /home/ros/ROS2/tools/install/cpp_launch/share/cpp_launch/launch
[8.891s] -- Installing: /home/ros/ROS2/tools/install/cpp_launch/share/cpp_launch/launch/yaml
[8.891s] -- Installing: /home/ros/ROS2/tools/install/cpp_launch/share/cpp_launch/launch/xml
[8.891s] -- Installing: /home/ros/ROS2/tools/install/cpp_launch/share/cpp_launch/launch/py
[8.891s] -- Up-to-date: /home/ros/ROS2/tools/install/cpp_launch/share/ament_index/resource_index/package_run_dependencies/cpp_launch
[8.891s] -- Up-to-date: /home/ros/ROS2/tools/install/cpp_launch/share/ament_index/resource_index/parent_prefix_path/cpp_launch
[8.891s] -- Up-to-date: /home/ros/ROS2/tools/install/cpp_launch/share/cpp_launch/environment/ament_prefix_path.sh
[8.891s] -- Installing: /home/ros/ROS2/tools/install/cpp_launch/share/cpp_launch/environment/ament_prefix_path.dsv
[8.891s] -- Up-to-date: /home/ros/ROS2/tools/install/cpp_launch/share/cpp_launch/environment/path.sh
[8.891s] -- Installing: /home/ros/ROS2/tools/install/cpp_launch/share/cpp_launch/environment/path.dsv
[8.891s] -- Up-to-date: /home/ros/ROS2/tools/install/cpp_launch/share/cpp_launch/local_setup.bash
[8.892s] -- Up-to-date: /home/ros/ROS2/tools/install/cpp_launch/share/cpp_launch/local_setup.sh
[8.892s] -- Up-to-date: /home/ros/ROS2/tools/install/cpp_launch/share/cpp_launch/local_setup.zsh
[8.892s] -- Installing: /home/ros/ROS2/tools/install/cpp_launch/share/cpp_launch/local_setup.dsv
[8.892s] -- Installing: /home/ros/ROS2/tools/install/cpp_launch/share/cpp_launch/package.dsv
[8.892s] -- Up-to-date: /home/ros/ROS2/tools/install/cpp_launch/share/ament_index/resource_index/packages/cpp_launch
[8.892s] -- Up-to-date: /home/ros/ROS2/tools/install/cpp_launch/share/cpp_launch/cmake/cpp_launchConfig.cmake
[8.892s] -- Up-to-date: /home/ros/ROS2/tools/install/cpp_launch/share/cpp_launch/cmake/cpp_launchConfig-version.cmake
[8.892s] -- Up-to-date: /home/ros/ROS2/tools/install/cpp_launch/share/cpp_launch/package.xml
[8.893s] Invoked command in '/home/ros/ROS2/tools/build/cpp_launch' returned '0': CMAKE_PREFIX_PATH=/opt/ros/humble /usr/bin/cmake --install /home/ros/ROS2/tools/build/cpp_launch
