[0.019s] Invoking command in '/home/huang/ros2/ROS2/communication_mechanism/build/cpp_server': CMAKE_PREFIX_PATH=/home/huang/ros2/ROS2/communication_mechanism/install/base_interface_demo:/home/huang/ros2/ROS2/communication_mechanism/install/cpp_time:/opt/ros/humble /usr/bin/cmake --build /home/huang/ros2/ROS2/communication_mechanism/build/cpp_server -- -j20 -l20
[0.039s] [ 25%] [32mBuilding CXX object CMakeFiles/cpp_server_client.dir/src/cpp_server_client.cpp.o[0m
[0.039s] [ 50%] [32mBuilding CXX object CMakeFiles/cpp_server_server.dir/src/cpp_server_server.cpp.o[0m
[2.527s] [ 75%] [32m[1mLinking CXX executable cpp_server_client[0m
[2.552s] [100%] [32m[1mLinking CXX executable cpp_server_server[0m
[2.646s] [100%] Built target cpp_server_client
[2.676s] [100%] Built target cpp_server_server
[2.684s] Invoked command in '/home/huang/ros2/ROS2/communication_mechanism/build/cpp_server' returned '0': CMAKE_PREFIX_PATH=/home/huang/ros2/ROS2/communication_mechanism/install/base_interface_demo:/home/huang/ros2/ROS2/communication_mechanism/install/cpp_time:/opt/ros/humble /usr/bin/cmake --build /home/huang/ros2/ROS2/communication_mechanism/build/cpp_server -- -j20 -l20
[2.706s] Invoking command in '/home/huang/ros2/ROS2/communication_mechanism/build/cpp_server': CMAKE_PREFIX_PATH=/home/huang/ros2/ROS2/communication_mechanism/install/base_interface_demo:/home/huang/ros2/ROS2/communication_mechanism/install/cpp_time:/opt/ros/humble /usr/bin/cmake --install /home/huang/ros2/ROS2/communication_mechanism/build/cpp_server
[2.711s] -- Install configuration: ""
[2.711s] -- Installing: /home/huang/ros2/ROS2/communication_mechanism/install/cpp_server/lib/cpp_server/cpp_server_server
[2.712s] -- Set runtime path of "/home/huang/ros2/ROS2/communication_mechanism/install/cpp_server/lib/cpp_server/cpp_server_server" to ""
[2.712s] -- Installing: /home/huang/ros2/ROS2/communication_mechanism/install/cpp_server/lib/cpp_server/cpp_server_client
[2.712s] -- Set runtime path of "/home/huang/ros2/ROS2/communication_mechanism/install/cpp_server/lib/cpp_server/cpp_server_client" to ""
[2.712s] -- Installing: /home/huang/ros2/ROS2/communication_mechanism/install/cpp_server/share/ament_index/resource_index/package_run_dependencies/cpp_server
[2.712s] -- Installing: /home/huang/ros2/ROS2/communication_mechanism/install/cpp_server/share/ament_index/resource_index/parent_prefix_path/cpp_server
[2.713s] -- Installing: /home/huang/ros2/ROS2/communication_mechanism/install/cpp_server/share/cpp_server/environment/ament_prefix_path.sh
[2.713s] -- Installing: /home/huang/ros2/ROS2/communication_mechanism/install/cpp_server/share/cpp_server/environment/ament_prefix_path.dsv
[2.713s] -- Installing: /home/huang/ros2/ROS2/communication_mechanism/install/cpp_server/share/cpp_server/environment/path.sh
[2.713s] -- Installing: /home/huang/ros2/ROS2/communication_mechanism/install/cpp_server/share/cpp_server/environment/path.dsv
[2.713s] -- Installing: /home/huang/ros2/ROS2/communication_mechanism/install/cpp_server/share/cpp_server/local_setup.bash
[2.713s] -- Installing: /home/huang/ros2/ROS2/communication_mechanism/install/cpp_server/share/cpp_server/local_setup.sh
[2.713s] -- Installing: /home/huang/ros2/ROS2/communication_mechanism/install/cpp_server/share/cpp_server/local_setup.zsh
[2.713s] -- Installing: /home/huang/ros2/ROS2/communication_mechanism/install/cpp_server/share/cpp_server/local_setup.dsv
[2.714s] -- Installing: /home/huang/ros2/ROS2/communication_mechanism/install/cpp_server/share/cpp_server/package.dsv
[2.714s] -- Installing: /home/huang/ros2/ROS2/communication_mechanism/install/cpp_server/share/ament_index/resource_index/packages/cpp_server
[2.714s] -- Installing: /home/huang/ros2/ROS2/communication_mechanism/install/cpp_server/share/cpp_server/cmake/cpp_serverConfig.cmake
[2.714s] -- Installing: /home/huang/ros2/ROS2/communication_mechanism/install/cpp_server/share/cpp_server/cmake/cpp_serverConfig-version.cmake
[2.714s] -- Installing: /home/huang/ros2/ROS2/communication_mechanism/install/cpp_server/share/cpp_server/package.xml
[2.715s] Invoked command in '/home/huang/ros2/ROS2/communication_mechanism/build/cpp_server' returned '0': CMAKE_PREFIX_PATH=/home/huang/ros2/ROS2/communication_mechanism/install/base_interface_demo:/home/huang/ros2/ROS2/communication_mechanism/install/cpp_time:/opt/ros/humble /usr/bin/cmake --install /home/huang/ros2/ROS2/communication_mechanism/build/cpp_server
