In file included from [01m[K/opt/ros/humble/include/rclcpp/rclcpp/logging.hpp:24[m[K,
                 from [01m[K/opt/ros/humble/include/rclcpp/rclcpp/client.hpp:40[m[K,
                 from [01m[K/opt/ros/humble/include/rclcpp/rclcpp/callback_group.hpp:24[m[K,
                 from [01m[K/opt/ros/humble/include/rclcpp/rclcpp/any_executable.hpp:20[m[K,
                 from [01m[K/opt/ros/humble/include/rclcpp/rclcpp/memory_strategy.hpp:25[m[K,
                 from [01m[K/opt/ros/humble/include/rclcpp/rclcpp/memory_strategies.hpp:18[m[K,
                 from [01m[K/opt/ros/humble/include/rclcpp/rclcpp/executor_options.hpp:20[m[K,
                 from [01m[K/opt/ros/humble/include/rclcpp/rclcpp/executor.hpp:37[m[K,
                 from [01m[K/opt/ros/humble/include/rclcpp/rclcpp/executors/multi_threaded_executor.hpp:25[m[K,
                 from [01m[K/opt/ros/humble/include/rclcpp/rclcpp/executors.hpp:21[m[K,
                 from [01m[K/opt/ros/humble/include/rclcpp/rclcpp/rclcpp.hpp:155[m[K,
                 from [01m[K/home/ros/ROS2/communication_mechanism/src/cpp_param/src/demo_param_client.cpp:1[m[K:
[01m[K/home/ros/ROS2/communication_mechanism/src/cpp_param/src/demo_param_client.cpp:[m[K In member function ‘[01m[Kvoid Param_Client::get_param()[m[K’:
[01m[K/home/ros/ROS2/communication_mechanism/src/cpp_param/src/demo_param_client.cpp:45:41:[m[K [01;35m[Kwarning: [m[Kformat ‘[01m[K%s[m[K’ expects argument of type ‘[01m[Kchar*[m[K’, but argument 6 has type ‘[01m[Kstd::string[m[K’ {aka ‘[01m[Kstd::__cxx11::basic_string<char>[m[K’} [[01;35m[K]8;;https://gcc.gnu.org/onlinedocs/gcc/Warning-Options.html#index-Wformat=-Wformat=]8;;[m[K]
   45 |         RCLCPP_INFO(this->get_logger(), [01;35m[K"key:%s ,value:%s"[m[K,car_name_value.get_name().c_str(),[32m[Kcar_name_value.value_to_string()[m[K);
      |                                         [01;35m[K^~~~~~~~~~~~~~~~~~[m[K                                   [32m[K~~~~~~~~~~~~~~~~~~~~~~~~~~~~~~~~[m[K
      |                                                                                                                            [32m[K|[m[K
      |                                                                                                                            [32m[Kstd::string {aka std::__cxx11::basic_string<char>}[m[K
[01m[K/home/ros/ROS2/communication_mechanism/src/cpp_param/src/demo_param_client.cpp:45:57:[m[K [01;36m[Knote: [m[Kformat string is defined here
   45 |         RCLCPP_INFO(this->get_logger(), "key:%s ,value:[01;36m[K%s[m[K",car_name_value.get_name().c_str(),car_name_value.value_to_string());
      |                                                        [01;36m[K~^[m[K
      |                                                         [01;36m[K|[m[K
      |                                                         [01;36m[Kchar*[m[K
