[0.008s] Invoking command in '/home/ros/ROS2/communication_mechanism/build/cpp_param': CMAKE_PREFIX_PATH=${CMAKE_PREFIX_PATH}:/opt/ros/humble /usr/bin/cmake --build /home/ros/ROS2/communication_mechanism/build/cpp_param -- -j20 -l20
[0.029s] [35m[1mConsolidate compiler generated dependencies of target demo_param_client[0m
[0.036s] [ 50%] Built target demo_param_server
[0.036s] [ 66%] Built target demo_param
[0.038s] [ 83%] [32mBuilding CXX object CMakeFiles/demo_param_client.dir/src/demo_param_client.cpp.o[0m
[1.385s] In file included from [01m[K/opt/ros/humble/include/rclcpp/rclcpp/logging.hpp:24[m[K,
[1.385s]                  from [01m[K/opt/ros/humble/include/rclcpp/rclcpp/client.hpp:40[m[K,
[1.385s]                  from [01m[K/opt/ros/humble/include/rclcpp/rclcpp/callback_group.hpp:24[m[K,
[1.385s]                  from [01m[K/opt/ros/humble/include/rclcpp/rclcpp/any_executable.hpp:20[m[K,
[1.385s]                  from [01m[K/opt/ros/humble/include/rclcpp/rclcpp/memory_strategy.hpp:25[m[K,
[1.385s]                  from [01m[K/opt/ros/humble/include/rclcpp/rclcpp/memory_strategies.hpp:18[m[K,
[1.385s]                  from [01m[K/opt/ros/humble/include/rclcpp/rclcpp/executor_options.hpp:20[m[K,
[1.385s]                  from [01m[K/opt/ros/humble/include/rclcpp/rclcpp/executor.hpp:37[m[K,
[1.385s]                  from [01m[K/opt/ros/humble/include/rclcpp/rclcpp/executors/multi_threaded_executor.hpp:25[m[K,
[1.385s]                  from [01m[K/opt/ros/humble/include/rclcpp/rclcpp/executors.hpp:21[m[K,
[1.385s]                  from [01m[K/opt/ros/humble/include/rclcpp/rclcpp/rclcpp.hpp:155[m[K,
[1.385s]                  from [01m[K/home/ros/ROS2/communication_mechanism/src/cpp_param/src/demo_param_client.cpp:1[m[K:
[1.385s] [01m[K/home/ros/ROS2/communication_mechanism/src/cpp_param/src/demo_param_client.cpp:[m[K In member function ‘[01m[Kvoid Param_Client::get_param()[m[K’:
[1.385s] [01m[K/home/ros/ROS2/communication_mechanism/src/cpp_param/src/demo_param_client.cpp:45:41:[m[K [01;35m[Kwarning: [m[Kformat ‘[01m[K%s[m[K’ expects argument of type ‘[01m[Kchar*[m[K’, but argument 6 has type ‘[01m[Kstd::string[m[K’ {aka ‘[01m[Kstd::__cxx11::basic_string<char>[m[K’} [[01;35m[K]8;;https://gcc.gnu.org/onlinedocs/gcc/Warning-Options.html#index-Wformat=-Wformat=]8;;[m[K]
[1.385s]    45 |         RCLCPP_INFO(this->get_logger(), [01;35m[K"key:%s ,value:%s"[m[K,car_name_value.get_name().c_str(),[32m[Kcar_name_value.value_to_string()[m[K);
[1.385s]       |                                         [01;35m[K^~~~~~~~~~~~~~~~~~[m[K                                   [32m[K~~~~~~~~~~~~~~~~~~~~~~~~~~~~~~~~[m[K
[1.385s]       |                                                                                                                            [32m[K|[m[K
[1.385s]       |                                                                                                                            [32m[Kstd::string {aka std::__cxx11::basic_string<char>}[m[K
[1.386s] [01m[K/home/ros/ROS2/communication_mechanism/src/cpp_param/src/demo_param_client.cpp:45:57:[m[K [01;36m[Knote: [m[Kformat string is defined here
[1.386s]    45 |         RCLCPP_INFO(this->get_logger(), "key:%s ,value:[01;36m[K%s[m[K",car_name_value.get_name().c_str(),car_name_value.value_to_string());
[1.386s]       |                                                        [01;36m[K~^[m[K
[1.386s]       |                                                         [01;36m[K|[m[K
[1.386s]       |                                                         [01;36m[Kchar*[m[K
[1.852s] [100%] [32m[1mLinking CXX executable demo_param_client[0m
[2.064s] [100%] Built target demo_param_client
[2.071s] Invoked command in '/home/ros/ROS2/communication_mechanism/build/cpp_param' returned '0': CMAKE_PREFIX_PATH=${CMAKE_PREFIX_PATH}:/opt/ros/humble /usr/bin/cmake --build /home/ros/ROS2/communication_mechanism/build/cpp_param -- -j20 -l20
[2.090s] Invoking command in '/home/ros/ROS2/communication_mechanism/build/cpp_param': CMAKE_PREFIX_PATH=${CMAKE_PREFIX_PATH}:/opt/ros/humble /usr/bin/cmake --install /home/ros/ROS2/communication_mechanism/build/cpp_param
[2.094s] -- Install configuration: ""
[2.094s] -- Up-to-date: /home/ros/ROS2/communication_mechanism/install/cpp_param/lib/cpp_param/demo_param
[2.094s] -- Up-to-date: /home/ros/ROS2/communication_mechanism/install/cpp_param/lib/cpp_param/demo_param_server
[2.094s] -- Installing: /home/ros/ROS2/communication_mechanism/install/cpp_param/lib/cpp_param/demo_param_client
[2.095s] -- Set runtime path of "/home/ros/ROS2/communication_mechanism/install/cpp_param/lib/cpp_param/demo_param_client" to ""
[2.095s] -- Up-to-date: /home/ros/ROS2/communication_mechanism/install/cpp_param/share/ament_index/resource_index/package_run_dependencies/cpp_param
[2.095s] -- Up-to-date: /home/ros/ROS2/communication_mechanism/install/cpp_param/share/ament_index/resource_index/parent_prefix_path/cpp_param
[2.095s] -- Up-to-date: /home/ros/ROS2/communication_mechanism/install/cpp_param/share/cpp_param/environment/ament_prefix_path.sh
[2.095s] -- Up-to-date: /home/ros/ROS2/communication_mechanism/install/cpp_param/share/cpp_param/environment/ament_prefix_path.dsv
[2.095s] -- Up-to-date: /home/ros/ROS2/communication_mechanism/install/cpp_param/share/cpp_param/environment/path.sh
[2.095s] -- Up-to-date: /home/ros/ROS2/communication_mechanism/install/cpp_param/share/cpp_param/environment/path.dsv
[2.095s] -- Up-to-date: /home/ros/ROS2/communication_mechanism/install/cpp_param/share/cpp_param/local_setup.bash
[2.095s] -- Up-to-date: /home/ros/ROS2/communication_mechanism/install/cpp_param/share/cpp_param/local_setup.sh
[2.095s] -- Up-to-date: /home/ros/ROS2/communication_mechanism/install/cpp_param/share/cpp_param/local_setup.zsh
[2.096s] -- Up-to-date: /home/ros/ROS2/communication_mechanism/install/cpp_param/share/cpp_param/local_setup.dsv
[2.096s] -- Installing: /home/ros/ROS2/communication_mechanism/install/cpp_param/share/cpp_param/package.dsv
[2.096s] -- Up-to-date: /home/ros/ROS2/communication_mechanism/install/cpp_param/share/ament_index/resource_index/packages/cpp_param
[2.096s] -- Up-to-date: /home/ros/ROS2/communication_mechanism/install/cpp_param/share/cpp_param/cmake/cpp_paramConfig.cmake
[2.096s] -- Up-to-date: /home/ros/ROS2/communication_mechanism/install/cpp_param/share/cpp_param/cmake/cpp_paramConfig-version.cmake
[2.096s] -- Up-to-date: /home/ros/ROS2/communication_mechanism/install/cpp_param/share/cpp_param/package.xml
[2.097s] Invoked command in '/home/ros/ROS2/communication_mechanism/build/cpp_param' returned '0': CMAKE_PREFIX_PATH=${CMAKE_PREFIX_PATH}:/opt/ros/humble /usr/bin/cmake --install /home/ros/ROS2/communication_mechanism/build/cpp_param
