[0.025s] Invoking command in '/home/huang/ros2/ROS2/communication_mechanism/build/cpp_action': CMAKE_PREFIX_PATH=/home/huang/ros2/ROS2/communication_mechanism/install/base_interface_demo:/home/huang/ros2/ROS2/geometry_tutorials/install/turtle_tf2_cpp:/home/huang/ros2/ROS2/geometry_tutorials/install/geometry_tutorials:/home/huang/ros2/ROS2/tools/install/cpp_rosbag:/home/huang/ros2/ROS2/tools/install/cpp_launch:/home/huang/ros2/ROS2/communication_mechanism/install/cpp_topic:/home/huang/ros2/ROS2/communication_mechanism/install/cpp_time:/home/huang/ros2/ROS2/communication_mechanism/install/cpp_server:/home/huang/ros2/ROS2/communication_mechanism/install/cpp_param:/home/huang/ros2/ROS2/communication_mechanism/install/cpp_action:/home/huang/ros2/ROS2/geometry_tutorials/install/turtle_tf2_py:/opt/ros/humble /usr/bin/cmake --build /home/huang/ros2/ROS2/communication_mechanism/build/cpp_action -- -j20 -l20
[0.043s] [35m[1mConsolidate compiler generated dependencies of target cpp_action_client[0m
[0.043s] [35m[1mConsolidate compiler generated dependencies of target cpp_action_server[0m
[0.043s] [35m[1mConsolidate compiler generated dependencies of target minimal_action_client[0m
[0.053s] [ 50%] Built target minimal_action_client
[0.053s] [ 66%] Built target cpp_action_client
[0.054s] [100%] Built target cpp_action_server
[0.060s] Invoked command in '/home/huang/ros2/ROS2/communication_mechanism/build/cpp_action' returned '0': CMAKE_PREFIX_PATH=/home/huang/ros2/ROS2/communication_mechanism/install/base_interface_demo:/home/huang/ros2/ROS2/geometry_tutorials/install/turtle_tf2_cpp:/home/huang/ros2/ROS2/geometry_tutorials/install/geometry_tutorials:/home/huang/ros2/ROS2/tools/install/cpp_rosbag:/home/huang/ros2/ROS2/tools/install/cpp_launch:/home/huang/ros2/ROS2/communication_mechanism/install/cpp_topic:/home/huang/ros2/ROS2/communication_mechanism/install/cpp_time:/home/huang/ros2/ROS2/communication_mechanism/install/cpp_server:/home/huang/ros2/ROS2/communication_mechanism/install/cpp_param:/home/huang/ros2/ROS2/communication_mechanism/install/cpp_action:/home/huang/ros2/ROS2/geometry_tutorials/install/turtle_tf2_py:/opt/ros/humble /usr/bin/cmake --build /home/huang/ros2/ROS2/communication_mechanism/build/cpp_action -- -j20 -l20
[0.075s] Invoking command in '/home/huang/ros2/ROS2/communication_mechanism/build/cpp_action': CMAKE_PREFIX_PATH=/home/huang/ros2/ROS2/communication_mechanism/install/base_interface_demo:/home/huang/ros2/ROS2/geometry_tutorials/install/turtle_tf2_cpp:/home/huang/ros2/ROS2/geometry_tutorials/install/geometry_tutorials:/home/huang/ros2/ROS2/tools/install/cpp_rosbag:/home/huang/ros2/ROS2/tools/install/cpp_launch:/home/huang/ros2/ROS2/communication_mechanism/install/cpp_topic:/home/huang/ros2/ROS2/communication_mechanism/install/cpp_time:/home/huang/ros2/ROS2/communication_mechanism/install/cpp_server:/home/huang/ros2/ROS2/communication_mechanism/install/cpp_param:/home/huang/ros2/ROS2/communication_mechanism/install/cpp_action:/home/huang/ros2/ROS2/geometry_tutorials/install/turtle_tf2_py:/opt/ros/humble /usr/bin/cmake --install /home/huang/ros2/ROS2/communication_mechanism/build/cpp_action
[0.078s] -- Install configuration: ""
[0.078s] -- Up-to-date: /home/huang/ros2/ROS2/communication_mechanism/install/cpp_action/lib/cpp_action/cpp_action_server
[0.079s] -- Up-to-date: /home/huang/ros2/ROS2/communication_mechanism/install/cpp_action/lib/cpp_action/cpp_action_client
[0.080s] -- Up-to-date: /home/huang/ros2/ROS2/communication_mechanism/install/cpp_action/lib/cpp_action/minimal_action_client
[0.080s] -- Up-to-date: /home/huang/ros2/ROS2/communication_mechanism/install/cpp_action/share/ament_index/resource_index/package_run_dependencies/cpp_action
[0.080s] -- Up-to-date: /home/huang/ros2/ROS2/communication_mechanism/install/cpp_action/share/ament_index/resource_index/parent_prefix_path/cpp_action
[0.080s] -- Up-to-date: /home/huang/ros2/ROS2/communication_mechanism/install/cpp_action/share/cpp_action/environment/ament_prefix_path.sh
[0.081s] -- Up-to-date: /home/huang/ros2/ROS2/communication_mechanism/install/cpp_action/share/cpp_action/environment/ament_prefix_path.dsv
[0.081s] -- Up-to-date: /home/huang/ros2/ROS2/communication_mechanism/install/cpp_action/share/cpp_action/environment/path.sh
[0.081s] -- Up-to-date: /home/huang/ros2/ROS2/communication_mechanism/install/cpp_action/share/cpp_action/environment/path.dsv
[0.081s] -- Up-to-date: /home/huang/ros2/ROS2/communication_mechanism/install/cpp_action/share/cpp_action/local_setup.bash
[0.081s] -- Up-to-date: /home/huang/ros2/ROS2/communication_mechanism/install/cpp_action/share/cpp_action/local_setup.sh
[0.081s] -- Up-to-date: /home/huang/ros2/ROS2/communication_mechanism/install/cpp_action/share/cpp_action/local_setup.zsh
[0.081s] -- Up-to-date: /home/huang/ros2/ROS2/communication_mechanism/install/cpp_action/share/cpp_action/local_setup.dsv
[0.081s] -- Installing: /home/huang/ros2/ROS2/communication_mechanism/install/cpp_action/share/cpp_action/package.dsv
[0.082s] -- Up-to-date: /home/huang/ros2/ROS2/communication_mechanism/install/cpp_action/share/ament_index/resource_index/packages/cpp_action
[0.082s] -- Up-to-date: /home/huang/ros2/ROS2/communication_mechanism/install/cpp_action/share/cpp_action/cmake/cpp_actionConfig.cmake
[0.082s] -- Up-to-date: /home/huang/ros2/ROS2/communication_mechanism/install/cpp_action/share/cpp_action/cmake/cpp_actionConfig-version.cmake
[0.082s] -- Up-to-date: /home/huang/ros2/ROS2/communication_mechanism/install/cpp_action/share/cpp_action/package.xml
[0.085s] Invoked command in '/home/huang/ros2/ROS2/communication_mechanism/build/cpp_action' returned '0': CMAKE_PREFIX_PATH=/home/huang/ros2/ROS2/communication_mechanism/install/base_interface_demo:/home/huang/ros2/ROS2/geometry_tutorials/install/turtle_tf2_cpp:/home/huang/ros2/ROS2/geometry_tutorials/install/geometry_tutorials:/home/huang/ros2/ROS2/tools/install/cpp_rosbag:/home/huang/ros2/ROS2/tools/install/cpp_launch:/home/huang/ros2/ROS2/communication_mechanism/install/cpp_topic:/home/huang/ros2/ROS2/communication_mechanism/install/cpp_time:/home/huang/ros2/ROS2/communication_mechanism/install/cpp_server:/home/huang/ros2/ROS2/communication_mechanism/install/cpp_param:/home/huang/ros2/ROS2/communication_mechanism/install/cpp_action:/home/huang/ros2/ROS2/geometry_tutorials/install/turtle_tf2_py:/opt/ros/humble /usr/bin/cmake --install /home/huang/ros2/ROS2/communication_mechanism/build/cpp_action
