-- Found ament_cmake: 1.3.10 (/opt/ros/humble/share/ament_cmake/cmake)
-- Found rclcpp: 16.0.10 (/opt/ros/humble/share/rclcpp/cmake)
-- Found rosidl_generator_c: 3.1.5 (/opt/ros/humble/share/rosidl_generator_c/cmake)
-- Found rosidl_adapter: 3.1.5 (/opt/ros/humble/share/rosidl_adapter/cmake)
-- Found rosidl_generator_cpp: 3.1.5 (/opt/ros/humble/share/rosidl_generator_cpp/cmake)
-- Using all available rosidl_typesupport_c: rosidl_typesupport_fastrtps_c;rosidl_typesupport_introspection_c
-- Using all available rosidl_typesupport_cpp: rosidl_typesupport_fastrtps_cpp;rosidl_typesupport_introspection_cpp
-- Found rmw_implementation_cmake: 6.1.2 (/opt/ros/humble/share/rmw_implementation_cmake/cmake)
-- Found rmw_fastrtps_cpp: 6.2.7 (/opt/ros/humble/share/rmw_fastrtps_cpp/cmake)
-- Using RMW implementation 'rmw_fastrtps_cpp' as default
-- Found tf2: 0.25.8 (/opt/ros/humble/share/tf2/cmake)
-- Found tf2_ros: 0.25.8 (/opt/ros/humble/share/tf2_ros/cmake)
-- Found turtlesim: 1.4.2 (/opt/ros/humble/share/turtlesim/cmake)
-- Found ament_lint_auto: 0.12.11 (/opt/ros/humble/share/ament_lint_auto/cmake)
-- Added test 'cppcheck' to perform static code analysis on C / C++ code
-- Configured cppcheck include dirs: $<BUILD_INTERFACE:/home/huang/ros2/ROS2/coordinate_transformations/src/cpp_tf_broadcaster/include>
-- Configured cppcheck exclude dirs and/or files: 
-- Added test 'lint_cmake' to check CMake code style
-- Added test 'uncrustify' to check C / C++ code style
-- Configured uncrustify additional arguments: 
-- Added test 'xmllint' to check XML markup files
-- Configuring done
-- Generating done
-- Build files have been written to: /home/huang/ros2/ROS2/coordinate_transformations/build/cpp_tf_broadcaster
[35m[1mConsolidate compiler generated dependencies of target demo[0m
[35m[1mConsolidate compiler generated dependencies of target cpp_static_tf_broadcaster[0m
[ 16%] [32mBuilding CXX object CMakeFiles/cpp_dynamic_tf_broadcaster.dir/src/cpp_dynamic_tf_broadcaster.cpp.o[0m
[ 50%] Built target demo
[ 83%] Built target cpp_static_tf_broadcaster
[100%] [32m[1mLinking CXX executable cpp_dynamic_tf_broadcaster[0m
[100%] Built target cpp_dynamic_tf_broadcaster
-- Install configuration: ""
-- Up-to-date: /home/huang/ros2/ROS2/coordinate_transformations/install/cpp_tf_broadcaster/lib/cpp_tf_broadcaster/demo
-- Up-to-date: /home/huang/ros2/ROS2/coordinate_transformations/install/cpp_tf_broadcaster/lib/cpp_tf_broadcaster/cpp_static_tf_broadcaster
-- Installing: /home/huang/ros2/ROS2/coordinate_transformations/install/cpp_tf_broadcaster/lib/cpp_tf_broadcaster/cpp_dynamic_tf_broadcaster
-- Set runtime path of "/home/huang/ros2/ROS2/coordinate_transformations/install/cpp_tf_broadcaster/lib/cpp_tf_broadcaster/cpp_dynamic_tf_broadcaster" to ""
-- Up-to-date: /home/huang/ros2/ROS2/coordinate_transformations/install/cpp_tf_broadcaster/share/ament_index/resource_index/package_run_dependencies/cpp_tf_broadcaster
-- Up-to-date: /home/huang/ros2/ROS2/coordinate_transformations/install/cpp_tf_broadcaster/share/ament_index/resource_index/parent_prefix_path/cpp_tf_broadcaster
-- Up-to-date: /home/huang/ros2/ROS2/coordinate_transformations/install/cpp_tf_broadcaster/share/cpp_tf_broadcaster/environment/ament_prefix_path.sh
-- Installing: /home/huang/ros2/ROS2/coordinate_transformations/install/cpp_tf_broadcaster/share/cpp_tf_broadcaster/environment/ament_prefix_path.dsv
-- Up-to-date: /home/huang/ros2/ROS2/coordinate_transformations/install/cpp_tf_broadcaster/share/cpp_tf_broadcaster/environment/path.sh
-- Installing: /home/huang/ros2/ROS2/coordinate_transformations/install/cpp_tf_broadcaster/share/cpp_tf_broadcaster/environment/path.dsv
-- Up-to-date: /home/huang/ros2/ROS2/coordinate_transformations/install/cpp_tf_broadcaster/share/cpp_tf_broadcaster/local_setup.bash
-- Up-to-date: /home/huang/ros2/ROS2/coordinate_transformations/install/cpp_tf_broadcaster/share/cpp_tf_broadcaster/local_setup.sh
-- Up-to-date: /home/huang/ros2/ROS2/coordinate_transformations/install/cpp_tf_broadcaster/share/cpp_tf_broadcaster/local_setup.zsh
-- Installing: /home/huang/ros2/ROS2/coordinate_transformations/install/cpp_tf_broadcaster/share/cpp_tf_broadcaster/local_setup.dsv
-- Installing: /home/huang/ros2/ROS2/coordinate_transformations/install/cpp_tf_broadcaster/share/cpp_tf_broadcaster/package.dsv
-- Up-to-date: /home/huang/ros2/ROS2/coordinate_transformations/install/cpp_tf_broadcaster/share/ament_index/resource_index/packages/cpp_tf_broadcaster
-- Up-to-date: /home/huang/ros2/ROS2/coordinate_transformations/install/cpp_tf_broadcaster/share/cpp_tf_broadcaster/cmake/cpp_tf_broadcasterConfig.cmake
-- Up-to-date: /home/huang/ros2/ROS2/coordinate_transformations/install/cpp_tf_broadcaster/share/cpp_tf_broadcaster/cmake/cpp_tf_broadcasterConfig-version.cmake
-- Up-to-date: /home/huang/ros2/ROS2/coordinate_transformations/install/cpp_tf_broadcaster/share/cpp_tf_broadcaster/package.xml
