[0.008s] Invoking command in '/home/ros/ROS2/communication_mechanism/build/cpp_time': CMAKE_PREFIX_PATH=${CMAKE_PREFIX_PATH}:/opt/ros/humble /usr/bin/cmake --build /home/ros/ROS2/communication_mechanism/build/cpp_time -- -j20 -l20
[0.027s] -- Found ament_cmake: 1.3.8 (/opt/ros/humble/share/ament_cmake/cmake)
[0.109s] -- Found rclcpp: 16.0.8 (/opt/ros/humble/share/rclcpp/cmake)
[0.331s] -- Found rosidl_generator_c: 3.1.5 (/opt/ros/humble/share/rosidl_generator_c/cmake)
[0.332s] -- Found rosidl_adapter: 3.1.5 (/opt/ros/humble/share/rosidl_adapter/cmake)
[0.337s] -- Found rosidl_generator_cpp: 3.1.5 (/opt/ros/humble/share/rosidl_generator_cpp/cmake)
[0.345s] -- Using all available rosidl_typesupport_c: rosidl_typesupport_fastrtps_c;rosidl_typesupport_introspection_c
[0.356s] -- Using all available rosidl_typesupport_cpp: rosidl_typesupport_fastrtps_cpp;rosidl_typesupport_introspection_cpp
[0.398s] -- Found rmw_implementation_cmake: 6.1.1 (/opt/ros/humble/share/rmw_implementation_cmake/cmake)
[0.399s] -- Found rmw_fastrtps_cpp: 6.2.6 (/opt/ros/humble/share/rmw_fastrtps_cpp/cmake)
[8.610s] -- Using RMW implementation 'rmw_fastrtps_cpp' as default
[8.705s] -- Found ament_lint_auto: 0.12.10 (/opt/ros/humble/share/ament_lint_auto/cmake)
[8.748s] -- Added test 'cppcheck' to perform static code analysis on C / C++ code
[8.748s] -- Configured cppcheck include dirs: $<BUILD_INTERFACE:/home/ros/ROS2/communication_mechanism/src/cpp_time/include>
[8.748s] -- Configured cppcheck exclude dirs and/or files: 
[8.748s] -- Added test 'lint_cmake' to check CMake code style
[8.749s] -- Added test 'uncrustify' to check C / C++ code style
[8.749s] -- Configured uncrustify additional arguments: 
[8.749s] -- Added test 'xmllint' to check XML markup files
[8.750s] -- Configuring done
[8.765s] -- Generating done
[8.766s] -- Build files have been written to: /home/ros/ROS2/communication_mechanism/build/cpp_time
[8.783s] [35m[1mConsolidate compiler generated dependencies of target demo_time_rate[0m
[8.783s] [35m[1mConsolidate compiler generated dependencies of target demo_time_time[0m
[8.783s] [35m[1mConsolidate compiler generated dependencies of target demo_time_duration[0m
[8.791s] [ 12%] [32mBuilding CXX object CMakeFiles/demo_time_operation.dir/src/demo_time_operation.cpp.o[0m
[8.792s] [ 37%] Built target demo_time_rate
[8.792s] [ 62%] Built target demo_time_time
[8.794s] [ 87%] Built target demo_time_duration
[10.623s] [100%] [32m[1mLinking CXX executable demo_time_operation[0m
[10.830s] [100%] Built target demo_time_operation
[10.836s] Invoked command in '/home/ros/ROS2/communication_mechanism/build/cpp_time' returned '0': CMAKE_PREFIX_PATH=${CMAKE_PREFIX_PATH}:/opt/ros/humble /usr/bin/cmake --build /home/ros/ROS2/communication_mechanism/build/cpp_time -- -j20 -l20
[10.859s] Invoking command in '/home/ros/ROS2/communication_mechanism/build/cpp_time': CMAKE_PREFIX_PATH=${CMAKE_PREFIX_PATH}:/opt/ros/humble /usr/bin/cmake --install /home/ros/ROS2/communication_mechanism/build/cpp_time
[10.863s] -- Install configuration: ""
[10.863s] -- Up-to-date: /home/ros/ROS2/communication_mechanism/install/cpp_time/lib/cpp_time/demo_time_rate
[10.863s] -- Up-to-date: /home/ros/ROS2/communication_mechanism/install/cpp_time/lib/cpp_time/demo_time_time
[10.863s] -- Up-to-date: /home/ros/ROS2/communication_mechanism/install/cpp_time/lib/cpp_time/demo_time_duration
[10.863s] -- Installing: /home/ros/ROS2/communication_mechanism/install/cpp_time/lib/cpp_time/demo_time_operation
[10.863s] -- Set runtime path of "/home/ros/ROS2/communication_mechanism/install/cpp_time/lib/cpp_time/demo_time_operation" to ""
[10.863s] -- Up-to-date: /home/ros/ROS2/communication_mechanism/install/cpp_time/share/ament_index/resource_index/package_run_dependencies/cpp_time
[10.863s] -- Installing: /home/ros/ROS2/communication_mechanism/install/cpp_time/share/ament_index/resource_index/parent_prefix_path/cpp_time
[10.864s] -- Up-to-date: /home/ros/ROS2/communication_mechanism/install/cpp_time/share/cpp_time/environment/ament_prefix_path.sh
[10.864s] -- Installing: /home/ros/ROS2/communication_mechanism/install/cpp_time/share/cpp_time/environment/ament_prefix_path.dsv
[10.864s] -- Up-to-date: /home/ros/ROS2/communication_mechanism/install/cpp_time/share/cpp_time/environment/path.sh
[10.864s] -- Installing: /home/ros/ROS2/communication_mechanism/install/cpp_time/share/cpp_time/environment/path.dsv
[10.864s] -- Up-to-date: /home/ros/ROS2/communication_mechanism/install/cpp_time/share/cpp_time/local_setup.bash
[10.864s] -- Up-to-date: /home/ros/ROS2/communication_mechanism/install/cpp_time/share/cpp_time/local_setup.sh
[10.864s] -- Up-to-date: /home/ros/ROS2/communication_mechanism/install/cpp_time/share/cpp_time/local_setup.zsh
[10.864s] -- Installing: /home/ros/ROS2/communication_mechanism/install/cpp_time/share/cpp_time/local_setup.dsv
[10.864s] -- Installing: /home/ros/ROS2/communication_mechanism/install/cpp_time/share/cpp_time/package.dsv
[10.864s] -- Up-to-date: /home/ros/ROS2/communication_mechanism/install/cpp_time/share/ament_index/resource_index/packages/cpp_time
[10.864s] -- Up-to-date: /home/ros/ROS2/communication_mechanism/install/cpp_time/share/cpp_time/cmake/cpp_timeConfig.cmake
[10.865s] -- Up-to-date: /home/ros/ROS2/communication_mechanism/install/cpp_time/share/cpp_time/cmake/cpp_timeConfig-version.cmake
[10.865s] -- Up-to-date: /home/ros/ROS2/communication_mechanism/install/cpp_time/share/cpp_time/package.xml
[10.865s] Invoked command in '/home/ros/ROS2/communication_mechanism/build/cpp_time' returned '0': CMAKE_PREFIX_PATH=${CMAKE_PREFIX_PATH}:/opt/ros/humble /usr/bin/cmake --install /home/ros/ROS2/communication_mechanism/build/cpp_time
