[0.006s] Invoking command in '/home/ros/ROS2/communication_mechanism/build/cpp_param': CMAKE_PREFIX_PATH=${CMAKE_PREFIX_PATH}:/opt/ros/humble /usr/bin/cmake --build /home/ros/ROS2/communication_mechanism/build/cpp_param -- -j20 -l20
[0.028s] [35m[1mConsolidate compiler generated dependencies of target demo_param_server[0m
[0.035s] [ 33%] Built target demo_param
[0.035s] [ 66%] Built target demo_param_client
[0.037s] [ 83%] [32mBuilding CXX object CMakeFiles/demo_param_server.dir/src/demo_param_server.cpp.o[0m
[1.739s] [100%] [32m[1mLinking CXX executable demo_param_server[0m
[1.943s] [100%] Built target demo_param_server
[1.949s] Invoked command in '/home/ros/ROS2/communication_mechanism/build/cpp_param' returned '0': CMAKE_PREFIX_PATH=${CMAKE_PREFIX_PATH}:/opt/ros/humble /usr/bin/cmake --build /home/ros/ROS2/communication_mechanism/build/cpp_param -- -j20 -l20
[1.971s] Invoking command in '/home/ros/ROS2/communication_mechanism/build/cpp_param': CMAKE_PREFIX_PATH=${CMAKE_PREFIX_PATH}:/opt/ros/humble /usr/bin/cmake --install /home/ros/ROS2/communication_mechanism/build/cpp_param
[1.975s] -- Install configuration: ""
[1.975s] -- Up-to-date: /home/ros/ROS2/communication_mechanism/install/cpp_param/lib/cpp_param/demo_param
[1.975s] -- Installing: /home/ros/ROS2/communication_mechanism/install/cpp_param/lib/cpp_param/demo_param_server
[1.975s] -- Set runtime path of "/home/ros/ROS2/communication_mechanism/install/cpp_param/lib/cpp_param/demo_param_server" to ""
[1.975s] -- Up-to-date: /home/ros/ROS2/communication_mechanism/install/cpp_param/lib/cpp_param/demo_param_client
[1.976s] -- Up-to-date: /home/ros/ROS2/communication_mechanism/install/cpp_param/share/ament_index/resource_index/package_run_dependencies/cpp_param
[1.976s] -- Up-to-date: /home/ros/ROS2/communication_mechanism/install/cpp_param/share/ament_index/resource_index/parent_prefix_path/cpp_param
[1.976s] -- Up-to-date: /home/ros/ROS2/communication_mechanism/install/cpp_param/share/cpp_param/environment/ament_prefix_path.sh
[1.976s] -- Up-to-date: /home/ros/ROS2/communication_mechanism/install/cpp_param/share/cpp_param/environment/ament_prefix_path.dsv
[1.976s] -- Up-to-date: /home/ros/ROS2/communication_mechanism/install/cpp_param/share/cpp_param/environment/path.sh
[1.976s] -- Up-to-date: /home/ros/ROS2/communication_mechanism/install/cpp_param/share/cpp_param/environment/path.dsv
[1.976s] -- Up-to-date: /home/ros/ROS2/communication_mechanism/install/cpp_param/share/cpp_param/local_setup.bash
[1.976s] -- Up-to-date: /home/ros/ROS2/communication_mechanism/install/cpp_param/share/cpp_param/local_setup.sh
[1.976s] -- Up-to-date: /home/ros/ROS2/communication_mechanism/install/cpp_param/share/cpp_param/local_setup.zsh
[1.976s] -- Up-to-date: /home/ros/ROS2/communication_mechanism/install/cpp_param/share/cpp_param/local_setup.dsv
[1.976s] -- Installing: /home/ros/ROS2/communication_mechanism/install/cpp_param/share/cpp_param/package.dsv
[1.976s] -- Up-to-date: /home/ros/ROS2/communication_mechanism/install/cpp_param/share/ament_index/resource_index/packages/cpp_param
[1.976s] -- Up-to-date: /home/ros/ROS2/communication_mechanism/install/cpp_param/share/cpp_param/cmake/cpp_paramConfig.cmake
[1.976s] -- Up-to-date: /home/ros/ROS2/communication_mechanism/install/cpp_param/share/cpp_param/cmake/cpp_paramConfig-version.cmake
[1.976s] -- Up-to-date: /home/ros/ROS2/communication_mechanism/install/cpp_param/share/cpp_param/package.xml
[1.978s] Invoked command in '/home/ros/ROS2/communication_mechanism/build/cpp_param' returned '0': CMAKE_PREFIX_PATH=${CMAKE_PREFIX_PATH}:/opt/ros/humble /usr/bin/cmake --install /home/ros/ROS2/communication_mechanism/build/cpp_param
