[35m[1mConsolidate compiler generated dependencies of target bag_writer[0m
[ 33%] Built target demo
[ 66%] Built target bag_reader
[ 83%] [32mBuilding CXX object CMakeFiles/bag_writer.dir/src/bag_writer.cpp.o[0m
[100%] [32m[1mLinking CXX executable bag_writer[0m
[100%] Built target bag_writer
-- Install configuration: ""
-- Up-to-date: /home/ros/ROS2/tools/install/cpp_rosbag/lib/cpp_rosbag/demo
-- Installing: /home/ros/ROS2/tools/install/cpp_rosbag/lib/cpp_rosbag/bag_writer
-- Set runtime path of "/home/ros/ROS2/tools/install/cpp_rosbag/lib/cpp_rosbag/bag_writer" to ""
-- Up-to-date: /home/ros/ROS2/tools/install/cpp_rosbag/lib/cpp_rosbag/bag_reader
-- Up-to-date: /home/ros/ROS2/tools/install/cpp_rosbag/share/ament_index/resource_index/package_run_dependencies/cpp_rosbag
-- Up-to-date: /home/ros/ROS2/tools/install/cpp_rosbag/share/ament_index/resource_index/parent_prefix_path/cpp_rosbag
-- Up-to-date: /home/ros/ROS2/tools/install/cpp_rosbag/share/cpp_rosbag/environment/ament_prefix_path.sh
-- Up-to-date: /home/ros/ROS2/tools/install/cpp_rosbag/share/cpp_rosbag/environment/ament_prefix_path.dsv
-- Up-to-date: /home/ros/ROS2/tools/install/cpp_rosbag/share/cpp_rosbag/environment/path.sh
-- Up-to-date: /home/ros/ROS2/tools/install/cpp_rosbag/share/cpp_rosbag/environment/path.dsv
-- Up-to-date: /home/ros/ROS2/tools/install/cpp_rosbag/share/cpp_rosbag/local_setup.bash
-- Up-to-date: /home/ros/ROS2/tools/install/cpp_rosbag/share/cpp_rosbag/local_setup.sh
-- Up-to-date: /home/ros/ROS2/tools/install/cpp_rosbag/share/cpp_rosbag/local_setup.zsh
-- Up-to-date: /home/ros/ROS2/tools/install/cpp_rosbag/share/cpp_rosbag/local_setup.dsv
-- Installing: /home/ros/ROS2/tools/install/cpp_rosbag/share/cpp_rosbag/package.dsv
-- Up-to-date: /home/ros/ROS2/tools/install/cpp_rosbag/share/ament_index/resource_index/packages/cpp_rosbag
-- Up-to-date: /home/ros/ROS2/tools/install/cpp_rosbag/share/cpp_rosbag/cmake/cpp_rosbagConfig.cmake
-- Up-to-date: /home/ros/ROS2/tools/install/cpp_rosbag/share/cpp_rosbag/cmake/cpp_rosbagConfig-version.cmake
-- Up-to-date: /home/ros/ROS2/tools/install/cpp_rosbag/share/cpp_rosbag/package.xml
