[0.185s] DEBUG:colcon:Command line arguments: ['/usr/bin/colcon', 'build', '--packages-select', 'base_interface_demo']
[0.185s] DEBUG:colcon:Parsed command line arguments: Namespace(log_base=None, log_level=None, verb_name='build', build_base='build', install_base='install', merge_install=False, symlink_install=False, test_result_base=None, continue_on_error=False, executor='parallel', parallel_workers=20, event_handlers=None, ignore_user_meta=False, metas=['./colcon.meta'], base_paths=['.'], packages_ignore=None, packages_ignore_regex=None, paths=None, packages_up_to=None, packages_up_to_regex=None, packages_above=None, packages_above_and_dependencies=None, packages_above_depth=None, packages_select_by_dep=None, packages_skip_by_dep=None, packages_skip_up_to=None, packages_select_build_failed=False, packages_skip_build_finished=False, packages_select_test_failures=False, packages_skip_test_passed=False, packages_select=['base_interface_demo'], packages_skip=None, packages_select_regex=None, packages_skip_regex=None, packages_start=None, packages_end=None, allow_overriding=[], cmake_args=None, cmake_target=None, cmake_target_skip_unavailable=False, cmake_clean_cache=False, cmake_clean_first=False, cmake_force_configure=False, ament_cmake_args=None, catkin_cmake_args=None, catkin_skip_building_tests=False, verb_parser=<colcon_defaults.argument_parser.defaults.DefaultArgumentsDecorator object at 0x7fe525cd31f0>, verb_extension=<colcon_core.verb.build.BuildVerb object at 0x7fe52601fc10>, main=<bound method BuildVerb.main of <colcon_core.verb.build.BuildVerb object at 0x7fe52601fc10>>)
[0.250s] Level 1:colcon.colcon_core.package_discovery:discover_packages(colcon_meta) check parameters
[0.250s] Level 1:colcon.colcon_core.package_discovery:discover_packages(recursive) check parameters
[0.250s] Level 1:colcon.colcon_core.package_discovery:discover_packages(ignore) check parameters
[0.250s] Level 1:colcon.colcon_core.package_discovery:discover_packages(path) check parameters
[0.250s] Level 1:colcon.colcon_core.package_discovery:discover_packages(colcon_meta) discover
[0.250s] Level 1:colcon.colcon_core.package_discovery:discover_packages(recursive) discover
[0.250s] INFO:colcon.colcon_core.package_discovery:Crawling recursively for packages in '/home/ros/ROS2/communication_mechanism'
[0.250s] Level 1:colcon.colcon_core.package_identification:_identify(.) by extensions ['ignore', 'ignore_ament_install']
[0.250s] Level 1:colcon.colcon_core.package_identification:_identify(.) by extension 'ignore'
[0.250s] Level 1:colcon.colcon_core.package_identification:_identify(.) by extension 'ignore_ament_install'
[0.250s] Level 1:colcon.colcon_core.package_identification:_identify(.) by extensions ['colcon_pkg']
[0.250s] Level 1:colcon.colcon_core.package_identification:_identify(.) by extension 'colcon_pkg'
[0.250s] Level 1:colcon.colcon_core.package_identification:_identify(.) by extensions ['colcon_meta']
[0.250s] Level 1:colcon.colcon_core.package_identification:_identify(.) by extension 'colcon_meta'
[0.250s] Level 1:colcon.colcon_core.package_identification:_identify(.) by extensions ['ros']
[0.250s] Level 1:colcon.colcon_core.package_identification:_identify(.) by extension 'ros'
[0.257s] Level 1:colcon.colcon_core.package_identification:_identify(.) by extensions ['cmake', 'python']
[0.257s] Level 1:colcon.colcon_core.package_identification:_identify(.) by extension 'cmake'
[0.257s] Level 1:colcon.colcon_core.package_identification:_identify(.) by extension 'python'
[0.257s] Level 1:colcon.colcon_core.package_identification:_identify(.) by extensions ['python_setup_py']
[0.257s] Level 1:colcon.colcon_core.package_identification:_identify(.) by extension 'python_setup_py'
[0.257s] Level 1:colcon.colcon_core.package_identification:_identify(build) by extensions ['ignore', 'ignore_ament_install']
[0.257s] Level 1:colcon.colcon_core.package_identification:_identify(build) by extension 'ignore'
[0.257s] Level 1:colcon.colcon_core.package_identification:_identify(build) ignored
[0.257s] Level 1:colcon.colcon_core.package_identification:_identify(install) by extensions ['ignore', 'ignore_ament_install']
[0.257s] Level 1:colcon.colcon_core.package_identification:_identify(install) by extension 'ignore'
[0.257s] Level 1:colcon.colcon_core.package_identification:_identify(install) ignored
[0.257s] Level 1:colcon.colcon_core.package_identification:_identify(log) by extensions ['ignore', 'ignore_ament_install']
[0.257s] Level 1:colcon.colcon_core.package_identification:_identify(log) by extension 'ignore'
[0.257s] Level 1:colcon.colcon_core.package_identification:_identify(log) ignored
[0.257s] Level 1:colcon.colcon_core.package_identification:_identify(src) by extensions ['ignore', 'ignore_ament_install']
[0.258s] Level 1:colcon.colcon_core.package_identification:_identify(src) by extension 'ignore'
[0.258s] Level 1:colcon.colcon_core.package_identification:_identify(src) by extension 'ignore_ament_install'
[0.258s] Level 1:colcon.colcon_core.package_identification:_identify(src) by extensions ['colcon_pkg']
[0.258s] Level 1:colcon.colcon_core.package_identification:_identify(src) by extension 'colcon_pkg'
[0.258s] Level 1:colcon.colcon_core.package_identification:_identify(src) by extensions ['colcon_meta']
[0.258s] Level 1:colcon.colcon_core.package_identification:_identify(src) by extension 'colcon_meta'
[0.258s] Level 1:colcon.colcon_core.package_identification:_identify(src) by extensions ['ros']
[0.258s] Level 1:colcon.colcon_core.package_identification:_identify(src) by extension 'ros'
[0.258s] Level 1:colcon.colcon_core.package_identification:_identify(src) by extensions ['cmake', 'python']
[0.258s] Level 1:colcon.colcon_core.package_identification:_identify(src) by extension 'cmake'
[0.258s] Level 1:colcon.colcon_core.package_identification:_identify(src) by extension 'python'
[0.258s] Level 1:colcon.colcon_core.package_identification:_identify(src) by extensions ['python_setup_py']
[0.258s] Level 1:colcon.colcon_core.package_identification:_identify(src) by extension 'python_setup_py'
[0.258s] Level 1:colcon.colcon_core.package_identification:_identify(src/base_interface_demo) by extensions ['ignore', 'ignore_ament_install']
[0.258s] Level 1:colcon.colcon_core.package_identification:_identify(src/base_interface_demo) by extension 'ignore'
[0.258s] Level 1:colcon.colcon_core.package_identification:_identify(src/base_interface_demo) by extension 'ignore_ament_install'
[0.258s] Level 1:colcon.colcon_core.package_identification:_identify(src/base_interface_demo) by extensions ['colcon_pkg']
[0.258s] Level 1:colcon.colcon_core.package_identification:_identify(src/base_interface_demo) by extension 'colcon_pkg'
[0.258s] Level 1:colcon.colcon_core.package_identification:_identify(src/base_interface_demo) by extensions ['colcon_meta']
[0.258s] Level 1:colcon.colcon_core.package_identification:_identify(src/base_interface_demo) by extension 'colcon_meta'
[0.258s] Level 1:colcon.colcon_core.package_identification:_identify(src/base_interface_demo) by extensions ['ros']
[0.258s] Level 1:colcon.colcon_core.package_identification:_identify(src/base_interface_demo) by extension 'ros'
[0.259s] DEBUG:colcon.colcon_core.package_identification:Package 'src/base_interface_demo' with type 'ros.ament_cmake' and name 'base_interface_demo'
[0.259s] Level 1:colcon.colcon_core.package_identification:_identify(src/cpp_action) by extensions ['ignore', 'ignore_ament_install']
[0.259s] Level 1:colcon.colcon_core.package_identification:_identify(src/cpp_action) by extension 'ignore'
[0.260s] Level 1:colcon.colcon_core.package_identification:_identify(src/cpp_action) by extension 'ignore_ament_install'
[0.260s] Level 1:colcon.colcon_core.package_identification:_identify(src/cpp_action) by extensions ['colcon_pkg']
[0.260s] Level 1:colcon.colcon_core.package_identification:_identify(src/cpp_action) by extension 'colcon_pkg'
[0.260s] Level 1:colcon.colcon_core.package_identification:_identify(src/cpp_action) by extensions ['colcon_meta']
[0.260s] Level 1:colcon.colcon_core.package_identification:_identify(src/cpp_action) by extension 'colcon_meta'
[0.260s] Level 1:colcon.colcon_core.package_identification:_identify(src/cpp_action) by extensions ['ros']
[0.260s] Level 1:colcon.colcon_core.package_identification:_identify(src/cpp_action) by extension 'ros'
[0.260s] DEBUG:colcon.colcon_core.package_identification:Package 'src/cpp_action' with type 'ros.ament_cmake' and name 'cpp_action'
[0.260s] Level 1:colcon.colcon_core.package_identification:_identify(src/cpp_server) by extensions ['ignore', 'ignore_ament_install']
[0.260s] Level 1:colcon.colcon_core.package_identification:_identify(src/cpp_server) by extension 'ignore'
[0.260s] Level 1:colcon.colcon_core.package_identification:_identify(src/cpp_server) by extension 'ignore_ament_install'
[0.260s] Level 1:colcon.colcon_core.package_identification:_identify(src/cpp_server) by extensions ['colcon_pkg']
[0.260s] Level 1:colcon.colcon_core.package_identification:_identify(src/cpp_server) by extension 'colcon_pkg'
[0.260s] Level 1:colcon.colcon_core.package_identification:_identify(src/cpp_server) by extensions ['colcon_meta']
[0.260s] Level 1:colcon.colcon_core.package_identification:_identify(src/cpp_server) by extension 'colcon_meta'
[0.260s] Level 1:colcon.colcon_core.package_identification:_identify(src/cpp_server) by extensions ['ros']
[0.260s] Level 1:colcon.colcon_core.package_identification:_identify(src/cpp_server) by extension 'ros'
[0.261s] DEBUG:colcon.colcon_core.package_identification:Package 'src/cpp_server' with type 'ros.ament_cmake' and name 'cpp_server'
[0.261s] Level 1:colcon.colcon_core.package_identification:_identify(src/cpp_topic) by extensions ['ignore', 'ignore_ament_install']
[0.261s] Level 1:colcon.colcon_core.package_identification:_identify(src/cpp_topic) by extension 'ignore'
[0.261s] Level 1:colcon.colcon_core.package_identification:_identify(src/cpp_topic) by extension 'ignore_ament_install'
[0.261s] Level 1:colcon.colcon_core.package_identification:_identify(src/cpp_topic) by extensions ['colcon_pkg']
[0.261s] Level 1:colcon.colcon_core.package_identification:_identify(src/cpp_topic) by extension 'colcon_pkg'
[0.261s] Level 1:colcon.colcon_core.package_identification:_identify(src/cpp_topic) by extensions ['colcon_meta']
[0.261s] Level 1:colcon.colcon_core.package_identification:_identify(src/cpp_topic) by extension 'colcon_meta'
[0.261s] Level 1:colcon.colcon_core.package_identification:_identify(src/cpp_topic) by extensions ['ros']
[0.261s] Level 1:colcon.colcon_core.package_identification:_identify(src/cpp_topic) by extension 'ros'
[0.261s] DEBUG:colcon.colcon_core.package_identification:Package 'src/cpp_topic' with type 'ros.ament_cmake' and name 'cpp_topic'
[0.261s] Level 1:colcon.colcon_core.package_discovery:discover_packages(recursive) using defaults
[0.261s] Level 1:colcon.colcon_core.package_discovery:discover_packages(ignore) discover
[0.261s] Level 1:colcon.colcon_core.package_discovery:discover_packages(ignore) using defaults
[0.261s] Level 1:colcon.colcon_core.package_discovery:discover_packages(path) discover
[0.261s] Level 1:colcon.colcon_core.package_discovery:discover_packages(path) using defaults
[0.273s] INFO:colcon.colcon_core.package_selection:Skipping not selected package 'cpp_action' in 'src/cpp_action'
[0.273s] INFO:colcon.colcon_core.package_selection:Skipping not selected package 'cpp_server' in 'src/cpp_server'
[0.273s] INFO:colcon.colcon_core.package_selection:Skipping not selected package 'cpp_topic' in 'src/cpp_topic'
[0.273s] Level 1:colcon.colcon_core.package_discovery:discover_packages(prefix_path) check parameters
[0.273s] Level 1:colcon.colcon_core.package_discovery:discover_packages(prefix_path) discover
[0.274s] WARNING:colcon.colcon_ros.prefix_path.ament:The path '/home/ros/ROS2/communication_mechanism/install/base_interface_demo' in the environment variable AMENT_PREFIX_PATH doesn't exist
[0.274s] WARNING:colcon.colcon_ros.prefix_path.catkin:The path '/home/ros/ROS2/communication_mechanism/install/base_interface_demo' in the environment variable CMAKE_PREFIX_PATH doesn't exist
[0.274s] DEBUG:colcon.colcon_installed_package_information.package_discovery:Found 3 installed packages in /home/ros/ROS2/communication_mechanism/install
[0.275s] DEBUG:colcon.colcon_installed_package_information.package_discovery:Found 270 installed packages in /opt/ros/humble
[0.276s] Level 1:colcon.colcon_core.package_discovery:discover_packages(prefix_path) using defaults
[0.301s] Level 5:colcon.colcon_core.verb:set package 'base_interface_demo' build argument 'cmake_args' from command line to 'None'
[0.301s] Level 5:colcon.colcon_core.verb:set package 'base_interface_demo' build argument 'cmake_target' from command line to 'None'
[0.301s] Level 5:colcon.colcon_core.verb:set package 'base_interface_demo' build argument 'cmake_target_skip_unavailable' from command line to 'False'
[0.301s] Level 5:colcon.colcon_core.verb:set package 'base_interface_demo' build argument 'cmake_clean_cache' from command line to 'False'
[0.301s] Level 5:colcon.colcon_core.verb:set package 'base_interface_demo' build argument 'cmake_clean_first' from command line to 'False'
[0.301s] Level 5:colcon.colcon_core.verb:set package 'base_interface_demo' build argument 'cmake_force_configure' from command line to 'False'
[0.301s] Level 5:colcon.colcon_core.verb:set package 'base_interface_demo' build argument 'ament_cmake_args' from command line to 'None'
[0.301s] Level 5:colcon.colcon_core.verb:set package 'base_interface_demo' build argument 'catkin_cmake_args' from command line to 'None'
[0.301s] Level 5:colcon.colcon_core.verb:set package 'base_interface_demo' build argument 'catkin_skip_building_tests' from command line to 'False'
[0.301s] DEBUG:colcon.colcon_core.verb:Building package 'base_interface_demo' with the following arguments: {'ament_cmake_args': None, 'build_base': '/home/ros/ROS2/communication_mechanism/build/base_interface_demo', 'catkin_cmake_args': None, 'catkin_skip_building_tests': False, 'cmake_args': None, 'cmake_clean_cache': False, 'cmake_clean_first': False, 'cmake_force_configure': False, 'cmake_target': None, 'cmake_target_skip_unavailable': False, 'install_base': '/home/ros/ROS2/communication_mechanism/install/base_interface_demo', 'merge_install': False, 'path': '/home/ros/ROS2/communication_mechanism/src/base_interface_demo', 'symlink_install': False, 'test_result_base': None}
[0.301s] INFO:colcon.colcon_core.executor:Executing jobs using 'parallel' executor
[0.302s] DEBUG:colcon.colcon_parallel_executor.executor.parallel:run_until_complete
[0.302s] INFO:colcon.colcon_ros.task.ament_cmake.build:Building ROS package in '/home/ros/ROS2/communication_mechanism/src/base_interface_demo' with build type 'ament_cmake'
[0.302s] INFO:colcon.colcon_cmake.task.cmake.build:Building CMake package in '/home/ros/ROS2/communication_mechanism/src/base_interface_demo'
[0.304s] INFO:colcon.colcon_core.plugin_system:Skipping extension 'colcon_core.shell.bat': Not used on non-Windows systems
[0.304s] INFO:colcon.colcon_core.shell:Skip shell extension 'powershell' for command environment: Not usable outside of PowerShell
[0.304s] DEBUG:colcon.colcon_core.shell:Skip shell extension 'dsv' for command environment
[0.311s] DEBUG:colcon.colcon_core.event_handler.log_command:Invoking command in '/home/ros/ROS2/communication_mechanism/build/base_interface_demo': CMAKE_PREFIX_PATH=${CMAKE_PREFIX_PATH}:/opt/ros/humble WSLENV=ELECTRON_RUN_AS_NODE/w:WT_SESSION:WT_PROFILE_ID: /usr/bin/cmake /home/ros/ROS2/communication_mechanism/src/base_interface_demo -DCMAKE_INSTALL_PREFIX=/home/ros/ROS2/communication_mechanism/install/base_interface_demo
[4.030s] DEBUG:colcon.colcon_core.event_handler.log_command:Invoked command in '/home/ros/ROS2/communication_mechanism/build/base_interface_demo' returned '0': CMAKE_PREFIX_PATH=${CMAKE_PREFIX_PATH}:/opt/ros/humble WSLENV=ELECTRON_RUN_AS_NODE/w:WT_SESSION:WT_PROFILE_ID: /usr/bin/cmake /home/ros/ROS2/communication_mechanism/src/base_interface_demo -DCMAKE_INSTALL_PREFIX=/home/ros/ROS2/communication_mechanism/install/base_interface_demo
[4.030s] DEBUG:colcon.colcon_core.event_handler.log_command:Invoking command in '/home/ros/ROS2/communication_mechanism/build/base_interface_demo': CMAKE_PREFIX_PATH=${CMAKE_PREFIX_PATH}:/opt/ros/humble WSLENV=ELECTRON_RUN_AS_NODE/w:WT_SESSION:WT_PROFILE_ID: /usr/bin/cmake --build /home/ros/ROS2/communication_mechanism/build/base_interface_demo -- -j20 -l20
[6.397s] DEBUG:colcon.colcon_core.event_handler.log_command:Invoked command in '/home/ros/ROS2/communication_mechanism/build/base_interface_demo' returned '0': CMAKE_PREFIX_PATH=${CMAKE_PREFIX_PATH}:/opt/ros/humble WSLENV=ELECTRON_RUN_AS_NODE/w:WT_SESSION:WT_PROFILE_ID: /usr/bin/cmake --build /home/ros/ROS2/communication_mechanism/build/base_interface_demo -- -j20 -l20
[6.452s] DEBUG:colcon.colcon_core.event_handler.log_command:Invoking command in '/home/ros/ROS2/communication_mechanism/build/base_interface_demo': CMAKE_PREFIX_PATH=${CMAKE_PREFIX_PATH}:/opt/ros/humble WSLENV=ELECTRON_RUN_AS_NODE/w:WT_SESSION:WT_PROFILE_ID: /usr/bin/cmake --install /home/ros/ROS2/communication_mechanism/build/base_interface_demo
[6.496s] Level 1:colcon.colcon_core.environment:create_environment_scripts_only(base_interface_demo)
[6.496s] DEBUG:colcon.colcon_core.event_handler.log_command:Invoked command in '/home/ros/ROS2/communication_mechanism/build/base_interface_demo' returned '0': CMAKE_PREFIX_PATH=${CMAKE_PREFIX_PATH}:/opt/ros/humble WSLENV=ELECTRON_RUN_AS_NODE/w:WT_SESSION:WT_PROFILE_ID: /usr/bin/cmake --install /home/ros/ROS2/communication_mechanism/build/base_interface_demo
[6.498s] Level 1:colcon.colcon_core.environment:checking '/home/ros/ROS2/communication_mechanism/install/base_interface_demo' for CMake module files
[6.498s] Level 1:colcon.colcon_core.environment:checking '/home/ros/ROS2/communication_mechanism/install/base_interface_demo' for CMake config files
[6.498s] Level 1:colcon.colcon_core.shell:create_environment_hook('base_interface_demo', 'cmake_prefix_path')
[6.498s] INFO:colcon.colcon_core.shell:Creating environment hook '/home/ros/ROS2/communication_mechanism/install/base_interface_demo/share/base_interface_demo/hook/cmake_prefix_path.ps1'
[6.499s] INFO:colcon.colcon_core.shell:Creating environment descriptor '/home/ros/ROS2/communication_mechanism/install/base_interface_demo/share/base_interface_demo/hook/cmake_prefix_path.dsv'
[6.499s] INFO:colcon.colcon_core.shell:Creating environment hook '/home/ros/ROS2/communication_mechanism/install/base_interface_demo/share/base_interface_demo/hook/cmake_prefix_path.sh'
[6.499s] Level 1:colcon.colcon_core.environment:checking '/home/ros/ROS2/communication_mechanism/install/base_interface_demo/lib'
[6.500s] Level 1:colcon.colcon_core.shell:create_environment_hook('base_interface_demo', 'ld_library_path_lib')
[6.500s] INFO:colcon.colcon_core.shell:Creating environment hook '/home/ros/ROS2/communication_mechanism/install/base_interface_demo/share/base_interface_demo/hook/ld_library_path_lib.ps1'
[6.500s] INFO:colcon.colcon_core.shell:Creating environment descriptor '/home/ros/ROS2/communication_mechanism/install/base_interface_demo/share/base_interface_demo/hook/ld_library_path_lib.dsv'
[6.500s] INFO:colcon.colcon_core.shell:Creating environment hook '/home/ros/ROS2/communication_mechanism/install/base_interface_demo/share/base_interface_demo/hook/ld_library_path_lib.sh'
[6.500s] Level 1:colcon.colcon_core.environment:checking '/home/ros/ROS2/communication_mechanism/install/base_interface_demo/bin'
[6.500s] Level 1:colcon.colcon_core.environment:checking '/home/ros/ROS2/communication_mechanism/install/base_interface_demo/lib/pkgconfig/base_interface_demo.pc'
[6.500s] Level 1:colcon.colcon_core.environment:checking '/home/ros/ROS2/communication_mechanism/install/base_interface_demo/lib/python3.10/site-packages'
[6.500s] Level 1:colcon.colcon_core.environment:checking '/home/ros/ROS2/communication_mechanism/install/base_interface_demo/bin'
[6.501s] INFO:colcon.colcon_core.shell:Creating package script '/home/ros/ROS2/communication_mechanism/install/base_interface_demo/share/base_interface_demo/package.ps1'
[6.501s] INFO:colcon.colcon_core.shell:Creating package descriptor '/home/ros/ROS2/communication_mechanism/install/base_interface_demo/share/base_interface_demo/package.dsv'
[6.501s] INFO:colcon.colcon_core.shell:Creating package script '/home/ros/ROS2/communication_mechanism/install/base_interface_demo/share/base_interface_demo/package.sh'
[6.502s] INFO:colcon.colcon_core.shell:Creating package script '/home/ros/ROS2/communication_mechanism/install/base_interface_demo/share/base_interface_demo/package.bash'
[6.502s] INFO:colcon.colcon_core.shell:Creating package script '/home/ros/ROS2/communication_mechanism/install/base_interface_demo/share/base_interface_demo/package.zsh'
[6.502s] Level 1:colcon.colcon_core.environment:create_file_with_runtime_dependencies(/home/ros/ROS2/communication_mechanism/install/base_interface_demo/share/colcon-core/packages/base_interface_demo)
[6.550s] Level 1:colcon.colcon_core.environment:create_environment_scripts_only(base_interface_demo)
[6.550s] Level 1:colcon.colcon_core.environment:checking '/home/ros/ROS2/communication_mechanism/install/base_interface_demo' for CMake module files
[6.550s] Level 1:colcon.colcon_core.environment:checking '/home/ros/ROS2/communication_mechanism/install/base_interface_demo' for CMake config files
[6.551s] Level 1:colcon.colcon_core.shell:create_environment_hook('base_interface_demo', 'cmake_prefix_path')
[6.551s] INFO:colcon.colcon_core.shell:Creating environment hook '/home/ros/ROS2/communication_mechanism/install/base_interface_demo/share/base_interface_demo/hook/cmake_prefix_path.ps1'
[6.551s] INFO:colcon.colcon_core.shell:Creating environment descriptor '/home/ros/ROS2/communication_mechanism/install/base_interface_demo/share/base_interface_demo/hook/cmake_prefix_path.dsv'
[6.551s] INFO:colcon.colcon_core.shell:Creating environment hook '/home/ros/ROS2/communication_mechanism/install/base_interface_demo/share/base_interface_demo/hook/cmake_prefix_path.sh'
[6.552s] Level 1:colcon.colcon_core.environment:checking '/home/ros/ROS2/communication_mechanism/install/base_interface_demo/lib'
[6.552s] Level 1:colcon.colcon_core.shell:create_environment_hook('base_interface_demo', 'ld_library_path_lib')
[6.552s] INFO:colcon.colcon_core.shell:Creating environment hook '/home/ros/ROS2/communication_mechanism/install/base_interface_demo/share/base_interface_demo/hook/ld_library_path_lib.ps1'
[6.552s] INFO:colcon.colcon_core.shell:Creating environment descriptor '/home/ros/ROS2/communication_mechanism/install/base_interface_demo/share/base_interface_demo/hook/ld_library_path_lib.dsv'
[6.552s] INFO:colcon.colcon_core.shell:Creating environment hook '/home/ros/ROS2/communication_mechanism/install/base_interface_demo/share/base_interface_demo/hook/ld_library_path_lib.sh'
[6.552s] Level 1:colcon.colcon_core.environment:checking '/home/ros/ROS2/communication_mechanism/install/base_interface_demo/bin'
[6.553s] Level 1:colcon.colcon_core.environment:checking '/home/ros/ROS2/communication_mechanism/install/base_interface_demo/lib/pkgconfig/base_interface_demo.pc'
[6.553s] Level 1:colcon.colcon_core.environment:checking '/home/ros/ROS2/communication_mechanism/install/base_interface_demo/lib/python3.10/site-packages'
[6.553s] Level 1:colcon.colcon_core.environment:checking '/home/ros/ROS2/communication_mechanism/install/base_interface_demo/bin'
[6.553s] INFO:colcon.colcon_core.shell:Creating package script '/home/ros/ROS2/communication_mechanism/install/base_interface_demo/share/base_interface_demo/package.ps1'
[6.553s] INFO:colcon.colcon_core.shell:Creating package descriptor '/home/ros/ROS2/communication_mechanism/install/base_interface_demo/share/base_interface_demo/package.dsv'
[6.554s] INFO:colcon.colcon_core.shell:Creating package script '/home/ros/ROS2/communication_mechanism/install/base_interface_demo/share/base_interface_demo/package.sh'
[6.554s] INFO:colcon.colcon_core.shell:Creating package script '/home/ros/ROS2/communication_mechanism/install/base_interface_demo/share/base_interface_demo/package.bash'
[6.554s] INFO:colcon.colcon_core.shell:Creating package script '/home/ros/ROS2/communication_mechanism/install/base_interface_demo/share/base_interface_demo/package.zsh'
[6.554s] Level 1:colcon.colcon_core.environment:create_file_with_runtime_dependencies(/home/ros/ROS2/communication_mechanism/install/base_interface_demo/share/colcon-core/packages/base_interface_demo)
[6.555s] DEBUG:colcon.colcon_parallel_executor.executor.parallel:closing loop
[6.555s] DEBUG:colcon.colcon_parallel_executor.executor.parallel:loop closed
[6.555s] DEBUG:colcon.colcon_parallel_executor.executor.parallel:run_until_complete finished with '0'
[6.555s] DEBUG:colcon.colcon_core.event_reactor:joining thread
[6.623s] INFO:colcon.colcon_core.plugin_system:Skipping extension 'colcon_notification.desktop_notification.notify_send': Could not find 'notify-send'
[6.623s] INFO:colcon.colcon_core.plugin_system:Skipping extension 'colcon_notification.desktop_notification.terminal_notifier': Not used on non-Darwin systems
[6.623s] INFO:colcon.colcon_core.plugin_system:Skipping extension 'colcon_notification.desktop_notification.win32': Not used on non-Windows systems
[6.623s] INFO:colcon.colcon_notification.desktop_notification:Sending desktop notification using 'notify2'
[6.624s] DEBUG:colcon.colcon_notification.desktop_notification.notify2:Failed to initialize notify2: org.freedesktop.DBus.Error.FileNotFound: Failed to connect to socket /run/user/1000/bus: No such file or directory
[6.624s] DEBUG:colcon.colcon_core.event_reactor:joined thread
[6.624s] INFO:colcon.colcon_core.shell:Creating prefix script '/home/ros/ROS2/communication_mechanism/install/local_setup.ps1'
[6.625s] INFO:colcon.colcon_core.shell:Creating prefix util module '/home/ros/ROS2/communication_mechanism/install/_local_setup_util_ps1.py'
[6.625s] INFO:colcon.colcon_core.shell:Creating prefix chain script '/home/ros/ROS2/communication_mechanism/install/setup.ps1'
[6.626s] INFO:colcon.colcon_core.shell:Creating prefix script '/home/ros/ROS2/communication_mechanism/install/local_setup.sh'
[6.626s] INFO:colcon.colcon_core.shell:Creating prefix util module '/home/ros/ROS2/communication_mechanism/install/_local_setup_util_sh.py'
[6.627s] INFO:colcon.colcon_core.shell:Creating prefix chain script '/home/ros/ROS2/communication_mechanism/install/setup.sh'
[6.627s] INFO:colcon.colcon_core.shell:Creating prefix script '/home/ros/ROS2/communication_mechanism/install/local_setup.bash'
[6.627s] INFO:colcon.colcon_core.shell:Creating prefix chain script '/home/ros/ROS2/communication_mechanism/install/setup.bash'
[6.628s] INFO:colcon.colcon_core.shell:Creating prefix script '/home/ros/ROS2/communication_mechanism/install/local_setup.zsh'
[6.628s] INFO:colcon.colcon_core.shell:Creating prefix chain script '/home/ros/ROS2/communication_mechanism/install/setup.zsh'
