[0.007s] Invoking command in '/home/ros/ROS2/turtle/build/exercise': CMAKE_PREFIX_PATH=/opt/ros/humble /usr/bin/cmake /home/ros/ROS2/turtle/src/exercise -DCMAKE_INSTALL_PREFIX=/home/ros/ROS2/turtle/install/exercise
[0.013s] -- Found ament_cmake: 1.3.8 (/opt/ros/humble/share/ament_cmake/cmake)
[0.085s] -- Found rclcpp: 16.0.8 (/opt/ros/humble/share/rclcpp/cmake)
[0.297s] -- Found rosidl_generator_c: 3.1.5 (/opt/ros/humble/share/rosidl_generator_c/cmake)
[0.298s] -- Found rosidl_adapter: 3.1.5 (/opt/ros/humble/share/rosidl_adapter/cmake)
[0.302s] -- Found rosidl_generator_cpp: 3.1.5 (/opt/ros/humble/share/rosidl_generator_cpp/cmake)
[0.308s] -- Using all available rosidl_typesupport_c: rosidl_typesupport_fastrtps_c;rosidl_typesupport_introspection_c
[0.317s] -- Using all available rosidl_typesupport_cpp: rosidl_typesupport_fastrtps_cpp;rosidl_typesupport_introspection_cpp
[0.350s] -- Found rmw_implementation_cmake: 6.1.1 (/opt/ros/humble/share/rmw_implementation_cmake/cmake)
[0.351s] -- Found rmw_fastrtps_cpp: 6.2.6 (/opt/ros/humble/share/rmw_fastrtps_cpp/cmake)
[8.681s] -- Using RMW implementation 'rmw_fastrtps_cpp' as default
[8.775s] -- Found turtlesim: 1.4.2 (/opt/ros/humble/share/turtlesim/cmake)
[10.907s] [31mCMake Error at CMakeLists.txt:60 (find_package):
[10.908s]   By not providing "Findbase_interface_demo.cmake" in CMAKE_MODULE_PATH this
[10.908s]   project has asked CMake to find a package configuration file provided by
[10.908s]   "base_interface_demo", but CMake did not find one.
[10.908s] 
[10.908s]   Could not find a package configuration file provided by
[10.908s]   "base_interface_demo" with any of the following names:
[10.908s] 
[10.908s]     base_interface_demoConfig.cmake
[10.908s]     base_interface_demo-config.cmake
[10.908s] 
[10.908s]   Add the installation prefix of "base_interface_demo" to CMAKE_PREFIX_PATH
[10.908s]   or set "base_interface_demo_DIR" to a directory containing one of the above
[10.908s]   files.  If "base_interface_demo" provides a separate development package or
[10.908s]   SDK, be sure it has been installed.
[10.908s] 
[10.908s] [0m
[10.908s] -- Configuring incomplete, errors occurred!
[10.908s] See also "/home/ros/ROS2/turtle/build/exercise/CMakeFiles/CMakeOutput.log".
[10.914s] Invoked command in '/home/ros/ROS2/turtle/build/exercise' returned '1': CMAKE_PREFIX_PATH=/opt/ros/humble /usr/bin/cmake /home/ros/ROS2/turtle/src/exercise -DCMAKE_INSTALL_PREFIX=/home/ros/ROS2/turtle/install/exercise
