-- The C compiler identification is GNU 11.4.0
-- The CXX compiler identification is GNU 11.4.0
-- Detecting C compiler ABI info
-- Detecting C compiler ABI info - done
-- Check for working C compiler: /usr/bin/cc - skipped
-- Detecting C compile features
-- Detecting C compile features - done
-- Detecting CXX compiler ABI info
-- Detecting CXX compiler ABI info - done
-- Check for working CXX compiler: /usr/bin/c++ - skipped
-- Detecting CXX compile features
-- Detecting CXX compile features - done
-- Found ament_cmake: 1.3.10 (/opt/ros/humble/share/ament_cmake/cmake)
-- Found Python3: /usr/bin/python3 (found version "3.10.12") found components: Interpreter 
-- Found ament_lint_auto: 0.12.11 (/opt/ros/humble/share/ament_lint_auto/cmake)
-- Added test 'cppcheck' to perform static code analysis on C / C++ code
-- Configured cppcheck include dirs: $<BUILD_INTERFACE:/home/huang/ros2/ROS2/rviz2/src/cpp_urdf/include>
-- Configured cppcheck exclude dirs and/or files: 
-- Added test 'flake8' to check Python code syntax and style conventions
-- Added test 'lint_cmake' to check CMake code style
-- Added test 'pep257' to check Python code against some of the docstring style conventions in PEP 257
-- Added test 'uncrustify' to check C / C++ code style
-- Configured uncrustify additional arguments: 
-- Added test 'xmllint' to check XML markup files
-- Configuring done
-- Generating done
-- Build files have been written to: /home/huang/ros2/ROS2/rviz2/build/cpp_urdf
[ 50%] [32mBuilding CXX object CMakeFiles/demo.dir/src/demo.cpp.o[0m
[100%] [32m[1mLinking CXX executable demo[0m
[100%] Built target demo
-- Install configuration: ""
-- Installing: /home/huang/ros2/ROS2/rviz2/install/cpp_urdf/lib/cpp_urdf/demo
-- Installing: /home/huang/ros2/ROS2/rviz2/install/cpp_urdf/share/cpp_urdf/launch
-- Installing: /home/huang/ros2/ROS2/rviz2/install/cpp_urdf/share/cpp_urdf/launch/display.launch.py
-- Installing: /home/huang/ros2/ROS2/rviz2/install/cpp_urdf/share/cpp_urdf/rviz
-- Installing: /home/huang/ros2/ROS2/rviz2/install/cpp_urdf/share/cpp_urdf/meshes
-- Installing: /home/huang/ros2/ROS2/rviz2/install/cpp_urdf/share/cpp_urdf/urdf
-- Installing: /home/huang/ros2/ROS2/rviz2/install/cpp_urdf/share/cpp_urdf/urdf/xacro
-- Installing: /home/huang/ros2/ROS2/rviz2/install/cpp_urdf/share/cpp_urdf/urdf/urdf
-- Installing: /home/huang/ros2/ROS2/rviz2/install/cpp_urdf/share/cpp_urdf/urdf/urdf/demo_1.urdf
-- Installing: /home/huang/ros2/ROS2/rviz2/install/cpp_urdf/share/ament_index/resource_index/package_run_dependencies/cpp_urdf
-- Installing: /home/huang/ros2/ROS2/rviz2/install/cpp_urdf/share/ament_index/resource_index/parent_prefix_path/cpp_urdf
-- Installing: /home/huang/ros2/ROS2/rviz2/install/cpp_urdf/share/cpp_urdf/environment/ament_prefix_path.sh
-- Installing: /home/huang/ros2/ROS2/rviz2/install/cpp_urdf/share/cpp_urdf/environment/ament_prefix_path.dsv
-- Installing: /home/huang/ros2/ROS2/rviz2/install/cpp_urdf/share/cpp_urdf/environment/path.sh
-- Installing: /home/huang/ros2/ROS2/rviz2/install/cpp_urdf/share/cpp_urdf/environment/path.dsv
-- Installing: /home/huang/ros2/ROS2/rviz2/install/cpp_urdf/share/cpp_urdf/local_setup.bash
-- Installing: /home/huang/ros2/ROS2/rviz2/install/cpp_urdf/share/cpp_urdf/local_setup.sh
-- Installing: /home/huang/ros2/ROS2/rviz2/install/cpp_urdf/share/cpp_urdf/local_setup.zsh
-- Installing: /home/huang/ros2/ROS2/rviz2/install/cpp_urdf/share/cpp_urdf/local_setup.dsv
-- Installing: /home/huang/ros2/ROS2/rviz2/install/cpp_urdf/share/cpp_urdf/package.dsv
-- Installing: /home/huang/ros2/ROS2/rviz2/install/cpp_urdf/share/ament_index/resource_index/packages/cpp_urdf
-- Installing: /home/huang/ros2/ROS2/rviz2/install/cpp_urdf/share/cpp_urdf/cmake/cpp_urdfConfig.cmake
-- Installing: /home/huang/ros2/ROS2/rviz2/install/cpp_urdf/share/cpp_urdf/cmake/cpp_urdfConfig-version.cmake
-- Installing: /home/huang/ros2/ROS2/rviz2/install/cpp_urdf/share/cpp_urdf/package.xml
