[0.006s] Invoking command in '/home/huang/ros2/ROS2/coordinate_transformations/build/cpp_tf_listener': CMAKE_PREFIX_PATH=${CMAKE_PREFIX_PATH}:/opt/ros/humble /usr/bin/cmake --build /home/huang/ros2/ROS2/coordinate_transformations/build/cpp_tf_listener -- -j20 -l20
[0.019s] -- Found ament_cmake: 1.3.10 (/opt/ros/humble/share/ament_cmake/cmake)
[0.090s] -- Found rclcpp: 16.0.10 (/opt/ros/humble/share/rclcpp/cmake)
[0.148s] -- Found rosidl_generator_c: 3.1.5 (/opt/ros/humble/share/rosidl_generator_c/cmake)
[0.150s] -- Found rosidl_adapter: 3.1.5 (/opt/ros/humble/share/rosidl_adapter/cmake)
[0.154s] -- Found rosidl_generator_cpp: 3.1.5 (/opt/ros/humble/share/rosidl_generator_cpp/cmake)
[0.161s] -- Using all available rosidl_typesupport_c: rosidl_typesupport_fastrtps_c;rosidl_typesupport_introspection_c
[0.169s] -- Using all available rosidl_typesupport_cpp: rosidl_typesupport_fastrtps_cpp;rosidl_typesupport_introspection_cpp
[0.193s] -- Found rmw_implementation_cmake: 6.1.2 (/opt/ros/humble/share/rmw_implementation_cmake/cmake)
[0.194s] -- Found rmw_fastrtps_cpp: 6.2.7 (/opt/ros/humble/share/rmw_fastrtps_cpp/cmake)
[1.434s] -- Using RMW implementation 'rmw_fastrtps_cpp' as default
[1.468s] -- Found tf2: 0.25.8 (/opt/ros/humble/share/tf2/cmake)
[1.480s] -- Found tf2_ros: 0.25.8 (/opt/ros/humble/share/tf2_ros/cmake)
[1.532s] -- Found tf2_geometry_msgs: 0.25.8 (/opt/ros/humble/share/tf2_geometry_msgs/cmake)
[1.535s] -- Found eigen3_cmake_module: 0.1.1 (/opt/ros/humble/share/eigen3_cmake_module/cmake)
[1.536s] -- Ensuring Eigen3 include directory is part of orocos-kdl CMake target
[1.538s] -- Found ament_lint_auto: 0.12.11 (/opt/ros/humble/share/ament_lint_auto/cmake)
[1.577s] -- Added test 'cppcheck' to perform static code analysis on C / C++ code
[1.578s] -- Configured cppcheck include dirs: $<BUILD_INTERFACE:/home/huang/ros2/ROS2/coordinate_transformations/src/cpp_tf_listener/include>
[1.578s] -- Configured cppcheck exclude dirs and/or files: 
[1.578s] -- Added test 'lint_cmake' to check CMake code style
[1.579s] -- Added test 'uncrustify' to check C / C++ code style
[1.579s] -- Configured uncrustify additional arguments: 
[1.579s] -- Added test 'xmllint' to check XML markup files
[1.580s] -- Configuring done
[1.591s] -- Generating done
[1.592s] -- Build files have been written to: /home/huang/ros2/ROS2/coordinate_transformations/build/cpp_tf_listener
[1.604s] [35m[1mConsolidate compiler generated dependencies of target demo[0m
[1.604s] [35m[1mConsolidate compiler generated dependencies of target cpp_tf_listener_point[0m
[1.604s] [35m[1mConsolidate compiler generated dependencies of target cpp_tf_listener_coordinates[0m
[1.608s] [ 16%] [32mBuilding CXX object CMakeFiles/demo.dir/src/demo.cpp.o[0m
[1.612s] [ 33%] [32mBuilding CXX object CMakeFiles/cpp_tf_listener_point.dir/src/cpp_tf_listener_point.cpp.o[0m
[1.612s] [ 50%] [32mBuilding CXX object CMakeFiles/cpp_tf_listener_coordinates.dir/src/cpp_tf_listener_coordinates.cpp.o[0m
[1.655s] [ 66%] [32m[1mLinking CXX executable demo[0m
[1.720s] [ 66%] Built target demo
[5.960s] [ 83%] [32m[1mLinking CXX executable cpp_tf_listener_coordinates[0m
[6.189s] [ 83%] Built target cpp_tf_listener_coordinates
[7.809s] [100%] [32m[1mLinking CXX executable cpp_tf_listener_point[0m
[8.086s] /usr/bin/ld: CMakeFiles/cpp_tf_listener_point.dir/src/cpp_tf_listener_point.cpp.o: in function `geometry_msgs::msg::PointStamped_<std::allocator<void> >& tf2_ros::BufferInterface::transform<geometry_msgs::msg::PointStamped_<std::allocator<void> > >(geometry_msgs::msg::PointStamped_<std::allocator<void> > const&, geometry_msgs::msg::PointStamped_<std::allocator<void> >&, std::__cxx11::basic_string<char, std::char_traits<char>, std::allocator<char> > const&, std::chrono::duration<long, std::ratio<1l, 1000000000l> >) const':
[8.086s] cpp_tf_listener_point.cpp:(.text._ZNK7tf2_ros15BufferInterface9transformIN13geometry_msgs3msg13PointStamped_ISaIvEEEEERT_RKS7_S8_RKNSt7__cxx1112basic_stringIcSt11char_traitsIcESaIcEEENSt6chrono8durationIlSt5ratioILl1ELl1000000000EEEE[_ZNK7tf2_ros15BufferInterface9transformIN13geometry_msgs3msg13PointStamped_ISaIvEEEEERT_RKS7_S8_RKNSt7__cxx1112basic_stringIcSt11char_traitsIcESaIcEEENSt6chrono8durationIlSt5ratioILl1ELl1000000000EEEE]+0x5a): undefined reference to `std::chrono::time_point<std::chrono::_V2::system_clock, std::chrono::duration<long, std::ratio<1l, 1000000000l> > > tf2::getTimestamp<geometry_msgs::msg::PointStamped_<std::allocator<void> > >(geometry_msgs::msg::PointStamped_<std::allocator<void> > const&)'
[8.086s] /usr/bin/ld: cpp_tf_listener_point.cpp:(.text._ZNK7tf2_ros15BufferInterface9transformIN13geometry_msgs3msg13PointStamped_ISaIvEEEEERT_RKS7_S8_RKNSt7__cxx1112basic_stringIcSt11char_traitsIcESaIcEEENSt6chrono8durationIlSt5ratioILl1ELl1000000000EEEE[_ZNK7tf2_ros15BufferInterface9transformIN13geometry_msgs3msg13PointStamped_ISaIvEEEEERT_RKS7_S8_RKNSt7__cxx1112basic_stringIcSt11char_traitsIcESaIcEEENSt6chrono8durationIlSt5ratioILl1ELl1000000000EEEE]+0x7a): undefined reference to `std::__cxx11::basic_string<char, std::char_traits<char>, std::allocator<char> > tf2::getFrameId<geometry_msgs::msg::PointStamped_<std::allocator<void> > >(geometry_msgs::msg::PointStamped_<std::allocator<void> > const&)'
[8.086s] /usr/bin/ld: cpp_tf_listener_point.cpp:(.text._ZNK7tf2_ros15BufferInterface9transformIN13geometry_msgs3msg13PointStamped_ISaIvEEEEERT_RKS7_S8_RKNSt7__cxx1112basic_stringIcSt11char_traitsIcESaIcEEENSt6chrono8durationIlSt5ratioILl1ELl1000000000EEEE[_ZNK7tf2_ros15BufferInterface9transformIN13geometry_msgs3msg13PointStamped_ISaIvEEEEERT_RKS7_S8_RKNSt7__cxx1112basic_stringIcSt11char_traitsIcESaIcEEENSt6chrono8durationIlSt5ratioILl1ELl1000000000EEEE]+0xcf): undefined reference to `void tf2::doTransform<geometry_msgs::msg::PointStamped_<std::allocator<void> > >(geometry_msgs::msg::PointStamped_<std::allocator<void> > const&, geometry_msgs::msg::PointStamped_<std::allocator<void> >&, geometry_msgs::msg::TransformStamped_<std::allocator<void> > const&)'
[8.113s] collect2: error: ld returned 1 exit status
[8.113s] gmake[2]: *** [CMakeFiles/cpp_tf_listener_point.dir/build.make:198: cpp_tf_listener_point] Error 1
[8.113s] gmake[1]: *** [CMakeFiles/Makefile2:193: CMakeFiles/cpp_tf_listener_point.dir/all] Error 2
[8.114s] gmake: *** [Makefile:146: all] Error 2
[8.115s] Invoked command in '/home/huang/ros2/ROS2/coordinate_transformations/build/cpp_tf_listener' returned '2': CMAKE_PREFIX_PATH=${CMAKE_PREFIX_PATH}:/opt/ros/humble /usr/bin/cmake --build /home/huang/ros2/ROS2/coordinate_transformations/build/cpp_tf_listener -- -j20 -l20
