[0.008s] Invoking command in '/home/ros/ROS2/communication_mechanism/build/cpp_param': CMAKE_PREFIX_PATH=/opt/ros/humble /usr/bin/cmake --build /home/ros/ROS2/communication_mechanism/build/cpp_param -- -j20 -l20
[0.023s] -- Found ament_cmake: 1.3.8 (/opt/ros/humble/share/ament_cmake/cmake)
[0.096s] -- Found rclcpp: 16.0.8 (/opt/ros/humble/share/rclcpp/cmake)
[0.324s] -- Found rosidl_generator_c: 3.1.5 (/opt/ros/humble/share/rosidl_generator_c/cmake)
[0.325s] -- Found rosidl_adapter: 3.1.5 (/opt/ros/humble/share/rosidl_adapter/cmake)
[0.329s] -- Found rosidl_generator_cpp: 3.1.5 (/opt/ros/humble/share/rosidl_generator_cpp/cmake)
[0.336s] -- Using all available rosidl_typesupport_c: rosidl_typesupport_fastrtps_c;rosidl_typesupport_introspection_c
[0.345s] -- Using all available rosidl_typesupport_cpp: rosidl_typesupport_fastrtps_cpp;rosidl_typesupport_introspection_cpp
[0.380s] -- Found rmw_implementation_cmake: 6.1.1 (/opt/ros/humble/share/rmw_implementation_cmake/cmake)
[0.381s] -- Found rmw_fastrtps_cpp: 6.2.6 (/opt/ros/humble/share/rmw_fastrtps_cpp/cmake)
[9.048s] -- Using RMW implementation 'rmw_fastrtps_cpp' as default
[9.145s] [31mCMake Error at CMakeLists.txt:22 (target_include_directories):
[9.145s]   Cannot specify include directories for target "demo_param_client" which is
[9.146s]   not built by this project.
[9.146s] 
[9.146s] [0m
[9.146s] -- Configuring incomplete, errors occurred!
[9.146s] See also "/home/ros/ROS2/communication_mechanism/build/cpp_param/CMakeFiles/CMakeOutput.log".
[9.146s] [31mCMake Error at /opt/ros/humble/share/ament_cmake_target_dependencies/cmake/ament_target_dependencies.cmake:42 (message):
[9.146s]   ament_target_dependencies() the first argument must be a valid target name
[9.146s] Call Stack (most recent call first):
[9.146s]   CMakeLists.txt:36 (ament_target_dependencies)
[9.146s] 
[9.146s] [0m
[9.150s] gmake: *** [Makefile:267: cmake_check_build_system] Error 1
[9.152s] Invoked command in '/home/ros/ROS2/communication_mechanism/build/cpp_param' returned '2': CMAKE_PREFIX_PATH=/opt/ros/humble /usr/bin/cmake --build /home/ros/ROS2/communication_mechanism/build/cpp_param -- -j20 -l20
