[0.005s] Invoking command in '/home/ros/ROS2/tools/build/py_launch': CMAKE_PREFIX_PATH=${CMAKE_PREFIX_PATH}:/opt/ros/humble /usr/bin/cmake /home/ros/ROS2/tools/src/py_launch -DCMAKE_INSTALL_PREFIX=/home/ros/ROS2/tools/install/py_launch
[0.233s] -- The C compiler identification is GNU 11.4.0
[1.035s] -- The CXX compiler identification is GNU 11.4.0
[1.609s] -- Detecting C compiler ABI info
[1.799s] -- Detecting C compiler ABI info - done
[1.803s] -- Check for working C compiler: /usr/bin/cc - skipped
[1.804s] -- Detecting C compile features
[1.804s] -- Detecting C compile features - done
[1.806s] -- Detecting CXX compiler ABI info
[1.992s] -- Detecting CXX compiler ABI info - done
[1.995s] -- Check for working CXX compiler: /usr/bin/c++ - skipped
[1.996s] -- Detecting CXX compile features
[1.996s] -- Detecting CXX compile features - done
[1.998s] -- Found ament_cmake: 1.3.8 (/opt/ros/humble/share/ament_cmake/cmake)
[2.087s] -- Found Python3: /usr/bin/python3 (found version "3.10.12") found components: Interpreter 
[2.143s] -- Found rclcpp: 16.0.8 (/opt/ros/humble/share/rclcpp/cmake)
[2.360s] -- Found rosidl_generator_c: 3.1.5 (/opt/ros/humble/share/rosidl_generator_c/cmake)
[2.363s] -- Found rosidl_adapter: 3.1.5 (/opt/ros/humble/share/rosidl_adapter/cmake)
[2.368s] -- Found rosidl_generator_cpp: 3.1.5 (/opt/ros/humble/share/rosidl_generator_cpp/cmake)
[2.377s] -- Using all available rosidl_typesupport_c: rosidl_typesupport_fastrtps_c;rosidl_typesupport_introspection_c
[2.389s] -- Using all available rosidl_typesupport_cpp: rosidl_typesupport_fastrtps_cpp;rosidl_typesupport_introspection_cpp
[2.432s] -- Found rmw_implementation_cmake: 6.1.1 (/opt/ros/humble/share/rmw_implementation_cmake/cmake)
[2.433s] -- Found rmw_fastrtps_cpp: 6.2.6 (/opt/ros/humble/share/rmw_fastrtps_cpp/cmake)
[4.505s] -- Found OpenSSL: /usr/lib/x86_64-linux-gnu/libcrypto.so (found version "3.0.2")  
[6.787s] -- Found FastRTPS: /opt/ros/humble/include  
[10.984s] -- Using RMW implementation 'rmw_fastrtps_cpp' as default
[10.990s] -- Looking for pthread.h
[11.192s] -- Looking for pthread.h - found
[11.192s] -- Performing Test CMAKE_HAVE_LIBC_PTHREAD
[11.409s] -- Performing Test CMAKE_HAVE_LIBC_PTHREAD - Success
[11.410s] -- Found Threads: TRUE  
[11.514s] -- Found ament_lint_auto: 0.12.10 (/opt/ros/humble/share/ament_lint_auto/cmake)
[11.566s] -- Added test 'lint_cmake' to check CMake code style
[11.566s] -- Added test 'xmllint' to check XML markup files
[11.567s] -- Configuring done
[11.571s] -- Generating done
[11.572s] -- Build files have been written to: /home/ros/ROS2/tools/build/py_launch
[11.578s] Invoked command in '/home/ros/ROS2/tools/build/py_launch' returned '0': CMAKE_PREFIX_PATH=${CMAKE_PREFIX_PATH}:/opt/ros/humble /usr/bin/cmake /home/ros/ROS2/tools/src/py_launch -DCMAKE_INSTALL_PREFIX=/home/ros/ROS2/tools/install/py_launch
[11.581s] Invoking command in '/home/ros/ROS2/tools/build/py_launch': CMAKE_PREFIX_PATH=${CMAKE_PREFIX_PATH}:/opt/ros/humble /usr/bin/cmake --build /home/ros/ROS2/tools/build/py_launch -- -j20 -l20
[11.604s] Invoked command in '/home/ros/ROS2/tools/build/py_launch' returned '0': CMAKE_PREFIX_PATH=${CMAKE_PREFIX_PATH}:/opt/ros/humble /usr/bin/cmake --build /home/ros/ROS2/tools/build/py_launch -- -j20 -l20
[11.623s] Invoking command in '/home/ros/ROS2/tools/build/py_launch': CMAKE_PREFIX_PATH=${CMAKE_PREFIX_PATH}:/opt/ros/humble /usr/bin/cmake --install /home/ros/ROS2/tools/build/py_launch
[11.626s] -- Install configuration: ""
[11.626s] -- Installing: /home/ros/ROS2/tools/install/py_launch/share/py_launch/launch
[11.627s] -- Installing: /home/ros/ROS2/tools/install/py_launch/share/ament_index/resource_index/package_run_dependencies/py_launch
[11.627s] -- Installing: /home/ros/ROS2/tools/install/py_launch/share/ament_index/resource_index/parent_prefix_path/py_launch
[11.627s] -- Installing: /home/ros/ROS2/tools/install/py_launch/share/py_launch/environment/ament_prefix_path.sh
[11.627s] -- Installing: /home/ros/ROS2/tools/install/py_launch/share/py_launch/environment/ament_prefix_path.dsv
[11.628s] -- Installing: /home/ros/ROS2/tools/install/py_launch/share/py_launch/environment/path.sh
[11.628s] -- Installing: /home/ros/ROS2/tools/install/py_launch/share/py_launch/environment/path.dsv
[11.628s] -- Installing: /home/ros/ROS2/tools/install/py_launch/share/py_launch/local_setup.bash
[11.628s] -- Installing: /home/ros/ROS2/tools/install/py_launch/share/py_launch/local_setup.sh
[11.628s] -- Installing: /home/ros/ROS2/tools/install/py_launch/share/py_launch/local_setup.zsh
[11.628s] -- Installing: /home/ros/ROS2/tools/install/py_launch/share/py_launch/local_setup.dsv
[11.628s] -- Installing: /home/ros/ROS2/tools/install/py_launch/share/py_launch/package.dsv
[11.628s] -- Installing: /home/ros/ROS2/tools/install/py_launch/share/ament_index/resource_index/packages/py_launch
[11.628s] -- Installing: /home/ros/ROS2/tools/install/py_launch/share/py_launch/cmake/py_launchConfig.cmake
[11.628s] -- Installing: /home/ros/ROS2/tools/install/py_launch/share/py_launch/cmake/py_launchConfig-version.cmake
[11.629s] -- Installing: /home/ros/ROS2/tools/install/py_launch/share/py_launch/package.xml
[11.630s] Invoked command in '/home/ros/ROS2/tools/build/py_launch' returned '0': CMAKE_PREFIX_PATH=${CMAKE_PREFIX_PATH}:/opt/ros/humble /usr/bin/cmake --install /home/ros/ROS2/tools/build/py_launch
