[0.197s] Invoking command in '/home/ros/ROS2/communication_mechanism/build/cpp_action': CMAKE_PREFIX_PATH=/home/ros/ROS2/communication_mechanism/install/base_interface_demo:/home/ros/ROS2/communication_mechanism/install/cpp_topic:/home/ros/ROS2/communication_mechanism/install/cpp_server:/home/ros/ROS2/communication_mechanism/install/cpp_action:/opt/ros/humble /usr/bin/cmake --build /home/ros/ROS2/communication_mechanism/build/cpp_action -- -j20 -l20
[0.227s] [ 75%] Built target cpp_action_client
[0.227s] [ 75%] [32mBuilding CXX object CMakeFiles/cpp_action_server.dir/src/cpp_action_server.cpp.o[0m
[2.784s] [100%] [32m[1mLinking CXX executable cpp_action_server[0m
[3.066s] [100%] Built target cpp_action_server
[3.072s] Invoked command in '/home/ros/ROS2/communication_mechanism/build/cpp_action' returned '0': CMAKE_PREFIX_PATH=/home/ros/ROS2/communication_mechanism/install/base_interface_demo:/home/ros/ROS2/communication_mechanism/install/cpp_topic:/home/ros/ROS2/communication_mechanism/install/cpp_server:/home/ros/ROS2/communication_mechanism/install/cpp_action:/opt/ros/humble /usr/bin/cmake --build /home/ros/ROS2/communication_mechanism/build/cpp_action -- -j20 -l20
[3.096s] Invoking command in '/home/ros/ROS2/communication_mechanism/build/cpp_action': CMAKE_PREFIX_PATH=/home/ros/ROS2/communication_mechanism/install/base_interface_demo:/home/ros/ROS2/communication_mechanism/install/cpp_topic:/home/ros/ROS2/communication_mechanism/install/cpp_server:/home/ros/ROS2/communication_mechanism/install/cpp_action:/opt/ros/humble /usr/bin/cmake --install /home/ros/ROS2/communication_mechanism/build/cpp_action
[3.100s] -- Install configuration: ""
[3.100s] -- Installing: /home/ros/ROS2/communication_mechanism/install/cpp_action/lib/cpp_action/cpp_action_server
[3.101s] -- Set runtime path of "/home/ros/ROS2/communication_mechanism/install/cpp_action/lib/cpp_action/cpp_action_server" to ""
[3.101s] -- Up-to-date: /home/ros/ROS2/communication_mechanism/install/cpp_action/lib/cpp_action/cpp_action_client
[3.101s] -- Up-to-date: /home/ros/ROS2/communication_mechanism/install/cpp_action/share/ament_index/resource_index/package_run_dependencies/cpp_action
[3.101s] -- Up-to-date: /home/ros/ROS2/communication_mechanism/install/cpp_action/share/ament_index/resource_index/parent_prefix_path/cpp_action
[3.101s] -- Up-to-date: /home/ros/ROS2/communication_mechanism/install/cpp_action/share/cpp_action/environment/ament_prefix_path.sh
[3.101s] -- Up-to-date: /home/ros/ROS2/communication_mechanism/install/cpp_action/share/cpp_action/environment/ament_prefix_path.dsv
[3.102s] -- Up-to-date: /home/ros/ROS2/communication_mechanism/install/cpp_action/share/cpp_action/environment/path.sh
[3.102s] -- Up-to-date: /home/ros/ROS2/communication_mechanism/install/cpp_action/share/cpp_action/environment/path.dsv
[3.102s] -- Up-to-date: /home/ros/ROS2/communication_mechanism/install/cpp_action/share/cpp_action/local_setup.bash
[3.102s] -- Up-to-date: /home/ros/ROS2/communication_mechanism/install/cpp_action/share/cpp_action/local_setup.sh
[3.102s] -- Up-to-date: /home/ros/ROS2/communication_mechanism/install/cpp_action/share/cpp_action/local_setup.zsh
[3.102s] -- Up-to-date: /home/ros/ROS2/communication_mechanism/install/cpp_action/share/cpp_action/local_setup.dsv
[3.102s] -- Installing: /home/ros/ROS2/communication_mechanism/install/cpp_action/share/cpp_action/package.dsv
[3.102s] -- Up-to-date: /home/ros/ROS2/communication_mechanism/install/cpp_action/share/ament_index/resource_index/packages/cpp_action
[3.102s] -- Up-to-date: /home/ros/ROS2/communication_mechanism/install/cpp_action/share/cpp_action/cmake/cpp_actionConfig.cmake
[3.102s] -- Up-to-date: /home/ros/ROS2/communication_mechanism/install/cpp_action/share/cpp_action/cmake/cpp_actionConfig-version.cmake
[3.102s] -- Up-to-date: /home/ros/ROS2/communication_mechanism/install/cpp_action/share/cpp_action/package.xml
[3.103s] Invoked command in '/home/ros/ROS2/communication_mechanism/build/cpp_action' returned '0': CMAKE_PREFIX_PATH=/home/ros/ROS2/communication_mechanism/install/base_interface_demo:/home/ros/ROS2/communication_mechanism/install/cpp_topic:/home/ros/ROS2/communication_mechanism/install/cpp_server:/home/ros/ROS2/communication_mechanism/install/cpp_action:/opt/ros/humble /usr/bin/cmake --install /home/ros/ROS2/communication_mechanism/build/cpp_action
