[35m[1mConsolidate compiler generated dependencies of target cpp_topic_talker[0m
[35m[1mConsolidate compiler generated dependencies of target cpp_topic_listener[0m
[35m[1mConsolidate compiler generated dependencies of target cpp_topic_listener_define[0m
[35m[1mConsolidate compiler generated dependencies of target cpp_topic_talker_define[0m
[ 25%] Built target cpp_topic_listener
[ 50%] Built target cpp_topic_talker
[ 75%] Built target cpp_topic_talker_define
[100%] Built target cpp_topic_listener_define
-- Install configuration: ""
-- Up-to-date: /home/huang/ros2/ROS2/communication_mechanism/install/cpp_topic/lib/cpp_topic/cpp_topic_talker
-- Up-to-date: /home/huang/ros2/ROS2/communication_mechanism/install/cpp_topic/lib/cpp_topic/cpp_topic_listener
-- Up-to-date: /home/huang/ros2/ROS2/communication_mechanism/install/cpp_topic/lib/cpp_topic/cpp_topic_talker_define
-- Up-to-date: /home/huang/ros2/ROS2/communication_mechanism/install/cpp_topic/lib/cpp_topic/cpp_topic_listener_define
-- Up-to-date: /home/huang/ros2/ROS2/communication_mechanism/install/cpp_topic/share/ament_index/resource_index/package_run_dependencies/cpp_topic
-- Up-to-date: /home/huang/ros2/ROS2/communication_mechanism/install/cpp_topic/share/ament_index/resource_index/parent_prefix_path/cpp_topic
-- Up-to-date: /home/huang/ros2/ROS2/communication_mechanism/install/cpp_topic/share/cpp_topic/environment/ament_prefix_path.sh
-- Up-to-date: /home/huang/ros2/ROS2/communication_mechanism/install/cpp_topic/share/cpp_topic/environment/ament_prefix_path.dsv
-- Up-to-date: /home/huang/ros2/ROS2/communication_mechanism/install/cpp_topic/share/cpp_topic/environment/path.sh
-- Up-to-date: /home/huang/ros2/ROS2/communication_mechanism/install/cpp_topic/share/cpp_topic/environment/path.dsv
-- Up-to-date: /home/huang/ros2/ROS2/communication_mechanism/install/cpp_topic/share/cpp_topic/local_setup.bash
-- Up-to-date: /home/huang/ros2/ROS2/communication_mechanism/install/cpp_topic/share/cpp_topic/local_setup.sh
-- Up-to-date: /home/huang/ros2/ROS2/communication_mechanism/install/cpp_topic/share/cpp_topic/local_setup.zsh
-- Up-to-date: /home/huang/ros2/ROS2/communication_mechanism/install/cpp_topic/share/cpp_topic/local_setup.dsv
-- Installing: /home/huang/ros2/ROS2/communication_mechanism/install/cpp_topic/share/cpp_topic/package.dsv
-- Up-to-date: /home/huang/ros2/ROS2/communication_mechanism/install/cpp_topic/share/ament_index/resource_index/packages/cpp_topic
-- Up-to-date: /home/huang/ros2/ROS2/communication_mechanism/install/cpp_topic/share/cpp_topic/cmake/cpp_topicConfig.cmake
-- Up-to-date: /home/huang/ros2/ROS2/communication_mechanism/install/cpp_topic/share/cpp_topic/cmake/cpp_topicConfig-version.cmake
-- Up-to-date: /home/huang/ros2/ROS2/communication_mechanism/install/cpp_topic/share/cpp_topic/package.xml
