[0.027s] Invoking command in '/home/huang/ros2/ROS2/communication_mechanism/build/cpp_topic': CMAKE_PREFIX_PATH=/home/huang/ros2/ROS2/communication_mechanism/install/base_interface_demo:/home/huang/ros2/ROS2/geometry_tutorials/install/turtle_tf2_cpp:/home/huang/ros2/ROS2/geometry_tutorials/install/geometry_tutorials:/home/huang/ros2/ROS2/tools/install/cpp_rosbag:/home/huang/ros2/ROS2/tools/install/cpp_launch:/home/huang/ros2/ROS2/communication_mechanism/install/cpp_topic:/home/huang/ros2/ROS2/communication_mechanism/install/cpp_time:/home/huang/ros2/ROS2/communication_mechanism/install/cpp_server:/home/huang/ros2/ROS2/communication_mechanism/install/cpp_param:/home/huang/ros2/ROS2/communication_mechanism/install/cpp_action:/home/huang/ros2/ROS2/geometry_tutorials/install/turtle_tf2_py:/opt/ros/humble /usr/bin/cmake --build /home/huang/ros2/ROS2/communication_mechanism/build/cpp_topic -- -j20 -l20
[0.047s] [35m[1mConsolidate compiler generated dependencies of target cpp_topic_talker[0m
[0.047s] [35m[1mConsolidate compiler generated dependencies of target cpp_topic_listener[0m
[0.047s] [35m[1mConsolidate compiler generated dependencies of target cpp_topic_listener_define[0m
[0.048s] [35m[1mConsolidate compiler generated dependencies of target cpp_topic_talker_define[0m
[0.055s] [ 25%] Built target cpp_topic_listener
[0.056s] [ 50%] Built target cpp_topic_talker
[0.056s] [ 75%] Built target cpp_topic_talker_define
[0.057s] [100%] Built target cpp_topic_listener_define
[0.063s] Invoked command in '/home/huang/ros2/ROS2/communication_mechanism/build/cpp_topic' returned '0': CMAKE_PREFIX_PATH=/home/huang/ros2/ROS2/communication_mechanism/install/base_interface_demo:/home/huang/ros2/ROS2/geometry_tutorials/install/turtle_tf2_cpp:/home/huang/ros2/ROS2/geometry_tutorials/install/geometry_tutorials:/home/huang/ros2/ROS2/tools/install/cpp_rosbag:/home/huang/ros2/ROS2/tools/install/cpp_launch:/home/huang/ros2/ROS2/communication_mechanism/install/cpp_topic:/home/huang/ros2/ROS2/communication_mechanism/install/cpp_time:/home/huang/ros2/ROS2/communication_mechanism/install/cpp_server:/home/huang/ros2/ROS2/communication_mechanism/install/cpp_param:/home/huang/ros2/ROS2/communication_mechanism/install/cpp_action:/home/huang/ros2/ROS2/geometry_tutorials/install/turtle_tf2_py:/opt/ros/humble /usr/bin/cmake --build /home/huang/ros2/ROS2/communication_mechanism/build/cpp_topic -- -j20 -l20
[0.080s] Invoking command in '/home/huang/ros2/ROS2/communication_mechanism/build/cpp_topic': CMAKE_PREFIX_PATH=/home/huang/ros2/ROS2/communication_mechanism/install/base_interface_demo:/home/huang/ros2/ROS2/geometry_tutorials/install/turtle_tf2_cpp:/home/huang/ros2/ROS2/geometry_tutorials/install/geometry_tutorials:/home/huang/ros2/ROS2/tools/install/cpp_rosbag:/home/huang/ros2/ROS2/tools/install/cpp_launch:/home/huang/ros2/ROS2/communication_mechanism/install/cpp_topic:/home/huang/ros2/ROS2/communication_mechanism/install/cpp_time:/home/huang/ros2/ROS2/communication_mechanism/install/cpp_server:/home/huang/ros2/ROS2/communication_mechanism/install/cpp_param:/home/huang/ros2/ROS2/communication_mechanism/install/cpp_action:/home/huang/ros2/ROS2/geometry_tutorials/install/turtle_tf2_py:/opt/ros/humble /usr/bin/cmake --install /home/huang/ros2/ROS2/communication_mechanism/build/cpp_topic
[0.085s] -- Install configuration: ""
[0.086s] -- Up-to-date: /home/huang/ros2/ROS2/communication_mechanism/install/cpp_topic/lib/cpp_topic/cpp_topic_talker
[0.086s] -- Up-to-date: /home/huang/ros2/ROS2/communication_mechanism/install/cpp_topic/lib/cpp_topic/cpp_topic_listener
[0.086s] -- Up-to-date: /home/huang/ros2/ROS2/communication_mechanism/install/cpp_topic/lib/cpp_topic/cpp_topic_talker_define
[0.088s] -- Up-to-date: /home/huang/ros2/ROS2/communication_mechanism/install/cpp_topic/lib/cpp_topic/cpp_topic_listener_define
[0.088s] -- Up-to-date: /home/huang/ros2/ROS2/communication_mechanism/install/cpp_topic/share/ament_index/resource_index/package_run_dependencies/cpp_topic
[0.088s] -- Up-to-date: /home/huang/ros2/ROS2/communication_mechanism/install/cpp_topic/share/ament_index/resource_index/parent_prefix_path/cpp_topic
[0.088s] -- Up-to-date: /home/huang/ros2/ROS2/communication_mechanism/install/cpp_topic/share/cpp_topic/environment/ament_prefix_path.sh
[0.088s] -- Up-to-date: /home/huang/ros2/ROS2/communication_mechanism/install/cpp_topic/share/cpp_topic/environment/ament_prefix_path.dsv
[0.088s] -- Up-to-date: /home/huang/ros2/ROS2/communication_mechanism/install/cpp_topic/share/cpp_topic/environment/path.sh
[0.088s] -- Up-to-date: /home/huang/ros2/ROS2/communication_mechanism/install/cpp_topic/share/cpp_topic/environment/path.dsv
[0.089s] -- Up-to-date: /home/huang/ros2/ROS2/communication_mechanism/install/cpp_topic/share/cpp_topic/local_setup.bash
[0.089s] -- Up-to-date: /home/huang/ros2/ROS2/communication_mechanism/install/cpp_topic/share/cpp_topic/local_setup.sh
[0.089s] -- Up-to-date: /home/huang/ros2/ROS2/communication_mechanism/install/cpp_topic/share/cpp_topic/local_setup.zsh
[0.089s] -- Up-to-date: /home/huang/ros2/ROS2/communication_mechanism/install/cpp_topic/share/cpp_topic/local_setup.dsv
[0.089s] -- Installing: /home/huang/ros2/ROS2/communication_mechanism/install/cpp_topic/share/cpp_topic/package.dsv
[0.089s] -- Up-to-date: /home/huang/ros2/ROS2/communication_mechanism/install/cpp_topic/share/ament_index/resource_index/packages/cpp_topic
[0.089s] -- Up-to-date: /home/huang/ros2/ROS2/communication_mechanism/install/cpp_topic/share/cpp_topic/cmake/cpp_topicConfig.cmake
[0.089s] -- Up-to-date: /home/huang/ros2/ROS2/communication_mechanism/install/cpp_topic/share/cpp_topic/cmake/cpp_topicConfig-version.cmake
[0.089s] -- Up-to-date: /home/huang/ros2/ROS2/communication_mechanism/install/cpp_topic/share/cpp_topic/package.xml
[0.091s] Invoked command in '/home/huang/ros2/ROS2/communication_mechanism/build/cpp_topic' returned '0': CMAKE_PREFIX_PATH=/home/huang/ros2/ROS2/communication_mechanism/install/base_interface_demo:/home/huang/ros2/ROS2/geometry_tutorials/install/turtle_tf2_cpp:/home/huang/ros2/ROS2/geometry_tutorials/install/geometry_tutorials:/home/huang/ros2/ROS2/tools/install/cpp_rosbag:/home/huang/ros2/ROS2/tools/install/cpp_launch:/home/huang/ros2/ROS2/communication_mechanism/install/cpp_topic:/home/huang/ros2/ROS2/communication_mechanism/install/cpp_time:/home/huang/ros2/ROS2/communication_mechanism/install/cpp_server:/home/huang/ros2/ROS2/communication_mechanism/install/cpp_param:/home/huang/ros2/ROS2/communication_mechanism/install/cpp_action:/home/huang/ros2/ROS2/geometry_tutorials/install/turtle_tf2_py:/opt/ros/humble /usr/bin/cmake --install /home/huang/ros2/ROS2/communication_mechanism/build/cpp_topic
