[ 25%] Built target demo_time_time
[ 75%] Built target demo_time_operation
[ 75%] Built target demo_time_rate
[100%] Built target demo_time_duration
-- Install configuration: ""
-- Up-to-date: /home/huang/ros2/ROS2/communication_mechanism/install/cpp_time/lib/cpp_time/demo_time_rate
-- Up-to-date: /home/huang/ros2/ROS2/communication_mechanism/install/cpp_time/lib/cpp_time/demo_time_time
-- Up-to-date: /home/huang/ros2/ROS2/communication_mechanism/install/cpp_time/lib/cpp_time/demo_time_duration
-- Up-to-date: /home/huang/ros2/ROS2/communication_mechanism/install/cpp_time/lib/cpp_time/demo_time_operation
-- Up-to-date: /home/huang/ros2/ROS2/communication_mechanism/install/cpp_time/share/ament_index/resource_index/package_run_dependencies/cpp_time
-- Up-to-date: /home/huang/ros2/ROS2/communication_mechanism/install/cpp_time/share/ament_index/resource_index/parent_prefix_path/cpp_time
-- Up-to-date: /home/huang/ros2/ROS2/communication_mechanism/install/cpp_time/share/cpp_time/environment/ament_prefix_path.sh
-- Up-to-date: /home/huang/ros2/ROS2/communication_mechanism/install/cpp_time/share/cpp_time/environment/ament_prefix_path.dsv
-- Up-to-date: /home/huang/ros2/ROS2/communication_mechanism/install/cpp_time/share/cpp_time/environment/path.sh
-- Up-to-date: /home/huang/ros2/ROS2/communication_mechanism/install/cpp_time/share/cpp_time/environment/path.dsv
-- Up-to-date: /home/huang/ros2/ROS2/communication_mechanism/install/cpp_time/share/cpp_time/local_setup.bash
-- Up-to-date: /home/huang/ros2/ROS2/communication_mechanism/install/cpp_time/share/cpp_time/local_setup.sh
-- Up-to-date: /home/huang/ros2/ROS2/communication_mechanism/install/cpp_time/share/cpp_time/local_setup.zsh
-- Up-to-date: /home/huang/ros2/ROS2/communication_mechanism/install/cpp_time/share/cpp_time/local_setup.dsv
-- Installing: /home/huang/ros2/ROS2/communication_mechanism/install/cpp_time/share/cpp_time/package.dsv
-- Up-to-date: /home/huang/ros2/ROS2/communication_mechanism/install/cpp_time/share/ament_index/resource_index/packages/cpp_time
-- Up-to-date: /home/huang/ros2/ROS2/communication_mechanism/install/cpp_time/share/cpp_time/cmake/cpp_timeConfig.cmake
-- Up-to-date: /home/huang/ros2/ROS2/communication_mechanism/install/cpp_time/share/cpp_time/cmake/cpp_timeConfig-version.cmake
-- Up-to-date: /home/huang/ros2/ROS2/communication_mechanism/install/cpp_time/share/cpp_time/package.xml
