[0.012s] Invoking command in '/home/huang/ros2/ROS2/communication_mechanism/build/cpp_time': CMAKE_PREFIX_PATH=${CMAKE_PREFIX_PATH}:/home/huang/ros2/ROS2/geometry_tutorials/install/turtle_tf2_py:/opt/ros/humble /usr/bin/cmake --build /home/huang/ros2/ROS2/communication_mechanism/build/cpp_time -- -j20 -l20
[0.051s] [ 25%] Built target demo_time_time
[0.051s] [ 75%] Built target demo_time_operation
[0.051s] [ 75%] Built target demo_time_rate
[0.052s] [100%] Built target demo_time_duration
[0.061s] Invoked command in '/home/huang/ros2/ROS2/communication_mechanism/build/cpp_time' returned '0': CMAKE_PREFIX_PATH=${CMAKE_PREFIX_PATH}:/home/huang/ros2/ROS2/geometry_tutorials/install/turtle_tf2_py:/opt/ros/humble /usr/bin/cmake --build /home/huang/ros2/ROS2/communication_mechanism/build/cpp_time -- -j20 -l20
[0.078s] Invoking command in '/home/huang/ros2/ROS2/communication_mechanism/build/cpp_time': CMAKE_PREFIX_PATH=${CMAKE_PREFIX_PATH}:/home/huang/ros2/ROS2/geometry_tutorials/install/turtle_tf2_py:/opt/ros/humble /usr/bin/cmake --install /home/huang/ros2/ROS2/communication_mechanism/build/cpp_time
[0.081s] -- Install configuration: ""
[0.082s] -- Up-to-date: /home/huang/ros2/ROS2/communication_mechanism/install/cpp_time/lib/cpp_time/demo_time_rate
[0.082s] -- Up-to-date: /home/huang/ros2/ROS2/communication_mechanism/install/cpp_time/lib/cpp_time/demo_time_time
[0.083s] -- Up-to-date: /home/huang/ros2/ROS2/communication_mechanism/install/cpp_time/lib/cpp_time/demo_time_duration
[0.083s] -- Up-to-date: /home/huang/ros2/ROS2/communication_mechanism/install/cpp_time/lib/cpp_time/demo_time_operation
[0.083s] -- Up-to-date: /home/huang/ros2/ROS2/communication_mechanism/install/cpp_time/share/ament_index/resource_index/package_run_dependencies/cpp_time
[0.083s] -- Up-to-date: /home/huang/ros2/ROS2/communication_mechanism/install/cpp_time/share/ament_index/resource_index/parent_prefix_path/cpp_time
[0.083s] -- Up-to-date: /home/huang/ros2/ROS2/communication_mechanism/install/cpp_time/share/cpp_time/environment/ament_prefix_path.sh
[0.084s] -- Up-to-date: /home/huang/ros2/ROS2/communication_mechanism/install/cpp_time/share/cpp_time/environment/ament_prefix_path.dsv
[0.084s] -- Up-to-date: /home/huang/ros2/ROS2/communication_mechanism/install/cpp_time/share/cpp_time/environment/path.sh
[0.084s] -- Up-to-date: /home/huang/ros2/ROS2/communication_mechanism/install/cpp_time/share/cpp_time/environment/path.dsv
[0.084s] -- Up-to-date: /home/huang/ros2/ROS2/communication_mechanism/install/cpp_time/share/cpp_time/local_setup.bash
[0.084s] -- Up-to-date: /home/huang/ros2/ROS2/communication_mechanism/install/cpp_time/share/cpp_time/local_setup.sh
[0.084s] -- Up-to-date: /home/huang/ros2/ROS2/communication_mechanism/install/cpp_time/share/cpp_time/local_setup.zsh
[0.084s] -- Up-to-date: /home/huang/ros2/ROS2/communication_mechanism/install/cpp_time/share/cpp_time/local_setup.dsv
[0.084s] -- Installing: /home/huang/ros2/ROS2/communication_mechanism/install/cpp_time/share/cpp_time/package.dsv
[0.085s] -- Up-to-date: /home/huang/ros2/ROS2/communication_mechanism/install/cpp_time/share/ament_index/resource_index/packages/cpp_time
[0.085s] -- Up-to-date: /home/huang/ros2/ROS2/communication_mechanism/install/cpp_time/share/cpp_time/cmake/cpp_timeConfig.cmake
[0.085s] -- Up-to-date: /home/huang/ros2/ROS2/communication_mechanism/install/cpp_time/share/cpp_time/cmake/cpp_timeConfig-version.cmake
[0.085s] -- Up-to-date: /home/huang/ros2/ROS2/communication_mechanism/install/cpp_time/share/cpp_time/package.xml
[0.094s] Invoked command in '/home/huang/ros2/ROS2/communication_mechanism/build/cpp_time' returned '0': CMAKE_PREFIX_PATH=${CMAKE_PREFIX_PATH}:/home/huang/ros2/ROS2/geometry_tutorials/install/turtle_tf2_py:/opt/ros/humble /usr/bin/cmake --install /home/huang/ros2/ROS2/communication_mechanism/build/cpp_time
