[0.166s] Invoking command in '/home/ros/ROS2/communication_mechanism/build/cpp_action': AMENT_PREFIX_PATH=/home/ros/ROS2/communication_mechanism/install/base_interface_demo:${AMENT_PREFIX_PATH} CMAKE_PREFIX_PATH=/home/ros/ROS2/communication_mechanism/install/base_interface_demo:/opt/ros/humble LD_LIBRARY_PATH=/home/ros/ROS2/communication_mechanism/install/base_interface_demo/lib:${LD_LIBRARY_PATH} PYTHONPATH=/home/ros/ROS2/communication_mechanism/install/base_interface_demo/local/lib/python3.10/dist-packages:${PYTHONPATH} /usr/bin/cmake --build /home/ros/ROS2/communication_mechanism/build/cpp_action -- -j20 -l20
[0.189s] [35m[1mConsolidate compiler generated dependencies of target cpp_action_server[0m
[0.195s] [ 50%] Built target cpp_action_client
[0.198s] [ 75%] [32mBuilding CXX object CMakeFiles/cpp_action_server.dir/src/cpp_action_server.cpp.o[0m
[2.367s] [100%] [32m[1mLinking CXX executable cpp_action_server[0m
[2.595s] [100%] Built target cpp_action_server
[2.600s] Invoked command in '/home/ros/ROS2/communication_mechanism/build/cpp_action' returned '0': AMENT_PREFIX_PATH=/home/ros/ROS2/communication_mechanism/install/base_interface_demo:${AMENT_PREFIX_PATH} CMAKE_PREFIX_PATH=/home/ros/ROS2/communication_mechanism/install/base_interface_demo:/opt/ros/humble LD_LIBRARY_PATH=/home/ros/ROS2/communication_mechanism/install/base_interface_demo/lib:${LD_LIBRARY_PATH} PYTHONPATH=/home/ros/ROS2/communication_mechanism/install/base_interface_demo/local/lib/python3.10/dist-packages:${PYTHONPATH} /usr/bin/cmake --build /home/ros/ROS2/communication_mechanism/build/cpp_action -- -j20 -l20
[2.620s] Invoking command in '/home/ros/ROS2/communication_mechanism/build/cpp_action': AMENT_PREFIX_PATH=/home/ros/ROS2/communication_mechanism/install/base_interface_demo:${AMENT_PREFIX_PATH} CMAKE_PREFIX_PATH=/home/ros/ROS2/communication_mechanism/install/base_interface_demo:/opt/ros/humble LD_LIBRARY_PATH=/home/ros/ROS2/communication_mechanism/install/base_interface_demo/lib:${LD_LIBRARY_PATH} PYTHONPATH=/home/ros/ROS2/communication_mechanism/install/base_interface_demo/local/lib/python3.10/dist-packages:${PYTHONPATH} /usr/bin/cmake --install /home/ros/ROS2/communication_mechanism/build/cpp_action
[2.623s] -- Install configuration: ""
[2.624s] -- Installing: /home/ros/ROS2/communication_mechanism/install/cpp_action/lib/cpp_action/cpp_action_server
[2.624s] -- Set runtime path of "/home/ros/ROS2/communication_mechanism/install/cpp_action/lib/cpp_action/cpp_action_server" to ""
[2.624s] -- Up-to-date: /home/ros/ROS2/communication_mechanism/install/cpp_action/lib/cpp_action/cpp_action_client
[2.624s] -- Up-to-date: /home/ros/ROS2/communication_mechanism/install/cpp_action/share/ament_index/resource_index/package_run_dependencies/cpp_action
[2.624s] -- Up-to-date: /home/ros/ROS2/communication_mechanism/install/cpp_action/share/ament_index/resource_index/parent_prefix_path/cpp_action
[2.625s] -- Up-to-date: /home/ros/ROS2/communication_mechanism/install/cpp_action/share/cpp_action/environment/ament_prefix_path.sh
[2.625s] -- Up-to-date: /home/ros/ROS2/communication_mechanism/install/cpp_action/share/cpp_action/environment/ament_prefix_path.dsv
[2.625s] -- Up-to-date: /home/ros/ROS2/communication_mechanism/install/cpp_action/share/cpp_action/environment/path.sh
[2.625s] -- Up-to-date: /home/ros/ROS2/communication_mechanism/install/cpp_action/share/cpp_action/environment/path.dsv
[2.625s] -- Up-to-date: /home/ros/ROS2/communication_mechanism/install/cpp_action/share/cpp_action/local_setup.bash
[2.625s] -- Up-to-date: /home/ros/ROS2/communication_mechanism/install/cpp_action/share/cpp_action/local_setup.sh
[2.625s] -- Up-to-date: /home/ros/ROS2/communication_mechanism/install/cpp_action/share/cpp_action/local_setup.zsh
[2.625s] -- Up-to-date: /home/ros/ROS2/communication_mechanism/install/cpp_action/share/cpp_action/local_setup.dsv
[2.625s] -- Installing: /home/ros/ROS2/communication_mechanism/install/cpp_action/share/cpp_action/package.dsv
[2.626s] -- Up-to-date: /home/ros/ROS2/communication_mechanism/install/cpp_action/share/ament_index/resource_index/packages/cpp_action
[2.626s] -- Up-to-date: /home/ros/ROS2/communication_mechanism/install/cpp_action/share/cpp_action/cmake/cpp_actionConfig.cmake
[2.626s] -- Up-to-date: /home/ros/ROS2/communication_mechanism/install/cpp_action/share/cpp_action/cmake/cpp_actionConfig-version.cmake
[2.626s] -- Up-to-date: /home/ros/ROS2/communication_mechanism/install/cpp_action/share/cpp_action/package.xml
[2.627s] Invoked command in '/home/ros/ROS2/communication_mechanism/build/cpp_action' returned '0': AMENT_PREFIX_PATH=/home/ros/ROS2/communication_mechanism/install/base_interface_demo:${AMENT_PREFIX_PATH} CMAKE_PREFIX_PATH=/home/ros/ROS2/communication_mechanism/install/base_interface_demo:/opt/ros/humble LD_LIBRARY_PATH=/home/ros/ROS2/communication_mechanism/install/base_interface_demo/lib:${LD_LIBRARY_PATH} PYTHONPATH=/home/ros/ROS2/communication_mechanism/install/base_interface_demo/local/lib/python3.10/dist-packages:${PYTHONPATH} /usr/bin/cmake --install /home/ros/ROS2/communication_mechanism/build/cpp_action
