[0.005s] Invoking command in '/home/ros/ROS2/tools/build/cpp_launch': CMAKE_PREFIX_PATH=/opt/ros/humble /usr/bin/cmake /home/ros/ROS2/tools/src/cpp_launch -DCMAKE_INSTALL_PREFIX=/home/ros/ROS2/tools/install/cpp_launch
[0.247s] -- The C compiler identification is GNU 11.4.0
[1.068s] -- The CXX compiler identification is GNU 11.4.0
[1.686s] -- Detecting C compiler ABI info
[1.880s] -- Detecting C compiler ABI info - done
[1.885s] -- Check for working C compiler: /usr/bin/cc - skipped
[1.895s] -- Detecting C compile features
[1.896s] -- Detecting C compile features - done
[1.899s] -- Detecting CXX compiler ABI info
[2.096s] -- Detecting CXX compiler ABI info - done
[2.101s] -- Check for working CXX compiler: /usr/bin/c++ - skipped
[2.101s] -- Detecting CXX compile features
[2.101s] -- Detecting CXX compile features - done
[2.105s] -- Found ament_cmake: 1.3.8 (/opt/ros/humble/share/ament_cmake/cmake)
[2.196s] -- Found Python3: /usr/bin/python3 (found version "3.10.12") found components: Interpreter 
[2.268s] -- Found rclcpp: 16.0.8 (/opt/ros/humble/share/rclcpp/cmake)
[2.492s] -- Found rosidl_generator_c: 3.1.5 (/opt/ros/humble/share/rosidl_generator_c/cmake)
[2.497s] -- Found rosidl_adapter: 3.1.5 (/opt/ros/humble/share/rosidl_adapter/cmake)
[2.505s] -- Found rosidl_generator_cpp: 3.1.5 (/opt/ros/humble/share/rosidl_generator_cpp/cmake)
[2.519s] -- Using all available rosidl_typesupport_c: rosidl_typesupport_fastrtps_c;rosidl_typesupport_introspection_c
[2.537s] -- Using all available rosidl_typesupport_cpp: rosidl_typesupport_fastrtps_cpp;rosidl_typesupport_introspection_cpp
[2.589s] -- Found rmw_implementation_cmake: 6.1.1 (/opt/ros/humble/share/rmw_implementation_cmake/cmake)
[2.592s] -- Found rmw_fastrtps_cpp: 6.2.6 (/opt/ros/humble/share/rmw_fastrtps_cpp/cmake)
[4.709s] -- Found OpenSSL: /usr/lib/x86_64-linux-gnu/libcrypto.so (found version "3.0.2")  
[7.005s] -- Found FastRTPS: /opt/ros/humble/include  
[11.191s] -- Using RMW implementation 'rmw_fastrtps_cpp' as default
[11.201s] -- Looking for pthread.h
[11.392s] -- Looking for pthread.h - found
[11.392s] -- Performing Test CMAKE_HAVE_LIBC_PTHREAD
[11.584s] -- Performing Test CMAKE_HAVE_LIBC_PTHREAD - Success
[11.585s] -- Found Threads: TRUE  
[11.700s] -- Found ament_lint_auto: 0.12.10 (/opt/ros/humble/share/ament_lint_auto/cmake)
[11.754s] -- Added test 'lint_cmake' to check CMake code style
[11.756s] -- Added test 'xmllint' to check XML markup files
[11.757s] -- Configuring done
[11.760s] -- Generating done
[11.761s] -- Build files have been written to: /home/ros/ROS2/tools/build/cpp_launch
[11.769s] Invoked command in '/home/ros/ROS2/tools/build/cpp_launch' returned '0': CMAKE_PREFIX_PATH=/opt/ros/humble /usr/bin/cmake /home/ros/ROS2/tools/src/cpp_launch -DCMAKE_INSTALL_PREFIX=/home/ros/ROS2/tools/install/cpp_launch
[11.770s] Invoking command in '/home/ros/ROS2/tools/build/cpp_launch': CMAKE_PREFIX_PATH=/opt/ros/humble /usr/bin/cmake --build /home/ros/ROS2/tools/build/cpp_launch -- -j20 -l20
[11.789s] Invoked command in '/home/ros/ROS2/tools/build/cpp_launch' returned '0': CMAKE_PREFIX_PATH=/opt/ros/humble /usr/bin/cmake --build /home/ros/ROS2/tools/build/cpp_launch -- -j20 -l20
[11.805s] Invoking command in '/home/ros/ROS2/tools/build/cpp_launch': CMAKE_PREFIX_PATH=/opt/ros/humble /usr/bin/cmake --install /home/ros/ROS2/tools/build/cpp_launch
[11.809s] -- Install configuration: ""
[11.809s] -- Installing: /home/ros/ROS2/tools/install/cpp_launch/share/ament_index/resource_index/package_run_dependencies/cpp_launch
[11.809s] -- Installing: /home/ros/ROS2/tools/install/cpp_launch/share/ament_index/resource_index/parent_prefix_path/cpp_launch
[11.810s] -- Installing: /home/ros/ROS2/tools/install/cpp_launch/share/cpp_launch/environment/ament_prefix_path.sh
[11.810s] -- Installing: /home/ros/ROS2/tools/install/cpp_launch/share/cpp_launch/environment/ament_prefix_path.dsv
[11.810s] -- Installing: /home/ros/ROS2/tools/install/cpp_launch/share/cpp_launch/environment/path.sh
[11.810s] -- Installing: /home/ros/ROS2/tools/install/cpp_launch/share/cpp_launch/environment/path.dsv
[11.810s] -- Installing: /home/ros/ROS2/tools/install/cpp_launch/share/cpp_launch/local_setup.bash
[11.810s] -- Installing: /home/ros/ROS2/tools/install/cpp_launch/share/cpp_launch/local_setup.sh
[11.810s] -- Installing: /home/ros/ROS2/tools/install/cpp_launch/share/cpp_launch/local_setup.zsh
[11.810s] -- Installing: /home/ros/ROS2/tools/install/cpp_launch/share/cpp_launch/local_setup.dsv
[11.810s] -- Installing: /home/ros/ROS2/tools/install/cpp_launch/share/cpp_launch/package.dsv
[11.811s] -- Installing: /home/ros/ROS2/tools/install/cpp_launch/share/ament_index/resource_index/packages/cpp_launch
[11.811s] -- Installing: /home/ros/ROS2/tools/install/cpp_launch/share/cpp_launch/cmake/cpp_launchConfig.cmake
[11.811s] -- Installing: /home/ros/ROS2/tools/install/cpp_launch/share/cpp_launch/cmake/cpp_launchConfig-version.cmake
[11.811s] -- Installing: /home/ros/ROS2/tools/install/cpp_launch/share/cpp_launch/package.xml
[11.812s] Invoked command in '/home/ros/ROS2/tools/build/cpp_launch' returned '0': CMAKE_PREFIX_PATH=/opt/ros/humble /usr/bin/cmake --install /home/ros/ROS2/tools/build/cpp_launch
