[0.008s] Invoking command in '/home/huang/ros2/ROS2/coordinate_transformations/build/cpp_tf_turtle': CMAKE_PREFIX_PATH=/opt/ros/humble /usr/bin/cmake /home/huang/ros2/ROS2/coordinate_transformations/src/cpp_tf_turtle -DCMAKE_INSTALL_PREFIX=/home/huang/ros2/ROS2/coordinate_transformations/install/cpp_tf_turtle
[0.091s] -- The C compiler identification is GNU 11.4.0
[0.246s] -- The CXX compiler identification is GNU 11.4.0
[0.331s] -- Detecting C compiler ABI info
[0.385s] -- Detecting C compiler ABI info - done
[0.388s] -- Check for working C compiler: /usr/bin/cc - skipped
[0.389s] -- Detecting C compile features
[0.389s] -- Detecting C compile features - done
[0.391s] -- Detecting CXX compiler ABI info
[0.447s] -- Detecting CXX compiler ABI info - done
[0.451s] -- Check for working CXX compiler: /usr/bin/c++ - skipped
[0.451s] -- Detecting CXX compile features
[0.451s] -- Detecting CXX compile features - done
[0.457s] -- Found ament_cmake: 1.3.10 (/opt/ros/humble/share/ament_cmake/cmake)
[0.532s] -- Found Python3: /usr/bin/python3 (found version "3.10.12") found components: Interpreter 
[0.585s] -- Found rclcpp: 16.0.10 (/opt/ros/humble/share/rclcpp/cmake)
[0.652s] -- Found rosidl_generator_c: 3.1.5 (/opt/ros/humble/share/rosidl_generator_c/cmake)
[0.656s] -- Found rosidl_adapter: 3.1.5 (/opt/ros/humble/share/rosidl_adapter/cmake)
[0.661s] -- Found rosidl_generator_cpp: 3.1.5 (/opt/ros/humble/share/rosidl_generator_cpp/cmake)
[0.671s] -- Using all available rosidl_typesupport_c: rosidl_typesupport_fastrtps_c;rosidl_typesupport_introspection_c
[0.682s] -- Using all available rosidl_typesupport_cpp: rosidl_typesupport_fastrtps_cpp;rosidl_typesupport_introspection_cpp
[0.712s] -- Found rmw_implementation_cmake: 6.1.2 (/opt/ros/humble/share/rmw_implementation_cmake/cmake)
[0.714s] -- Found rmw_fastrtps_cpp: 6.2.7 (/opt/ros/humble/share/rmw_fastrtps_cpp/cmake)
[1.084s] -- Found OpenSSL: /usr/lib/x86_64-linux-gnu/libcrypto.so (found version "3.0.2")  
[1.467s] -- Found FastRTPS: /opt/ros/humble/include  
[2.140s] -- Using RMW implementation 'rmw_fastrtps_cpp' as default
[2.156s] -- Looking for pthread.h
[2.206s] -- Looking for pthread.h - found
[2.206s] -- Performing Test CMAKE_HAVE_LIBC_PTHREAD
[2.257s] -- Performing Test CMAKE_HAVE_LIBC_PTHREAD - Success
[2.257s] -- Found Threads: TRUE  
[2.294s] -- Found tf2: 0.25.8 (/opt/ros/humble/share/tf2/cmake)
[2.309s] -- Found tf2_ros: 0.25.8 (/opt/ros/humble/share/tf2_ros/cmake)
[2.369s] [31mCMake Error at CMakeLists.txt:30 (target_compile_features):
[2.369s]   Cannot specify compile features for target "demo" which is not built by
[2.369s]   this project.
[2.369s] 
[2.369s] [0m
[2.370s] [31mCMake Error at CMakeLists.txt:55 (install):
[2.370s]   install TARGETS given target "launch" which does not exist.
[2.370s] 
[2.370s] [0m
[2.371s] -- Found ament_lint_auto: 0.12.11 (/opt/ros/humble/share/ament_lint_auto/cmake)
[2.413s] -- Added test 'cppcheck' to perform static code analysis on C / C++ code
[2.413s] -- Configured cppcheck include dirs: $<BUILD_INTERFACE:/home/huang/ros2/ROS2/coordinate_transformations/src/cpp_tf_turtle/include>
[2.413s] -- Configured cppcheck exclude dirs and/or files: 
[2.414s] -- Added test 'lint_cmake' to check CMake code style
[2.415s] -- Added test 'uncrustify' to check C / C++ code style
[2.415s] -- Configured uncrustify additional arguments: 
[2.415s] -- Added test 'xmllint' to check XML markup files
[2.416s] -- Configuring incomplete, errors occurred!
[2.416s] See also "/home/huang/ros2/ROS2/coordinate_transformations/build/cpp_tf_turtle/CMakeFiles/CMakeOutput.log".
[2.423s] Invoked command in '/home/huang/ros2/ROS2/coordinate_transformations/build/cpp_tf_turtle' returned '1': CMAKE_PREFIX_PATH=/opt/ros/humble /usr/bin/cmake /home/huang/ros2/ROS2/coordinate_transformations/src/cpp_tf_turtle -DCMAKE_INSTALL_PREFIX=/home/huang/ros2/ROS2/coordinate_transformations/install/cpp_tf_turtle
