[0.008s] Invoking command in '/home/ros/ROS2/turtle/build/exercise': CMAKE_PREFIX_PATH=${CMAKE_PREFIX_PATH}:/opt/ros/humble /usr/bin/cmake --build /home/ros/ROS2/turtle/build/exercise -- -j20 -l20
[0.021s] -- Found ament_cmake: 1.3.8 (/opt/ros/humble/share/ament_cmake/cmake)
[0.094s] -- Found rclcpp: 16.0.8 (/opt/ros/humble/share/rclcpp/cmake)
[0.316s] -- Found rosidl_generator_c: 3.1.5 (/opt/ros/humble/share/rosidl_generator_c/cmake)
[0.317s] -- Found rosidl_adapter: 3.1.5 (/opt/ros/humble/share/rosidl_adapter/cmake)
[0.321s] -- Found rosidl_generator_cpp: 3.1.5 (/opt/ros/humble/share/rosidl_generator_cpp/cmake)
[0.327s] -- Using all available rosidl_typesupport_c: rosidl_typesupport_fastrtps_c;rosidl_typesupport_introspection_c
[0.337s] -- Using all available rosidl_typesupport_cpp: rosidl_typesupport_fastrtps_cpp;rosidl_typesupport_introspection_cpp
[0.370s] -- Found rmw_implementation_cmake: 6.1.1 (/opt/ros/humble/share/rmw_implementation_cmake/cmake)
[0.370s] -- Found rmw_fastrtps_cpp: 6.2.6 (/opt/ros/humble/share/rmw_fastrtps_cpp/cmake)
[8.925s] -- Using RMW implementation 'rmw_fastrtps_cpp' as default
[9.019s] -- Found turtlesim: 1.4.2 (/opt/ros/humble/share/turtlesim/cmake)
[9.097s] -- Found base_interface_demo: 0.0.0 (/home/ros/ROS2/communication_mechanism/install/base_interface_demo/share/base_interface_demo/cmake)
[9.127s] -- Found geometry_msgs: 4.2.3 (/opt/ros/humble/share/geometry_msgs/cmake)
[9.152s] -- Found rclcpp_action: 16.0.8 (/opt/ros/humble/share/rclcpp_action/cmake)
[9.170s] -- Found ament_lint_auto: 0.12.10 (/opt/ros/humble/share/ament_lint_auto/cmake)
[9.214s] -- Added test 'cppcheck' to perform static code analysis on C / C++ code
[9.214s] -- Configured cppcheck include dirs: $<BUILD_INTERFACE:/home/ros/ROS2/turtle/src/exercise/include>
[9.214s] -- Configured cppcheck exclude dirs and/or files: 
[9.215s] -- Added test 'lint_cmake' to check CMake code style
[9.216s] -- Added test 'uncrustify' to check C / C++ code style
[9.216s] -- Configured uncrustify additional arguments: 
[9.217s] -- Added test 'xmllint' to check XML markup files
[9.219s] -- Configuring done
[9.227s] -- Generating done
[9.228s] -- Build files have been written to: /home/ros/ROS2/turtle/build/exercise
[9.243s] [35m[1mConsolidate compiler generated dependencies of target exe_pub_sub[0m
[9.249s] [100%] Built target exe_pub_sub
[9.255s] Invoked command in '/home/ros/ROS2/turtle/build/exercise' returned '0': CMAKE_PREFIX_PATH=${CMAKE_PREFIX_PATH}:/opt/ros/humble /usr/bin/cmake --build /home/ros/ROS2/turtle/build/exercise -- -j20 -l20
[9.273s] Invoking command in '/home/ros/ROS2/turtle/build/exercise': CMAKE_PREFIX_PATH=${CMAKE_PREFIX_PATH}:/opt/ros/humble /usr/bin/cmake --install /home/ros/ROS2/turtle/build/exercise
[9.276s] -- Install configuration: ""
[9.276s] -- Up-to-date: /home/ros/ROS2/turtle/install/exercise/lib/exercise/exe_pub_sub
[9.276s] -- Installing: /home/ros/ROS2/turtle/install/exercise/share/ament_index/resource_index/package_run_dependencies/exercise
[9.276s] -- Installing: /home/ros/ROS2/turtle/install/exercise/share/ament_index/resource_index/parent_prefix_path/exercise
[9.277s] -- Installing: /home/ros/ROS2/turtle/install/exercise/share/exercise/environment/ament_prefix_path.sh
[9.277s] -- Installing: /home/ros/ROS2/turtle/install/exercise/share/exercise/environment/ament_prefix_path.dsv
[9.277s] -- Installing: /home/ros/ROS2/turtle/install/exercise/share/exercise/environment/path.sh
[9.278s] -- Installing: /home/ros/ROS2/turtle/install/exercise/share/exercise/environment/path.dsv
[9.278s] -- Installing: /home/ros/ROS2/turtle/install/exercise/share/exercise/local_setup.bash
[9.278s] -- Installing: /home/ros/ROS2/turtle/install/exercise/share/exercise/local_setup.sh
[9.278s] -- Installing: /home/ros/ROS2/turtle/install/exercise/share/exercise/local_setup.zsh
[9.278s] -- Installing: /home/ros/ROS2/turtle/install/exercise/share/exercise/local_setup.dsv
[9.278s] -- Installing: /home/ros/ROS2/turtle/install/exercise/share/exercise/package.dsv
[9.278s] -- Installing: /home/ros/ROS2/turtle/install/exercise/share/ament_index/resource_index/packages/exercise
[9.278s] -- Installing: /home/ros/ROS2/turtle/install/exercise/share/exercise/cmake/exerciseConfig.cmake
[9.278s] -- Installing: /home/ros/ROS2/turtle/install/exercise/share/exercise/cmake/exerciseConfig-version.cmake
[9.278s] -- Installing: /home/ros/ROS2/turtle/install/exercise/share/exercise/package.xml
[9.279s] Invoked command in '/home/ros/ROS2/turtle/build/exercise' returned '0': CMAKE_PREFIX_PATH=${CMAKE_PREFIX_PATH}:/opt/ros/humble /usr/bin/cmake --install /home/ros/ROS2/turtle/build/exercise
